[0.275s] Invoking command in '/home/mike/ros2_can_test/build/ros2socketcan_bridge': CMAKE_PREFIX_PATH=/home/mike/ros2_can_test/install/can_msgs:/home/mike/ros2_can_test/install/overlord100_msgs:/home/mike/ros2_can_test/install/wheels_data:/home/mike/ros2_can_test/install/ros2socketcan_bridge:/opt/ros/humble LD_LIBRARY_PATH=/home/mike/ros2_can_test/install/can_msgs/lib:/home/mike/ros2_can_test/install/overlord100_msgs/lib:/home/mike/ros2_can_test/install/wheels_data/lib:/usr/lib/x86_64-linux-gnu/gazebo-11/plugins:/opt/ros/humble/opt/rviz_ogre_vendor/lib:/opt/ros/humble/lib/x86_64-linux-gnu:/opt/ros/humble/lib /home/mike/.local/bin/cmake --build /home/mike/ros2_can_test/build/ros2socketcan_bridge -- -j4 -l4
[0.383s] [100%] Built target ros2socketcan
[0.398s] Invoked command in '/home/mike/ros2_can_test/build/ros2socketcan_bridge' returned '0': CMAKE_PREFIX_PATH=/home/mike/ros2_can_test/install/can_msgs:/home/mike/ros2_can_test/install/overlord100_msgs:/home/mike/ros2_can_test/install/wheels_data:/home/mike/ros2_can_test/install/ros2socketcan_bridge:/opt/ros/humble LD_LIBRARY_PATH=/home/mike/ros2_can_test/install/can_msgs/lib:/home/mike/ros2_can_test/install/overlord100_msgs/lib:/home/mike/ros2_can_test/install/wheels_data/lib:/usr/lib/x86_64-linux-gnu/gazebo-11/plugins:/opt/ros/humble/opt/rviz_ogre_vendor/lib:/opt/ros/humble/lib/x86_64-linux-gnu:/opt/ros/humble/lib /home/mike/.local/bin/cmake --build /home/mike/ros2_can_test/build/ros2socketcan_bridge -- -j4 -l4
[0.496s] Invoking command in '/home/mike/ros2_can_test/build/ros2socketcan_bridge': CMAKE_PREFIX_PATH=/home/mike/ros2_can_test/install/can_msgs:/home/mike/ros2_can_test/install/overlord100_msgs:/home/mike/ros2_can_test/install/wheels_data:/home/mike/ros2_can_test/install/ros2socketcan_bridge:/opt/ros/humble LD_LIBRARY_PATH=/home/mike/ros2_can_test/install/can_msgs/lib:/home/mike/ros2_can_test/install/overlord100_msgs/lib:/home/mike/ros2_can_test/install/wheels_data/lib:/usr/lib/x86_64-linux-gnu/gazebo-11/plugins:/opt/ros/humble/opt/rviz_ogre_vendor/lib:/opt/ros/humble/lib/x86_64-linux-gnu:/opt/ros/humble/lib /home/mike/.local/bin/cmake --install /home/mike/ros2_can_test/build/ros2socketcan_bridge
[0.551s] -- Install configuration: ""
[0.552s] -- Up-to-date: /home/mike/ros2_can_test/install/ros2socketcan_bridge/lib/ros2socketcan_bridge/ros2socketcan
[0.554s] -- Up-to-date: /home/mike/ros2_can_test/install/ros2socketcan_bridge/share/ament_index/resource_index/package_run_dependencies/ros2socketcan_bridge
[0.554s] -- Up-to-date: /home/mike/ros2_can_test/install/ros2socketcan_bridge/share/ament_index/resource_index/parent_prefix_path/ros2socketcan_bridge
[0.554s] -- Up-to-date: /home/mike/ros2_can_test/install/ros2socketcan_bridge/share/ros2socketcan_bridge/environment/ament_prefix_path.sh
[0.554s] -- Up-to-date: /home/mike/ros2_can_test/install/ros2socketcan_bridge/share/ros2socketcan_bridge/environment/ament_prefix_path.dsv
[0.555s] -- Up-to-date: /home/mike/ros2_can_test/install/ros2socketcan_bridge/share/ros2socketcan_bridge/environment/path.sh
[0.555s] -- Up-to-date: /home/mike/ros2_can_test/install/ros2socketcan_bridge/share/ros2socketcan_bridge/environment/path.dsv
[0.555s] -- Up-to-date: /home/mike/ros2_can_test/install/ros2socketcan_bridge/share/ros2socketcan_bridge/local_setup.bash
[0.555s] -- Up-to-date: /home/mike/ros2_can_test/install/ros2socketcan_bridge/share/ros2socketcan_bridge/local_setup.sh
[0.559s] -- Up-to-date: /home/mike/ros2_can_test/install/ros2socketcan_bridge/share/ros2socketcan_bridge/local_setup.zsh
[0.560s] -- Up-to-date: /home/mike/ros2_can_test/install/ros2socketcan_bridge/share/ros2socketcan_bridge/local_setup.dsv
[0.560s] -- Installing: /home/mike/ros2_can_test/install/ros2socketcan_bridge/share/ros2socketcan_bridge/package.dsv
[0.561s] -- Up-to-date: /home/mike/ros2_can_test/install/ros2socketcan_bridge/share/ament_index/resource_index/packages/ros2socketcan_bridge
[0.562s] -- Up-to-date: /home/mike/ros2_can_test/install/ros2socketcan_bridge/share/ros2socketcan_bridge/cmake/ros2socketcan_bridgeConfig.cmake
[0.562s] -- Up-to-date: /home/mike/ros2_can_test/install/ros2socketcan_bridge/share/ros2socketcan_bridge/cmake/ros2socketcan_bridgeConfig-version.cmake
[0.563s] -- Up-to-date: /home/mike/ros2_can_test/install/ros2socketcan_bridge/share/ros2socketcan_bridge/package.xml
[0.577s] Invoked command in '/home/mike/ros2_can_test/build/ros2socketcan_bridge' returned '0': CMAKE_PREFIX_PATH=/home/mike/ros2_can_test/install/can_msgs:/home/mike/ros2_can_test/install/overlord100_msgs:/home/mike/ros2_can_test/install/wheels_data:/home/mike/ros2_can_test/install/ros2socketcan_bridge:/opt/ros/humble LD_LIBRARY_PATH=/home/mike/ros2_can_test/install/can_msgs/lib:/home/mike/ros2_can_test/install/overlord100_msgs/lib:/home/mike/ros2_can_test/install/wheels_data/lib:/usr/lib/x86_64-linux-gnu/gazebo-11/plugins:/opt/ros/humble/opt/rviz_ogre_vendor/lib:/opt/ros/humble/lib/x86_64-linux-gnu:/opt/ros/humble/lib /home/mike/.local/bin/cmake --install /home/mike/ros2_can_test/build/ros2socketcan_bridge
