[0.169s] Invoking command in '/home/mike/ros2_can_test/build/overlord100_msgs': CMAKE_PREFIX_PATH=${CMAKE_PREFIX_PATH}:/opt/ros/humble /home/mike/.local/bin/cmake --build /home/mike/ros2_can_test/build/overlord100_msgs -- -j4 -l4
[0.322s] [  3%] Built target overlord100_msgs__cpp
[0.352s] [ 12%] Built target overlord100_msgs__rosidl_generator_c
[0.396s] [ 12%] Built target ament_cmake_python_copy_overlord100_msgs
[0.411s] [ 22%] Built target overlord100_msgs__rosidl_typesupport_fastrtps_cpp
[0.416s] [ 32%] Built target overlord100_msgs__rosidl_typesupport_cpp
[0.432s] [ 41%] Built target overlord100_msgs__rosidl_typesupport_introspection_cpp
[0.472s] [ 51%] Built target overlord100_msgs__rosidl_typesupport_introspection_c
[0.495s] [ 61%] Built target overlord100_msgs__rosidl_typesupport_fastrtps_c
[0.508s] [ 70%] Built target overlord100_msgs__rosidl_typesupport_c
[0.529s] [ 70%] Built target overlord100_msgs
[0.579s] [ 74%] Built target overlord100_msgs__py
[0.626s] [ 80%] Built target overlord100_msgs__rosidl_generator_py
[0.680s] [ 87%] Built target overlord100_msgs__rosidl_typesupport_fastrtps_c__pyext
[0.701s] [ 93%] Built target overlord100_msgs__rosidl_typesupport_introspection_c__pyext
[0.741s] [100%] Built target overlord100_msgs__rosidl_typesupport_c__pyext
[1.387s] running egg_info
[1.388s] writing overlord100_msgs.egg-info/PKG-INFO
[1.388s] writing dependency_links to overlord100_msgs.egg-info/dependency_links.txt
[1.389s] writing top-level names to overlord100_msgs.egg-info/top_level.txt
[1.395s] reading manifest file 'overlord100_msgs.egg-info/SOURCES.txt'
[1.396s] writing manifest file 'overlord100_msgs.egg-info/SOURCES.txt'
[1.459s] [100%] Built target ament_cmake_python_build_overlord100_msgs_egg
[1.515s] Invoked command in '/home/mike/ros2_can_test/build/overlord100_msgs' returned '0': CMAKE_PREFIX_PATH=${CMAKE_PREFIX_PATH}:/opt/ros/humble /home/mike/.local/bin/cmake --build /home/mike/ros2_can_test/build/overlord100_msgs -- -j4 -l4
[1.848s] Invoking command in '/home/mike/ros2_can_test/build/overlord100_msgs': CMAKE_PREFIX_PATH=${CMAKE_PREFIX_PATH}:/opt/ros/humble /home/mike/.local/bin/cmake --install /home/mike/ros2_can_test/build/overlord100_msgs
[1.945s] -- Install configuration: ""
[1.946s] -- Up-to-date: /home/mike/ros2_can_test/install/overlord100_msgs/share/ament_index/resource_index/rosidl_interfaces/overlord100_msgs
[1.946s] -- Up-to-date: /home/mike/ros2_can_test/install/overlord100_msgs/include/overlord100_msgs/overlord100_msgs
[1.946s] -- Up-to-date: /home/mike/ros2_can_test/install/overlord100_msgs/include/overlord100_msgs/overlord100_msgs/msg
[1.947s] -- Up-to-date: /home/mike/ros2_can_test/install/overlord100_msgs/include/overlord100_msgs/overlord100_msgs/msg/rosidl_generator_c__visibility_control.h
[1.947s] -- Up-to-date: /home/mike/ros2_can_test/install/overlord100_msgs/include/overlord100_msgs/overlord100_msgs/msg/wheels_data.h
[1.947s] -- Up-to-date: /home/mike/ros2_can_test/install/overlord100_msgs/include/overlord100_msgs/overlord100_msgs/msg/detail
[1.948s] -- Up-to-date: /home/mike/ros2_can_test/install/overlord100_msgs/include/overlord100_msgs/overlord100_msgs/msg/detail/wheels_data__functions.h
[1.948s] -- Up-to-date: /home/mike/ros2_can_test/install/overlord100_msgs/include/overlord100_msgs/overlord100_msgs/msg/detail/wheels_data__type_support.h
[1.948s] -- Up-to-date: /home/mike/ros2_can_test/install/overlord100_msgs/include/overlord100_msgs/overlord100_msgs/msg/detail/wheels_data__struct.h
[1.949s] -- Up-to-date: /home/mike/ros2_can_test/install/overlord100_msgs/include/overlord100_msgs/overlord100_msgs/msg/detail/wheels_data__functions.c
[1.949s] -- Up-to-date: /home/mike/ros2_can_test/install/overlord100_msgs/share/overlord100_msgs/environment/library_path.sh
[1.949s] -- Up-to-date: /home/mike/ros2_can_test/install/overlord100_msgs/share/overlord100_msgs/environment/library_path.dsv
[1.951s] -- Up-to-date: /home/mike/ros2_can_test/install/overlord100_msgs/lib/liboverlord100_msgs__rosidl_generator_c.so
[1.951s] -- Up-to-date: /home/mike/ros2_can_test/install/overlord100_msgs/include/overlord100_msgs/overlord100_msgs
[1.951s] -- Up-to-date: /home/mike/ros2_can_test/install/overlord100_msgs/include/overlord100_msgs/overlord100_msgs/msg
[1.951s] -- Up-to-date: /home/mike/ros2_can_test/install/overlord100_msgs/include/overlord100_msgs/overlord100_msgs/msg/rosidl_typesupport_fastrtps_c__visibility_control.h
[1.952s] -- Up-to-date: /home/mike/ros2_can_test/install/overlord100_msgs/include/overlord100_msgs/overlord100_msgs/msg/detail
[1.952s] -- Up-to-date: /home/mike/ros2_can_test/install/overlord100_msgs/include/overlord100_msgs/overlord100_msgs/msg/detail/wheels_data__rosidl_typesupport_fastrtps_c.h
[1.953s] -- Up-to-date: /home/mike/ros2_can_test/install/overlord100_msgs/lib/liboverlord100_msgs__rosidl_typesupport_fastrtps_c.so
[1.954s] -- Up-to-date: /home/mike/ros2_can_test/install/overlord100_msgs/include/overlord100_msgs/overlord100_msgs
[1.954s] -- Up-to-date: /home/mike/ros2_can_test/install/overlord100_msgs/include/overlord100_msgs/overlord100_msgs/msg
[1.955s] -- Up-to-date: /home/mike/ros2_can_test/install/overlord100_msgs/include/overlord100_msgs/overlord100_msgs/msg/rosidl_typesupport_introspection_c__visibility_control.h
[1.955s] -- Up-to-date: /home/mike/ros2_can_test/install/overlord100_msgs/include/overlord100_msgs/overlord100_msgs/msg/detail
[1.956s] -- Up-to-date: /home/mike/ros2_can_test/install/overlord100_msgs/include/overlord100_msgs/overlord100_msgs/msg/detail/wheels_data__rosidl_typesupport_introspection_c.h
[1.956s] -- Up-to-date: /home/mike/ros2_can_test/install/overlord100_msgs/include/overlord100_msgs/overlord100_msgs/msg/detail/wheels_data__type_support.c
[1.956s] -- Up-to-date: /home/mike/ros2_can_test/install/overlord100_msgs/lib/liboverlord100_msgs__rosidl_typesupport_introspection_c.so
[1.957s] -- Up-to-date: /home/mike/ros2_can_test/install/overlord100_msgs/lib/liboverlord100_msgs__rosidl_typesupport_c.so
[1.958s] -- Up-to-date: /home/mike/ros2_can_test/install/overlord100_msgs/include/overlord100_msgs/overlord100_msgs
[1.958s] -- Up-to-date: /home/mike/ros2_can_test/install/overlord100_msgs/include/overlord100_msgs/overlord100_msgs/msg
[1.959s] -- Up-to-date: /home/mike/ros2_can_test/install/overlord100_msgs/include/overlord100_msgs/overlord100_msgs/msg/detail
[1.959s] -- Up-to-date: /home/mike/ros2_can_test/install/overlord100_msgs/include/overlord100_msgs/overlord100_msgs/msg/detail/wheels_data__builder.hpp
[1.959s] -- Up-to-date: /home/mike/ros2_can_test/install/overlord100_msgs/include/overlord100_msgs/overlord100_msgs/msg/detail/wheels_data__struct.hpp
[1.960s] -- Up-to-date: /home/mike/ros2_can_test/install/overlord100_msgs/include/overlord100_msgs/overlord100_msgs/msg/detail/wheels_data__traits.hpp
[1.960s] -- Up-to-date: /home/mike/ros2_can_test/install/overlord100_msgs/include/overlord100_msgs/overlord100_msgs/msg/wheels_data.hpp
[1.960s] -- Up-to-date: /home/mike/ros2_can_test/install/overlord100_msgs/include/overlord100_msgs/overlord100_msgs
[1.961s] -- Up-to-date: /home/mike/ros2_can_test/install/overlord100_msgs/include/overlord100_msgs/overlord100_msgs/msg
[1.961s] -- Up-to-date: /home/mike/ros2_can_test/install/overlord100_msgs/include/overlord100_msgs/overlord100_msgs/msg/rosidl_typesupport_fastrtps_cpp__visibility_control.h
[1.961s] -- Up-to-date: /home/mike/ros2_can_test/install/overlord100_msgs/include/overlord100_msgs/overlord100_msgs/msg/detail
[1.962s] -- Up-to-date: /home/mike/ros2_can_test/install/overlord100_msgs/include/overlord100_msgs/overlord100_msgs/msg/detail/dds_fastrtps
[1.962s] -- Up-to-date: /home/mike/ros2_can_test/install/overlord100_msgs/include/overlord100_msgs/overlord100_msgs/msg/detail/wheels_data__rosidl_typesupport_fastrtps_cpp.hpp
[1.963s] -- Up-to-date: /home/mike/ros2_can_test/install/overlord100_msgs/lib/liboverlord100_msgs__rosidl_typesupport_fastrtps_cpp.so
[1.964s] -- Up-to-date: /home/mike/ros2_can_test/install/overlord100_msgs/include/overlord100_msgs/overlord100_msgs
[1.964s] -- Up-to-date: /home/mike/ros2_can_test/install/overlord100_msgs/include/overlord100_msgs/overlord100_msgs/msg
[1.965s] -- Up-to-date: /home/mike/ros2_can_test/install/overlord100_msgs/include/overlord100_msgs/overlord100_msgs/msg/detail
[1.965s] -- Up-to-date: /home/mike/ros2_can_test/install/overlord100_msgs/include/overlord100_msgs/overlord100_msgs/msg/detail/wheels_data__rosidl_typesupport_introspection_cpp.hpp
[1.965s] -- Up-to-date: /home/mike/ros2_can_test/install/overlord100_msgs/include/overlord100_msgs/overlord100_msgs/msg/detail/wheels_data__type_support.cpp
[1.966s] -- Up-to-date: /home/mike/ros2_can_test/install/overlord100_msgs/lib/liboverlord100_msgs__rosidl_typesupport_introspection_cpp.so
[1.967s] -- Up-to-date: /home/mike/ros2_can_test/install/overlord100_msgs/lib/liboverlord100_msgs__rosidl_typesupport_cpp.so
[1.968s] -- Up-to-date: /home/mike/ros2_can_test/install/overlord100_msgs/share/overlord100_msgs/environment/pythonpath.sh
[1.969s] -- Up-to-date: /home/mike/ros2_can_test/install/overlord100_msgs/share/overlord100_msgs/environment/pythonpath.dsv
[1.970s] -- Up-to-date: /home/mike/ros2_can_test/install/overlord100_msgs/local/lib/python3.10/dist-packages/overlord100_msgs-0.0.0-py3.10.egg-info
[1.971s] -- Installing: /home/mike/ros2_can_test/install/overlord100_msgs/local/lib/python3.10/dist-packages/overlord100_msgs-0.0.0-py3.10.egg-info/dependency_links.txt
[1.972s] -- Installing: /home/mike/ros2_can_test/install/overlord100_msgs/local/lib/python3.10/dist-packages/overlord100_msgs-0.0.0-py3.10.egg-info/SOURCES.txt
[1.973s] -- Installing: /home/mike/ros2_can_test/install/overlord100_msgs/local/lib/python3.10/dist-packages/overlord100_msgs-0.0.0-py3.10.egg-info/top_level.txt
[1.974s] -- Installing: /home/mike/ros2_can_test/install/overlord100_msgs/local/lib/python3.10/dist-packages/overlord100_msgs-0.0.0-py3.10.egg-info/PKG-INFO
[1.975s] -- Up-to-date: /home/mike/ros2_can_test/install/overlord100_msgs/local/lib/python3.10/dist-packages/overlord100_msgs
[1.975s] -- Up-to-date: /home/mike/ros2_can_test/install/overlord100_msgs/local/lib/python3.10/dist-packages/overlord100_msgs/msg
[1.976s] -- Up-to-date: /home/mike/ros2_can_test/install/overlord100_msgs/local/lib/python3.10/dist-packages/overlord100_msgs/msg/__init__.py
[1.976s] -- Up-to-date: /home/mike/ros2_can_test/install/overlord100_msgs/local/lib/python3.10/dist-packages/overlord100_msgs/msg/_wheels_data.py
[1.976s] -- Up-to-date: /home/mike/ros2_can_test/install/overlord100_msgs/local/lib/python3.10/dist-packages/overlord100_msgs/msg/_wheels_data_s.c
[1.977s] -- Up-to-date: /home/mike/ros2_can_test/install/overlord100_msgs/local/lib/python3.10/dist-packages/overlord100_msgs/overlord100_msgs_s__rosidl_typesupport_introspection_c.cpython-310-x86_64-linux-gnu.so
[1.977s] -- Up-to-date: /home/mike/ros2_can_test/install/overlord100_msgs/local/lib/python3.10/dist-packages/overlord100_msgs/__init__.py
[1.977s] -- Up-to-date: /home/mike/ros2_can_test/install/overlord100_msgs/local/lib/python3.10/dist-packages/overlord100_msgs/overlord100_msgs_s__rosidl_typesupport_c.cpython-310-x86_64-linux-gnu.so
[1.978s] -- Up-to-date: /home/mike/ros2_can_test/install/overlord100_msgs/local/lib/python3.10/dist-packages/overlord100_msgs/_overlord100_msgs_s.ep.rosidl_typesupport_c.c
[1.979s] -- Up-to-date: /home/mike/ros2_can_test/install/overlord100_msgs/local/lib/python3.10/dist-packages/overlord100_msgs/_overlord100_msgs_s.ep.rosidl_typesupport_fastrtps_c.c
[1.980s] -- Up-to-date: /home/mike/ros2_can_test/install/overlord100_msgs/local/lib/python3.10/dist-packages/overlord100_msgs/overlord100_msgs_s__rosidl_typesupport_fastrtps_c.cpython-310-x86_64-linux-gnu.so
[1.980s] -- Up-to-date: /home/mike/ros2_can_test/install/overlord100_msgs/local/lib/python3.10/dist-packages/overlord100_msgs/liboverlord100_msgs__rosidl_generator_py.so
[1.981s] -- Up-to-date: /home/mike/ros2_can_test/install/overlord100_msgs/local/lib/python3.10/dist-packages/overlord100_msgs/_overlord100_msgs_s.ep.rosidl_typesupport_introspection_c.c
[2.130s] Listing '/home/mike/ros2_can_test/install/overlord100_msgs/local/lib/python3.10/dist-packages/overlord100_msgs'...
[2.131s] Listing '/home/mike/ros2_can_test/install/overlord100_msgs/local/lib/python3.10/dist-packages/overlord100_msgs/msg'...
[2.135s] -- Up-to-date: /home/mike/ros2_can_test/install/overlord100_msgs/local/lib/python3.10/dist-packages/overlord100_msgs/overlord100_msgs_s__rosidl_typesupport_fastrtps_c.cpython-310-x86_64-linux-gnu.so
[2.135s] -- Up-to-date: /home/mike/ros2_can_test/install/overlord100_msgs/local/lib/python3.10/dist-packages/overlord100_msgs/overlord100_msgs_s__rosidl_typesupport_introspection_c.cpython-310-x86_64-linux-gnu.so
[2.136s] -- Up-to-date: /home/mike/ros2_can_test/install/overlord100_msgs/local/lib/python3.10/dist-packages/overlord100_msgs/overlord100_msgs_s__rosidl_typesupport_c.cpython-310-x86_64-linux-gnu.so
[2.136s] -- Up-to-date: /home/mike/ros2_can_test/install/overlord100_msgs/lib/liboverlord100_msgs__rosidl_generator_py.so
[2.136s] -- Up-to-date: /home/mike/ros2_can_test/install/overlord100_msgs/share/overlord100_msgs/msg/WheelsData.idl
[2.137s] -- Up-to-date: /home/mike/ros2_can_test/install/overlord100_msgs/share/overlord100_msgs/msg/WheelsData.msg
[2.137s] -- Up-to-date: /home/mike/ros2_can_test/install/overlord100_msgs/share/ament_index/resource_index/package_run_dependencies/overlord100_msgs
[2.137s] -- Up-to-date: /home/mike/ros2_can_test/install/overlord100_msgs/share/ament_index/resource_index/parent_prefix_path/overlord100_msgs
[2.138s] -- Up-to-date: /home/mike/ros2_can_test/install/overlord100_msgs/share/overlord100_msgs/environment/ament_prefix_path.sh
[2.138s] -- Up-to-date: /home/mike/ros2_can_test/install/overlord100_msgs/share/overlord100_msgs/environment/ament_prefix_path.dsv
[2.138s] -- Up-to-date: /home/mike/ros2_can_test/install/overlord100_msgs/share/overlord100_msgs/environment/path.sh
[2.138s] -- Up-to-date: /home/mike/ros2_can_test/install/overlord100_msgs/share/overlord100_msgs/environment/path.dsv
[2.139s] -- Up-to-date: /home/mike/ros2_can_test/install/overlord100_msgs/share/overlord100_msgs/local_setup.bash
[2.139s] -- Up-to-date: /home/mike/ros2_can_test/install/overlord100_msgs/share/overlord100_msgs/local_setup.sh
[2.140s] -- Up-to-date: /home/mike/ros2_can_test/install/overlord100_msgs/share/overlord100_msgs/local_setup.zsh
[2.140s] -- Up-to-date: /home/mike/ros2_can_test/install/overlord100_msgs/share/overlord100_msgs/local_setup.dsv
[2.140s] -- Installing: /home/mike/ros2_can_test/install/overlord100_msgs/share/overlord100_msgs/package.dsv
[2.141s] -- Up-to-date: /home/mike/ros2_can_test/install/overlord100_msgs/share/ament_index/resource_index/packages/overlord100_msgs
[2.141s] -- Up-to-date: /home/mike/ros2_can_test/install/overlord100_msgs/share/overlord100_msgs/cmake/export_overlord100_msgs__rosidl_generator_cExport.cmake
[2.141s] -- Up-to-date: /home/mike/ros2_can_test/install/overlord100_msgs/share/overlord100_msgs/cmake/export_overlord100_msgs__rosidl_generator_cExport-noconfig.cmake
[2.142s] -- Up-to-date: /home/mike/ros2_can_test/install/overlord100_msgs/share/overlord100_msgs/cmake/export_overlord100_msgs__rosidl_typesupport_fastrtps_cExport.cmake
[2.142s] -- Up-to-date: /home/mike/ros2_can_test/install/overlord100_msgs/share/overlord100_msgs/cmake/export_overlord100_msgs__rosidl_typesupport_fastrtps_cExport-noconfig.cmake
[2.142s] -- Up-to-date: /home/mike/ros2_can_test/install/overlord100_msgs/share/overlord100_msgs/cmake/overlord100_msgs__rosidl_typesupport_introspection_cExport.cmake
[2.143s] -- Up-to-date: /home/mike/ros2_can_test/install/overlord100_msgs/share/overlord100_msgs/cmake/overlord100_msgs__rosidl_typesupport_introspection_cExport-noconfig.cmake
[2.143s] -- Up-to-date: /home/mike/ros2_can_test/install/overlord100_msgs/share/overlord100_msgs/cmake/overlord100_msgs__rosidl_typesupport_cExport.cmake
[2.143s] -- Up-to-date: /home/mike/ros2_can_test/install/overlord100_msgs/share/overlord100_msgs/cmake/overlord100_msgs__rosidl_typesupport_cExport-noconfig.cmake
[2.143s] -- Up-to-date: /home/mike/ros2_can_test/install/overlord100_msgs/share/overlord100_msgs/cmake/export_overlord100_msgs__rosidl_generator_cppExport.cmake
[2.144s] -- Up-to-date: /home/mike/ros2_can_test/install/overlord100_msgs/share/overlord100_msgs/cmake/export_overlord100_msgs__rosidl_typesupport_fastrtps_cppExport.cmake
[2.144s] -- Up-to-date: /home/mike/ros2_can_test/install/overlord100_msgs/share/overlord100_msgs/cmake/export_overlord100_msgs__rosidl_typesupport_fastrtps_cppExport-noconfig.cmake
[2.144s] -- Up-to-date: /home/mike/ros2_can_test/install/overlord100_msgs/share/overlord100_msgs/cmake/overlord100_msgs__rosidl_typesupport_introspection_cppExport.cmake
[2.144s] -- Up-to-date: /home/mike/ros2_can_test/install/overlord100_msgs/share/overlord100_msgs/cmake/overlord100_msgs__rosidl_typesupport_introspection_cppExport-noconfig.cmake
[2.144s] -- Up-to-date: /home/mike/ros2_can_test/install/overlord100_msgs/share/overlord100_msgs/cmake/overlord100_msgs__rosidl_typesupport_cppExport.cmake
[2.144s] -- Up-to-date: /home/mike/ros2_can_test/install/overlord100_msgs/share/overlord100_msgs/cmake/overlord100_msgs__rosidl_typesupport_cppExport-noconfig.cmake
[2.145s] -- Up-to-date: /home/mike/ros2_can_test/install/overlord100_msgs/share/overlord100_msgs/cmake/export_overlord100_msgs__rosidl_generator_pyExport.cmake
[2.145s] -- Up-to-date: /home/mike/ros2_can_test/install/overlord100_msgs/share/overlord100_msgs/cmake/export_overlord100_msgs__rosidl_generator_pyExport-noconfig.cmake
[2.145s] -- Up-to-date: /home/mike/ros2_can_test/install/overlord100_msgs/share/overlord100_msgs/cmake/rosidl_cmake-extras.cmake
[2.145s] -- Up-to-date: /home/mike/ros2_can_test/install/overlord100_msgs/share/overlord100_msgs/cmake/ament_cmake_export_include_directories-extras.cmake
[2.145s] -- Up-to-date: /home/mike/ros2_can_test/install/overlord100_msgs/share/overlord100_msgs/cmake/ament_cmake_export_libraries-extras.cmake
[2.145s] -- Up-to-date: /home/mike/ros2_can_test/install/overlord100_msgs/share/overlord100_msgs/cmake/ament_cmake_export_targets-extras.cmake
[2.146s] -- Up-to-date: /home/mike/ros2_can_test/install/overlord100_msgs/share/overlord100_msgs/cmake/rosidl_cmake_export_typesupport_targets-extras.cmake
[2.146s] -- Up-to-date: /home/mike/ros2_can_test/install/overlord100_msgs/share/overlord100_msgs/cmake/ament_cmake_export_dependencies-extras.cmake
[2.146s] -- Up-to-date: /home/mike/ros2_can_test/install/overlord100_msgs/share/overlord100_msgs/cmake/rosidl_cmake_export_typesupport_libraries-extras.cmake
[2.146s] -- Up-to-date: /home/mike/ros2_can_test/install/overlord100_msgs/share/overlord100_msgs/cmake/overlord100_msgsConfig.cmake
[2.146s] -- Up-to-date: /home/mike/ros2_can_test/install/overlord100_msgs/share/overlord100_msgs/cmake/overlord100_msgsConfig-version.cmake
[2.146s] -- Up-to-date: /home/mike/ros2_can_test/install/overlord100_msgs/share/overlord100_msgs/package.xml
[2.370s] Invoked command in '/home/mike/ros2_can_test/build/overlord100_msgs' returned '0': CMAKE_PREFIX_PATH=${CMAKE_PREFIX_PATH}:/opt/ros/humble /home/mike/.local/bin/cmake --install /home/mike/ros2_can_test/build/overlord100_msgs
