[0.152s] Invoking command in '/home/mike/ros2_can_test/build/overlord100_msgs': CMAKE_PREFIX_PATH=${CMAKE_PREFIX_PATH}:/opt/ros/humble /home/mike/.local/bin/cmake --build /home/mike/ros2_can_test/build/overlord100_msgs -- -j4 -l4
[0.270s] [  6%] Built target overlord100_msgs__cpp
[0.270s] [ 12%] Built target overlord100_msgs__rosidl_generator_c
[0.275s] [ 12%] Built target ament_cmake_python_copy_overlord100_msgs
[0.317s] [ 22%] Built target overlord100_msgs__rosidl_typesupport_introspection_c
[0.320s] [ 32%] Built target overlord100_msgs__rosidl_typesupport_fastrtps_c
[0.327s] [ 41%] Built target overlord100_msgs__rosidl_typesupport_cpp
[0.330s] [ 51%] Built target overlord100_msgs__rosidl_typesupport_c
[0.369s] [ 61%] Built target overlord100_msgs__rosidl_typesupport_fastrtps_cpp
[0.373s] [ 70%] Built target overlord100_msgs__rosidl_typesupport_introspection_cpp
[0.426s] [ 70%] Built target overlord100_msgs
[0.471s] [ 74%] Built target overlord100_msgs__py
[0.501s] [ 80%] Built target overlord100_msgs__rosidl_generator_py
[0.535s] [ 87%] Built target overlord100_msgs__rosidl_typesupport_fastrtps_c__pyext
[0.564s] [ 93%] Built target overlord100_msgs__rosidl_typesupport_c__pyext
[0.573s] [100%] Built target overlord100_msgs__rosidl_typesupport_introspection_c__pyext
[0.988s] running egg_info
[0.990s] writing overlord100_msgs.egg-info/PKG-INFO
[0.991s] writing dependency_links to overlord100_msgs.egg-info/dependency_links.txt
[0.991s] writing top-level names to overlord100_msgs.egg-info/top_level.txt
[0.997s] reading manifest file 'overlord100_msgs.egg-info/SOURCES.txt'
[0.999s] writing manifest file 'overlord100_msgs.egg-info/SOURCES.txt'
[1.043s] [100%] Built target ament_cmake_python_build_overlord100_msgs_egg
[1.059s] Invoked command in '/home/mike/ros2_can_test/build/overlord100_msgs' returned '0': CMAKE_PREFIX_PATH=${CMAKE_PREFIX_PATH}:/opt/ros/humble /home/mike/.local/bin/cmake --build /home/mike/ros2_can_test/build/overlord100_msgs -- -j4 -l4
[1.288s] Invoking command in '/home/mike/ros2_can_test/build/overlord100_msgs': CMAKE_PREFIX_PATH=${CMAKE_PREFIX_PATH}:/opt/ros/humble /home/mike/.local/bin/cmake --install /home/mike/ros2_can_test/build/overlord100_msgs
[1.352s] -- Install configuration: ""
[1.352s] -- Up-to-date: /home/mike/ros2_can_test/install/overlord100_msgs/share/ament_index/resource_index/rosidl_interfaces/overlord100_msgs
[1.353s] -- Up-to-date: /home/mike/ros2_can_test/install/overlord100_msgs/include/overlord100_msgs/overlord100_msgs
[1.353s] -- Up-to-date: /home/mike/ros2_can_test/install/overlord100_msgs/include/overlord100_msgs/overlord100_msgs/msg
[1.355s] -- Up-to-date: /home/mike/ros2_can_test/install/overlord100_msgs/include/overlord100_msgs/overlord100_msgs/msg/rosidl_generator_c__visibility_control.h
[1.355s] -- Up-to-date: /home/mike/ros2_can_test/install/overlord100_msgs/include/overlord100_msgs/overlord100_msgs/msg/wheels_data.h
[1.356s] -- Up-to-date: /home/mike/ros2_can_test/install/overlord100_msgs/include/overlord100_msgs/overlord100_msgs/msg/detail
[1.356s] -- Up-to-date: /home/mike/ros2_can_test/install/overlord100_msgs/include/overlord100_msgs/overlord100_msgs/msg/detail/wheels_data__functions.h
[1.357s] -- Up-to-date: /home/mike/ros2_can_test/install/overlord100_msgs/include/overlord100_msgs/overlord100_msgs/msg/detail/wheels_data__type_support.h
[1.357s] -- Up-to-date: /home/mike/ros2_can_test/install/overlord100_msgs/include/overlord100_msgs/overlord100_msgs/msg/detail/wheels_data__struct.h
[1.357s] -- Up-to-date: /home/mike/ros2_can_test/install/overlord100_msgs/include/overlord100_msgs/overlord100_msgs/msg/detail/wheels_data__functions.c
[1.358s] -- Up-to-date: /home/mike/ros2_can_test/install/overlord100_msgs/share/overlord100_msgs/environment/library_path.sh
[1.358s] -- Up-to-date: /home/mike/ros2_can_test/install/overlord100_msgs/share/overlord100_msgs/environment/library_path.dsv
[1.358s] -- Up-to-date: /home/mike/ros2_can_test/install/overlord100_msgs/lib/liboverlord100_msgs__rosidl_generator_c.so
[1.360s] -- Up-to-date: /home/mike/ros2_can_test/install/overlord100_msgs/include/overlord100_msgs/overlord100_msgs
[1.360s] -- Up-to-date: /home/mike/ros2_can_test/install/overlord100_msgs/include/overlord100_msgs/overlord100_msgs/msg
[1.360s] -- Up-to-date: /home/mike/ros2_can_test/install/overlord100_msgs/include/overlord100_msgs/overlord100_msgs/msg/rosidl_typesupport_fastrtps_c__visibility_control.h
[1.360s] -- Up-to-date: /home/mike/ros2_can_test/install/overlord100_msgs/include/overlord100_msgs/overlord100_msgs/msg/detail
[1.361s] -- Up-to-date: /home/mike/ros2_can_test/install/overlord100_msgs/include/overlord100_msgs/overlord100_msgs/msg/detail/wheels_data__rosidl_typesupport_fastrtps_c.h
[1.361s] -- Up-to-date: /home/mike/ros2_can_test/install/overlord100_msgs/lib/liboverlord100_msgs__rosidl_typesupport_fastrtps_c.so
[1.361s] -- Up-to-date: /home/mike/ros2_can_test/install/overlord100_msgs/include/overlord100_msgs/overlord100_msgs
[1.361s] -- Up-to-date: /home/mike/ros2_can_test/install/overlord100_msgs/include/overlord100_msgs/overlord100_msgs/msg
[1.361s] -- Up-to-date: /home/mike/ros2_can_test/install/overlord100_msgs/include/overlord100_msgs/overlord100_msgs/msg/rosidl_typesupport_introspection_c__visibility_control.h
[1.361s] -- Up-to-date: /home/mike/ros2_can_test/install/overlord100_msgs/include/overlord100_msgs/overlord100_msgs/msg/detail
[1.362s] -- Up-to-date: /home/mike/ros2_can_test/install/overlord100_msgs/include/overlord100_msgs/overlord100_msgs/msg/detail/wheels_data__rosidl_typesupport_introspection_c.h
[1.362s] -- Up-to-date: /home/mike/ros2_can_test/install/overlord100_msgs/include/overlord100_msgs/overlord100_msgs/msg/detail/wheels_data__type_support.c
[1.365s] -- Up-to-date: /home/mike/ros2_can_test/install/overlord100_msgs/lib/liboverlord100_msgs__rosidl_typesupport_introspection_c.so
[1.365s] -- Up-to-date: /home/mike/ros2_can_test/install/overlord100_msgs/lib/liboverlord100_msgs__rosidl_typesupport_c.so
[1.365s] -- Up-to-date: /home/mike/ros2_can_test/install/overlord100_msgs/include/overlord100_msgs/overlord100_msgs
[1.365s] -- Up-to-date: /home/mike/ros2_can_test/install/overlord100_msgs/include/overlord100_msgs/overlord100_msgs/msg
[1.367s] -- Up-to-date: /home/mike/ros2_can_test/install/overlord100_msgs/include/overlord100_msgs/overlord100_msgs/msg/detail
[1.367s] -- Up-to-date: /home/mike/ros2_can_test/install/overlord100_msgs/include/overlord100_msgs/overlord100_msgs/msg/detail/wheels_data__builder.hpp
[1.367s] -- Up-to-date: /home/mike/ros2_can_test/install/overlord100_msgs/include/overlord100_msgs/overlord100_msgs/msg/detail/wheels_data__struct.hpp
[1.367s] -- Up-to-date: /home/mike/ros2_can_test/install/overlord100_msgs/include/overlord100_msgs/overlord100_msgs/msg/detail/wheels_data__traits.hpp
[1.368s] -- Up-to-date: /home/mike/ros2_can_test/install/overlord100_msgs/include/overlord100_msgs/overlord100_msgs/msg/wheels_data.hpp
[1.368s] -- Up-to-date: /home/mike/ros2_can_test/install/overlord100_msgs/include/overlord100_msgs/overlord100_msgs
[1.368s] -- Up-to-date: /home/mike/ros2_can_test/install/overlord100_msgs/include/overlord100_msgs/overlord100_msgs/msg
[1.368s] -- Up-to-date: /home/mike/ros2_can_test/install/overlord100_msgs/include/overlord100_msgs/overlord100_msgs/msg/rosidl_typesupport_fastrtps_cpp__visibility_control.h
[1.369s] -- Up-to-date: /home/mike/ros2_can_test/install/overlord100_msgs/include/overlord100_msgs/overlord100_msgs/msg/detail
[1.369s] -- Up-to-date: /home/mike/ros2_can_test/install/overlord100_msgs/include/overlord100_msgs/overlord100_msgs/msg/detail/dds_fastrtps
[1.369s] -- Up-to-date: /home/mike/ros2_can_test/install/overlord100_msgs/include/overlord100_msgs/overlord100_msgs/msg/detail/wheels_data__rosidl_typesupport_fastrtps_cpp.hpp
[1.369s] -- Up-to-date: /home/mike/ros2_can_test/install/overlord100_msgs/lib/liboverlord100_msgs__rosidl_typesupport_fastrtps_cpp.so
[1.369s] -- Up-to-date: /home/mike/ros2_can_test/install/overlord100_msgs/include/overlord100_msgs/overlord100_msgs
[1.369s] -- Up-to-date: /home/mike/ros2_can_test/install/overlord100_msgs/include/overlord100_msgs/overlord100_msgs/msg
[1.370s] -- Up-to-date: /home/mike/ros2_can_test/install/overlord100_msgs/include/overlord100_msgs/overlord100_msgs/msg/detail
[1.370s] -- Up-to-date: /home/mike/ros2_can_test/install/overlord100_msgs/include/overlord100_msgs/overlord100_msgs/msg/detail/wheels_data__rosidl_typesupport_introspection_cpp.hpp
[1.370s] -- Up-to-date: /home/mike/ros2_can_test/install/overlord100_msgs/include/overlord100_msgs/overlord100_msgs/msg/detail/wheels_data__type_support.cpp
[1.370s] -- Up-to-date: /home/mike/ros2_can_test/install/overlord100_msgs/lib/liboverlord100_msgs__rosidl_typesupport_introspection_cpp.so
[1.371s] -- Up-to-date: /home/mike/ros2_can_test/install/overlord100_msgs/lib/liboverlord100_msgs__rosidl_typesupport_cpp.so
[1.372s] -- Up-to-date: /home/mike/ros2_can_test/install/overlord100_msgs/share/overlord100_msgs/environment/pythonpath.sh
[1.372s] -- Up-to-date: /home/mike/ros2_can_test/install/overlord100_msgs/share/overlord100_msgs/environment/pythonpath.dsv
[1.372s] -- Up-to-date: /home/mike/ros2_can_test/install/overlord100_msgs/local/lib/python3.10/dist-packages/overlord100_msgs-0.0.0-py3.10.egg-info
[1.372s] -- Installing: /home/mike/ros2_can_test/install/overlord100_msgs/local/lib/python3.10/dist-packages/overlord100_msgs-0.0.0-py3.10.egg-info/dependency_links.txt
[1.373s] -- Installing: /home/mike/ros2_can_test/install/overlord100_msgs/local/lib/python3.10/dist-packages/overlord100_msgs-0.0.0-py3.10.egg-info/SOURCES.txt
[1.376s] -- Installing: /home/mike/ros2_can_test/install/overlord100_msgs/local/lib/python3.10/dist-packages/overlord100_msgs-0.0.0-py3.10.egg-info/top_level.txt
[1.377s] -- Installing: /home/mike/ros2_can_test/install/overlord100_msgs/local/lib/python3.10/dist-packages/overlord100_msgs-0.0.0-py3.10.egg-info/PKG-INFO
[1.377s] -- Up-to-date: /home/mike/ros2_can_test/install/overlord100_msgs/local/lib/python3.10/dist-packages/overlord100_msgs
[1.377s] -- Up-to-date: /home/mike/ros2_can_test/install/overlord100_msgs/local/lib/python3.10/dist-packages/overlord100_msgs/msg
[1.377s] -- Up-to-date: /home/mike/ros2_can_test/install/overlord100_msgs/local/lib/python3.10/dist-packages/overlord100_msgs/msg/__init__.py
[1.377s] -- Up-to-date: /home/mike/ros2_can_test/install/overlord100_msgs/local/lib/python3.10/dist-packages/overlord100_msgs/msg/_wheels_data.py
[1.377s] -- Up-to-date: /home/mike/ros2_can_test/install/overlord100_msgs/local/lib/python3.10/dist-packages/overlord100_msgs/msg/_wheels_data_s.c
[1.378s] -- Up-to-date: /home/mike/ros2_can_test/install/overlord100_msgs/local/lib/python3.10/dist-packages/overlord100_msgs/overlord100_msgs_s__rosidl_typesupport_introspection_c.cpython-310-x86_64-linux-gnu.so
[1.378s] -- Up-to-date: /home/mike/ros2_can_test/install/overlord100_msgs/local/lib/python3.10/dist-packages/overlord100_msgs/__init__.py
[1.378s] -- Up-to-date: /home/mike/ros2_can_test/install/overlord100_msgs/local/lib/python3.10/dist-packages/overlord100_msgs/overlord100_msgs_s__rosidl_typesupport_c.cpython-310-x86_64-linux-gnu.so
[1.378s] -- Up-to-date: /home/mike/ros2_can_test/install/overlord100_msgs/local/lib/python3.10/dist-packages/overlord100_msgs/_overlord100_msgs_s.ep.rosidl_typesupport_c.c
[1.378s] -- Up-to-date: /home/mike/ros2_can_test/install/overlord100_msgs/local/lib/python3.10/dist-packages/overlord100_msgs/_overlord100_msgs_s.ep.rosidl_typesupport_fastrtps_c.c
[1.378s] -- Up-to-date: /home/mike/ros2_can_test/install/overlord100_msgs/local/lib/python3.10/dist-packages/overlord100_msgs/overlord100_msgs_s__rosidl_typesupport_fastrtps_c.cpython-310-x86_64-linux-gnu.so
[1.379s] -- Up-to-date: /home/mike/ros2_can_test/install/overlord100_msgs/local/lib/python3.10/dist-packages/overlord100_msgs/liboverlord100_msgs__rosidl_generator_py.so
[1.379s] -- Up-to-date: /home/mike/ros2_can_test/install/overlord100_msgs/local/lib/python3.10/dist-packages/overlord100_msgs/_overlord100_msgs_s.ep.rosidl_typesupport_introspection_c.c
[1.451s] Listing '/home/mike/ros2_can_test/install/overlord100_msgs/local/lib/python3.10/dist-packages/overlord100_msgs'...
[1.452s] Listing '/home/mike/ros2_can_test/install/overlord100_msgs/local/lib/python3.10/dist-packages/overlord100_msgs/msg'...
[1.462s] -- Up-to-date: /home/mike/ros2_can_test/install/overlord100_msgs/local/lib/python3.10/dist-packages/overlord100_msgs/overlord100_msgs_s__rosidl_typesupport_fastrtps_c.cpython-310-x86_64-linux-gnu.so
[1.463s] -- Up-to-date: /home/mike/ros2_can_test/install/overlord100_msgs/local/lib/python3.10/dist-packages/overlord100_msgs/overlord100_msgs_s__rosidl_typesupport_introspection_c.cpython-310-x86_64-linux-gnu.so
[1.464s] -- Up-to-date: /home/mike/ros2_can_test/install/overlord100_msgs/local/lib/python3.10/dist-packages/overlord100_msgs/overlord100_msgs_s__rosidl_typesupport_c.cpython-310-x86_64-linux-gnu.so
[1.465s] -- Up-to-date: /home/mike/ros2_can_test/install/overlord100_msgs/lib/liboverlord100_msgs__rosidl_generator_py.so
[1.465s] -- Up-to-date: /home/mike/ros2_can_test/install/overlord100_msgs/share/overlord100_msgs/msg/WheelsData.idl
[1.465s] -- Up-to-date: /home/mike/ros2_can_test/install/overlord100_msgs/share/overlord100_msgs/msg/WheelsData.msg
[1.465s] -- Up-to-date: /home/mike/ros2_can_test/install/overlord100_msgs/share/ament_index/resource_index/package_run_dependencies/overlord100_msgs
[1.465s] -- Up-to-date: /home/mike/ros2_can_test/install/overlord100_msgs/share/ament_index/resource_index/parent_prefix_path/overlord100_msgs
[1.465s] -- Up-to-date: /home/mike/ros2_can_test/install/overlord100_msgs/share/overlord100_msgs/environment/ament_prefix_path.sh
[1.466s] -- Up-to-date: /home/mike/ros2_can_test/install/overlord100_msgs/share/overlord100_msgs/environment/ament_prefix_path.dsv
[1.466s] -- Up-to-date: /home/mike/ros2_can_test/install/overlord100_msgs/share/overlord100_msgs/environment/path.sh
[1.466s] -- Up-to-date: /home/mike/ros2_can_test/install/overlord100_msgs/share/overlord100_msgs/environment/path.dsv
[1.466s] -- Up-to-date: /home/mike/ros2_can_test/install/overlord100_msgs/share/overlord100_msgs/local_setup.bash
[1.466s] -- Up-to-date: /home/mike/ros2_can_test/install/overlord100_msgs/share/overlord100_msgs/local_setup.sh
[1.467s] -- Up-to-date: /home/mike/ros2_can_test/install/overlord100_msgs/share/overlord100_msgs/local_setup.zsh
[1.467s] -- Up-to-date: /home/mike/ros2_can_test/install/overlord100_msgs/share/overlord100_msgs/local_setup.dsv
[1.467s] -- Installing: /home/mike/ros2_can_test/install/overlord100_msgs/share/overlord100_msgs/package.dsv
[1.467s] -- Up-to-date: /home/mike/ros2_can_test/install/overlord100_msgs/share/ament_index/resource_index/packages/overlord100_msgs
[1.467s] -- Up-to-date: /home/mike/ros2_can_test/install/overlord100_msgs/share/overlord100_msgs/cmake/export_overlord100_msgs__rosidl_generator_cExport.cmake
[1.467s] -- Up-to-date: /home/mike/ros2_can_test/install/overlord100_msgs/share/overlord100_msgs/cmake/export_overlord100_msgs__rosidl_generator_cExport-noconfig.cmake
[1.467s] -- Up-to-date: /home/mike/ros2_can_test/install/overlord100_msgs/share/overlord100_msgs/cmake/export_overlord100_msgs__rosidl_typesupport_fastrtps_cExport.cmake
[1.468s] -- Up-to-date: /home/mike/ros2_can_test/install/overlord100_msgs/share/overlord100_msgs/cmake/export_overlord100_msgs__rosidl_typesupport_fastrtps_cExport-noconfig.cmake
[1.468s] -- Up-to-date: /home/mike/ros2_can_test/install/overlord100_msgs/share/overlord100_msgs/cmake/overlord100_msgs__rosidl_typesupport_introspection_cExport.cmake
[1.468s] -- Up-to-date: /home/mike/ros2_can_test/install/overlord100_msgs/share/overlord100_msgs/cmake/overlord100_msgs__rosidl_typesupport_introspection_cExport-noconfig.cmake
[1.468s] -- Up-to-date: /home/mike/ros2_can_test/install/overlord100_msgs/share/overlord100_msgs/cmake/overlord100_msgs__rosidl_typesupport_cExport.cmake
[1.468s] -- Up-to-date: /home/mike/ros2_can_test/install/overlord100_msgs/share/overlord100_msgs/cmake/overlord100_msgs__rosidl_typesupport_cExport-noconfig.cmake
[1.468s] -- Up-to-date: /home/mike/ros2_can_test/install/overlord100_msgs/share/overlord100_msgs/cmake/export_overlord100_msgs__rosidl_generator_cppExport.cmake
[1.469s] -- Up-to-date: /home/mike/ros2_can_test/install/overlord100_msgs/share/overlord100_msgs/cmake/export_overlord100_msgs__rosidl_typesupport_fastrtps_cppExport.cmake
[1.469s] -- Up-to-date: /home/mike/ros2_can_test/install/overlord100_msgs/share/overlord100_msgs/cmake/export_overlord100_msgs__rosidl_typesupport_fastrtps_cppExport-noconfig.cmake
[1.469s] -- Up-to-date: /home/mike/ros2_can_test/install/overlord100_msgs/share/overlord100_msgs/cmake/overlord100_msgs__rosidl_typesupport_introspection_cppExport.cmake
[1.469s] -- Up-to-date: /home/mike/ros2_can_test/install/overlord100_msgs/share/overlord100_msgs/cmake/overlord100_msgs__rosidl_typesupport_introspection_cppExport-noconfig.cmake
[1.469s] -- Up-to-date: /home/mike/ros2_can_test/install/overlord100_msgs/share/overlord100_msgs/cmake/overlord100_msgs__rosidl_typesupport_cppExport.cmake
[1.470s] -- Up-to-date: /home/mike/ros2_can_test/install/overlord100_msgs/share/overlord100_msgs/cmake/overlord100_msgs__rosidl_typesupport_cppExport-noconfig.cmake
[1.470s] -- Up-to-date: /home/mike/ros2_can_test/install/overlord100_msgs/share/overlord100_msgs/cmake/export_overlord100_msgs__rosidl_generator_pyExport.cmake
[1.470s] -- Up-to-date: /home/mike/ros2_can_test/install/overlord100_msgs/share/overlord100_msgs/cmake/export_overlord100_msgs__rosidl_generator_pyExport-noconfig.cmake
[1.470s] -- Up-to-date: /home/mike/ros2_can_test/install/overlord100_msgs/share/overlord100_msgs/cmake/rosidl_cmake-extras.cmake
[1.470s] -- Up-to-date: /home/mike/ros2_can_test/install/overlord100_msgs/share/overlord100_msgs/cmake/ament_cmake_export_include_directories-extras.cmake
[1.470s] -- Up-to-date: /home/mike/ros2_can_test/install/overlord100_msgs/share/overlord100_msgs/cmake/ament_cmake_export_libraries-extras.cmake
[1.470s] -- Up-to-date: /home/mike/ros2_can_test/install/overlord100_msgs/share/overlord100_msgs/cmake/ament_cmake_export_targets-extras.cmake
[1.470s] -- Up-to-date: /home/mike/ros2_can_test/install/overlord100_msgs/share/overlord100_msgs/cmake/rosidl_cmake_export_typesupport_targets-extras.cmake
[1.471s] -- Up-to-date: /home/mike/ros2_can_test/install/overlord100_msgs/share/overlord100_msgs/cmake/ament_cmake_export_dependencies-extras.cmake
[1.471s] -- Up-to-date: /home/mike/ros2_can_test/install/overlord100_msgs/share/overlord100_msgs/cmake/rosidl_cmake_export_typesupport_libraries-extras.cmake
[1.471s] -- Up-to-date: /home/mike/ros2_can_test/install/overlord100_msgs/share/overlord100_msgs/cmake/overlord100_msgsConfig.cmake
[1.471s] -- Up-to-date: /home/mike/ros2_can_test/install/overlord100_msgs/share/overlord100_msgs/cmake/overlord100_msgsConfig-version.cmake
[1.471s] -- Up-to-date: /home/mike/ros2_can_test/install/overlord100_msgs/share/overlord100_msgs/package.xml
[1.616s] Invoked command in '/home/mike/ros2_can_test/build/overlord100_msgs' returned '0': CMAKE_PREFIX_PATH=${CMAKE_PREFIX_PATH}:/opt/ros/humble /home/mike/.local/bin/cmake --install /home/mike/ros2_can_test/build/overlord100_msgs
