[0.372s] Invoking command in '/home/mike/ros2_can_test/build/can_msgs': CMAKE_PREFIX_PATH=${CMAKE_PREFIX_PATH}:/opt/ros/humble /home/mike/.local/bin/cmake --build /home/mike/ros2_can_test/build/can_msgs -- -j4 -l4
[0.557s] [  3%] Built target can_msgs__cpp
[0.577s] [ 12%] Built target can_msgs__rosidl_generator_c
[0.600s] [ 12%] Built target ament_cmake_python_copy_can_msgs
[0.633s] [ 22%] Built target can_msgs__rosidl_typesupport_cpp
[0.681s] [ 32%] Built target can_msgs__rosidl_typesupport_introspection_c
[0.686s] [ 41%] Built target can_msgs__rosidl_typesupport_c
[0.706s] [ 51%] Built target can_msgs__rosidl_typesupport_fastrtps_cpp
[0.719s] [ 61%] Built target can_msgs__rosidl_typesupport_introspection_cpp
[0.778s] [ 70%] Built target can_msgs__rosidl_typesupport_fastrtps_c
[0.877s] [ 70%] Built target can_msgs
[1.002s] [ 74%] Built target can_msgs__py
[1.096s] [ 80%] Built target can_msgs__rosidl_generator_py
[1.149s] [ 87%] Built target can_msgs__rosidl_typesupport_fastrtps_c__pyext
[1.165s] [ 93%] Built target can_msgs__rosidl_typesupport_c__pyext
[1.173s] [100%] Built target can_msgs__rosidl_typesupport_introspection_c__pyext
[1.651s] running egg_info
[1.652s] writing can_msgs.egg-info/PKG-INFO
[1.653s] writing dependency_links to can_msgs.egg-info/dependency_links.txt
[1.654s] writing top-level names to can_msgs.egg-info/top_level.txt
[1.660s] reading manifest file 'can_msgs.egg-info/SOURCES.txt'
[1.666s] writing manifest file 'can_msgs.egg-info/SOURCES.txt'
[1.762s] [100%] Built target ament_cmake_python_build_can_msgs_egg
[1.785s] Invoked command in '/home/mike/ros2_can_test/build/can_msgs' returned '0': CMAKE_PREFIX_PATH=${CMAKE_PREFIX_PATH}:/opt/ros/humble /home/mike/.local/bin/cmake --build /home/mike/ros2_can_test/build/can_msgs -- -j4 -l4
[2.079s] Invoking command in '/home/mike/ros2_can_test/build/can_msgs': CMAKE_PREFIX_PATH=${CMAKE_PREFIX_PATH}:/opt/ros/humble /home/mike/.local/bin/cmake --install /home/mike/ros2_can_test/build/can_msgs
[2.167s] -- Install configuration: ""
[2.167s] -- Up-to-date: /home/mike/ros2_can_test/install/can_msgs/share/ament_index/resource_index/rosidl_interfaces/can_msgs
[2.167s] -- Up-to-date: /home/mike/ros2_can_test/install/can_msgs/include/can_msgs/can_msgs
[2.168s] -- Up-to-date: /home/mike/ros2_can_test/install/can_msgs/include/can_msgs/can_msgs/msg
[2.168s] -- Up-to-date: /home/mike/ros2_can_test/install/can_msgs/include/can_msgs/can_msgs/msg/frame.h
[2.169s] -- Up-to-date: /home/mike/ros2_can_test/install/can_msgs/include/can_msgs/can_msgs/msg/rosidl_generator_c__visibility_control.h
[2.169s] -- Up-to-date: /home/mike/ros2_can_test/install/can_msgs/include/can_msgs/can_msgs/msg/detail
[2.169s] -- Up-to-date: /home/mike/ros2_can_test/install/can_msgs/include/can_msgs/can_msgs/msg/detail/frame__functions.h
[2.171s] -- Up-to-date: /home/mike/ros2_can_test/install/can_msgs/include/can_msgs/can_msgs/msg/detail/frame__functions.c
[2.171s] -- Up-to-date: /home/mike/ros2_can_test/install/can_msgs/include/can_msgs/can_msgs/msg/detail/frame__type_support.h
[2.172s] -- Up-to-date: /home/mike/ros2_can_test/install/can_msgs/include/can_msgs/can_msgs/msg/detail/frame__struct.h
[2.172s] -- Up-to-date: /home/mike/ros2_can_test/install/can_msgs/share/can_msgs/environment/library_path.sh
[2.172s] -- Up-to-date: /home/mike/ros2_can_test/install/can_msgs/share/can_msgs/environment/library_path.dsv
[2.173s] -- Up-to-date: /home/mike/ros2_can_test/install/can_msgs/lib/libcan_msgs__rosidl_generator_c.so
[2.174s] -- Up-to-date: /home/mike/ros2_can_test/install/can_msgs/include/can_msgs/can_msgs
[2.174s] -- Up-to-date: /home/mike/ros2_can_test/install/can_msgs/include/can_msgs/can_msgs/msg
[2.175s] -- Up-to-date: /home/mike/ros2_can_test/install/can_msgs/include/can_msgs/can_msgs/msg/rosidl_typesupport_fastrtps_c__visibility_control.h
[2.175s] -- Up-to-date: /home/mike/ros2_can_test/install/can_msgs/include/can_msgs/can_msgs/msg/detail
[2.176s] -- Up-to-date: /home/mike/ros2_can_test/install/can_msgs/include/can_msgs/can_msgs/msg/detail/frame__rosidl_typesupport_fastrtps_c.h
[2.176s] -- Up-to-date: /home/mike/ros2_can_test/install/can_msgs/lib/libcan_msgs__rosidl_typesupport_fastrtps_c.so
[2.177s] -- Up-to-date: /home/mike/ros2_can_test/install/can_msgs/include/can_msgs/can_msgs
[2.177s] -- Up-to-date: /home/mike/ros2_can_test/install/can_msgs/include/can_msgs/can_msgs/msg
[2.177s] -- Up-to-date: /home/mike/ros2_can_test/install/can_msgs/include/can_msgs/can_msgs/msg/frame.hpp
[2.177s] -- Up-to-date: /home/mike/ros2_can_test/install/can_msgs/include/can_msgs/can_msgs/msg/detail
[2.177s] -- Up-to-date: /home/mike/ros2_can_test/install/can_msgs/include/can_msgs/can_msgs/msg/detail/frame__struct.hpp
[2.178s] -- Up-to-date: /home/mike/ros2_can_test/install/can_msgs/include/can_msgs/can_msgs/msg/detail/frame__traits.hpp
[2.178s] -- Up-to-date: /home/mike/ros2_can_test/install/can_msgs/include/can_msgs/can_msgs/msg/detail/frame__builder.hpp
[2.178s] -- Up-to-date: /home/mike/ros2_can_test/install/can_msgs/include/can_msgs/can_msgs
[2.178s] -- Up-to-date: /home/mike/ros2_can_test/install/can_msgs/include/can_msgs/can_msgs/msg
[2.178s] -- Up-to-date: /home/mike/ros2_can_test/install/can_msgs/include/can_msgs/can_msgs/msg/rosidl_typesupport_fastrtps_cpp__visibility_control.h
[2.178s] -- Up-to-date: /home/mike/ros2_can_test/install/can_msgs/include/can_msgs/can_msgs/msg/detail
[2.179s] -- Up-to-date: /home/mike/ros2_can_test/install/can_msgs/include/can_msgs/can_msgs/msg/detail/dds_fastrtps
[2.179s] -- Up-to-date: /home/mike/ros2_can_test/install/can_msgs/include/can_msgs/can_msgs/msg/detail/frame__rosidl_typesupport_fastrtps_cpp.hpp
[2.179s] -- Up-to-date: /home/mike/ros2_can_test/install/can_msgs/lib/libcan_msgs__rosidl_typesupport_fastrtps_cpp.so
[2.179s] -- Up-to-date: /home/mike/ros2_can_test/install/can_msgs/include/can_msgs/can_msgs
[2.179s] -- Up-to-date: /home/mike/ros2_can_test/install/can_msgs/include/can_msgs/can_msgs/msg
[2.180s] -- Up-to-date: /home/mike/ros2_can_test/install/can_msgs/include/can_msgs/can_msgs/msg/rosidl_typesupport_introspection_c__visibility_control.h
[2.180s] -- Up-to-date: /home/mike/ros2_can_test/install/can_msgs/include/can_msgs/can_msgs/msg/detail
[2.180s] -- Up-to-date: /home/mike/ros2_can_test/install/can_msgs/include/can_msgs/can_msgs/msg/detail/frame__type_support.c
[2.180s] -- Up-to-date: /home/mike/ros2_can_test/install/can_msgs/include/can_msgs/can_msgs/msg/detail/frame__rosidl_typesupport_introspection_c.h
[2.181s] -- Up-to-date: /home/mike/ros2_can_test/install/can_msgs/lib/libcan_msgs__rosidl_typesupport_introspection_c.so
[2.181s] -- Up-to-date: /home/mike/ros2_can_test/install/can_msgs/lib/libcan_msgs__rosidl_typesupport_c.so
[2.182s] -- Up-to-date: /home/mike/ros2_can_test/install/can_msgs/include/can_msgs/can_msgs
[2.183s] -- Up-to-date: /home/mike/ros2_can_test/install/can_msgs/include/can_msgs/can_msgs/msg
[2.188s] -- Up-to-date: /home/mike/ros2_can_test/install/can_msgs/include/can_msgs/can_msgs/msg/detail
[2.189s] -- Up-to-date: /home/mike/ros2_can_test/install/can_msgs/include/can_msgs/can_msgs/msg/detail/frame__type_support.cpp
[2.189s] -- Up-to-date: /home/mike/ros2_can_test/install/can_msgs/include/can_msgs/can_msgs/msg/detail/frame__rosidl_typesupport_introspection_cpp.hpp
[2.189s] -- Up-to-date: /home/mike/ros2_can_test/install/can_msgs/lib/libcan_msgs__rosidl_typesupport_introspection_cpp.so
[2.189s] -- Up-to-date: /home/mike/ros2_can_test/install/can_msgs/lib/libcan_msgs__rosidl_typesupport_cpp.so
[2.189s] -- Up-to-date: /home/mike/ros2_can_test/install/can_msgs/share/can_msgs/environment/pythonpath.sh
[2.190s] -- Up-to-date: /home/mike/ros2_can_test/install/can_msgs/share/can_msgs/environment/pythonpath.dsv
[2.190s] -- Up-to-date: /home/mike/ros2_can_test/install/can_msgs/local/lib/python3.10/dist-packages/can_msgs-0.0.0-py3.10.egg-info
[2.190s] -- Installing: /home/mike/ros2_can_test/install/can_msgs/local/lib/python3.10/dist-packages/can_msgs-0.0.0-py3.10.egg-info/dependency_links.txt
[2.190s] -- Installing: /home/mike/ros2_can_test/install/can_msgs/local/lib/python3.10/dist-packages/can_msgs-0.0.0-py3.10.egg-info/SOURCES.txt
[2.190s] -- Installing: /home/mike/ros2_can_test/install/can_msgs/local/lib/python3.10/dist-packages/can_msgs-0.0.0-py3.10.egg-info/top_level.txt
[2.190s] -- Installing: /home/mike/ros2_can_test/install/can_msgs/local/lib/python3.10/dist-packages/can_msgs-0.0.0-py3.10.egg-info/PKG-INFO
[2.191s] -- Up-to-date: /home/mike/ros2_can_test/install/can_msgs/local/lib/python3.10/dist-packages/can_msgs
[2.191s] -- Up-to-date: /home/mike/ros2_can_test/install/can_msgs/local/lib/python3.10/dist-packages/can_msgs/msg
[2.191s] -- Up-to-date: /home/mike/ros2_can_test/install/can_msgs/local/lib/python3.10/dist-packages/can_msgs/msg/_frame.py
[2.191s] -- Up-to-date: /home/mike/ros2_can_test/install/can_msgs/local/lib/python3.10/dist-packages/can_msgs/msg/__init__.py
[2.191s] -- Up-to-date: /home/mike/ros2_can_test/install/can_msgs/local/lib/python3.10/dist-packages/can_msgs/msg/_frame_s.c
[2.191s] -- Up-to-date: /home/mike/ros2_can_test/install/can_msgs/local/lib/python3.10/dist-packages/can_msgs/can_msgs_s__rosidl_typesupport_c.cpython-310-x86_64-linux-gnu.so
[2.191s] -- Up-to-date: /home/mike/ros2_can_test/install/can_msgs/local/lib/python3.10/dist-packages/can_msgs/__init__.py
[2.192s] -- Up-to-date: /home/mike/ros2_can_test/install/can_msgs/local/lib/python3.10/dist-packages/can_msgs/_can_msgs_s.ep.rosidl_typesupport_introspection_c.c
[2.192s] -- Up-to-date: /home/mike/ros2_can_test/install/can_msgs/local/lib/python3.10/dist-packages/can_msgs/can_msgs_s__rosidl_typesupport_introspection_c.cpython-310-x86_64-linux-gnu.so
[2.192s] -- Up-to-date: /home/mike/ros2_can_test/install/can_msgs/local/lib/python3.10/dist-packages/can_msgs/libcan_msgs__rosidl_generator_py.so
[2.192s] -- Up-to-date: /home/mike/ros2_can_test/install/can_msgs/local/lib/python3.10/dist-packages/can_msgs/_can_msgs_s.ep.rosidl_typesupport_c.c
[2.192s] -- Up-to-date: /home/mike/ros2_can_test/install/can_msgs/local/lib/python3.10/dist-packages/can_msgs/_can_msgs_s.ep.rosidl_typesupport_fastrtps_c.c
[2.192s] -- Up-to-date: /home/mike/ros2_can_test/install/can_msgs/local/lib/python3.10/dist-packages/can_msgs/can_msgs_s__rosidl_typesupport_fastrtps_c.cpython-310-x86_64-linux-gnu.so
[2.300s] Listing '/home/mike/ros2_can_test/install/can_msgs/local/lib/python3.10/dist-packages/can_msgs'...
[2.300s] Listing '/home/mike/ros2_can_test/install/can_msgs/local/lib/python3.10/dist-packages/can_msgs/msg'...
[2.319s] -- Up-to-date: /home/mike/ros2_can_test/install/can_msgs/local/lib/python3.10/dist-packages/can_msgs/can_msgs_s__rosidl_typesupport_fastrtps_c.cpython-310-x86_64-linux-gnu.so
[2.324s] -- Up-to-date: /home/mike/ros2_can_test/install/can_msgs/local/lib/python3.10/dist-packages/can_msgs/can_msgs_s__rosidl_typesupport_introspection_c.cpython-310-x86_64-linux-gnu.so
[2.326s] -- Up-to-date: /home/mike/ros2_can_test/install/can_msgs/local/lib/python3.10/dist-packages/can_msgs/can_msgs_s__rosidl_typesupport_c.cpython-310-x86_64-linux-gnu.so
[2.327s] -- Up-to-date: /home/mike/ros2_can_test/install/can_msgs/lib/libcan_msgs__rosidl_generator_py.so
[2.327s] -- Up-to-date: /home/mike/ros2_can_test/install/can_msgs/share/can_msgs/msg/Frame.idl
[2.327s] -- Up-to-date: /home/mike/ros2_can_test/install/can_msgs/share/can_msgs/msg/Frame.msg
[2.328s] -- Up-to-date: /home/mike/ros2_can_test/install/can_msgs/share/ament_index/resource_index/package_run_dependencies/can_msgs
[2.328s] -- Up-to-date: /home/mike/ros2_can_test/install/can_msgs/share/ament_index/resource_index/parent_prefix_path/can_msgs
[2.329s] -- Up-to-date: /home/mike/ros2_can_test/install/can_msgs/share/can_msgs/environment/ament_prefix_path.sh
[2.330s] -- Up-to-date: /home/mike/ros2_can_test/install/can_msgs/share/can_msgs/environment/ament_prefix_path.dsv
[2.330s] -- Up-to-date: /home/mike/ros2_can_test/install/can_msgs/share/can_msgs/environment/path.sh
[2.330s] -- Up-to-date: /home/mike/ros2_can_test/install/can_msgs/share/can_msgs/environment/path.dsv
[2.330s] -- Up-to-date: /home/mike/ros2_can_test/install/can_msgs/share/can_msgs/local_setup.bash
[2.332s] -- Up-to-date: /home/mike/ros2_can_test/install/can_msgs/share/can_msgs/local_setup.sh
[2.335s] -- Up-to-date: /home/mike/ros2_can_test/install/can_msgs/share/can_msgs/local_setup.zsh
[2.335s] -- Up-to-date: /home/mike/ros2_can_test/install/can_msgs/share/can_msgs/local_setup.dsv
[2.335s] -- Installing: /home/mike/ros2_can_test/install/can_msgs/share/can_msgs/package.dsv
[2.336s] -- Up-to-date: /home/mike/ros2_can_test/install/can_msgs/share/ament_index/resource_index/packages/can_msgs
[2.340s] -- Up-to-date: /home/mike/ros2_can_test/install/can_msgs/share/can_msgs/cmake/export_can_msgs__rosidl_generator_cExport.cmake
[2.340s] -- Up-to-date: /home/mike/ros2_can_test/install/can_msgs/share/can_msgs/cmake/export_can_msgs__rosidl_generator_cExport-noconfig.cmake
[2.340s] -- Up-to-date: /home/mike/ros2_can_test/install/can_msgs/share/can_msgs/cmake/export_can_msgs__rosidl_typesupport_fastrtps_cExport.cmake
[2.343s] -- Up-to-date: /home/mike/ros2_can_test/install/can_msgs/share/can_msgs/cmake/export_can_msgs__rosidl_typesupport_fastrtps_cExport-noconfig.cmake
[2.345s] -- Up-to-date: /home/mike/ros2_can_test/install/can_msgs/share/can_msgs/cmake/export_can_msgs__rosidl_generator_cppExport.cmake
[2.350s] -- Up-to-date: /home/mike/ros2_can_test/install/can_msgs/share/can_msgs/cmake/export_can_msgs__rosidl_typesupport_fastrtps_cppExport.cmake
[2.352s] -- Up-to-date: /home/mike/ros2_can_test/install/can_msgs/share/can_msgs/cmake/export_can_msgs__rosidl_typesupport_fastrtps_cppExport-noconfig.cmake
[2.352s] -- Up-to-date: /home/mike/ros2_can_test/install/can_msgs/share/can_msgs/cmake/can_msgs__rosidl_typesupport_introspection_cExport.cmake
[2.352s] -- Up-to-date: /home/mike/ros2_can_test/install/can_msgs/share/can_msgs/cmake/can_msgs__rosidl_typesupport_introspection_cExport-noconfig.cmake
[2.352s] -- Up-to-date: /home/mike/ros2_can_test/install/can_msgs/share/can_msgs/cmake/can_msgs__rosidl_typesupport_cExport.cmake
[2.353s] -- Up-to-date: /home/mike/ros2_can_test/install/can_msgs/share/can_msgs/cmake/can_msgs__rosidl_typesupport_cExport-noconfig.cmake
[2.354s] -- Up-to-date: /home/mike/ros2_can_test/install/can_msgs/share/can_msgs/cmake/can_msgs__rosidl_typesupport_introspection_cppExport.cmake
[2.354s] -- Up-to-date: /home/mike/ros2_can_test/install/can_msgs/share/can_msgs/cmake/can_msgs__rosidl_typesupport_introspection_cppExport-noconfig.cmake
[2.355s] -- Up-to-date: /home/mike/ros2_can_test/install/can_msgs/share/can_msgs/cmake/can_msgs__rosidl_typesupport_cppExport.cmake
[2.355s] -- Up-to-date: /home/mike/ros2_can_test/install/can_msgs/share/can_msgs/cmake/can_msgs__rosidl_typesupport_cppExport-noconfig.cmake
[2.355s] -- Up-to-date: /home/mike/ros2_can_test/install/can_msgs/share/can_msgs/cmake/export_can_msgs__rosidl_generator_pyExport.cmake
[2.355s] -- Up-to-date: /home/mike/ros2_can_test/install/can_msgs/share/can_msgs/cmake/export_can_msgs__rosidl_generator_pyExport-noconfig.cmake
[2.355s] -- Up-to-date: /home/mike/ros2_can_test/install/can_msgs/share/can_msgs/cmake/rosidl_cmake-extras.cmake
[2.355s] -- Up-to-date: /home/mike/ros2_can_test/install/can_msgs/share/can_msgs/cmake/ament_cmake_export_dependencies-extras.cmake
[2.356s] -- Up-to-date: /home/mike/ros2_can_test/install/can_msgs/share/can_msgs/cmake/ament_cmake_export_include_directories-extras.cmake
[2.356s] -- Up-to-date: /home/mike/ros2_can_test/install/can_msgs/share/can_msgs/cmake/ament_cmake_export_libraries-extras.cmake
[2.356s] -- Up-to-date: /home/mike/ros2_can_test/install/can_msgs/share/can_msgs/cmake/ament_cmake_export_targets-extras.cmake
[2.357s] -- Up-to-date: /home/mike/ros2_can_test/install/can_msgs/share/can_msgs/cmake/rosidl_cmake_export_typesupport_targets-extras.cmake
[2.357s] -- Up-to-date: /home/mike/ros2_can_test/install/can_msgs/share/can_msgs/cmake/rosidl_cmake_export_typesupport_libraries-extras.cmake
[2.383s] -- Up-to-date: /home/mike/ros2_can_test/install/can_msgs/share/can_msgs/cmake/can_msgsConfig.cmake
[2.383s] -- Up-to-date: /home/mike/ros2_can_test/install/can_msgs/share/can_msgs/cmake/can_msgsConfig-version.cmake
[2.383s] -- Up-to-date: /home/mike/ros2_can_test/install/can_msgs/share/can_msgs/package.xml
[2.590s] Invoked command in '/home/mike/ros2_can_test/build/can_msgs' returned '0': CMAKE_PREFIX_PATH=${CMAKE_PREFIX_PATH}:/opt/ros/humble /home/mike/.local/bin/cmake --install /home/mike/ros2_can_test/build/can_msgs
