[0.308s] Invoking command in '/home/mike/ros2_can_test/build/can_msgs': CMAKE_PREFIX_PATH=${CMAKE_PREFIX_PATH}:/opt/ros/humble /home/mike/.local/bin/cmake --build /home/mike/ros2_can_test/build/can_msgs -- -j4 -l4
[0.538s] [  3%] Built target can_msgs__cpp
[0.572s] [ 12%] Built target can_msgs__rosidl_generator_c
[0.617s] [ 12%] Built target ament_cmake_python_copy_can_msgs
[0.636s] [ 22%] Built target can_msgs__rosidl_typesupport_cpp
[0.653s] [ 32%] Built target can_msgs__rosidl_typesupport_fastrtps_cpp
[0.662s] [ 41%] Built target can_msgs__rosidl_typesupport_introspection_cpp
[0.702s] [ 51%] Built target can_msgs__rosidl_typesupport_fastrtps_c
[0.712s] [ 61%] Built target can_msgs__rosidl_typesupport_c
[0.727s] [ 70%] Built target can_msgs__rosidl_typesupport_introspection_c
[0.788s] [ 70%] Built target can_msgs
[0.852s] [ 74%] Built target can_msgs__py
[0.939s] [ 80%] Built target can_msgs__rosidl_generator_py
[0.992s] [ 87%] Built target can_msgs__rosidl_typesupport_fastrtps_c__pyext
[1.025s] [ 93%] Built target can_msgs__rosidl_typesupport_introspection_c__pyext
[1.037s] [100%] Built target can_msgs__rosidl_typesupport_c__pyext
[1.582s] running egg_info
[1.584s] writing can_msgs.egg-info/PKG-INFO
[1.584s] writing dependency_links to can_msgs.egg-info/dependency_links.txt
[1.585s] writing top-level names to can_msgs.egg-info/top_level.txt
[1.597s] reading manifest file 'can_msgs.egg-info/SOURCES.txt'
[1.603s] writing manifest file 'can_msgs.egg-info/SOURCES.txt'
[1.695s] [100%] Built target ament_cmake_python_build_can_msgs_egg
[1.727s] Invoked command in '/home/mike/ros2_can_test/build/can_msgs' returned '0': CMAKE_PREFIX_PATH=${CMAKE_PREFIX_PATH}:/opt/ros/humble /home/mike/.local/bin/cmake --build /home/mike/ros2_can_test/build/can_msgs -- -j4 -l4
[2.087s] Invoking command in '/home/mike/ros2_can_test/build/can_msgs': CMAKE_PREFIX_PATH=${CMAKE_PREFIX_PATH}:/opt/ros/humble /home/mike/.local/bin/cmake --install /home/mike/ros2_can_test/build/can_msgs
[2.187s] -- Install configuration: ""
[2.188s] -- Up-to-date: /home/mike/ros2_can_test/install/can_msgs/share/ament_index/resource_index/rosidl_interfaces/can_msgs
[2.188s] -- Up-to-date: /home/mike/ros2_can_test/install/can_msgs/include/can_msgs/can_msgs
[2.191s] -- Up-to-date: /home/mike/ros2_can_test/install/can_msgs/include/can_msgs/can_msgs/msg
[2.191s] -- Up-to-date: /home/mike/ros2_can_test/install/can_msgs/include/can_msgs/can_msgs/msg/frame.h
[2.191s] -- Up-to-date: /home/mike/ros2_can_test/install/can_msgs/include/can_msgs/can_msgs/msg/rosidl_generator_c__visibility_control.h
[2.191s] -- Up-to-date: /home/mike/ros2_can_test/install/can_msgs/include/can_msgs/can_msgs/msg/detail
[2.191s] -- Up-to-date: /home/mike/ros2_can_test/install/can_msgs/include/can_msgs/can_msgs/msg/detail/frame__functions.h
[2.192s] -- Up-to-date: /home/mike/ros2_can_test/install/can_msgs/include/can_msgs/can_msgs/msg/detail/frame__functions.c
[2.192s] -- Up-to-date: /home/mike/ros2_can_test/install/can_msgs/include/can_msgs/can_msgs/msg/detail/frame__type_support.h
[2.193s] -- Up-to-date: /home/mike/ros2_can_test/install/can_msgs/include/can_msgs/can_msgs/msg/detail/frame__struct.h
[2.193s] -- Up-to-date: /home/mike/ros2_can_test/install/can_msgs/share/can_msgs/environment/library_path.sh
[2.194s] -- Up-to-date: /home/mike/ros2_can_test/install/can_msgs/share/can_msgs/environment/library_path.dsv
[2.196s] -- Up-to-date: /home/mike/ros2_can_test/install/can_msgs/lib/libcan_msgs__rosidl_generator_c.so
[2.200s] -- Up-to-date: /home/mike/ros2_can_test/install/can_msgs/include/can_msgs/can_msgs
[2.201s] -- Up-to-date: /home/mike/ros2_can_test/install/can_msgs/include/can_msgs/can_msgs/msg
[2.202s] -- Up-to-date: /home/mike/ros2_can_test/install/can_msgs/include/can_msgs/can_msgs/msg/rosidl_typesupport_fastrtps_c__visibility_control.h
[2.202s] -- Up-to-date: /home/mike/ros2_can_test/install/can_msgs/include/can_msgs/can_msgs/msg/detail
[2.204s] -- Up-to-date: /home/mike/ros2_can_test/install/can_msgs/include/can_msgs/can_msgs/msg/detail/frame__rosidl_typesupport_fastrtps_c.h
[2.207s] -- Up-to-date: /home/mike/ros2_can_test/install/can_msgs/lib/libcan_msgs__rosidl_typesupport_fastrtps_c.so
[2.209s] -- Up-to-date: /home/mike/ros2_can_test/install/can_msgs/include/can_msgs/can_msgs
[2.211s] -- Up-to-date: /home/mike/ros2_can_test/install/can_msgs/include/can_msgs/can_msgs/msg
[2.212s] -- Up-to-date: /home/mike/ros2_can_test/install/can_msgs/include/can_msgs/can_msgs/msg/frame.hpp
[2.213s] -- Up-to-date: /home/mike/ros2_can_test/install/can_msgs/include/can_msgs/can_msgs/msg/detail
[2.214s] -- Up-to-date: /home/mike/ros2_can_test/install/can_msgs/include/can_msgs/can_msgs/msg/detail/frame__struct.hpp
[2.214s] -- Up-to-date: /home/mike/ros2_can_test/install/can_msgs/include/can_msgs/can_msgs/msg/detail/frame__traits.hpp
[2.214s] -- Up-to-date: /home/mike/ros2_can_test/install/can_msgs/include/can_msgs/can_msgs/msg/detail/frame__builder.hpp
[2.215s] -- Up-to-date: /home/mike/ros2_can_test/install/can_msgs/include/can_msgs/can_msgs
[2.216s] -- Up-to-date: /home/mike/ros2_can_test/install/can_msgs/include/can_msgs/can_msgs/msg
[2.217s] -- Up-to-date: /home/mike/ros2_can_test/install/can_msgs/include/can_msgs/can_msgs/msg/rosidl_typesupport_fastrtps_cpp__visibility_control.h
[2.217s] -- Up-to-date: /home/mike/ros2_can_test/install/can_msgs/include/can_msgs/can_msgs/msg/detail
[2.218s] -- Up-to-date: /home/mike/ros2_can_test/install/can_msgs/include/can_msgs/can_msgs/msg/detail/dds_fastrtps
[2.221s] -- Up-to-date: /home/mike/ros2_can_test/install/can_msgs/include/can_msgs/can_msgs/msg/detail/frame__rosidl_typesupport_fastrtps_cpp.hpp
[2.232s] -- Up-to-date: /home/mike/ros2_can_test/install/can_msgs/lib/libcan_msgs__rosidl_typesupport_fastrtps_cpp.so
[2.235s] -- Up-to-date: /home/mike/ros2_can_test/install/can_msgs/include/can_msgs/can_msgs
[2.237s] -- Up-to-date: /home/mike/ros2_can_test/install/can_msgs/include/can_msgs/can_msgs/msg
[2.237s] -- Up-to-date: /home/mike/ros2_can_test/install/can_msgs/include/can_msgs/can_msgs/msg/rosidl_typesupport_introspection_c__visibility_control.h
[2.238s] -- Up-to-date: /home/mike/ros2_can_test/install/can_msgs/include/can_msgs/can_msgs/msg/detail
[2.238s] -- Up-to-date: /home/mike/ros2_can_test/install/can_msgs/include/can_msgs/can_msgs/msg/detail/frame__type_support.c
[2.239s] -- Up-to-date: /home/mike/ros2_can_test/install/can_msgs/include/can_msgs/can_msgs/msg/detail/frame__rosidl_typesupport_introspection_c.h
[2.242s] -- Up-to-date: /home/mike/ros2_can_test/install/can_msgs/lib/libcan_msgs__rosidl_typesupport_introspection_c.so
[2.248s] -- Up-to-date: /home/mike/ros2_can_test/install/can_msgs/lib/libcan_msgs__rosidl_typesupport_c.so
[2.262s] -- Up-to-date: /home/mike/ros2_can_test/install/can_msgs/include/can_msgs/can_msgs
[2.263s] -- Up-to-date: /home/mike/ros2_can_test/install/can_msgs/include/can_msgs/can_msgs/msg
[2.263s] -- Up-to-date: /home/mike/ros2_can_test/install/can_msgs/include/can_msgs/can_msgs/msg/detail
[2.266s] -- Up-to-date: /home/mike/ros2_can_test/install/can_msgs/include/can_msgs/can_msgs/msg/detail/frame__type_support.cpp
[2.267s] -- Up-to-date: /home/mike/ros2_can_test/install/can_msgs/include/can_msgs/can_msgs/msg/detail/frame__rosidl_typesupport_introspection_cpp.hpp
[2.267s] -- Up-to-date: /home/mike/ros2_can_test/install/can_msgs/lib/libcan_msgs__rosidl_typesupport_introspection_cpp.so
[2.273s] -- Up-to-date: /home/mike/ros2_can_test/install/can_msgs/lib/libcan_msgs__rosidl_typesupport_cpp.so
[2.273s] -- Up-to-date: /home/mike/ros2_can_test/install/can_msgs/share/can_msgs/environment/pythonpath.sh
[2.273s] -- Up-to-date: /home/mike/ros2_can_test/install/can_msgs/share/can_msgs/environment/pythonpath.dsv
[2.274s] -- Up-to-date: /home/mike/ros2_can_test/install/can_msgs/local/lib/python3.10/dist-packages/can_msgs-0.0.0-py3.10.egg-info
[2.274s] -- Installing: /home/mike/ros2_can_test/install/can_msgs/local/lib/python3.10/dist-packages/can_msgs-0.0.0-py3.10.egg-info/dependency_links.txt
[2.274s] -- Installing: /home/mike/ros2_can_test/install/can_msgs/local/lib/python3.10/dist-packages/can_msgs-0.0.0-py3.10.egg-info/SOURCES.txt
[2.274s] -- Installing: /home/mike/ros2_can_test/install/can_msgs/local/lib/python3.10/dist-packages/can_msgs-0.0.0-py3.10.egg-info/top_level.txt
[2.274s] -- Installing: /home/mike/ros2_can_test/install/can_msgs/local/lib/python3.10/dist-packages/can_msgs-0.0.0-py3.10.egg-info/PKG-INFO
[2.275s] -- Up-to-date: /home/mike/ros2_can_test/install/can_msgs/local/lib/python3.10/dist-packages/can_msgs
[2.275s] -- Up-to-date: /home/mike/ros2_can_test/install/can_msgs/local/lib/python3.10/dist-packages/can_msgs/msg
[2.275s] -- Up-to-date: /home/mike/ros2_can_test/install/can_msgs/local/lib/python3.10/dist-packages/can_msgs/msg/_frame.py
[2.275s] -- Up-to-date: /home/mike/ros2_can_test/install/can_msgs/local/lib/python3.10/dist-packages/can_msgs/msg/__init__.py
[2.275s] -- Up-to-date: /home/mike/ros2_can_test/install/can_msgs/local/lib/python3.10/dist-packages/can_msgs/msg/_frame_s.c
[2.275s] -- Up-to-date: /home/mike/ros2_can_test/install/can_msgs/local/lib/python3.10/dist-packages/can_msgs/can_msgs_s__rosidl_typesupport_c.cpython-310-x86_64-linux-gnu.so
[2.276s] -- Up-to-date: /home/mike/ros2_can_test/install/can_msgs/local/lib/python3.10/dist-packages/can_msgs/__init__.py
[2.276s] -- Up-to-date: /home/mike/ros2_can_test/install/can_msgs/local/lib/python3.10/dist-packages/can_msgs/_can_msgs_s.ep.rosidl_typesupport_introspection_c.c
[2.276s] -- Up-to-date: /home/mike/ros2_can_test/install/can_msgs/local/lib/python3.10/dist-packages/can_msgs/can_msgs_s__rosidl_typesupport_introspection_c.cpython-310-x86_64-linux-gnu.so
[2.276s] -- Up-to-date: /home/mike/ros2_can_test/install/can_msgs/local/lib/python3.10/dist-packages/can_msgs/libcan_msgs__rosidl_generator_py.so
[2.276s] -- Up-to-date: /home/mike/ros2_can_test/install/can_msgs/local/lib/python3.10/dist-packages/can_msgs/_can_msgs_s.ep.rosidl_typesupport_c.c
[2.303s] -- Up-to-date: /home/mike/ros2_can_test/install/can_msgs/local/lib/python3.10/dist-packages/can_msgs/_can_msgs_s.ep.rosidl_typesupport_fastrtps_c.c
[2.303s] -- Up-to-date: /home/mike/ros2_can_test/install/can_msgs/local/lib/python3.10/dist-packages/can_msgs/can_msgs_s__rosidl_typesupport_fastrtps_c.cpython-310-x86_64-linux-gnu.so
[2.382s] Listing '/home/mike/ros2_can_test/install/can_msgs/local/lib/python3.10/dist-packages/can_msgs'...
[2.383s] Listing '/home/mike/ros2_can_test/install/can_msgs/local/lib/python3.10/dist-packages/can_msgs/msg'...
[2.394s] -- Up-to-date: /home/mike/ros2_can_test/install/can_msgs/local/lib/python3.10/dist-packages/can_msgs/can_msgs_s__rosidl_typesupport_fastrtps_c.cpython-310-x86_64-linux-gnu.so
[2.396s] -- Up-to-date: /home/mike/ros2_can_test/install/can_msgs/local/lib/python3.10/dist-packages/can_msgs/can_msgs_s__rosidl_typesupport_introspection_c.cpython-310-x86_64-linux-gnu.so
[2.398s] -- Up-to-date: /home/mike/ros2_can_test/install/can_msgs/local/lib/python3.10/dist-packages/can_msgs/can_msgs_s__rosidl_typesupport_c.cpython-310-x86_64-linux-gnu.so
[2.399s] -- Up-to-date: /home/mike/ros2_can_test/install/can_msgs/lib/libcan_msgs__rosidl_generator_py.so
[2.401s] -- Up-to-date: /home/mike/ros2_can_test/install/can_msgs/share/can_msgs/msg/Frame.idl
[2.401s] -- Up-to-date: /home/mike/ros2_can_test/install/can_msgs/share/can_msgs/msg/Frame.msg
[2.402s] -- Up-to-date: /home/mike/ros2_can_test/install/can_msgs/share/ament_index/resource_index/package_run_dependencies/can_msgs
[2.402s] -- Up-to-date: /home/mike/ros2_can_test/install/can_msgs/share/ament_index/resource_index/parent_prefix_path/can_msgs
[2.402s] -- Up-to-date: /home/mike/ros2_can_test/install/can_msgs/share/can_msgs/environment/ament_prefix_path.sh
[2.402s] -- Up-to-date: /home/mike/ros2_can_test/install/can_msgs/share/can_msgs/environment/ament_prefix_path.dsv
[2.402s] -- Up-to-date: /home/mike/ros2_can_test/install/can_msgs/share/can_msgs/environment/path.sh
[2.402s] -- Up-to-date: /home/mike/ros2_can_test/install/can_msgs/share/can_msgs/environment/path.dsv
[2.403s] -- Up-to-date: /home/mike/ros2_can_test/install/can_msgs/share/can_msgs/local_setup.bash
[2.403s] -- Up-to-date: /home/mike/ros2_can_test/install/can_msgs/share/can_msgs/local_setup.sh
[2.403s] -- Up-to-date: /home/mike/ros2_can_test/install/can_msgs/share/can_msgs/local_setup.zsh
[2.403s] -- Up-to-date: /home/mike/ros2_can_test/install/can_msgs/share/can_msgs/local_setup.dsv
[2.404s] -- Installing: /home/mike/ros2_can_test/install/can_msgs/share/can_msgs/package.dsv
[2.409s] -- Up-to-date: /home/mike/ros2_can_test/install/can_msgs/share/ament_index/resource_index/packages/can_msgs
[2.413s] -- Up-to-date: /home/mike/ros2_can_test/install/can_msgs/share/can_msgs/cmake/export_can_msgs__rosidl_generator_cExport.cmake
[2.413s] -- Up-to-date: /home/mike/ros2_can_test/install/can_msgs/share/can_msgs/cmake/export_can_msgs__rosidl_generator_cExport-noconfig.cmake
[2.414s] -- Up-to-date: /home/mike/ros2_can_test/install/can_msgs/share/can_msgs/cmake/export_can_msgs__rosidl_typesupport_fastrtps_cExport.cmake
[2.414s] -- Up-to-date: /home/mike/ros2_can_test/install/can_msgs/share/can_msgs/cmake/export_can_msgs__rosidl_typesupport_fastrtps_cExport-noconfig.cmake
[2.415s] -- Up-to-date: /home/mike/ros2_can_test/install/can_msgs/share/can_msgs/cmake/export_can_msgs__rosidl_generator_cppExport.cmake
[2.415s] -- Up-to-date: /home/mike/ros2_can_test/install/can_msgs/share/can_msgs/cmake/export_can_msgs__rosidl_typesupport_fastrtps_cppExport.cmake
[2.416s] -- Up-to-date: /home/mike/ros2_can_test/install/can_msgs/share/can_msgs/cmake/export_can_msgs__rosidl_typesupport_fastrtps_cppExport-noconfig.cmake
[2.417s] -- Up-to-date: /home/mike/ros2_can_test/install/can_msgs/share/can_msgs/cmake/can_msgs__rosidl_typesupport_introspection_cExport.cmake
[2.418s] -- Up-to-date: /home/mike/ros2_can_test/install/can_msgs/share/can_msgs/cmake/can_msgs__rosidl_typesupport_introspection_cExport-noconfig.cmake
[2.418s] -- Up-to-date: /home/mike/ros2_can_test/install/can_msgs/share/can_msgs/cmake/can_msgs__rosidl_typesupport_cExport.cmake
[2.419s] -- Up-to-date: /home/mike/ros2_can_test/install/can_msgs/share/can_msgs/cmake/can_msgs__rosidl_typesupport_cExport-noconfig.cmake
[2.419s] -- Up-to-date: /home/mike/ros2_can_test/install/can_msgs/share/can_msgs/cmake/can_msgs__rosidl_typesupport_introspection_cppExport.cmake
[2.419s] -- Up-to-date: /home/mike/ros2_can_test/install/can_msgs/share/can_msgs/cmake/can_msgs__rosidl_typesupport_introspection_cppExport-noconfig.cmake
[2.420s] -- Up-to-date: /home/mike/ros2_can_test/install/can_msgs/share/can_msgs/cmake/can_msgs__rosidl_typesupport_cppExport.cmake
[2.420s] -- Up-to-date: /home/mike/ros2_can_test/install/can_msgs/share/can_msgs/cmake/can_msgs__rosidl_typesupport_cppExport-noconfig.cmake
[2.425s] -- Up-to-date: /home/mike/ros2_can_test/install/can_msgs/share/can_msgs/cmake/export_can_msgs__rosidl_generator_pyExport.cmake
[2.425s] -- Up-to-date: /home/mike/ros2_can_test/install/can_msgs/share/can_msgs/cmake/export_can_msgs__rosidl_generator_pyExport-noconfig.cmake
[2.425s] -- Up-to-date: /home/mike/ros2_can_test/install/can_msgs/share/can_msgs/cmake/rosidl_cmake-extras.cmake
[2.425s] -- Up-to-date: /home/mike/ros2_can_test/install/can_msgs/share/can_msgs/cmake/ament_cmake_export_dependencies-extras.cmake
[2.425s] -- Up-to-date: /home/mike/ros2_can_test/install/can_msgs/share/can_msgs/cmake/ament_cmake_export_include_directories-extras.cmake
[2.425s] -- Up-to-date: /home/mike/ros2_can_test/install/can_msgs/share/can_msgs/cmake/ament_cmake_export_libraries-extras.cmake
[2.426s] -- Up-to-date: /home/mike/ros2_can_test/install/can_msgs/share/can_msgs/cmake/ament_cmake_export_targets-extras.cmake
[2.426s] -- Up-to-date: /home/mike/ros2_can_test/install/can_msgs/share/can_msgs/cmake/rosidl_cmake_export_typesupport_targets-extras.cmake
[2.426s] -- Up-to-date: /home/mike/ros2_can_test/install/can_msgs/share/can_msgs/cmake/rosidl_cmake_export_typesupport_libraries-extras.cmake
[2.426s] -- Up-to-date: /home/mike/ros2_can_test/install/can_msgs/share/can_msgs/cmake/can_msgsConfig.cmake
[2.426s] -- Up-to-date: /home/mike/ros2_can_test/install/can_msgs/share/can_msgs/cmake/can_msgsConfig-version.cmake
[2.426s] -- Up-to-date: /home/mike/ros2_can_test/install/can_msgs/share/can_msgs/package.xml
[2.621s] Invoked command in '/home/mike/ros2_can_test/build/can_msgs' returned '0': CMAKE_PREFIX_PATH=${CMAKE_PREFIX_PATH}:/opt/ros/humble /home/mike/.local/bin/cmake --install /home/mike/ros2_can_test/build/can_msgs
