[2.074s] DEBUG:colcon:Command line arguments: ['/usr/bin/colcon', 'build']
[2.074s] DEBUG:colcon:Parsed command line arguments: Namespace(log_base=None, log_level=None, verb_name='build', build_base='build', install_base='install', merge_install=False, symlink_install=False, test_result_base=None, continue_on_error=False, executor='parallel', parallel_workers=4, event_handlers=None, ignore_user_meta=False, metas=['./colcon.meta'], base_paths=['.'], packages_ignore=None, packages_ignore_regex=None, paths=None, packages_up_to=None, packages_up_to_regex=None, packages_above=None, packages_above_and_dependencies=None, packages_above_depth=None, packages_select_by_dep=None, packages_skip_by_dep=None, packages_skip_up_to=None, packages_select_build_failed=False, packages_skip_build_finished=False, packages_select_test_failures=False, packages_skip_test_passed=False, packages_select=None, packages_skip=None, packages_select_regex=None, packages_skip_regex=None, packages_start=None, packages_end=None, allow_overriding=[], cmake_args=None, cmake_target=None, cmake_target_skip_unavailable=False, cmake_clean_cache=False, cmake_clean_first=False, cmake_force_configure=False, ament_cmake_args=None, catkin_cmake_args=None, catkin_skip_building_tests=False, verb_parser=<colcon_defaults.argument_parser.defaults.DefaultArgumentsDecorator object at 0x7f43b640f2e0>, verb_extension=<colcon_core.verb.build.BuildVerb object at 0x7f43b640db10>, main=<bound method BuildVerb.main of <colcon_core.verb.build.BuildVerb object at 0x7f43b640db10>>)
[2.193s] Level 1:colcon.colcon_core.package_discovery:discover_packages(colcon_meta) check parameters
[2.193s] Level 1:colcon.colcon_core.package_discovery:discover_packages(recursive) check parameters
[2.193s] Level 1:colcon.colcon_core.package_discovery:discover_packages(ignore) check parameters
[2.193s] Level 1:colcon.colcon_core.package_discovery:discover_packages(path) check parameters
[2.193s] Level 1:colcon.colcon_core.package_discovery:discover_packages(colcon_meta) discover
[2.194s] Level 1:colcon.colcon_core.package_discovery:discover_packages(recursive) discover
[2.194s] INFO:colcon.colcon_core.package_discovery:Crawling recursively for packages in '/home/mike/ros2_can_test'
[2.194s] Level 1:colcon.colcon_core.package_identification:_identify(.) by extensions ['ignore', 'ignore_ament_install']
[2.194s] Level 1:colcon.colcon_core.package_identification:_identify(.) by extension 'ignore'
[2.194s] Level 1:colcon.colcon_core.package_identification:_identify(.) by extension 'ignore_ament_install'
[2.195s] Level 1:colcon.colcon_core.package_identification:_identify(.) by extensions ['colcon_pkg']
[2.195s] Level 1:colcon.colcon_core.package_identification:_identify(.) by extension 'colcon_pkg'
[2.195s] Level 1:colcon.colcon_core.package_identification:_identify(.) by extensions ['colcon_meta']
[2.195s] Level 1:colcon.colcon_core.package_identification:_identify(.) by extension 'colcon_meta'
[2.195s] Level 1:colcon.colcon_core.package_identification:_identify(.) by extensions ['ros']
[2.195s] Level 1:colcon.colcon_core.package_identification:_identify(.) by extension 'ros'
[2.225s] Level 1:colcon.colcon_core.package_identification:_identify(.) by extensions ['cmake', 'python']
[2.225s] Level 1:colcon.colcon_core.package_identification:_identify(.) by extension 'cmake'
[2.225s] Level 1:colcon.colcon_core.package_identification:_identify(.) by extension 'python'
[2.225s] Level 1:colcon.colcon_core.package_identification:_identify(.) by extensions ['python_setup_py']
[2.225s] Level 1:colcon.colcon_core.package_identification:_identify(.) by extension 'python_setup_py'
[2.225s] Level 1:colcon.colcon_core.package_identification:_identify(build) by extensions ['ignore', 'ignore_ament_install']
[2.226s] Level 1:colcon.colcon_core.package_identification:_identify(build) by extension 'ignore'
[2.226s] Level 1:colcon.colcon_core.package_identification:_identify(build) ignored
[2.226s] Level 1:colcon.colcon_core.package_identification:_identify(install) by extensions ['ignore', 'ignore_ament_install']
[2.226s] Level 1:colcon.colcon_core.package_identification:_identify(install) by extension 'ignore'
[2.226s] Level 1:colcon.colcon_core.package_identification:_identify(install) ignored
[2.226s] Level 1:colcon.colcon_core.package_identification:_identify(log) by extensions ['ignore', 'ignore_ament_install']
[2.226s] Level 1:colcon.colcon_core.package_identification:_identify(log) by extension 'ignore'
[2.226s] Level 1:colcon.colcon_core.package_identification:_identify(log) ignored
[2.226s] Level 1:colcon.colcon_core.package_identification:_identify(src) by extensions ['ignore', 'ignore_ament_install']
[2.227s] Level 1:colcon.colcon_core.package_identification:_identify(src) by extension 'ignore'
[2.227s] Level 1:colcon.colcon_core.package_identification:_identify(src) by extension 'ignore_ament_install'
[2.227s] Level 1:colcon.colcon_core.package_identification:_identify(src) by extensions ['colcon_pkg']
[2.227s] Level 1:colcon.colcon_core.package_identification:_identify(src) by extension 'colcon_pkg'
[2.227s] Level 1:colcon.colcon_core.package_identification:_identify(src) by extensions ['colcon_meta']
[2.227s] Level 1:colcon.colcon_core.package_identification:_identify(src) by extension 'colcon_meta'
[2.227s] Level 1:colcon.colcon_core.package_identification:_identify(src) by extensions ['ros']
[2.227s] Level 1:colcon.colcon_core.package_identification:_identify(src) by extension 'ros'
[2.227s] Level 1:colcon.colcon_core.package_identification:_identify(src) by extensions ['cmake', 'python']
[2.227s] Level 1:colcon.colcon_core.package_identification:_identify(src) by extension 'cmake'
[2.227s] Level 1:colcon.colcon_core.package_identification:_identify(src) by extension 'python'
[2.227s] Level 1:colcon.colcon_core.package_identification:_identify(src) by extensions ['python_setup_py']
[2.227s] Level 1:colcon.colcon_core.package_identification:_identify(src) by extension 'python_setup_py'
[2.228s] Level 1:colcon.colcon_core.package_identification:_identify(src/can_msgs) by extensions ['ignore', 'ignore_ament_install']
[2.228s] Level 1:colcon.colcon_core.package_identification:_identify(src/can_msgs) by extension 'ignore'
[2.228s] Level 1:colcon.colcon_core.package_identification:_identify(src/can_msgs) by extension 'ignore_ament_install'
[2.228s] Level 1:colcon.colcon_core.package_identification:_identify(src/can_msgs) by extensions ['colcon_pkg']
[2.228s] Level 1:colcon.colcon_core.package_identification:_identify(src/can_msgs) by extension 'colcon_pkg'
[2.228s] Level 1:colcon.colcon_core.package_identification:_identify(src/can_msgs) by extensions ['colcon_meta']
[2.228s] Level 1:colcon.colcon_core.package_identification:_identify(src/can_msgs) by extension 'colcon_meta'
[2.228s] Level 1:colcon.colcon_core.package_identification:_identify(src/can_msgs) by extensions ['ros']
[2.228s] Level 1:colcon.colcon_core.package_identification:_identify(src/can_msgs) by extension 'ros'
[2.232s] DEBUG:colcon.colcon_core.package_identification:Package 'src/can_msgs' with type 'ros.ament_cmake' and name 'can_msgs'
[2.232s] Level 1:colcon.colcon_core.package_identification:_identify(src/overlord100_msgs) by extensions ['ignore', 'ignore_ament_install']
[2.233s] Level 1:colcon.colcon_core.package_identification:_identify(src/overlord100_msgs) by extension 'ignore'
[2.233s] Level 1:colcon.colcon_core.package_identification:_identify(src/overlord100_msgs) by extension 'ignore_ament_install'
[2.233s] Level 1:colcon.colcon_core.package_identification:_identify(src/overlord100_msgs) by extensions ['colcon_pkg']
[2.233s] Level 1:colcon.colcon_core.package_identification:_identify(src/overlord100_msgs) by extension 'colcon_pkg'
[2.233s] Level 1:colcon.colcon_core.package_identification:_identify(src/overlord100_msgs) by extensions ['colcon_meta']
[2.233s] Level 1:colcon.colcon_core.package_identification:_identify(src/overlord100_msgs) by extension 'colcon_meta'
[2.233s] Level 1:colcon.colcon_core.package_identification:_identify(src/overlord100_msgs) by extensions ['ros']
[2.233s] Level 1:colcon.colcon_core.package_identification:_identify(src/overlord100_msgs) by extension 'ros'
[2.234s] DEBUG:colcon.colcon_core.package_identification:Package 'src/overlord100_msgs' with type 'ros.ament_cmake' and name 'overlord100_msgs'
[2.234s] Level 1:colcon.colcon_core.package_identification:_identify(src/ros2socketcan_bridge) by extensions ['ignore', 'ignore_ament_install']
[2.234s] Level 1:colcon.colcon_core.package_identification:_identify(src/ros2socketcan_bridge) by extension 'ignore'
[2.234s] Level 1:colcon.colcon_core.package_identification:_identify(src/ros2socketcan_bridge) by extension 'ignore_ament_install'
[2.234s] Level 1:colcon.colcon_core.package_identification:_identify(src/ros2socketcan_bridge) by extensions ['colcon_pkg']
[2.234s] Level 1:colcon.colcon_core.package_identification:_identify(src/ros2socketcan_bridge) by extension 'colcon_pkg'
[2.235s] Level 1:colcon.colcon_core.package_identification:_identify(src/ros2socketcan_bridge) by extensions ['colcon_meta']
[2.235s] Level 1:colcon.colcon_core.package_identification:_identify(src/ros2socketcan_bridge) by extension 'colcon_meta'
[2.235s] Level 1:colcon.colcon_core.package_identification:_identify(src/ros2socketcan_bridge) by extensions ['ros']
[2.235s] Level 1:colcon.colcon_core.package_identification:_identify(src/ros2socketcan_bridge) by extension 'ros'
[2.236s] DEBUG:colcon.colcon_core.package_identification:Package 'src/ros2socketcan_bridge' with type 'ros.ament_cmake' and name 'ros2socketcan_bridge'
[2.236s] Level 1:colcon.colcon_core.package_identification:_identify(src/zlac8015d) by extensions ['ignore', 'ignore_ament_install']
[2.237s] Level 1:colcon.colcon_core.package_identification:_identify(src/zlac8015d) by extension 'ignore'
[2.237s] Level 1:colcon.colcon_core.package_identification:_identify(src/zlac8015d) by extension 'ignore_ament_install'
[2.237s] Level 1:colcon.colcon_core.package_identification:_identify(src/zlac8015d) by extensions ['colcon_pkg']
[2.237s] Level 1:colcon.colcon_core.package_identification:_identify(src/zlac8015d) by extension 'colcon_pkg'
[2.237s] Level 1:colcon.colcon_core.package_identification:_identify(src/zlac8015d) by extensions ['colcon_meta']
[2.237s] Level 1:colcon.colcon_core.package_identification:_identify(src/zlac8015d) by extension 'colcon_meta'
[2.237s] Level 1:colcon.colcon_core.package_identification:_identify(src/zlac8015d) by extensions ['ros']
[2.237s] Level 1:colcon.colcon_core.package_identification:_identify(src/zlac8015d) by extension 'ros'
[2.238s] DEBUG:colcon.colcon_core.package_identification:Package 'src/zlac8015d' with type 'ros.ament_cmake' and name 'zlac8015d'
[2.239s] Level 1:colcon.colcon_core.package_discovery:discover_packages(recursive) using defaults
[2.239s] Level 1:colcon.colcon_core.package_discovery:discover_packages(ignore) discover
[2.239s] Level 1:colcon.colcon_core.package_discovery:discover_packages(ignore) using defaults
[2.239s] Level 1:colcon.colcon_core.package_discovery:discover_packages(path) discover
[2.239s] Level 1:colcon.colcon_core.package_discovery:discover_packages(path) using defaults
[2.460s] Level 1:colcon.colcon_core.package_discovery:discover_packages(prefix_path) check parameters
[2.461s] Level 1:colcon.colcon_core.package_discovery:discover_packages(prefix_path) discover
[2.507s] WARNING:colcon.colcon_ros.prefix_path.ament:The path '/home/mike/ros2_can_test/install/wheels_data' in the environment variable AMENT_PREFIX_PATH doesn't exist
[2.507s] WARNING:colcon.colcon_ros.prefix_path.catkin:The path '/home/mike/ros2_can_test/install/wheels_data' in the environment variable CMAKE_PREFIX_PATH doesn't exist
[2.543s] DEBUG:colcon.colcon_installed_package_information.package_discovery:Found 4 installed packages in /home/mike/ros2_can_test/install
[2.576s] DEBUG:colcon.colcon_installed_package_information.package_discovery:Found 298 installed packages in /opt/ros/humble
[2.578s] Level 1:colcon.colcon_core.package_discovery:discover_packages(prefix_path) using defaults
[2.771s] Level 5:colcon.colcon_core.verb:set package 'can_msgs' build argument 'cmake_args' from command line to 'None'
[2.771s] Level 5:colcon.colcon_core.verb:set package 'can_msgs' build argument 'cmake_target' from command line to 'None'
[2.771s] Level 5:colcon.colcon_core.verb:set package 'can_msgs' build argument 'cmake_target_skip_unavailable' from command line to 'False'
[2.771s] Level 5:colcon.colcon_core.verb:set package 'can_msgs' build argument 'cmake_clean_cache' from command line to 'False'
[2.771s] Level 5:colcon.colcon_core.verb:set package 'can_msgs' build argument 'cmake_clean_first' from command line to 'False'
[2.771s] Level 5:colcon.colcon_core.verb:set package 'can_msgs' build argument 'cmake_force_configure' from command line to 'False'
[2.771s] Level 5:colcon.colcon_core.verb:set package 'can_msgs' build argument 'ament_cmake_args' from command line to 'None'
[2.771s] Level 5:colcon.colcon_core.verb:set package 'can_msgs' build argument 'catkin_cmake_args' from command line to 'None'
[2.771s] Level 5:colcon.colcon_core.verb:set package 'can_msgs' build argument 'catkin_skip_building_tests' from command line to 'False'
[2.772s] DEBUG:colcon.colcon_core.verb:Building package 'can_msgs' with the following arguments: {'ament_cmake_args': None, 'build_base': '/home/mike/ros2_can_test/build/can_msgs', 'catkin_cmake_args': None, 'catkin_skip_building_tests': False, 'cmake_args': None, 'cmake_clean_cache': False, 'cmake_clean_first': False, 'cmake_force_configure': False, 'cmake_target': None, 'cmake_target_skip_unavailable': False, 'install_base': '/home/mike/ros2_can_test/install/can_msgs', 'merge_install': False, 'path': '/home/mike/ros2_can_test/src/can_msgs', 'symlink_install': False, 'test_result_base': None}
[2.808s] Level 5:colcon.colcon_core.verb:set package 'overlord100_msgs' build argument 'cmake_args' from command line to 'None'
[2.808s] Level 5:colcon.colcon_core.verb:set package 'overlord100_msgs' build argument 'cmake_target' from command line to 'None'
[2.808s] Level 5:colcon.colcon_core.verb:set package 'overlord100_msgs' build argument 'cmake_target_skip_unavailable' from command line to 'False'
[2.809s] Level 5:colcon.colcon_core.verb:set package 'overlord100_msgs' build argument 'cmake_clean_cache' from command line to 'False'
[2.809s] Level 5:colcon.colcon_core.verb:set package 'overlord100_msgs' build argument 'cmake_clean_first' from command line to 'False'
[2.809s] Level 5:colcon.colcon_core.verb:set package 'overlord100_msgs' build argument 'cmake_force_configure' from command line to 'False'
[2.809s] Level 5:colcon.colcon_core.verb:set package 'overlord100_msgs' build argument 'ament_cmake_args' from command line to 'None'
[2.809s] Level 5:colcon.colcon_core.verb:set package 'overlord100_msgs' build argument 'catkin_cmake_args' from command line to 'None'
[2.809s] Level 5:colcon.colcon_core.verb:set package 'overlord100_msgs' build argument 'catkin_skip_building_tests' from command line to 'False'
[2.809s] DEBUG:colcon.colcon_core.verb:Building package 'overlord100_msgs' with the following arguments: {'ament_cmake_args': None, 'build_base': '/home/mike/ros2_can_test/build/overlord100_msgs', 'catkin_cmake_args': None, 'catkin_skip_building_tests': False, 'cmake_args': None, 'cmake_clean_cache': False, 'cmake_clean_first': False, 'cmake_force_configure': False, 'cmake_target': None, 'cmake_target_skip_unavailable': False, 'install_base': '/home/mike/ros2_can_test/install/overlord100_msgs', 'merge_install': False, 'path': '/home/mike/ros2_can_test/src/overlord100_msgs', 'symlink_install': False, 'test_result_base': None}
[2.841s] Level 5:colcon.colcon_core.verb:set package 'ros2socketcan_bridge' build argument 'cmake_args' from command line to 'None'
[2.841s] Level 5:colcon.colcon_core.verb:set package 'ros2socketcan_bridge' build argument 'cmake_target' from command line to 'None'
[2.841s] Level 5:colcon.colcon_core.verb:set package 'ros2socketcan_bridge' build argument 'cmake_target_skip_unavailable' from command line to 'False'
[2.841s] Level 5:colcon.colcon_core.verb:set package 'ros2socketcan_bridge' build argument 'cmake_clean_cache' from command line to 'False'
[2.841s] Level 5:colcon.colcon_core.verb:set package 'ros2socketcan_bridge' build argument 'cmake_clean_first' from command line to 'False'
[2.842s] Level 5:colcon.colcon_core.verb:set package 'ros2socketcan_bridge' build argument 'cmake_force_configure' from command line to 'False'
[2.842s] Level 5:colcon.colcon_core.verb:set package 'ros2socketcan_bridge' build argument 'ament_cmake_args' from command line to 'None'
[2.842s] Level 5:colcon.colcon_core.verb:set package 'ros2socketcan_bridge' build argument 'catkin_cmake_args' from command line to 'None'
[2.842s] Level 5:colcon.colcon_core.verb:set package 'ros2socketcan_bridge' build argument 'catkin_skip_building_tests' from command line to 'False'
[2.842s] DEBUG:colcon.colcon_core.verb:Building package 'ros2socketcan_bridge' with the following arguments: {'ament_cmake_args': None, 'build_base': '/home/mike/ros2_can_test/build/ros2socketcan_bridge', 'catkin_cmake_args': None, 'catkin_skip_building_tests': False, 'cmake_args': None, 'cmake_clean_cache': False, 'cmake_clean_first': False, 'cmake_force_configure': False, 'cmake_target': None, 'cmake_target_skip_unavailable': False, 'install_base': '/home/mike/ros2_can_test/install/ros2socketcan_bridge', 'merge_install': False, 'path': '/home/mike/ros2_can_test/src/ros2socketcan_bridge', 'symlink_install': False, 'test_result_base': None}
[2.877s] Level 5:colcon.colcon_core.verb:set package 'zlac8015d' build argument 'cmake_args' from command line to 'None'
[2.877s] Level 5:colcon.colcon_core.verb:set package 'zlac8015d' build argument 'cmake_target' from command line to 'None'
[2.877s] Level 5:colcon.colcon_core.verb:set package 'zlac8015d' build argument 'cmake_target_skip_unavailable' from command line to 'False'
[2.877s] Level 5:colcon.colcon_core.verb:set package 'zlac8015d' build argument 'cmake_clean_cache' from command line to 'False'
[2.877s] Level 5:colcon.colcon_core.verb:set package 'zlac8015d' build argument 'cmake_clean_first' from command line to 'False'
[2.877s] Level 5:colcon.colcon_core.verb:set package 'zlac8015d' build argument 'cmake_force_configure' from command line to 'False'
[2.877s] Level 5:colcon.colcon_core.verb:set package 'zlac8015d' build argument 'ament_cmake_args' from command line to 'None'
[2.877s] Level 5:colcon.colcon_core.verb:set package 'zlac8015d' build argument 'catkin_cmake_args' from command line to 'None'
[2.877s] Level 5:colcon.colcon_core.verb:set package 'zlac8015d' build argument 'catkin_skip_building_tests' from command line to 'False'
[2.877s] DEBUG:colcon.colcon_core.verb:Building package 'zlac8015d' with the following arguments: {'ament_cmake_args': None, 'build_base': '/home/mike/ros2_can_test/build/zlac8015d', 'catkin_cmake_args': None, 'catkin_skip_building_tests': False, 'cmake_args': None, 'cmake_clean_cache': False, 'cmake_clean_first': False, 'cmake_force_configure': False, 'cmake_target': None, 'cmake_target_skip_unavailable': False, 'install_base': '/home/mike/ros2_can_test/install/zlac8015d', 'merge_install': False, 'path': '/home/mike/ros2_can_test/src/zlac8015d', 'symlink_install': False, 'test_result_base': None}
[2.909s] INFO:colcon.colcon_core.executor:Executing jobs using 'parallel' executor
[2.941s] DEBUG:colcon.colcon_parallel_executor.executor.parallel:run_until_complete
[2.941s] INFO:colcon.colcon_ros.task.ament_cmake.build:Building ROS package in '/home/mike/ros2_can_test/src/can_msgs' with build type 'ament_cmake'
[2.942s] INFO:colcon.colcon_cmake.task.cmake.build:Building CMake package in '/home/mike/ros2_can_test/src/can_msgs'
[2.983s] INFO:colcon.colcon_core.plugin_system:Skipping extension 'colcon_core.shell.bat': Not used on non-Windows systems
[2.984s] INFO:colcon.colcon_core.shell:Skip shell extension 'powershell' for command environment: Not usable outside of PowerShell
[2.984s] DEBUG:colcon.colcon_core.shell:Skip shell extension 'dsv' for command environment
[3.100s] INFO:colcon.colcon_ros.task.ament_cmake.build:Building ROS package in '/home/mike/ros2_can_test/src/overlord100_msgs' with build type 'ament_cmake'
[3.101s] INFO:colcon.colcon_cmake.task.cmake.build:Building CMake package in '/home/mike/ros2_can_test/src/overlord100_msgs'
[3.136s] INFO:colcon.colcon_core.shell:Skip shell extension 'powershell' for command environment: Not usable outside of PowerShell
[3.137s] DEBUG:colcon.colcon_core.shell:Skip shell extension 'dsv' for command environment
[3.314s] DEBUG:colcon.colcon_core.event_handler.log_command:Invoking command in '/home/mike/ros2_can_test/build/can_msgs': CMAKE_PREFIX_PATH=${CMAKE_PREFIX_PATH}:/opt/ros/humble /home/mike/.local/bin/cmake --build /home/mike/ros2_can_test/build/can_msgs -- -j4 -l4
[3.324s] DEBUG:colcon.colcon_core.event_handler.log_command:Invoking command in '/home/mike/ros2_can_test/build/overlord100_msgs': CMAKE_PREFIX_PATH=${CMAKE_PREFIX_PATH}:/opt/ros/humble /home/mike/.local/bin/cmake --build /home/mike/ros2_can_test/build/overlord100_msgs -- -j4 -l4
[4.714s] DEBUG:colcon.colcon_core.event_handler.log_command:Invoked command in '/home/mike/ros2_can_test/build/overlord100_msgs' returned '0': CMAKE_PREFIX_PATH=${CMAKE_PREFIX_PATH}:/opt/ros/humble /home/mike/.local/bin/cmake --build /home/mike/ros2_can_test/build/overlord100_msgs -- -j4 -l4
[4.727s] DEBUG:colcon.colcon_core.event_handler.log_command:Invoked command in '/home/mike/ros2_can_test/build/can_msgs' returned '0': CMAKE_PREFIX_PATH=${CMAKE_PREFIX_PATH}:/opt/ros/humble /home/mike/.local/bin/cmake --build /home/mike/ros2_can_test/build/can_msgs -- -j4 -l4
[5.020s] DEBUG:colcon.colcon_core.event_handler.log_command:Invoking command in '/home/mike/ros2_can_test/build/overlord100_msgs': CMAKE_PREFIX_PATH=${CMAKE_PREFIX_PATH}:/opt/ros/humble /home/mike/.local/bin/cmake --install /home/mike/ros2_can_test/build/overlord100_msgs
[5.021s] DEBUG:colcon.colcon_core.event_handler.log_command:Invoking command in '/home/mike/ros2_can_test/build/can_msgs': CMAKE_PREFIX_PATH=${CMAKE_PREFIX_PATH}:/opt/ros/humble /home/mike/.local/bin/cmake --install /home/mike/ros2_can_test/build/can_msgs
[5.312s] Level 1:colcon.colcon_core.environment:create_environment_scripts_only(overlord100_msgs)
[5.328s] DEBUG:colcon.colcon_core.event_handler.log_command:Invoked command in '/home/mike/ros2_can_test/build/overlord100_msgs' returned '0': CMAKE_PREFIX_PATH=${CMAKE_PREFIX_PATH}:/opt/ros/humble /home/mike/.local/bin/cmake --install /home/mike/ros2_can_test/build/overlord100_msgs
[5.378s] Level 1:colcon.colcon_core.environment:checking '/home/mike/ros2_can_test/install/overlord100_msgs' for CMake module files
[5.380s] Level 1:colcon.colcon_core.environment:checking '/home/mike/ros2_can_test/install/overlord100_msgs' for CMake config files
[5.389s] Level 1:colcon.colcon_core.shell:create_environment_hook('overlord100_msgs', 'cmake_prefix_path')
[5.440s] INFO:colcon.colcon_core.shell:Creating environment hook '/home/mike/ros2_can_test/install/overlord100_msgs/share/overlord100_msgs/hook/cmake_prefix_path.ps1'
[5.441s] INFO:colcon.colcon_core.shell:Creating environment descriptor '/home/mike/ros2_can_test/install/overlord100_msgs/share/overlord100_msgs/hook/cmake_prefix_path.dsv'
[5.441s] INFO:colcon.colcon_core.shell:Creating environment hook '/home/mike/ros2_can_test/install/overlord100_msgs/share/overlord100_msgs/hook/cmake_prefix_path.sh'
[5.442s] Level 1:colcon.colcon_core.environment:checking '/home/mike/ros2_can_test/install/overlord100_msgs/lib'
[5.443s] Level 1:colcon.colcon_core.shell:create_environment_hook('overlord100_msgs', 'ld_library_path_lib')
[5.477s] INFO:colcon.colcon_core.shell:Creating environment hook '/home/mike/ros2_can_test/install/overlord100_msgs/share/overlord100_msgs/hook/ld_library_path_lib.ps1'
[5.478s] INFO:colcon.colcon_core.shell:Creating environment descriptor '/home/mike/ros2_can_test/install/overlord100_msgs/share/overlord100_msgs/hook/ld_library_path_lib.dsv'
[5.479s] INFO:colcon.colcon_core.shell:Creating environment hook '/home/mike/ros2_can_test/install/overlord100_msgs/share/overlord100_msgs/hook/ld_library_path_lib.sh'
[5.480s] Level 1:colcon.colcon_core.environment:checking '/home/mike/ros2_can_test/install/overlord100_msgs/bin'
[5.481s] Level 1:colcon.colcon_core.environment:checking '/home/mike/ros2_can_test/install/overlord100_msgs/lib/pkgconfig/overlord100_msgs.pc'
[5.482s] Level 1:colcon.colcon_core.environment:checking '/home/mike/ros2_can_test/install/overlord100_msgs/lib/python3.10/site-packages'
[5.482s] Level 1:colcon.colcon_core.environment:checking '/home/mike/ros2_can_test/install/overlord100_msgs/bin'
[5.523s] INFO:colcon.colcon_core.shell:Creating package script '/home/mike/ros2_can_test/install/overlord100_msgs/share/overlord100_msgs/package.ps1'
[5.524s] INFO:colcon.colcon_core.shell:Creating package descriptor '/home/mike/ros2_can_test/install/overlord100_msgs/share/overlord100_msgs/package.dsv'
[5.525s] INFO:colcon.colcon_core.shell:Creating package script '/home/mike/ros2_can_test/install/overlord100_msgs/share/overlord100_msgs/package.sh'
[5.526s] INFO:colcon.colcon_core.shell:Creating package script '/home/mike/ros2_can_test/install/overlord100_msgs/share/overlord100_msgs/package.bash'
[5.527s] INFO:colcon.colcon_core.shell:Creating package script '/home/mike/ros2_can_test/install/overlord100_msgs/share/overlord100_msgs/package.zsh'
[5.528s] Level 1:colcon.colcon_core.environment:create_file_with_runtime_dependencies(/home/mike/ros2_can_test/install/overlord100_msgs/share/colcon-core/packages/overlord100_msgs)
[5.531s] Level 1:colcon.colcon_core.environment:create_environment_scripts_only(can_msgs)
[5.532s] DEBUG:colcon.colcon_core.event_handler.log_command:Invoked command in '/home/mike/ros2_can_test/build/can_msgs' returned '0': CMAKE_PREFIX_PATH=${CMAKE_PREFIX_PATH}:/opt/ros/humble /home/mike/.local/bin/cmake --install /home/mike/ros2_can_test/build/can_msgs
[5.589s] Level 1:colcon.colcon_core.environment:checking '/home/mike/ros2_can_test/install/can_msgs' for CMake module files
[5.593s] Level 1:colcon.colcon_core.environment:checking '/home/mike/ros2_can_test/install/can_msgs' for CMake config files
[5.595s] Level 1:colcon.colcon_core.shell:create_environment_hook('can_msgs', 'cmake_prefix_path')
[5.640s] INFO:colcon.colcon_core.shell:Creating environment hook '/home/mike/ros2_can_test/install/can_msgs/share/can_msgs/hook/cmake_prefix_path.ps1'
[5.641s] INFO:colcon.colcon_core.shell:Creating environment descriptor '/home/mike/ros2_can_test/install/can_msgs/share/can_msgs/hook/cmake_prefix_path.dsv'
[5.643s] INFO:colcon.colcon_core.shell:Creating environment hook '/home/mike/ros2_can_test/install/can_msgs/share/can_msgs/hook/cmake_prefix_path.sh'
[5.644s] Level 1:colcon.colcon_core.environment:checking '/home/mike/ros2_can_test/install/can_msgs/lib'
[5.645s] Level 1:colcon.colcon_core.shell:create_environment_hook('can_msgs', 'ld_library_path_lib')
[5.700s] INFO:colcon.colcon_core.shell:Creating environment hook '/home/mike/ros2_can_test/install/can_msgs/share/can_msgs/hook/ld_library_path_lib.ps1'
[5.700s] INFO:colcon.colcon_core.shell:Creating environment descriptor '/home/mike/ros2_can_test/install/can_msgs/share/can_msgs/hook/ld_library_path_lib.dsv'
[5.701s] INFO:colcon.colcon_core.shell:Creating environment hook '/home/mike/ros2_can_test/install/can_msgs/share/can_msgs/hook/ld_library_path_lib.sh'
[5.702s] Level 1:colcon.colcon_core.environment:checking '/home/mike/ros2_can_test/install/can_msgs/bin'
[5.702s] Level 1:colcon.colcon_core.environment:checking '/home/mike/ros2_can_test/install/can_msgs/lib/pkgconfig/can_msgs.pc'
[5.703s] Level 1:colcon.colcon_core.environment:checking '/home/mike/ros2_can_test/install/can_msgs/lib/python3.10/site-packages'
[5.703s] Level 1:colcon.colcon_core.environment:checking '/home/mike/ros2_can_test/install/can_msgs/bin'
[5.749s] INFO:colcon.colcon_core.shell:Creating package script '/home/mike/ros2_can_test/install/can_msgs/share/can_msgs/package.ps1'
[5.750s] INFO:colcon.colcon_core.shell:Creating package descriptor '/home/mike/ros2_can_test/install/can_msgs/share/can_msgs/package.dsv'
[5.750s] INFO:colcon.colcon_core.shell:Creating package script '/home/mike/ros2_can_test/install/can_msgs/share/can_msgs/package.sh'
[5.751s] INFO:colcon.colcon_core.shell:Creating package script '/home/mike/ros2_can_test/install/can_msgs/share/can_msgs/package.bash'
[5.752s] INFO:colcon.colcon_core.shell:Creating package script '/home/mike/ros2_can_test/install/can_msgs/share/can_msgs/package.zsh'
[5.753s] Level 1:colcon.colcon_core.environment:create_file_with_runtime_dependencies(/home/mike/ros2_can_test/install/can_msgs/share/colcon-core/packages/can_msgs)
[5.832s] Level 1:colcon.colcon_core.environment:create_environment_scripts_only(overlord100_msgs)
[5.884s] Level 1:colcon.colcon_core.environment:checking '/home/mike/ros2_can_test/install/overlord100_msgs' for CMake module files
[5.885s] Level 1:colcon.colcon_core.environment:checking '/home/mike/ros2_can_test/install/overlord100_msgs' for CMake config files
[5.887s] Level 1:colcon.colcon_core.shell:create_environment_hook('overlord100_msgs', 'cmake_prefix_path')
[5.933s] INFO:colcon.colcon_core.shell:Creating environment hook '/home/mike/ros2_can_test/install/overlord100_msgs/share/overlord100_msgs/hook/cmake_prefix_path.ps1'
[5.934s] INFO:colcon.colcon_core.shell:Creating environment descriptor '/home/mike/ros2_can_test/install/overlord100_msgs/share/overlord100_msgs/hook/cmake_prefix_path.dsv'
[5.935s] INFO:colcon.colcon_core.shell:Creating environment hook '/home/mike/ros2_can_test/install/overlord100_msgs/share/overlord100_msgs/hook/cmake_prefix_path.sh'
[5.937s] Level 1:colcon.colcon_core.environment:checking '/home/mike/ros2_can_test/install/overlord100_msgs/lib'
[5.937s] Level 1:colcon.colcon_core.shell:create_environment_hook('overlord100_msgs', 'ld_library_path_lib')
[5.976s] INFO:colcon.colcon_core.shell:Creating environment hook '/home/mike/ros2_can_test/install/overlord100_msgs/share/overlord100_msgs/hook/ld_library_path_lib.ps1'
[5.976s] INFO:colcon.colcon_core.shell:Creating environment descriptor '/home/mike/ros2_can_test/install/overlord100_msgs/share/overlord100_msgs/hook/ld_library_path_lib.dsv'
[5.977s] INFO:colcon.colcon_core.shell:Creating environment hook '/home/mike/ros2_can_test/install/overlord100_msgs/share/overlord100_msgs/hook/ld_library_path_lib.sh'
[5.978s] Level 1:colcon.colcon_core.environment:checking '/home/mike/ros2_can_test/install/overlord100_msgs/bin'
[5.978s] Level 1:colcon.colcon_core.environment:checking '/home/mike/ros2_can_test/install/overlord100_msgs/lib/pkgconfig/overlord100_msgs.pc'
[5.978s] Level 1:colcon.colcon_core.environment:checking '/home/mike/ros2_can_test/install/overlord100_msgs/lib/python3.10/site-packages'
[5.979s] Level 1:colcon.colcon_core.environment:checking '/home/mike/ros2_can_test/install/overlord100_msgs/bin'
[6.013s] INFO:colcon.colcon_core.shell:Creating package script '/home/mike/ros2_can_test/install/overlord100_msgs/share/overlord100_msgs/package.ps1'
[6.014s] INFO:colcon.colcon_core.shell:Creating package descriptor '/home/mike/ros2_can_test/install/overlord100_msgs/share/overlord100_msgs/package.dsv'
[6.015s] INFO:colcon.colcon_core.shell:Creating package script '/home/mike/ros2_can_test/install/overlord100_msgs/share/overlord100_msgs/package.sh'
[6.016s] INFO:colcon.colcon_core.shell:Creating package script '/home/mike/ros2_can_test/install/overlord100_msgs/share/overlord100_msgs/package.bash'
[6.016s] INFO:colcon.colcon_core.shell:Creating package script '/home/mike/ros2_can_test/install/overlord100_msgs/share/overlord100_msgs/package.zsh'
[6.017s] Level 1:colcon.colcon_core.environment:create_file_with_runtime_dependencies(/home/mike/ros2_can_test/install/overlord100_msgs/share/colcon-core/packages/overlord100_msgs)
[6.056s] Level 1:colcon.colcon_core.environment:create_environment_scripts_only(can_msgs)
[6.092s] Level 1:colcon.colcon_core.environment:checking '/home/mike/ros2_can_test/install/can_msgs' for CMake module files
[6.092s] Level 1:colcon.colcon_core.environment:checking '/home/mike/ros2_can_test/install/can_msgs' for CMake config files
[6.093s] Level 1:colcon.colcon_core.shell:create_environment_hook('can_msgs', 'cmake_prefix_path')
[6.124s] INFO:colcon.colcon_core.shell:Creating environment hook '/home/mike/ros2_can_test/install/can_msgs/share/can_msgs/hook/cmake_prefix_path.ps1'
[6.125s] INFO:colcon.colcon_core.shell:Creating environment descriptor '/home/mike/ros2_can_test/install/can_msgs/share/can_msgs/hook/cmake_prefix_path.dsv'
[6.125s] INFO:colcon.colcon_core.shell:Creating environment hook '/home/mike/ros2_can_test/install/can_msgs/share/can_msgs/hook/cmake_prefix_path.sh'
[6.126s] Level 1:colcon.colcon_core.environment:checking '/home/mike/ros2_can_test/install/can_msgs/lib'
[6.126s] Level 1:colcon.colcon_core.shell:create_environment_hook('can_msgs', 'ld_library_path_lib')
[6.161s] INFO:colcon.colcon_core.shell:Creating environment hook '/home/mike/ros2_can_test/install/can_msgs/share/can_msgs/hook/ld_library_path_lib.ps1'
[6.162s] INFO:colcon.colcon_core.shell:Creating environment descriptor '/home/mike/ros2_can_test/install/can_msgs/share/can_msgs/hook/ld_library_path_lib.dsv'
[6.162s] INFO:colcon.colcon_core.shell:Creating environment hook '/home/mike/ros2_can_test/install/can_msgs/share/can_msgs/hook/ld_library_path_lib.sh'
[6.163s] Level 1:colcon.colcon_core.environment:checking '/home/mike/ros2_can_test/install/can_msgs/bin'
[6.163s] Level 1:colcon.colcon_core.environment:checking '/home/mike/ros2_can_test/install/can_msgs/lib/pkgconfig/can_msgs.pc'
[6.163s] Level 1:colcon.colcon_core.environment:checking '/home/mike/ros2_can_test/install/can_msgs/lib/python3.10/site-packages'
[6.163s] Level 1:colcon.colcon_core.environment:checking '/home/mike/ros2_can_test/install/can_msgs/bin'
[6.199s] INFO:colcon.colcon_core.shell:Creating package script '/home/mike/ros2_can_test/install/can_msgs/share/can_msgs/package.ps1'
[6.199s] INFO:colcon.colcon_core.shell:Creating package descriptor '/home/mike/ros2_can_test/install/can_msgs/share/can_msgs/package.dsv'
[6.200s] INFO:colcon.colcon_core.shell:Creating package script '/home/mike/ros2_can_test/install/can_msgs/share/can_msgs/package.sh'
[6.201s] INFO:colcon.colcon_core.shell:Creating package script '/home/mike/ros2_can_test/install/can_msgs/share/can_msgs/package.bash'
[6.201s] INFO:colcon.colcon_core.shell:Creating package script '/home/mike/ros2_can_test/install/can_msgs/share/can_msgs/package.zsh'
[6.202s] Level 1:colcon.colcon_core.environment:create_file_with_runtime_dependencies(/home/mike/ros2_can_test/install/can_msgs/share/colcon-core/packages/can_msgs)
[6.203s] INFO:colcon.colcon_ros.task.ament_cmake.build:Building ROS package in '/home/mike/ros2_can_test/src/ros2socketcan_bridge' with build type 'ament_cmake'
[6.203s] INFO:colcon.colcon_cmake.task.cmake.build:Building CMake package in '/home/mike/ros2_can_test/src/ros2socketcan_bridge'
[6.242s] INFO:colcon.colcon_core.shell:Skip shell extension 'powershell' for command environment: Not usable outside of PowerShell
[6.242s] DEBUG:colcon.colcon_core.shell:Skip shell extension 'dsv' for command environment
[6.351s] INFO:colcon.colcon_ros.task.ament_cmake.build:Building ROS package in '/home/mike/ros2_can_test/src/zlac8015d' with build type 'ament_cmake'
[6.352s] INFO:colcon.colcon_cmake.task.cmake.build:Building CMake package in '/home/mike/ros2_can_test/src/zlac8015d'
[6.392s] INFO:colcon.colcon_core.shell:Skip shell extension 'powershell' for command environment: Not usable outside of PowerShell
[6.392s] DEBUG:colcon.colcon_core.shell:Skip shell extension 'dsv' for command environment
[6.501s] DEBUG:colcon.colcon_core.event_handler.log_command:Invoking command in '/home/mike/ros2_can_test/build/ros2socketcan_bridge': CMAKE_PREFIX_PATH=/home/mike/ros2_can_test/install/can_msgs:/home/mike/ros2_can_test/install/zlac8015d:/home/mike/ros2_can_test/install/overlord100_msgs:/home/mike/ros2_can_test/install/wheels_data:/home/mike/ros2_can_test/install/ros2socketcan_bridge:/opt/ros/humble LD_LIBRARY_PATH=/home/mike/ros2_can_test/install/can_msgs/lib:/home/mike/ros2_can_test/install/overlord100_msgs/lib:/home/mike/ros2_can_test/install/wheels_data/lib:/usr/lib/x86_64-linux-gnu/gazebo-11/plugins:/opt/ros/humble/opt/rviz_ogre_vendor/lib:/opt/ros/humble/lib/x86_64-linux-gnu:/opt/ros/humble/lib /home/mike/.local/bin/cmake --build /home/mike/ros2_can_test/build/ros2socketcan_bridge -- -j4 -l4
[6.507s] DEBUG:colcon.colcon_core.event_handler.log_command:Invoking command in '/home/mike/ros2_can_test/build/zlac8015d': CMAKE_PREFIX_PATH=/home/mike/ros2_can_test/install/can_msgs:/home/mike/ros2_can_test/install/zlac8015d:/home/mike/ros2_can_test/install/overlord100_msgs:/home/mike/ros2_can_test/install/wheels_data:/home/mike/ros2_can_test/install/ros2socketcan_bridge:/opt/ros/humble LD_LIBRARY_PATH=/home/mike/ros2_can_test/install/can_msgs/lib:/home/mike/ros2_can_test/install/overlord100_msgs/lib:/home/mike/ros2_can_test/install/wheels_data/lib:/usr/lib/x86_64-linux-gnu/gazebo-11/plugins:/opt/ros/humble/opt/rviz_ogre_vendor/lib:/opt/ros/humble/lib/x86_64-linux-gnu:/opt/ros/humble/lib /home/mike/.local/bin/cmake --build /home/mike/ros2_can_test/build/zlac8015d -- -j4 -l4
[6.691s] DEBUG:colcon.colcon_core.event_handler.log_command:Invoked command in '/home/mike/ros2_can_test/build/ros2socketcan_bridge' returned '0': CMAKE_PREFIX_PATH=/home/mike/ros2_can_test/install/can_msgs:/home/mike/ros2_can_test/install/zlac8015d:/home/mike/ros2_can_test/install/overlord100_msgs:/home/mike/ros2_can_test/install/wheels_data:/home/mike/ros2_can_test/install/ros2socketcan_bridge:/opt/ros/humble LD_LIBRARY_PATH=/home/mike/ros2_can_test/install/can_msgs/lib:/home/mike/ros2_can_test/install/overlord100_msgs/lib:/home/mike/ros2_can_test/install/wheels_data/lib:/usr/lib/x86_64-linux-gnu/gazebo-11/plugins:/opt/ros/humble/opt/rviz_ogre_vendor/lib:/opt/ros/humble/lib/x86_64-linux-gnu:/opt/ros/humble/lib /home/mike/.local/bin/cmake --build /home/mike/ros2_can_test/build/ros2socketcan_bridge -- -j4 -l4
[6.830s] DEBUG:colcon.colcon_core.event_handler.log_command:Invoking command in '/home/mike/ros2_can_test/build/ros2socketcan_bridge': CMAKE_PREFIX_PATH=/home/mike/ros2_can_test/install/can_msgs:/home/mike/ros2_can_test/install/zlac8015d:/home/mike/ros2_can_test/install/overlord100_msgs:/home/mike/ros2_can_test/install/wheels_data:/home/mike/ros2_can_test/install/ros2socketcan_bridge:/opt/ros/humble LD_LIBRARY_PATH=/home/mike/ros2_can_test/install/can_msgs/lib:/home/mike/ros2_can_test/install/overlord100_msgs/lib:/home/mike/ros2_can_test/install/wheels_data/lib:/usr/lib/x86_64-linux-gnu/gazebo-11/plugins:/opt/ros/humble/opt/rviz_ogre_vendor/lib:/opt/ros/humble/lib/x86_64-linux-gnu:/opt/ros/humble/lib /home/mike/.local/bin/cmake --install /home/mike/ros2_can_test/build/ros2socketcan_bridge
[6.944s] Level 1:colcon.colcon_core.environment:create_environment_scripts_only(ros2socketcan_bridge)
[6.945s] DEBUG:colcon.colcon_core.event_handler.log_command:Invoked command in '/home/mike/ros2_can_test/build/ros2socketcan_bridge' returned '0': CMAKE_PREFIX_PATH=/home/mike/ros2_can_test/install/can_msgs:/home/mike/ros2_can_test/install/zlac8015d:/home/mike/ros2_can_test/install/overlord100_msgs:/home/mike/ros2_can_test/install/wheels_data:/home/mike/ros2_can_test/install/ros2socketcan_bridge:/opt/ros/humble LD_LIBRARY_PATH=/home/mike/ros2_can_test/install/can_msgs/lib:/home/mike/ros2_can_test/install/overlord100_msgs/lib:/home/mike/ros2_can_test/install/wheels_data/lib:/usr/lib/x86_64-linux-gnu/gazebo-11/plugins:/opt/ros/humble/opt/rviz_ogre_vendor/lib:/opt/ros/humble/lib/x86_64-linux-gnu:/opt/ros/humble/lib /home/mike/.local/bin/cmake --install /home/mike/ros2_can_test/build/ros2socketcan_bridge
[7.007s] Level 1:colcon.colcon_core.environment:checking '/home/mike/ros2_can_test/install/ros2socketcan_bridge' for CMake module files
[7.009s] Level 1:colcon.colcon_core.environment:checking '/home/mike/ros2_can_test/install/ros2socketcan_bridge' for CMake config files
[7.011s] Level 1:colcon.colcon_core.shell:create_environment_hook('ros2socketcan_bridge', 'cmake_prefix_path')
[7.066s] INFO:colcon.colcon_core.shell:Creating environment hook '/home/mike/ros2_can_test/install/ros2socketcan_bridge/share/ros2socketcan_bridge/hook/cmake_prefix_path.ps1'
[7.068s] INFO:colcon.colcon_core.shell:Creating environment descriptor '/home/mike/ros2_can_test/install/ros2socketcan_bridge/share/ros2socketcan_bridge/hook/cmake_prefix_path.dsv'
[7.069s] INFO:colcon.colcon_core.shell:Creating environment hook '/home/mike/ros2_can_test/install/ros2socketcan_bridge/share/ros2socketcan_bridge/hook/cmake_prefix_path.sh'
[7.071s] Level 1:colcon.colcon_core.environment:checking '/home/mike/ros2_can_test/install/ros2socketcan_bridge/lib'
[7.072s] Level 1:colcon.colcon_core.environment:checking '/home/mike/ros2_can_test/install/ros2socketcan_bridge/bin'
[7.072s] Level 1:colcon.colcon_core.environment:checking '/home/mike/ros2_can_test/install/ros2socketcan_bridge/lib/pkgconfig/ros2socketcan_bridge.pc'
[7.073s] Level 1:colcon.colcon_core.environment:checking '/home/mike/ros2_can_test/install/ros2socketcan_bridge/lib/python3.10/site-packages'
[7.073s] Level 1:colcon.colcon_core.environment:checking '/home/mike/ros2_can_test/install/ros2socketcan_bridge/bin'
[7.132s] INFO:colcon.colcon_core.shell:Creating package script '/home/mike/ros2_can_test/install/ros2socketcan_bridge/share/ros2socketcan_bridge/package.ps1'
[7.133s] INFO:colcon.colcon_core.shell:Creating package descriptor '/home/mike/ros2_can_test/install/ros2socketcan_bridge/share/ros2socketcan_bridge/package.dsv'
[7.135s] INFO:colcon.colcon_core.shell:Creating package script '/home/mike/ros2_can_test/install/ros2socketcan_bridge/share/ros2socketcan_bridge/package.sh'
[7.137s] INFO:colcon.colcon_core.shell:Creating package script '/home/mike/ros2_can_test/install/ros2socketcan_bridge/share/ros2socketcan_bridge/package.bash'
[7.138s] INFO:colcon.colcon_core.shell:Creating package script '/home/mike/ros2_can_test/install/ros2socketcan_bridge/share/ros2socketcan_bridge/package.zsh'
[7.139s] Level 1:colcon.colcon_core.environment:create_file_with_runtime_dependencies(/home/mike/ros2_can_test/install/ros2socketcan_bridge/share/colcon-core/packages/ros2socketcan_bridge)
[7.369s] Level 1:colcon.colcon_core.environment:create_environment_scripts_only(ros2socketcan_bridge)
[7.416s] Level 1:colcon.colcon_core.environment:checking '/home/mike/ros2_can_test/install/ros2socketcan_bridge' for CMake module files
[7.417s] Level 1:colcon.colcon_core.environment:checking '/home/mike/ros2_can_test/install/ros2socketcan_bridge' for CMake config files
[7.418s] Level 1:colcon.colcon_core.shell:create_environment_hook('ros2socketcan_bridge', 'cmake_prefix_path')
[7.477s] INFO:colcon.colcon_core.shell:Creating environment hook '/home/mike/ros2_can_test/install/ros2socketcan_bridge/share/ros2socketcan_bridge/hook/cmake_prefix_path.ps1'
[7.478s] INFO:colcon.colcon_core.shell:Creating environment descriptor '/home/mike/ros2_can_test/install/ros2socketcan_bridge/share/ros2socketcan_bridge/hook/cmake_prefix_path.dsv'
[7.478s] INFO:colcon.colcon_core.shell:Creating environment hook '/home/mike/ros2_can_test/install/ros2socketcan_bridge/share/ros2socketcan_bridge/hook/cmake_prefix_path.sh'
[7.480s] Level 1:colcon.colcon_core.environment:checking '/home/mike/ros2_can_test/install/ros2socketcan_bridge/lib'
[7.480s] Level 1:colcon.colcon_core.environment:checking '/home/mike/ros2_can_test/install/ros2socketcan_bridge/bin'
[7.480s] Level 1:colcon.colcon_core.environment:checking '/home/mike/ros2_can_test/install/ros2socketcan_bridge/lib/pkgconfig/ros2socketcan_bridge.pc'
[7.480s] Level 1:colcon.colcon_core.environment:checking '/home/mike/ros2_can_test/install/ros2socketcan_bridge/lib/python3.10/site-packages'
[7.481s] Level 1:colcon.colcon_core.environment:checking '/home/mike/ros2_can_test/install/ros2socketcan_bridge/bin'
[7.538s] INFO:colcon.colcon_core.shell:Creating package script '/home/mike/ros2_can_test/install/ros2socketcan_bridge/share/ros2socketcan_bridge/package.ps1'
[7.539s] INFO:colcon.colcon_core.shell:Creating package descriptor '/home/mike/ros2_can_test/install/ros2socketcan_bridge/share/ros2socketcan_bridge/package.dsv'
[7.540s] INFO:colcon.colcon_core.shell:Creating package script '/home/mike/ros2_can_test/install/ros2socketcan_bridge/share/ros2socketcan_bridge/package.sh'
[7.541s] INFO:colcon.colcon_core.shell:Creating package script '/home/mike/ros2_can_test/install/ros2socketcan_bridge/share/ros2socketcan_bridge/package.bash'
[7.542s] INFO:colcon.colcon_core.shell:Creating package script '/home/mike/ros2_can_test/install/ros2socketcan_bridge/share/ros2socketcan_bridge/package.zsh'
[7.543s] Level 1:colcon.colcon_core.environment:create_file_with_runtime_dependencies(/home/mike/ros2_can_test/install/ros2socketcan_bridge/share/colcon-core/packages/ros2socketcan_bridge)
[20.444s] DEBUG:colcon.colcon_core.event_handler.log_command:Invoked command in '/home/mike/ros2_can_test/build/zlac8015d' returned '0': CMAKE_PREFIX_PATH=/home/mike/ros2_can_test/install/can_msgs:/home/mike/ros2_can_test/install/zlac8015d:/home/mike/ros2_can_test/install/overlord100_msgs:/home/mike/ros2_can_test/install/wheels_data:/home/mike/ros2_can_test/install/ros2socketcan_bridge:/opt/ros/humble LD_LIBRARY_PATH=/home/mike/ros2_can_test/install/can_msgs/lib:/home/mike/ros2_can_test/install/overlord100_msgs/lib:/home/mike/ros2_can_test/install/wheels_data/lib:/usr/lib/x86_64-linux-gnu/gazebo-11/plugins:/opt/ros/humble/opt/rviz_ogre_vendor/lib:/opt/ros/humble/lib/x86_64-linux-gnu:/opt/ros/humble/lib /home/mike/.local/bin/cmake --build /home/mike/ros2_can_test/build/zlac8015d -- -j4 -l4
[20.564s] DEBUG:colcon.colcon_core.event_handler.log_command:Invoking command in '/home/mike/ros2_can_test/build/zlac8015d': CMAKE_PREFIX_PATH=/home/mike/ros2_can_test/install/can_msgs:/home/mike/ros2_can_test/install/zlac8015d:/home/mike/ros2_can_test/install/overlord100_msgs:/home/mike/ros2_can_test/install/wheels_data:/home/mike/ros2_can_test/install/ros2socketcan_bridge:/opt/ros/humble LD_LIBRARY_PATH=/home/mike/ros2_can_test/install/can_msgs/lib:/home/mike/ros2_can_test/install/overlord100_msgs/lib:/home/mike/ros2_can_test/install/wheels_data/lib:/usr/lib/x86_64-linux-gnu/gazebo-11/plugins:/opt/ros/humble/opt/rviz_ogre_vendor/lib:/opt/ros/humble/lib/x86_64-linux-gnu:/opt/ros/humble/lib /home/mike/.local/bin/cmake --install /home/mike/ros2_can_test/build/zlac8015d
[20.662s] Level 1:colcon.colcon_core.environment:create_environment_scripts_only(zlac8015d)
[20.663s] DEBUG:colcon.colcon_core.event_handler.log_command:Invoked command in '/home/mike/ros2_can_test/build/zlac8015d' returned '0': CMAKE_PREFIX_PATH=/home/mike/ros2_can_test/install/can_msgs:/home/mike/ros2_can_test/install/zlac8015d:/home/mike/ros2_can_test/install/overlord100_msgs:/home/mike/ros2_can_test/install/wheels_data:/home/mike/ros2_can_test/install/ros2socketcan_bridge:/opt/ros/humble LD_LIBRARY_PATH=/home/mike/ros2_can_test/install/can_msgs/lib:/home/mike/ros2_can_test/install/overlord100_msgs/lib:/home/mike/ros2_can_test/install/wheels_data/lib:/usr/lib/x86_64-linux-gnu/gazebo-11/plugins:/opt/ros/humble/opt/rviz_ogre_vendor/lib:/opt/ros/humble/lib/x86_64-linux-gnu:/opt/ros/humble/lib /home/mike/.local/bin/cmake --install /home/mike/ros2_can_test/build/zlac8015d
[20.783s] Level 1:colcon.colcon_core.environment:checking '/home/mike/ros2_can_test/install/zlac8015d' for CMake module files
[20.785s] Level 1:colcon.colcon_core.environment:checking '/home/mike/ros2_can_test/install/zlac8015d' for CMake config files
[20.787s] Level 1:colcon.colcon_core.shell:create_environment_hook('zlac8015d', 'cmake_prefix_path')
[20.833s] INFO:colcon.colcon_core.shell:Creating environment hook '/home/mike/ros2_can_test/install/zlac8015d/share/zlac8015d/hook/cmake_prefix_path.ps1'
[20.834s] INFO:colcon.colcon_core.shell:Creating environment descriptor '/home/mike/ros2_can_test/install/zlac8015d/share/zlac8015d/hook/cmake_prefix_path.dsv'
[20.835s] INFO:colcon.colcon_core.shell:Creating environment hook '/home/mike/ros2_can_test/install/zlac8015d/share/zlac8015d/hook/cmake_prefix_path.sh'
[20.836s] Level 1:colcon.colcon_core.environment:checking '/home/mike/ros2_can_test/install/zlac8015d/lib'
[20.836s] Level 1:colcon.colcon_core.environment:checking '/home/mike/ros2_can_test/install/zlac8015d/bin'
[20.837s] Level 1:colcon.colcon_core.environment:checking '/home/mike/ros2_can_test/install/zlac8015d/lib/pkgconfig/zlac8015d.pc'
[20.837s] Level 1:colcon.colcon_core.environment:checking '/home/mike/ros2_can_test/install/zlac8015d/lib/python3.10/site-packages'
[20.837s] Level 1:colcon.colcon_core.environment:checking '/home/mike/ros2_can_test/install/zlac8015d/bin'
[20.886s] INFO:colcon.colcon_core.shell:Creating package script '/home/mike/ros2_can_test/install/zlac8015d/share/zlac8015d/package.ps1'
[20.887s] INFO:colcon.colcon_core.shell:Creating package descriptor '/home/mike/ros2_can_test/install/zlac8015d/share/zlac8015d/package.dsv'
[20.888s] INFO:colcon.colcon_core.shell:Creating package script '/home/mike/ros2_can_test/install/zlac8015d/share/zlac8015d/package.sh'
[20.889s] INFO:colcon.colcon_core.shell:Creating package script '/home/mike/ros2_can_test/install/zlac8015d/share/zlac8015d/package.bash'
[20.890s] INFO:colcon.colcon_core.shell:Creating package script '/home/mike/ros2_can_test/install/zlac8015d/share/zlac8015d/package.zsh'
[20.891s] Level 1:colcon.colcon_core.environment:create_file_with_runtime_dependencies(/home/mike/ros2_can_test/install/zlac8015d/share/colcon-core/packages/zlac8015d)
[21.073s] Level 1:colcon.colcon_core.environment:create_environment_scripts_only(zlac8015d)
[21.124s] Level 1:colcon.colcon_core.environment:checking '/home/mike/ros2_can_test/install/zlac8015d' for CMake module files
[21.126s] Level 1:colcon.colcon_core.environment:checking '/home/mike/ros2_can_test/install/zlac8015d' for CMake config files
[21.126s] Level 1:colcon.colcon_core.shell:create_environment_hook('zlac8015d', 'cmake_prefix_path')
[21.179s] INFO:colcon.colcon_core.shell:Creating environment hook '/home/mike/ros2_can_test/install/zlac8015d/share/zlac8015d/hook/cmake_prefix_path.ps1'
[21.180s] INFO:colcon.colcon_core.shell:Creating environment descriptor '/home/mike/ros2_can_test/install/zlac8015d/share/zlac8015d/hook/cmake_prefix_path.dsv'
[21.181s] INFO:colcon.colcon_core.shell:Creating environment hook '/home/mike/ros2_can_test/install/zlac8015d/share/zlac8015d/hook/cmake_prefix_path.sh'
[21.182s] Level 1:colcon.colcon_core.environment:checking '/home/mike/ros2_can_test/install/zlac8015d/lib'
[21.182s] Level 1:colcon.colcon_core.environment:checking '/home/mike/ros2_can_test/install/zlac8015d/bin'
[21.182s] Level 1:colcon.colcon_core.environment:checking '/home/mike/ros2_can_test/install/zlac8015d/lib/pkgconfig/zlac8015d.pc'
[21.182s] Level 1:colcon.colcon_core.environment:checking '/home/mike/ros2_can_test/install/zlac8015d/lib/python3.10/site-packages'
[21.183s] Level 1:colcon.colcon_core.environment:checking '/home/mike/ros2_can_test/install/zlac8015d/bin'
[21.228s] INFO:colcon.colcon_core.shell:Creating package script '/home/mike/ros2_can_test/install/zlac8015d/share/zlac8015d/package.ps1'
[21.229s] INFO:colcon.colcon_core.shell:Creating package descriptor '/home/mike/ros2_can_test/install/zlac8015d/share/zlac8015d/package.dsv'
[21.229s] INFO:colcon.colcon_core.shell:Creating package script '/home/mike/ros2_can_test/install/zlac8015d/share/zlac8015d/package.sh'
[21.230s] INFO:colcon.colcon_core.shell:Creating package script '/home/mike/ros2_can_test/install/zlac8015d/share/zlac8015d/package.bash'
[21.231s] INFO:colcon.colcon_core.shell:Creating package script '/home/mike/ros2_can_test/install/zlac8015d/share/zlac8015d/package.zsh'
[21.232s] Level 1:colcon.colcon_core.environment:create_file_with_runtime_dependencies(/home/mike/ros2_can_test/install/zlac8015d/share/colcon-core/packages/zlac8015d)
[21.232s] DEBUG:colcon.colcon_parallel_executor.executor.parallel:closing loop
[21.233s] DEBUG:colcon.colcon_parallel_executor.executor.parallel:loop closed
[21.233s] DEBUG:colcon.colcon_parallel_executor.executor.parallel:run_until_complete finished with '0'
[21.234s] DEBUG:colcon.colcon_core.event_reactor:joining thread
[21.304s] INFO:colcon.colcon_core.plugin_system:Skipping extension 'colcon_notification.desktop_notification.terminal_notifier': Not used on non-Darwin systems
[21.305s] INFO:colcon.colcon_core.plugin_system:Skipping extension 'colcon_notification.desktop_notification.win32': Not used on non-Windows systems
[21.305s] INFO:colcon.colcon_notification.desktop_notification:Sending desktop notification using 'notify2'
[21.330s] DEBUG:colcon.colcon_core.event_reactor:joined thread
[21.374s] INFO:colcon.colcon_core.shell:Creating prefix script '/home/mike/ros2_can_test/install/local_setup.ps1'
[21.376s] INFO:colcon.colcon_core.shell:Creating prefix util module '/home/mike/ros2_can_test/install/_local_setup_util_ps1.py'
[21.380s] INFO:colcon.colcon_core.shell:Creating prefix chain script '/home/mike/ros2_can_test/install/setup.ps1'
[21.426s] INFO:colcon.colcon_core.shell:Creating prefix script '/home/mike/ros2_can_test/install/local_setup.sh'
[21.428s] INFO:colcon.colcon_core.shell:Creating prefix util module '/home/mike/ros2_can_test/install/_local_setup_util_sh.py'
[21.429s] INFO:colcon.colcon_core.shell:Creating prefix chain script '/home/mike/ros2_can_test/install/setup.sh'
[21.478s] INFO:colcon.colcon_core.shell:Creating prefix script '/home/mike/ros2_can_test/install/local_setup.bash'
[21.479s] INFO:colcon.colcon_core.shell:Creating prefix chain script '/home/mike/ros2_can_test/install/setup.bash'
[21.534s] INFO:colcon.colcon_core.shell:Creating prefix script '/home/mike/ros2_can_test/install/local_setup.zsh'
[21.536s] INFO:colcon.colcon_core.shell:Creating prefix chain script '/home/mike/ros2_can_test/install/setup.zsh'
