[0.257s] Invoking command in '/home/mike/ros2_can_test/build/overlord100_msgs': CMAKE_PREFIX_PATH=${CMAKE_PREFIX_PATH}:/opt/ros/humble /home/mike/.local/bin/cmake --build /home/mike/ros2_can_test/build/overlord100_msgs -- -j4 -l4
[0.463s] [  3%] Built target overlord100_msgs__cpp
[0.483s] [  9%] Built target ament_cmake_python_copy_overlord100_msgs
[0.484s] [ 12%] Built target overlord100_msgs__rosidl_generator_c
[0.577s] [ 22%] Built target overlord100_msgs__rosidl_typesupport_cpp
[0.581s] [ 32%] Built target overlord100_msgs__rosidl_typesupport_introspection_cpp
[0.594s] [ 41%] Built target overlord100_msgs__rosidl_typesupport_fastrtps_cpp
[0.632s] [ 51%] Built target overlord100_msgs__rosidl_typesupport_fastrtps_c
[0.670s] [ 61%] Built target overlord100_msgs__rosidl_typesupport_introspection_c
[0.679s] [ 70%] Built target overlord100_msgs__rosidl_typesupport_c
[0.767s] [ 70%] Built target overlord100_msgs
[0.855s] [ 74%] Built target overlord100_msgs__py
[0.954s] [ 80%] Built target overlord100_msgs__rosidl_generator_py
[1.012s] [ 87%] Built target overlord100_msgs__rosidl_typesupport_fastrtps_c__pyext
[1.023s] [ 93%] Built target overlord100_msgs__rosidl_typesupport_introspection_c__pyext
[1.023s] [100%] Built target overlord100_msgs__rosidl_typesupport_c__pyext
[1.533s] running egg_info
[1.534s] writing overlord100_msgs.egg-info/PKG-INFO
[1.534s] writing dependency_links to overlord100_msgs.egg-info/dependency_links.txt
[1.535s] writing top-level names to overlord100_msgs.egg-info/top_level.txt
[1.551s] reading manifest file 'overlord100_msgs.egg-info/SOURCES.txt'
[1.554s] writing manifest file 'overlord100_msgs.egg-info/SOURCES.txt'
[1.614s] [100%] Built target ament_cmake_python_build_overlord100_msgs_egg
[1.650s] Invoked command in '/home/mike/ros2_can_test/build/overlord100_msgs' returned '0': CMAKE_PREFIX_PATH=${CMAKE_PREFIX_PATH}:/opt/ros/humble /home/mike/.local/bin/cmake --build /home/mike/ros2_can_test/build/overlord100_msgs -- -j4 -l4
[1.931s] Invoking command in '/home/mike/ros2_can_test/build/overlord100_msgs': CMAKE_PREFIX_PATH=${CMAKE_PREFIX_PATH}:/opt/ros/humble /home/mike/.local/bin/cmake --install /home/mike/ros2_can_test/build/overlord100_msgs
[1.991s] -- Install configuration: ""
[1.991s] -- Up-to-date: /home/mike/ros2_can_test/install/overlord100_msgs/share/ament_index/resource_index/rosidl_interfaces/overlord100_msgs
[1.992s] -- Up-to-date: /home/mike/ros2_can_test/install/overlord100_msgs/include/overlord100_msgs/overlord100_msgs
[1.992s] -- Up-to-date: /home/mike/ros2_can_test/install/overlord100_msgs/include/overlord100_msgs/overlord100_msgs/msg
[1.992s] -- Up-to-date: /home/mike/ros2_can_test/install/overlord100_msgs/include/overlord100_msgs/overlord100_msgs/msg/rosidl_generator_c__visibility_control.h
[1.993s] -- Up-to-date: /home/mike/ros2_can_test/install/overlord100_msgs/include/overlord100_msgs/overlord100_msgs/msg/wheels_data.h
[1.993s] -- Up-to-date: /home/mike/ros2_can_test/install/overlord100_msgs/include/overlord100_msgs/overlord100_msgs/msg/detail
[1.993s] -- Up-to-date: /home/mike/ros2_can_test/install/overlord100_msgs/include/overlord100_msgs/overlord100_msgs/msg/detail/wheels_data__functions.h
[1.994s] -- Up-to-date: /home/mike/ros2_can_test/install/overlord100_msgs/include/overlord100_msgs/overlord100_msgs/msg/detail/wheels_data__type_support.h
[1.994s] -- Up-to-date: /home/mike/ros2_can_test/install/overlord100_msgs/include/overlord100_msgs/overlord100_msgs/msg/detail/wheels_data__struct.h
[1.994s] -- Up-to-date: /home/mike/ros2_can_test/install/overlord100_msgs/include/overlord100_msgs/overlord100_msgs/msg/detail/wheels_data__functions.c
[1.995s] -- Up-to-date: /home/mike/ros2_can_test/install/overlord100_msgs/share/overlord100_msgs/environment/library_path.sh
[1.995s] -- Up-to-date: /home/mike/ros2_can_test/install/overlord100_msgs/share/overlord100_msgs/environment/library_path.dsv
[1.996s] -- Up-to-date: /home/mike/ros2_can_test/install/overlord100_msgs/lib/liboverlord100_msgs__rosidl_generator_c.so
[1.997s] -- Up-to-date: /home/mike/ros2_can_test/install/overlord100_msgs/include/overlord100_msgs/overlord100_msgs
[1.998s] -- Up-to-date: /home/mike/ros2_can_test/install/overlord100_msgs/include/overlord100_msgs/overlord100_msgs/msg
[1.998s] -- Up-to-date: /home/mike/ros2_can_test/install/overlord100_msgs/include/overlord100_msgs/overlord100_msgs/msg/rosidl_typesupport_fastrtps_c__visibility_control.h
[1.998s] -- Up-to-date: /home/mike/ros2_can_test/install/overlord100_msgs/include/overlord100_msgs/overlord100_msgs/msg/detail
[2.001s] -- Up-to-date: /home/mike/ros2_can_test/install/overlord100_msgs/include/overlord100_msgs/overlord100_msgs/msg/detail/wheels_data__rosidl_typesupport_fastrtps_c.h
[2.006s] -- Up-to-date: /home/mike/ros2_can_test/install/overlord100_msgs/lib/liboverlord100_msgs__rosidl_typesupport_fastrtps_c.so
[2.007s] -- Up-to-date: /home/mike/ros2_can_test/install/overlord100_msgs/include/overlord100_msgs/overlord100_msgs
[2.008s] -- Up-to-date: /home/mike/ros2_can_test/install/overlord100_msgs/include/overlord100_msgs/overlord100_msgs/msg
[2.009s] -- Up-to-date: /home/mike/ros2_can_test/install/overlord100_msgs/include/overlord100_msgs/overlord100_msgs/msg/rosidl_typesupport_introspection_c__visibility_control.h
[2.009s] -- Up-to-date: /home/mike/ros2_can_test/install/overlord100_msgs/include/overlord100_msgs/overlord100_msgs/msg/detail
[2.010s] -- Up-to-date: /home/mike/ros2_can_test/install/overlord100_msgs/include/overlord100_msgs/overlord100_msgs/msg/detail/wheels_data__rosidl_typesupport_introspection_c.h
[2.010s] -- Up-to-date: /home/mike/ros2_can_test/install/overlord100_msgs/include/overlord100_msgs/overlord100_msgs/msg/detail/wheels_data__type_support.c
[2.011s] -- Up-to-date: /home/mike/ros2_can_test/install/overlord100_msgs/lib/liboverlord100_msgs__rosidl_typesupport_introspection_c.so
[2.013s] -- Up-to-date: /home/mike/ros2_can_test/install/overlord100_msgs/lib/liboverlord100_msgs__rosidl_typesupport_c.so
[2.014s] -- Up-to-date: /home/mike/ros2_can_test/install/overlord100_msgs/include/overlord100_msgs/overlord100_msgs
[2.015s] -- Up-to-date: /home/mike/ros2_can_test/install/overlord100_msgs/include/overlord100_msgs/overlord100_msgs/msg
[2.015s] -- Up-to-date: /home/mike/ros2_can_test/install/overlord100_msgs/include/overlord100_msgs/overlord100_msgs/msg/detail
[2.016s] -- Up-to-date: /home/mike/ros2_can_test/install/overlord100_msgs/include/overlord100_msgs/overlord100_msgs/msg/detail/wheels_data__builder.hpp
[2.016s] -- Up-to-date: /home/mike/ros2_can_test/install/overlord100_msgs/include/overlord100_msgs/overlord100_msgs/msg/detail/wheels_data__struct.hpp
[2.016s] -- Up-to-date: /home/mike/ros2_can_test/install/overlord100_msgs/include/overlord100_msgs/overlord100_msgs/msg/detail/wheels_data__traits.hpp
[2.017s] -- Up-to-date: /home/mike/ros2_can_test/install/overlord100_msgs/include/overlord100_msgs/overlord100_msgs/msg/wheels_data.hpp
[2.017s] -- Up-to-date: /home/mike/ros2_can_test/install/overlord100_msgs/include/overlord100_msgs/overlord100_msgs
[2.017s] -- Up-to-date: /home/mike/ros2_can_test/install/overlord100_msgs/include/overlord100_msgs/overlord100_msgs/msg
[2.018s] -- Up-to-date: /home/mike/ros2_can_test/install/overlord100_msgs/include/overlord100_msgs/overlord100_msgs/msg/rosidl_typesupport_fastrtps_cpp__visibility_control.h
[2.018s] -- Up-to-date: /home/mike/ros2_can_test/install/overlord100_msgs/include/overlord100_msgs/overlord100_msgs/msg/detail
[2.019s] -- Up-to-date: /home/mike/ros2_can_test/install/overlord100_msgs/include/overlord100_msgs/overlord100_msgs/msg/detail/dds_fastrtps
[2.019s] -- Up-to-date: /home/mike/ros2_can_test/install/overlord100_msgs/include/overlord100_msgs/overlord100_msgs/msg/detail/wheels_data__rosidl_typesupport_fastrtps_cpp.hpp
[2.020s] -- Up-to-date: /home/mike/ros2_can_test/install/overlord100_msgs/lib/liboverlord100_msgs__rosidl_typesupport_fastrtps_cpp.so
[2.021s] -- Up-to-date: /home/mike/ros2_can_test/install/overlord100_msgs/include/overlord100_msgs/overlord100_msgs
[2.021s] -- Up-to-date: /home/mike/ros2_can_test/install/overlord100_msgs/include/overlord100_msgs/overlord100_msgs/msg
[2.022s] -- Up-to-date: /home/mike/ros2_can_test/install/overlord100_msgs/include/overlord100_msgs/overlord100_msgs/msg/detail
[2.022s] -- Up-to-date: /home/mike/ros2_can_test/install/overlord100_msgs/include/overlord100_msgs/overlord100_msgs/msg/detail/wheels_data__rosidl_typesupport_introspection_cpp.hpp
[2.022s] -- Up-to-date: /home/mike/ros2_can_test/install/overlord100_msgs/include/overlord100_msgs/overlord100_msgs/msg/detail/wheels_data__type_support.cpp
[2.023s] -- Up-to-date: /home/mike/ros2_can_test/install/overlord100_msgs/lib/liboverlord100_msgs__rosidl_typesupport_introspection_cpp.so
[2.027s] -- Up-to-date: /home/mike/ros2_can_test/install/overlord100_msgs/lib/liboverlord100_msgs__rosidl_typesupport_cpp.so
[2.035s] -- Up-to-date: /home/mike/ros2_can_test/install/overlord100_msgs/share/overlord100_msgs/environment/pythonpath.sh
[2.035s] -- Up-to-date: /home/mike/ros2_can_test/install/overlord100_msgs/share/overlord100_msgs/environment/pythonpath.dsv
[2.035s] -- Up-to-date: /home/mike/ros2_can_test/install/overlord100_msgs/local/lib/python3.10/dist-packages/overlord100_msgs-0.0.0-py3.10.egg-info
[2.035s] -- Installing: /home/mike/ros2_can_test/install/overlord100_msgs/local/lib/python3.10/dist-packages/overlord100_msgs-0.0.0-py3.10.egg-info/dependency_links.txt
[2.036s] -- Installing: /home/mike/ros2_can_test/install/overlord100_msgs/local/lib/python3.10/dist-packages/overlord100_msgs-0.0.0-py3.10.egg-info/SOURCES.txt
[2.037s] -- Installing: /home/mike/ros2_can_test/install/overlord100_msgs/local/lib/python3.10/dist-packages/overlord100_msgs-0.0.0-py3.10.egg-info/top_level.txt
[2.037s] -- Installing: /home/mike/ros2_can_test/install/overlord100_msgs/local/lib/python3.10/dist-packages/overlord100_msgs-0.0.0-py3.10.egg-info/PKG-INFO
[2.037s] -- Up-to-date: /home/mike/ros2_can_test/install/overlord100_msgs/local/lib/python3.10/dist-packages/overlord100_msgs
[2.037s] -- Up-to-date: /home/mike/ros2_can_test/install/overlord100_msgs/local/lib/python3.10/dist-packages/overlord100_msgs/msg
[2.037s] -- Up-to-date: /home/mike/ros2_can_test/install/overlord100_msgs/local/lib/python3.10/dist-packages/overlord100_msgs/msg/__init__.py
[2.037s] -- Up-to-date: /home/mike/ros2_can_test/install/overlord100_msgs/local/lib/python3.10/dist-packages/overlord100_msgs/msg/_wheels_data.py
[2.038s] -- Up-to-date: /home/mike/ros2_can_test/install/overlord100_msgs/local/lib/python3.10/dist-packages/overlord100_msgs/msg/_wheels_data_s.c
[2.038s] -- Up-to-date: /home/mike/ros2_can_test/install/overlord100_msgs/local/lib/python3.10/dist-packages/overlord100_msgs/overlord100_msgs_s__rosidl_typesupport_introspection_c.cpython-310-x86_64-linux-gnu.so
[2.038s] -- Up-to-date: /home/mike/ros2_can_test/install/overlord100_msgs/local/lib/python3.10/dist-packages/overlord100_msgs/__init__.py
[2.041s] -- Up-to-date: /home/mike/ros2_can_test/install/overlord100_msgs/local/lib/python3.10/dist-packages/overlord100_msgs/overlord100_msgs_s__rosidl_typesupport_c.cpython-310-x86_64-linux-gnu.so
[2.041s] -- Up-to-date: /home/mike/ros2_can_test/install/overlord100_msgs/local/lib/python3.10/dist-packages/overlord100_msgs/_overlord100_msgs_s.ep.rosidl_typesupport_c.c
[2.045s] -- Up-to-date: /home/mike/ros2_can_test/install/overlord100_msgs/local/lib/python3.10/dist-packages/overlord100_msgs/_overlord100_msgs_s.ep.rosidl_typesupport_fastrtps_c.c
[2.046s] -- Up-to-date: /home/mike/ros2_can_test/install/overlord100_msgs/local/lib/python3.10/dist-packages/overlord100_msgs/overlord100_msgs_s__rosidl_typesupport_fastrtps_c.cpython-310-x86_64-linux-gnu.so
[2.046s] -- Up-to-date: /home/mike/ros2_can_test/install/overlord100_msgs/local/lib/python3.10/dist-packages/overlord100_msgs/liboverlord100_msgs__rosidl_generator_py.so
[2.046s] -- Up-to-date: /home/mike/ros2_can_test/install/overlord100_msgs/local/lib/python3.10/dist-packages/overlord100_msgs/_overlord100_msgs_s.ep.rosidl_typesupport_introspection_c.c
[2.171s] Listing '/home/mike/ros2_can_test/install/overlord100_msgs/local/lib/python3.10/dist-packages/overlord100_msgs'...
[2.172s] Listing '/home/mike/ros2_can_test/install/overlord100_msgs/local/lib/python3.10/dist-packages/overlord100_msgs/msg'...
[2.184s] -- Up-to-date: /home/mike/ros2_can_test/install/overlord100_msgs/local/lib/python3.10/dist-packages/overlord100_msgs/overlord100_msgs_s__rosidl_typesupport_fastrtps_c.cpython-310-x86_64-linux-gnu.so
[2.186s] -- Up-to-date: /home/mike/ros2_can_test/install/overlord100_msgs/local/lib/python3.10/dist-packages/overlord100_msgs/overlord100_msgs_s__rosidl_typesupport_introspection_c.cpython-310-x86_64-linux-gnu.so
[2.188s] -- Up-to-date: /home/mike/ros2_can_test/install/overlord100_msgs/local/lib/python3.10/dist-packages/overlord100_msgs/overlord100_msgs_s__rosidl_typesupport_c.cpython-310-x86_64-linux-gnu.so
[2.189s] -- Up-to-date: /home/mike/ros2_can_test/install/overlord100_msgs/lib/liboverlord100_msgs__rosidl_generator_py.so
[2.192s] -- Up-to-date: /home/mike/ros2_can_test/install/overlord100_msgs/share/overlord100_msgs/msg/WheelsData.idl
[2.193s] -- Up-to-date: /home/mike/ros2_can_test/install/overlord100_msgs/share/overlord100_msgs/msg/WheelsData.msg
[2.193s] -- Up-to-date: /home/mike/ros2_can_test/install/overlord100_msgs/share/ament_index/resource_index/package_run_dependencies/overlord100_msgs
[2.194s] -- Up-to-date: /home/mike/ros2_can_test/install/overlord100_msgs/share/ament_index/resource_index/parent_prefix_path/overlord100_msgs
[2.194s] -- Up-to-date: /home/mike/ros2_can_test/install/overlord100_msgs/share/overlord100_msgs/environment/ament_prefix_path.sh
[2.194s] -- Up-to-date: /home/mike/ros2_can_test/install/overlord100_msgs/share/overlord100_msgs/environment/ament_prefix_path.dsv
[2.195s] -- Up-to-date: /home/mike/ros2_can_test/install/overlord100_msgs/share/overlord100_msgs/environment/path.sh
[2.195s] -- Up-to-date: /home/mike/ros2_can_test/install/overlord100_msgs/share/overlord100_msgs/environment/path.dsv
[2.196s] -- Up-to-date: /home/mike/ros2_can_test/install/overlord100_msgs/share/overlord100_msgs/local_setup.bash
[2.196s] -- Up-to-date: /home/mike/ros2_can_test/install/overlord100_msgs/share/overlord100_msgs/local_setup.sh
[2.196s] -- Up-to-date: /home/mike/ros2_can_test/install/overlord100_msgs/share/overlord100_msgs/local_setup.zsh
[2.197s] -- Up-to-date: /home/mike/ros2_can_test/install/overlord100_msgs/share/overlord100_msgs/local_setup.dsv
[2.197s] -- Installing: /home/mike/ros2_can_test/install/overlord100_msgs/share/overlord100_msgs/package.dsv
[2.198s] -- Up-to-date: /home/mike/ros2_can_test/install/overlord100_msgs/share/ament_index/resource_index/packages/overlord100_msgs
[2.199s] -- Up-to-date: /home/mike/ros2_can_test/install/overlord100_msgs/share/overlord100_msgs/cmake/export_overlord100_msgs__rosidl_generator_cExport.cmake
[2.199s] -- Up-to-date: /home/mike/ros2_can_test/install/overlord100_msgs/share/overlord100_msgs/cmake/export_overlord100_msgs__rosidl_generator_cExport-noconfig.cmake
[2.200s] -- Up-to-date: /home/mike/ros2_can_test/install/overlord100_msgs/share/overlord100_msgs/cmake/export_overlord100_msgs__rosidl_typesupport_fastrtps_cExport.cmake
[2.201s] -- Up-to-date: /home/mike/ros2_can_test/install/overlord100_msgs/share/overlord100_msgs/cmake/export_overlord100_msgs__rosidl_typesupport_fastrtps_cExport-noconfig.cmake
[2.202s] -- Up-to-date: /home/mike/ros2_can_test/install/overlord100_msgs/share/overlord100_msgs/cmake/overlord100_msgs__rosidl_typesupport_introspection_cExport.cmake
[2.202s] -- Up-to-date: /home/mike/ros2_can_test/install/overlord100_msgs/share/overlord100_msgs/cmake/overlord100_msgs__rosidl_typesupport_introspection_cExport-noconfig.cmake
[2.203s] -- Up-to-date: /home/mike/ros2_can_test/install/overlord100_msgs/share/overlord100_msgs/cmake/overlord100_msgs__rosidl_typesupport_cExport.cmake
[2.204s] -- Up-to-date: /home/mike/ros2_can_test/install/overlord100_msgs/share/overlord100_msgs/cmake/overlord100_msgs__rosidl_typesupport_cExport-noconfig.cmake
[2.204s] -- Up-to-date: /home/mike/ros2_can_test/install/overlord100_msgs/share/overlord100_msgs/cmake/export_overlord100_msgs__rosidl_generator_cppExport.cmake
[2.205s] -- Up-to-date: /home/mike/ros2_can_test/install/overlord100_msgs/share/overlord100_msgs/cmake/export_overlord100_msgs__rosidl_typesupport_fastrtps_cppExport.cmake
[2.206s] -- Up-to-date: /home/mike/ros2_can_test/install/overlord100_msgs/share/overlord100_msgs/cmake/export_overlord100_msgs__rosidl_typesupport_fastrtps_cppExport-noconfig.cmake
[2.208s] -- Up-to-date: /home/mike/ros2_can_test/install/overlord100_msgs/share/overlord100_msgs/cmake/overlord100_msgs__rosidl_typesupport_introspection_cppExport.cmake
[2.209s] -- Up-to-date: /home/mike/ros2_can_test/install/overlord100_msgs/share/overlord100_msgs/cmake/overlord100_msgs__rosidl_typesupport_introspection_cppExport-noconfig.cmake
[2.210s] -- Up-to-date: /home/mike/ros2_can_test/install/overlord100_msgs/share/overlord100_msgs/cmake/overlord100_msgs__rosidl_typesupport_cppExport.cmake
[2.211s] -- Up-to-date: /home/mike/ros2_can_test/install/overlord100_msgs/share/overlord100_msgs/cmake/overlord100_msgs__rosidl_typesupport_cppExport-noconfig.cmake
[2.212s] -- Up-to-date: /home/mike/ros2_can_test/install/overlord100_msgs/share/overlord100_msgs/cmake/export_overlord100_msgs__rosidl_generator_pyExport.cmake
[2.213s] -- Up-to-date: /home/mike/ros2_can_test/install/overlord100_msgs/share/overlord100_msgs/cmake/export_overlord100_msgs__rosidl_generator_pyExport-noconfig.cmake
[2.213s] -- Up-to-date: /home/mike/ros2_can_test/install/overlord100_msgs/share/overlord100_msgs/cmake/rosidl_cmake-extras.cmake
[2.215s] -- Up-to-date: /home/mike/ros2_can_test/install/overlord100_msgs/share/overlord100_msgs/cmake/ament_cmake_export_include_directories-extras.cmake
[2.218s] -- Up-to-date: /home/mike/ros2_can_test/install/overlord100_msgs/share/overlord100_msgs/cmake/ament_cmake_export_libraries-extras.cmake
[2.218s] -- Up-to-date: /home/mike/ros2_can_test/install/overlord100_msgs/share/overlord100_msgs/cmake/ament_cmake_export_targets-extras.cmake
[2.219s] -- Up-to-date: /home/mike/ros2_can_test/install/overlord100_msgs/share/overlord100_msgs/cmake/rosidl_cmake_export_typesupport_targets-extras.cmake
[2.220s] -- Up-to-date: /home/mike/ros2_can_test/install/overlord100_msgs/share/overlord100_msgs/cmake/ament_cmake_export_dependencies-extras.cmake
[2.220s] -- Up-to-date: /home/mike/ros2_can_test/install/overlord100_msgs/share/overlord100_msgs/cmake/rosidl_cmake_export_typesupport_libraries-extras.cmake
[2.221s] -- Up-to-date: /home/mike/ros2_can_test/install/overlord100_msgs/share/overlord100_msgs/cmake/overlord100_msgsConfig.cmake
[2.221s] -- Up-to-date: /home/mike/ros2_can_test/install/overlord100_msgs/share/overlord100_msgs/cmake/overlord100_msgsConfig-version.cmake
[2.221s] -- Up-to-date: /home/mike/ros2_can_test/install/overlord100_msgs/share/overlord100_msgs/package.xml
[2.243s] Invoked command in '/home/mike/ros2_can_test/build/overlord100_msgs' returned '0': CMAKE_PREFIX_PATH=${CMAKE_PREFIX_PATH}:/opt/ros/humble /home/mike/.local/bin/cmake --install /home/mike/ros2_can_test/build/overlord100_msgs
