[1.955s] DEBUG:colcon:Command line arguments: ['/usr/bin/colcon', 'build']
[1.956s] DEBUG:colcon:Parsed command line arguments: Namespace(log_base=None, log_level=None, verb_name='build', build_base='build', install_base='install', merge_install=False, symlink_install=False, test_result_base=None, continue_on_error=False, executor='parallel', parallel_workers=4, event_handlers=None, ignore_user_meta=False, metas=['./colcon.meta'], base_paths=['.'], packages_ignore=None, packages_ignore_regex=None, paths=None, packages_up_to=None, packages_up_to_regex=None, packages_above=None, packages_above_and_dependencies=None, packages_above_depth=None, packages_select_by_dep=None, packages_skip_by_dep=None, packages_skip_up_to=None, packages_select_build_failed=False, packages_skip_build_finished=False, packages_select_test_failures=False, packages_skip_test_passed=False, packages_select=None, packages_skip=None, packages_select_regex=None, packages_skip_regex=None, packages_start=None, packages_end=None, allow_overriding=[], cmake_args=None, cmake_target=None, cmake_target_skip_unavailable=False, cmake_clean_cache=False, cmake_clean_first=False, cmake_force_configure=False, ament_cmake_args=None, catkin_cmake_args=None, catkin_skip_building_tests=False, verb_parser=<colcon_defaults.argument_parser.defaults.DefaultArgumentsDecorator object at 0x7f1e7a6f7fd0>, verb_extension=<colcon_core.verb.build.BuildVerb object at 0x7f1e7a6f74f0>, main=<bound method BuildVerb.main of <colcon_core.verb.build.BuildVerb object at 0x7f1e7a6f74f0>>)
[2.039s] Level 1:colcon.colcon_core.package_discovery:discover_packages(colcon_meta) check parameters
[2.040s] Level 1:colcon.colcon_core.package_discovery:discover_packages(recursive) check parameters
[2.040s] Level 1:colcon.colcon_core.package_discovery:discover_packages(ignore) check parameters
[2.040s] Level 1:colcon.colcon_core.package_discovery:discover_packages(path) check parameters
[2.040s] Level 1:colcon.colcon_core.package_discovery:discover_packages(colcon_meta) discover
[2.040s] Level 1:colcon.colcon_core.package_discovery:discover_packages(recursive) discover
[2.040s] INFO:colcon.colcon_core.package_discovery:Crawling recursively for packages in '/home/mike/ros2_can_test'
[2.040s] Level 1:colcon.colcon_core.package_identification:_identify(.) by extensions ['ignore', 'ignore_ament_install']
[2.040s] Level 1:colcon.colcon_core.package_identification:_identify(.) by extension 'ignore'
[2.040s] Level 1:colcon.colcon_core.package_identification:_identify(.) by extension 'ignore_ament_install'
[2.041s] Level 1:colcon.colcon_core.package_identification:_identify(.) by extensions ['colcon_pkg']
[2.041s] Level 1:colcon.colcon_core.package_identification:_identify(.) by extension 'colcon_pkg'
[2.041s] Level 1:colcon.colcon_core.package_identification:_identify(.) by extensions ['colcon_meta']
[2.041s] Level 1:colcon.colcon_core.package_identification:_identify(.) by extension 'colcon_meta'
[2.041s] Level 1:colcon.colcon_core.package_identification:_identify(.) by extensions ['ros']
[2.041s] Level 1:colcon.colcon_core.package_identification:_identify(.) by extension 'ros'
[2.057s] Level 1:colcon.colcon_core.package_identification:_identify(.) by extensions ['cmake', 'python']
[2.057s] Level 1:colcon.colcon_core.package_identification:_identify(.) by extension 'cmake'
[2.058s] Level 1:colcon.colcon_core.package_identification:_identify(.) by extension 'python'
[2.058s] Level 1:colcon.colcon_core.package_identification:_identify(.) by extensions ['python_setup_py']
[2.058s] Level 1:colcon.colcon_core.package_identification:_identify(.) by extension 'python_setup_py'
[2.058s] Level 1:colcon.colcon_core.package_identification:_identify(build) by extensions ['ignore', 'ignore_ament_install']
[2.058s] Level 1:colcon.colcon_core.package_identification:_identify(build) by extension 'ignore'
[2.058s] Level 1:colcon.colcon_core.package_identification:_identify(build) ignored
[2.059s] Level 1:colcon.colcon_core.package_identification:_identify(install) by extensions ['ignore', 'ignore_ament_install']
[2.059s] Level 1:colcon.colcon_core.package_identification:_identify(install) by extension 'ignore'
[2.059s] Level 1:colcon.colcon_core.package_identification:_identify(install) ignored
[2.059s] Level 1:colcon.colcon_core.package_identification:_identify(log) by extensions ['ignore', 'ignore_ament_install']
[2.059s] Level 1:colcon.colcon_core.package_identification:_identify(log) by extension 'ignore'
[2.059s] Level 1:colcon.colcon_core.package_identification:_identify(log) ignored
[2.059s] Level 1:colcon.colcon_core.package_identification:_identify(src) by extensions ['ignore', 'ignore_ament_install']
[2.060s] Level 1:colcon.colcon_core.package_identification:_identify(src) by extension 'ignore'
[2.060s] Level 1:colcon.colcon_core.package_identification:_identify(src) by extension 'ignore_ament_install'
[2.060s] Level 1:colcon.colcon_core.package_identification:_identify(src) by extensions ['colcon_pkg']
[2.060s] Level 1:colcon.colcon_core.package_identification:_identify(src) by extension 'colcon_pkg'
[2.060s] Level 1:colcon.colcon_core.package_identification:_identify(src) by extensions ['colcon_meta']
[2.060s] Level 1:colcon.colcon_core.package_identification:_identify(src) by extension 'colcon_meta'
[2.060s] Level 1:colcon.colcon_core.package_identification:_identify(src) by extensions ['ros']
[2.060s] Level 1:colcon.colcon_core.package_identification:_identify(src) by extension 'ros'
[2.060s] Level 1:colcon.colcon_core.package_identification:_identify(src) by extensions ['cmake', 'python']
[2.060s] Level 1:colcon.colcon_core.package_identification:_identify(src) by extension 'cmake'
[2.061s] Level 1:colcon.colcon_core.package_identification:_identify(src) by extension 'python'
[2.061s] Level 1:colcon.colcon_core.package_identification:_identify(src) by extensions ['python_setup_py']
[2.061s] Level 1:colcon.colcon_core.package_identification:_identify(src) by extension 'python_setup_py'
[2.061s] Level 1:colcon.colcon_core.package_identification:_identify(src/can_msgs) by extensions ['ignore', 'ignore_ament_install']
[2.061s] Level 1:colcon.colcon_core.package_identification:_identify(src/can_msgs) by extension 'ignore'
[2.061s] Level 1:colcon.colcon_core.package_identification:_identify(src/can_msgs) by extension 'ignore_ament_install'
[2.061s] Level 1:colcon.colcon_core.package_identification:_identify(src/can_msgs) by extensions ['colcon_pkg']
[2.061s] Level 1:colcon.colcon_core.package_identification:_identify(src/can_msgs) by extension 'colcon_pkg'
[2.061s] Level 1:colcon.colcon_core.package_identification:_identify(src/can_msgs) by extensions ['colcon_meta']
[2.062s] Level 1:colcon.colcon_core.package_identification:_identify(src/can_msgs) by extension 'colcon_meta'
[2.062s] Level 1:colcon.colcon_core.package_identification:_identify(src/can_msgs) by extensions ['ros']
[2.062s] Level 1:colcon.colcon_core.package_identification:_identify(src/can_msgs) by extension 'ros'
[2.065s] DEBUG:colcon.colcon_core.package_identification:Package 'src/can_msgs' with type 'ros.ament_cmake' and name 'can_msgs'
[2.065s] Level 1:colcon.colcon_core.package_identification:_identify(src/overlord100_msgs) by extensions ['ignore', 'ignore_ament_install']
[2.066s] Level 1:colcon.colcon_core.package_identification:_identify(src/overlord100_msgs) by extension 'ignore'
[2.066s] Level 1:colcon.colcon_core.package_identification:_identify(src/overlord100_msgs) by extension 'ignore_ament_install'
[2.066s] Level 1:colcon.colcon_core.package_identification:_identify(src/overlord100_msgs) by extensions ['colcon_pkg']
[2.066s] Level 1:colcon.colcon_core.package_identification:_identify(src/overlord100_msgs) by extension 'colcon_pkg'
[2.066s] Level 1:colcon.colcon_core.package_identification:_identify(src/overlord100_msgs) by extensions ['colcon_meta']
[2.066s] Level 1:colcon.colcon_core.package_identification:_identify(src/overlord100_msgs) by extension 'colcon_meta'
[2.066s] Level 1:colcon.colcon_core.package_identification:_identify(src/overlord100_msgs) by extensions ['ros']
[2.066s] Level 1:colcon.colcon_core.package_identification:_identify(src/overlord100_msgs) by extension 'ros'
[2.067s] DEBUG:colcon.colcon_core.package_identification:Package 'src/overlord100_msgs' with type 'ros.ament_cmake' and name 'overlord100_msgs'
[2.067s] Level 1:colcon.colcon_core.package_identification:_identify(src/ros2socketcan_bridge) by extensions ['ignore', 'ignore_ament_install']
[2.068s] Level 1:colcon.colcon_core.package_identification:_identify(src/ros2socketcan_bridge) by extension 'ignore'
[2.068s] Level 1:colcon.colcon_core.package_identification:_identify(src/ros2socketcan_bridge) by extension 'ignore_ament_install'
[2.068s] Level 1:colcon.colcon_core.package_identification:_identify(src/ros2socketcan_bridge) by extensions ['colcon_pkg']
[2.068s] Level 1:colcon.colcon_core.package_identification:_identify(src/ros2socketcan_bridge) by extension 'colcon_pkg'
[2.068s] Level 1:colcon.colcon_core.package_identification:_identify(src/ros2socketcan_bridge) by extensions ['colcon_meta']
[2.068s] Level 1:colcon.colcon_core.package_identification:_identify(src/ros2socketcan_bridge) by extension 'colcon_meta'
[2.068s] Level 1:colcon.colcon_core.package_identification:_identify(src/ros2socketcan_bridge) by extensions ['ros']
[2.068s] Level 1:colcon.colcon_core.package_identification:_identify(src/ros2socketcan_bridge) by extension 'ros'
[2.069s] DEBUG:colcon.colcon_core.package_identification:Package 'src/ros2socketcan_bridge' with type 'ros.ament_cmake' and name 'ros2socketcan_bridge'
[2.070s] Level 1:colcon.colcon_core.package_identification:_identify(src/zlac8015d) by extensions ['ignore', 'ignore_ament_install']
[2.070s] Level 1:colcon.colcon_core.package_identification:_identify(src/zlac8015d) by extension 'ignore'
[2.070s] Level 1:colcon.colcon_core.package_identification:_identify(src/zlac8015d) by extension 'ignore_ament_install'
[2.070s] Level 1:colcon.colcon_core.package_identification:_identify(src/zlac8015d) by extensions ['colcon_pkg']
[2.070s] Level 1:colcon.colcon_core.package_identification:_identify(src/zlac8015d) by extension 'colcon_pkg'
[2.070s] Level 1:colcon.colcon_core.package_identification:_identify(src/zlac8015d) by extensions ['colcon_meta']
[2.070s] Level 1:colcon.colcon_core.package_identification:_identify(src/zlac8015d) by extension 'colcon_meta'
[2.071s] Level 1:colcon.colcon_core.package_identification:_identify(src/zlac8015d) by extensions ['ros']
[2.071s] Level 1:colcon.colcon_core.package_identification:_identify(src/zlac8015d) by extension 'ros'
[2.072s] DEBUG:colcon.colcon_core.package_identification:Package 'src/zlac8015d' with type 'ros.ament_cmake' and name 'zlac8015d'
[2.072s] Level 1:colcon.colcon_core.package_discovery:discover_packages(recursive) using defaults
[2.072s] Level 1:colcon.colcon_core.package_discovery:discover_packages(ignore) discover
[2.072s] Level 1:colcon.colcon_core.package_discovery:discover_packages(ignore) using defaults
[2.072s] Level 1:colcon.colcon_core.package_discovery:discover_packages(path) discover
[2.072s] Level 1:colcon.colcon_core.package_discovery:discover_packages(path) using defaults
[2.258s] Level 1:colcon.colcon_core.package_discovery:discover_packages(prefix_path) check parameters
[2.258s] Level 1:colcon.colcon_core.package_discovery:discover_packages(prefix_path) discover
[2.287s] WARNING:colcon.colcon_ros.prefix_path.ament:The path '/home/mike/ros2_can_test/install/wheels_data' in the environment variable AMENT_PREFIX_PATH doesn't exist
[2.288s] WARNING:colcon.colcon_ros.prefix_path.catkin:The path '/home/mike/ros2_can_test/install/wheels_data' in the environment variable CMAKE_PREFIX_PATH doesn't exist
[2.325s] DEBUG:colcon.colcon_installed_package_information.package_discovery:Found 4 installed packages in /home/mike/ros2_can_test/install
[2.355s] DEBUG:colcon.colcon_installed_package_information.package_discovery:Found 298 installed packages in /opt/ros/humble
[2.357s] Level 1:colcon.colcon_core.package_discovery:discover_packages(prefix_path) using defaults
[2.502s] Level 5:colcon.colcon_core.verb:set package 'can_msgs' build argument 'cmake_args' from command line to 'None'
[2.502s] Level 5:colcon.colcon_core.verb:set package 'can_msgs' build argument 'cmake_target' from command line to 'None'
[2.502s] Level 5:colcon.colcon_core.verb:set package 'can_msgs' build argument 'cmake_target_skip_unavailable' from command line to 'False'
[2.502s] Level 5:colcon.colcon_core.verb:set package 'can_msgs' build argument 'cmake_clean_cache' from command line to 'False'
[2.502s] Level 5:colcon.colcon_core.verb:set package 'can_msgs' build argument 'cmake_clean_first' from command line to 'False'
[2.502s] Level 5:colcon.colcon_core.verb:set package 'can_msgs' build argument 'cmake_force_configure' from command line to 'False'
[2.502s] Level 5:colcon.colcon_core.verb:set package 'can_msgs' build argument 'ament_cmake_args' from command line to 'None'
[2.502s] Level 5:colcon.colcon_core.verb:set package 'can_msgs' build argument 'catkin_cmake_args' from command line to 'None'
[2.502s] Level 5:colcon.colcon_core.verb:set package 'can_msgs' build argument 'catkin_skip_building_tests' from command line to 'False'
[2.502s] DEBUG:colcon.colcon_core.verb:Building package 'can_msgs' with the following arguments: {'ament_cmake_args': None, 'build_base': '/home/mike/ros2_can_test/build/can_msgs', 'catkin_cmake_args': None, 'catkin_skip_building_tests': False, 'cmake_args': None, 'cmake_clean_cache': False, 'cmake_clean_first': False, 'cmake_force_configure': False, 'cmake_target': None, 'cmake_target_skip_unavailable': False, 'install_base': '/home/mike/ros2_can_test/install/can_msgs', 'merge_install': False, 'path': '/home/mike/ros2_can_test/src/can_msgs', 'symlink_install': False, 'test_result_base': None}
[2.531s] Level 5:colcon.colcon_core.verb:set package 'overlord100_msgs' build argument 'cmake_args' from command line to 'None'
[2.531s] Level 5:colcon.colcon_core.verb:set package 'overlord100_msgs' build argument 'cmake_target' from command line to 'None'
[2.531s] Level 5:colcon.colcon_core.verb:set package 'overlord100_msgs' build argument 'cmake_target_skip_unavailable' from command line to 'False'
[2.531s] Level 5:colcon.colcon_core.verb:set package 'overlord100_msgs' build argument 'cmake_clean_cache' from command line to 'False'
[2.531s] Level 5:colcon.colcon_core.verb:set package 'overlord100_msgs' build argument 'cmake_clean_first' from command line to 'False'
[2.531s] Level 5:colcon.colcon_core.verb:set package 'overlord100_msgs' build argument 'cmake_force_configure' from command line to 'False'
[2.531s] Level 5:colcon.colcon_core.verb:set package 'overlord100_msgs' build argument 'ament_cmake_args' from command line to 'None'
[2.531s] Level 5:colcon.colcon_core.verb:set package 'overlord100_msgs' build argument 'catkin_cmake_args' from command line to 'None'
[2.531s] Level 5:colcon.colcon_core.verb:set package 'overlord100_msgs' build argument 'catkin_skip_building_tests' from command line to 'False'
[2.531s] DEBUG:colcon.colcon_core.verb:Building package 'overlord100_msgs' with the following arguments: {'ament_cmake_args': None, 'build_base': '/home/mike/ros2_can_test/build/overlord100_msgs', 'catkin_cmake_args': None, 'catkin_skip_building_tests': False, 'cmake_args': None, 'cmake_clean_cache': False, 'cmake_clean_first': False, 'cmake_force_configure': False, 'cmake_target': None, 'cmake_target_skip_unavailable': False, 'install_base': '/home/mike/ros2_can_test/install/overlord100_msgs', 'merge_install': False, 'path': '/home/mike/ros2_can_test/src/overlord100_msgs', 'symlink_install': False, 'test_result_base': None}
[2.570s] Level 5:colcon.colcon_core.verb:set package 'ros2socketcan_bridge' build argument 'cmake_args' from command line to 'None'
[2.571s] Level 5:colcon.colcon_core.verb:set package 'ros2socketcan_bridge' build argument 'cmake_target' from command line to 'None'
[2.571s] Level 5:colcon.colcon_core.verb:set package 'ros2socketcan_bridge' build argument 'cmake_target_skip_unavailable' from command line to 'False'
[2.571s] Level 5:colcon.colcon_core.verb:set package 'ros2socketcan_bridge' build argument 'cmake_clean_cache' from command line to 'False'
[2.571s] Level 5:colcon.colcon_core.verb:set package 'ros2socketcan_bridge' build argument 'cmake_clean_first' from command line to 'False'
[2.571s] Level 5:colcon.colcon_core.verb:set package 'ros2socketcan_bridge' build argument 'cmake_force_configure' from command line to 'False'
[2.571s] Level 5:colcon.colcon_core.verb:set package 'ros2socketcan_bridge' build argument 'ament_cmake_args' from command line to 'None'
[2.571s] Level 5:colcon.colcon_core.verb:set package 'ros2socketcan_bridge' build argument 'catkin_cmake_args' from command line to 'None'
[2.571s] Level 5:colcon.colcon_core.verb:set package 'ros2socketcan_bridge' build argument 'catkin_skip_building_tests' from command line to 'False'
[2.571s] DEBUG:colcon.colcon_core.verb:Building package 'ros2socketcan_bridge' with the following arguments: {'ament_cmake_args': None, 'build_base': '/home/mike/ros2_can_test/build/ros2socketcan_bridge', 'catkin_cmake_args': None, 'catkin_skip_building_tests': False, 'cmake_args': None, 'cmake_clean_cache': False, 'cmake_clean_first': False, 'cmake_force_configure': False, 'cmake_target': None, 'cmake_target_skip_unavailable': False, 'install_base': '/home/mike/ros2_can_test/install/ros2socketcan_bridge', 'merge_install': False, 'path': '/home/mike/ros2_can_test/src/ros2socketcan_bridge', 'symlink_install': False, 'test_result_base': None}
[2.601s] Level 5:colcon.colcon_core.verb:set package 'zlac8015d' build argument 'cmake_args' from command line to 'None'
[2.602s] Level 5:colcon.colcon_core.verb:set package 'zlac8015d' build argument 'cmake_target' from command line to 'None'
[2.602s] Level 5:colcon.colcon_core.verb:set package 'zlac8015d' build argument 'cmake_target_skip_unavailable' from command line to 'False'
[2.602s] Level 5:colcon.colcon_core.verb:set package 'zlac8015d' build argument 'cmake_clean_cache' from command line to 'False'
[2.602s] Level 5:colcon.colcon_core.verb:set package 'zlac8015d' build argument 'cmake_clean_first' from command line to 'False'
[2.602s] Level 5:colcon.colcon_core.verb:set package 'zlac8015d' build argument 'cmake_force_configure' from command line to 'False'
[2.602s] Level 5:colcon.colcon_core.verb:set package 'zlac8015d' build argument 'ament_cmake_args' from command line to 'None'
[2.602s] Level 5:colcon.colcon_core.verb:set package 'zlac8015d' build argument 'catkin_cmake_args' from command line to 'None'
[2.602s] Level 5:colcon.colcon_core.verb:set package 'zlac8015d' build argument 'catkin_skip_building_tests' from command line to 'False'
[2.602s] DEBUG:colcon.colcon_core.verb:Building package 'zlac8015d' with the following arguments: {'ament_cmake_args': None, 'build_base': '/home/mike/ros2_can_test/build/zlac8015d', 'catkin_cmake_args': None, 'catkin_skip_building_tests': False, 'cmake_args': None, 'cmake_clean_cache': False, 'cmake_clean_first': False, 'cmake_force_configure': False, 'cmake_target': None, 'cmake_target_skip_unavailable': False, 'install_base': '/home/mike/ros2_can_test/install/zlac8015d', 'merge_install': False, 'path': '/home/mike/ros2_can_test/src/zlac8015d', 'symlink_install': False, 'test_result_base': None}
[2.639s] INFO:colcon.colcon_core.executor:Executing jobs using 'parallel' executor
[2.673s] DEBUG:colcon.colcon_parallel_executor.executor.parallel:run_until_complete
[2.673s] INFO:colcon.colcon_ros.task.ament_cmake.build:Building ROS package in '/home/mike/ros2_can_test/src/can_msgs' with build type 'ament_cmake'
[2.673s] INFO:colcon.colcon_cmake.task.cmake.build:Building CMake package in '/home/mike/ros2_can_test/src/can_msgs'
[2.712s] INFO:colcon.colcon_core.plugin_system:Skipping extension 'colcon_core.shell.bat': Not used on non-Windows systems
[2.713s] INFO:colcon.colcon_core.shell:Skip shell extension 'powershell' for command environment: Not usable outside of PowerShell
[2.713s] DEBUG:colcon.colcon_core.shell:Skip shell extension 'dsv' for command environment
[2.808s] INFO:colcon.colcon_ros.task.ament_cmake.build:Building ROS package in '/home/mike/ros2_can_test/src/overlord100_msgs' with build type 'ament_cmake'
[2.809s] INFO:colcon.colcon_cmake.task.cmake.build:Building CMake package in '/home/mike/ros2_can_test/src/overlord100_msgs'
[2.845s] INFO:colcon.colcon_core.shell:Skip shell extension 'powershell' for command environment: Not usable outside of PowerShell
[2.845s] DEBUG:colcon.colcon_core.shell:Skip shell extension 'dsv' for command environment
[2.954s] DEBUG:colcon.colcon_core.event_handler.log_command:Invoking command in '/home/mike/ros2_can_test/build/can_msgs': CMAKE_PREFIX_PATH=${CMAKE_PREFIX_PATH}:/opt/ros/humble /home/mike/.local/bin/cmake --build /home/mike/ros2_can_test/build/can_msgs -- -j4 -l4
[2.962s] DEBUG:colcon.colcon_core.event_handler.log_command:Invoking command in '/home/mike/ros2_can_test/build/overlord100_msgs': CMAKE_PREFIX_PATH=${CMAKE_PREFIX_PATH}:/opt/ros/humble /home/mike/.local/bin/cmake --build /home/mike/ros2_can_test/build/overlord100_msgs -- -j4 -l4
[3.933s] DEBUG:colcon.colcon_core.event_handler.log_command:Invoked command in '/home/mike/ros2_can_test/build/overlord100_msgs' returned '0': CMAKE_PREFIX_PATH=${CMAKE_PREFIX_PATH}:/opt/ros/humble /home/mike/.local/bin/cmake --build /home/mike/ros2_can_test/build/overlord100_msgs -- -j4 -l4
[3.941s] DEBUG:colcon.colcon_core.event_handler.log_command:Invoked command in '/home/mike/ros2_can_test/build/can_msgs' returned '0': CMAKE_PREFIX_PATH=${CMAKE_PREFIX_PATH}:/opt/ros/humble /home/mike/.local/bin/cmake --build /home/mike/ros2_can_test/build/can_msgs -- -j4 -l4
[4.164s] DEBUG:colcon.colcon_core.event_handler.log_command:Invoking command in '/home/mike/ros2_can_test/build/overlord100_msgs': CMAKE_PREFIX_PATH=${CMAKE_PREFIX_PATH}:/opt/ros/humble /home/mike/.local/bin/cmake --install /home/mike/ros2_can_test/build/overlord100_msgs
[4.167s] DEBUG:colcon.colcon_core.event_handler.log_command:Invoking command in '/home/mike/ros2_can_test/build/can_msgs': CMAKE_PREFIX_PATH=${CMAKE_PREFIX_PATH}:/opt/ros/humble /home/mike/.local/bin/cmake --install /home/mike/ros2_can_test/build/can_msgs
[4.334s] Level 1:colcon.colcon_core.environment:create_environment_scripts_only(overlord100_msgs)
[4.335s] DEBUG:colcon.colcon_core.event_handler.log_command:Invoked command in '/home/mike/ros2_can_test/build/overlord100_msgs' returned '0': CMAKE_PREFIX_PATH=${CMAKE_PREFIX_PATH}:/opt/ros/humble /home/mike/.local/bin/cmake --install /home/mike/ros2_can_test/build/overlord100_msgs
[4.394s] Level 1:colcon.colcon_core.environment:checking '/home/mike/ros2_can_test/install/overlord100_msgs' for CMake module files
[4.395s] Level 1:colcon.colcon_core.environment:checking '/home/mike/ros2_can_test/install/overlord100_msgs' for CMake config files
[4.397s] Level 1:colcon.colcon_core.shell:create_environment_hook('overlord100_msgs', 'cmake_prefix_path')
[4.430s] INFO:colcon.colcon_core.shell:Creating environment hook '/home/mike/ros2_can_test/install/overlord100_msgs/share/overlord100_msgs/hook/cmake_prefix_path.ps1'
[4.431s] INFO:colcon.colcon_core.shell:Creating environment descriptor '/home/mike/ros2_can_test/install/overlord100_msgs/share/overlord100_msgs/hook/cmake_prefix_path.dsv'
[4.432s] INFO:colcon.colcon_core.shell:Creating environment hook '/home/mike/ros2_can_test/install/overlord100_msgs/share/overlord100_msgs/hook/cmake_prefix_path.sh'
[4.433s] Level 1:colcon.colcon_core.environment:checking '/home/mike/ros2_can_test/install/overlord100_msgs/lib'
[4.434s] Level 1:colcon.colcon_core.shell:create_environment_hook('overlord100_msgs', 'ld_library_path_lib')
[4.462s] INFO:colcon.colcon_core.shell:Creating environment hook '/home/mike/ros2_can_test/install/overlord100_msgs/share/overlord100_msgs/hook/ld_library_path_lib.ps1'
[4.463s] INFO:colcon.colcon_core.shell:Creating environment descriptor '/home/mike/ros2_can_test/install/overlord100_msgs/share/overlord100_msgs/hook/ld_library_path_lib.dsv'
[4.463s] INFO:colcon.colcon_core.shell:Creating environment hook '/home/mike/ros2_can_test/install/overlord100_msgs/share/overlord100_msgs/hook/ld_library_path_lib.sh'
[4.464s] Level 1:colcon.colcon_core.environment:checking '/home/mike/ros2_can_test/install/overlord100_msgs/bin'
[4.464s] Level 1:colcon.colcon_core.environment:checking '/home/mike/ros2_can_test/install/overlord100_msgs/lib/pkgconfig/overlord100_msgs.pc'
[4.465s] Level 1:colcon.colcon_core.environment:checking '/home/mike/ros2_can_test/install/overlord100_msgs/lib/python3.10/site-packages'
[4.465s] Level 1:colcon.colcon_core.environment:checking '/home/mike/ros2_can_test/install/overlord100_msgs/bin'
[4.495s] INFO:colcon.colcon_core.shell:Creating package script '/home/mike/ros2_can_test/install/overlord100_msgs/share/overlord100_msgs/package.ps1'
[4.496s] INFO:colcon.colcon_core.shell:Creating package descriptor '/home/mike/ros2_can_test/install/overlord100_msgs/share/overlord100_msgs/package.dsv'
[4.497s] INFO:colcon.colcon_core.shell:Creating package script '/home/mike/ros2_can_test/install/overlord100_msgs/share/overlord100_msgs/package.sh'
[4.498s] INFO:colcon.colcon_core.shell:Creating package script '/home/mike/ros2_can_test/install/overlord100_msgs/share/overlord100_msgs/package.bash'
[4.499s] INFO:colcon.colcon_core.shell:Creating package script '/home/mike/ros2_can_test/install/overlord100_msgs/share/overlord100_msgs/package.zsh'
[4.500s] Level 1:colcon.colcon_core.environment:create_file_with_runtime_dependencies(/home/mike/ros2_can_test/install/overlord100_msgs/share/colcon-core/packages/overlord100_msgs)
[4.503s] Level 1:colcon.colcon_core.environment:create_environment_scripts_only(can_msgs)
[4.506s] DEBUG:colcon.colcon_core.event_handler.log_command:Invoked command in '/home/mike/ros2_can_test/build/can_msgs' returned '0': CMAKE_PREFIX_PATH=${CMAKE_PREFIX_PATH}:/opt/ros/humble /home/mike/.local/bin/cmake --install /home/mike/ros2_can_test/build/can_msgs
[4.558s] Level 1:colcon.colcon_core.environment:checking '/home/mike/ros2_can_test/install/can_msgs' for CMake module files
[4.559s] Level 1:colcon.colcon_core.environment:checking '/home/mike/ros2_can_test/install/can_msgs' for CMake config files
[4.560s] Level 1:colcon.colcon_core.shell:create_environment_hook('can_msgs', 'cmake_prefix_path')
[4.599s] INFO:colcon.colcon_core.shell:Creating environment hook '/home/mike/ros2_can_test/install/can_msgs/share/can_msgs/hook/cmake_prefix_path.ps1'
[4.600s] INFO:colcon.colcon_core.shell:Creating environment descriptor '/home/mike/ros2_can_test/install/can_msgs/share/can_msgs/hook/cmake_prefix_path.dsv'
[4.600s] INFO:colcon.colcon_core.shell:Creating environment hook '/home/mike/ros2_can_test/install/can_msgs/share/can_msgs/hook/cmake_prefix_path.sh'
[4.601s] Level 1:colcon.colcon_core.environment:checking '/home/mike/ros2_can_test/install/can_msgs/lib'
[4.601s] Level 1:colcon.colcon_core.shell:create_environment_hook('can_msgs', 'ld_library_path_lib')
[4.638s] INFO:colcon.colcon_core.shell:Creating environment hook '/home/mike/ros2_can_test/install/can_msgs/share/can_msgs/hook/ld_library_path_lib.ps1'
[4.639s] INFO:colcon.colcon_core.shell:Creating environment descriptor '/home/mike/ros2_can_test/install/can_msgs/share/can_msgs/hook/ld_library_path_lib.dsv'
[4.639s] INFO:colcon.colcon_core.shell:Creating environment hook '/home/mike/ros2_can_test/install/can_msgs/share/can_msgs/hook/ld_library_path_lib.sh'
[4.640s] Level 1:colcon.colcon_core.environment:checking '/home/mike/ros2_can_test/install/can_msgs/bin'
[4.640s] Level 1:colcon.colcon_core.environment:checking '/home/mike/ros2_can_test/install/can_msgs/lib/pkgconfig/can_msgs.pc'
[4.640s] Level 1:colcon.colcon_core.environment:checking '/home/mike/ros2_can_test/install/can_msgs/lib/python3.10/site-packages'
[4.641s] Level 1:colcon.colcon_core.environment:checking '/home/mike/ros2_can_test/install/can_msgs/bin'
[4.674s] INFO:colcon.colcon_core.shell:Creating package script '/home/mike/ros2_can_test/install/can_msgs/share/can_msgs/package.ps1'
[4.675s] INFO:colcon.colcon_core.shell:Creating package descriptor '/home/mike/ros2_can_test/install/can_msgs/share/can_msgs/package.dsv'
[4.675s] INFO:colcon.colcon_core.shell:Creating package script '/home/mike/ros2_can_test/install/can_msgs/share/can_msgs/package.sh'
[4.676s] INFO:colcon.colcon_core.shell:Creating package script '/home/mike/ros2_can_test/install/can_msgs/share/can_msgs/package.bash'
[4.677s] INFO:colcon.colcon_core.shell:Creating package script '/home/mike/ros2_can_test/install/can_msgs/share/can_msgs/package.zsh'
[4.677s] Level 1:colcon.colcon_core.environment:create_file_with_runtime_dependencies(/home/mike/ros2_can_test/install/can_msgs/share/colcon-core/packages/can_msgs)
[4.744s] Level 1:colcon.colcon_core.environment:create_environment_scripts_only(overlord100_msgs)
[4.779s] Level 1:colcon.colcon_core.environment:checking '/home/mike/ros2_can_test/install/overlord100_msgs' for CMake module files
[4.781s] Level 1:colcon.colcon_core.environment:checking '/home/mike/ros2_can_test/install/overlord100_msgs' for CMake config files
[4.782s] Level 1:colcon.colcon_core.shell:create_environment_hook('overlord100_msgs', 'cmake_prefix_path')
[4.815s] INFO:colcon.colcon_core.shell:Creating environment hook '/home/mike/ros2_can_test/install/overlord100_msgs/share/overlord100_msgs/hook/cmake_prefix_path.ps1'
[4.816s] INFO:colcon.colcon_core.shell:Creating environment descriptor '/home/mike/ros2_can_test/install/overlord100_msgs/share/overlord100_msgs/hook/cmake_prefix_path.dsv'
[4.817s] INFO:colcon.colcon_core.shell:Creating environment hook '/home/mike/ros2_can_test/install/overlord100_msgs/share/overlord100_msgs/hook/cmake_prefix_path.sh'
[4.818s] Level 1:colcon.colcon_core.environment:checking '/home/mike/ros2_can_test/install/overlord100_msgs/lib'
[4.818s] Level 1:colcon.colcon_core.shell:create_environment_hook('overlord100_msgs', 'ld_library_path_lib')
[4.849s] INFO:colcon.colcon_core.shell:Creating environment hook '/home/mike/ros2_can_test/install/overlord100_msgs/share/overlord100_msgs/hook/ld_library_path_lib.ps1'
[4.850s] INFO:colcon.colcon_core.shell:Creating environment descriptor '/home/mike/ros2_can_test/install/overlord100_msgs/share/overlord100_msgs/hook/ld_library_path_lib.dsv'
[4.850s] INFO:colcon.colcon_core.shell:Creating environment hook '/home/mike/ros2_can_test/install/overlord100_msgs/share/overlord100_msgs/hook/ld_library_path_lib.sh'
[4.851s] Level 1:colcon.colcon_core.environment:checking '/home/mike/ros2_can_test/install/overlord100_msgs/bin'
[4.851s] Level 1:colcon.colcon_core.environment:checking '/home/mike/ros2_can_test/install/overlord100_msgs/lib/pkgconfig/overlord100_msgs.pc'
[4.851s] Level 1:colcon.colcon_core.environment:checking '/home/mike/ros2_can_test/install/overlord100_msgs/lib/python3.10/site-packages'
[4.852s] Level 1:colcon.colcon_core.environment:checking '/home/mike/ros2_can_test/install/overlord100_msgs/bin'
[4.886s] INFO:colcon.colcon_core.shell:Creating package script '/home/mike/ros2_can_test/install/overlord100_msgs/share/overlord100_msgs/package.ps1'
[4.887s] INFO:colcon.colcon_core.shell:Creating package descriptor '/home/mike/ros2_can_test/install/overlord100_msgs/share/overlord100_msgs/package.dsv'
[4.887s] INFO:colcon.colcon_core.shell:Creating package script '/home/mike/ros2_can_test/install/overlord100_msgs/share/overlord100_msgs/package.sh'
[4.888s] INFO:colcon.colcon_core.shell:Creating package script '/home/mike/ros2_can_test/install/overlord100_msgs/share/overlord100_msgs/package.bash'
[4.889s] INFO:colcon.colcon_core.shell:Creating package script '/home/mike/ros2_can_test/install/overlord100_msgs/share/overlord100_msgs/package.zsh'
[4.889s] Level 1:colcon.colcon_core.environment:create_file_with_runtime_dependencies(/home/mike/ros2_can_test/install/overlord100_msgs/share/colcon-core/packages/overlord100_msgs)
[4.922s] Level 1:colcon.colcon_core.environment:create_environment_scripts_only(can_msgs)
[4.950s] Level 1:colcon.colcon_core.environment:checking '/home/mike/ros2_can_test/install/can_msgs' for CMake module files
[4.951s] Level 1:colcon.colcon_core.environment:checking '/home/mike/ros2_can_test/install/can_msgs' for CMake config files
[4.952s] Level 1:colcon.colcon_core.shell:create_environment_hook('can_msgs', 'cmake_prefix_path')
[4.981s] INFO:colcon.colcon_core.shell:Creating environment hook '/home/mike/ros2_can_test/install/can_msgs/share/can_msgs/hook/cmake_prefix_path.ps1'
[4.982s] INFO:colcon.colcon_core.shell:Creating environment descriptor '/home/mike/ros2_can_test/install/can_msgs/share/can_msgs/hook/cmake_prefix_path.dsv'
[4.983s] INFO:colcon.colcon_core.shell:Creating environment hook '/home/mike/ros2_can_test/install/can_msgs/share/can_msgs/hook/cmake_prefix_path.sh'
[4.983s] Level 1:colcon.colcon_core.environment:checking '/home/mike/ros2_can_test/install/can_msgs/lib'
[4.984s] Level 1:colcon.colcon_core.shell:create_environment_hook('can_msgs', 'ld_library_path_lib')
[5.019s] INFO:colcon.colcon_core.shell:Creating environment hook '/home/mike/ros2_can_test/install/can_msgs/share/can_msgs/hook/ld_library_path_lib.ps1'
[5.019s] INFO:colcon.colcon_core.shell:Creating environment descriptor '/home/mike/ros2_can_test/install/can_msgs/share/can_msgs/hook/ld_library_path_lib.dsv'
[5.020s] INFO:colcon.colcon_core.shell:Creating environment hook '/home/mike/ros2_can_test/install/can_msgs/share/can_msgs/hook/ld_library_path_lib.sh'
[5.021s] Level 1:colcon.colcon_core.environment:checking '/home/mike/ros2_can_test/install/can_msgs/bin'
[5.021s] Level 1:colcon.colcon_core.environment:checking '/home/mike/ros2_can_test/install/can_msgs/lib/pkgconfig/can_msgs.pc'
[5.022s] Level 1:colcon.colcon_core.environment:checking '/home/mike/ros2_can_test/install/can_msgs/lib/python3.10/site-packages'
[5.022s] Level 1:colcon.colcon_core.environment:checking '/home/mike/ros2_can_test/install/can_msgs/bin'
[5.051s] INFO:colcon.colcon_core.shell:Creating package script '/home/mike/ros2_can_test/install/can_msgs/share/can_msgs/package.ps1'
[5.052s] INFO:colcon.colcon_core.shell:Creating package descriptor '/home/mike/ros2_can_test/install/can_msgs/share/can_msgs/package.dsv'
[5.053s] INFO:colcon.colcon_core.shell:Creating package script '/home/mike/ros2_can_test/install/can_msgs/share/can_msgs/package.sh'
[5.053s] INFO:colcon.colcon_core.shell:Creating package script '/home/mike/ros2_can_test/install/can_msgs/share/can_msgs/package.bash'
[5.054s] INFO:colcon.colcon_core.shell:Creating package script '/home/mike/ros2_can_test/install/can_msgs/share/can_msgs/package.zsh'
[5.055s] Level 1:colcon.colcon_core.environment:create_file_with_runtime_dependencies(/home/mike/ros2_can_test/install/can_msgs/share/colcon-core/packages/can_msgs)
[5.055s] INFO:colcon.colcon_ros.task.ament_cmake.build:Building ROS package in '/home/mike/ros2_can_test/src/ros2socketcan_bridge' with build type 'ament_cmake'
[5.055s] INFO:colcon.colcon_cmake.task.cmake.build:Building CMake package in '/home/mike/ros2_can_test/src/ros2socketcan_bridge'
[5.091s] INFO:colcon.colcon_core.shell:Skip shell extension 'powershell' for command environment: Not usable outside of PowerShell
[5.091s] DEBUG:colcon.colcon_core.shell:Skip shell extension 'dsv' for command environment
[5.188s] INFO:colcon.colcon_ros.task.ament_cmake.build:Building ROS package in '/home/mike/ros2_can_test/src/zlac8015d' with build type 'ament_cmake'
[5.188s] INFO:colcon.colcon_cmake.task.cmake.build:Building CMake package in '/home/mike/ros2_can_test/src/zlac8015d'
[5.223s] INFO:colcon.colcon_core.shell:Skip shell extension 'powershell' for command environment: Not usable outside of PowerShell
[5.223s] DEBUG:colcon.colcon_core.shell:Skip shell extension 'dsv' for command environment
[5.333s] DEBUG:colcon.colcon_core.event_handler.log_command:Invoking command in '/home/mike/ros2_can_test/build/ros2socketcan_bridge': CMAKE_PREFIX_PATH=/home/mike/ros2_can_test/install/can_msgs:/home/mike/ros2_can_test/install/overlord100_msgs:/home/mike/ros2_can_test/install/wheels_data:/home/mike/ros2_can_test/install/ros2socketcan_bridge:/opt/ros/humble LD_LIBRARY_PATH=/home/mike/ros2_can_test/install/can_msgs/lib:/home/mike/ros2_can_test/install/overlord100_msgs/lib:/home/mike/ros2_can_test/install/wheels_data/lib:/usr/lib/x86_64-linux-gnu/gazebo-11/plugins:/opt/ros/humble/opt/rviz_ogre_vendor/lib:/opt/ros/humble/lib/x86_64-linux-gnu:/opt/ros/humble/lib /home/mike/.local/bin/cmake --build /home/mike/ros2_can_test/build/ros2socketcan_bridge -- -j4 -l4
[5.338s] DEBUG:colcon.colcon_core.event_handler.log_command:Invoking command in '/home/mike/ros2_can_test/build/zlac8015d': CMAKE_PREFIX_PATH=/home/mike/ros2_can_test/install/can_msgs:/home/mike/ros2_can_test/install/overlord100_msgs:/home/mike/ros2_can_test/install/wheels_data:/home/mike/ros2_can_test/install/ros2socketcan_bridge:/opt/ros/humble LD_LIBRARY_PATH=/home/mike/ros2_can_test/install/can_msgs/lib:/home/mike/ros2_can_test/install/overlord100_msgs/lib:/home/mike/ros2_can_test/install/wheels_data/lib:/usr/lib/x86_64-linux-gnu/gazebo-11/plugins:/opt/ros/humble/opt/rviz_ogre_vendor/lib:/opt/ros/humble/lib/x86_64-linux-gnu:/opt/ros/humble/lib /home/mike/.local/bin/cmake --build /home/mike/ros2_can_test/build/zlac8015d -- -j4 -l4
[5.455s] DEBUG:colcon.colcon_core.event_handler.log_command:Invoked command in '/home/mike/ros2_can_test/build/ros2socketcan_bridge' returned '0': CMAKE_PREFIX_PATH=/home/mike/ros2_can_test/install/can_msgs:/home/mike/ros2_can_test/install/overlord100_msgs:/home/mike/ros2_can_test/install/wheels_data:/home/mike/ros2_can_test/install/ros2socketcan_bridge:/opt/ros/humble LD_LIBRARY_PATH=/home/mike/ros2_can_test/install/can_msgs/lib:/home/mike/ros2_can_test/install/overlord100_msgs/lib:/home/mike/ros2_can_test/install/wheels_data/lib:/usr/lib/x86_64-linux-gnu/gazebo-11/plugins:/opt/ros/humble/opt/rviz_ogre_vendor/lib:/opt/ros/humble/lib/x86_64-linux-gnu:/opt/ros/humble/lib /home/mike/.local/bin/cmake --build /home/mike/ros2_can_test/build/ros2socketcan_bridge -- -j4 -l4
[5.554s] DEBUG:colcon.colcon_core.event_handler.log_command:Invoking command in '/home/mike/ros2_can_test/build/ros2socketcan_bridge': CMAKE_PREFIX_PATH=/home/mike/ros2_can_test/install/can_msgs:/home/mike/ros2_can_test/install/overlord100_msgs:/home/mike/ros2_can_test/install/wheels_data:/home/mike/ros2_can_test/install/ros2socketcan_bridge:/opt/ros/humble LD_LIBRARY_PATH=/home/mike/ros2_can_test/install/can_msgs/lib:/home/mike/ros2_can_test/install/overlord100_msgs/lib:/home/mike/ros2_can_test/install/wheels_data/lib:/usr/lib/x86_64-linux-gnu/gazebo-11/plugins:/opt/ros/humble/opt/rviz_ogre_vendor/lib:/opt/ros/humble/lib/x86_64-linux-gnu:/opt/ros/humble/lib /home/mike/.local/bin/cmake --install /home/mike/ros2_can_test/build/ros2socketcan_bridge
[5.629s] Level 1:colcon.colcon_core.environment:create_environment_scripts_only(ros2socketcan_bridge)
[5.634s] DEBUG:colcon.colcon_core.event_handler.log_command:Invoked command in '/home/mike/ros2_can_test/build/ros2socketcan_bridge' returned '0': CMAKE_PREFIX_PATH=/home/mike/ros2_can_test/install/can_msgs:/home/mike/ros2_can_test/install/overlord100_msgs:/home/mike/ros2_can_test/install/wheels_data:/home/mike/ros2_can_test/install/ros2socketcan_bridge:/opt/ros/humble LD_LIBRARY_PATH=/home/mike/ros2_can_test/install/can_msgs/lib:/home/mike/ros2_can_test/install/overlord100_msgs/lib:/home/mike/ros2_can_test/install/wheels_data/lib:/usr/lib/x86_64-linux-gnu/gazebo-11/plugins:/opt/ros/humble/opt/rviz_ogre_vendor/lib:/opt/ros/humble/lib/x86_64-linux-gnu:/opt/ros/humble/lib /home/mike/.local/bin/cmake --install /home/mike/ros2_can_test/build/ros2socketcan_bridge
[5.669s] Level 1:colcon.colcon_core.environment:checking '/home/mike/ros2_can_test/install/ros2socketcan_bridge' for CMake module files
[5.670s] Level 1:colcon.colcon_core.environment:checking '/home/mike/ros2_can_test/install/ros2socketcan_bridge' for CMake config files
[5.670s] Level 1:colcon.colcon_core.shell:create_environment_hook('ros2socketcan_bridge', 'cmake_prefix_path')
[5.705s] INFO:colcon.colcon_core.shell:Creating environment hook '/home/mike/ros2_can_test/install/ros2socketcan_bridge/share/ros2socketcan_bridge/hook/cmake_prefix_path.ps1'
[5.706s] INFO:colcon.colcon_core.shell:Creating environment descriptor '/home/mike/ros2_can_test/install/ros2socketcan_bridge/share/ros2socketcan_bridge/hook/cmake_prefix_path.dsv'
[5.706s] INFO:colcon.colcon_core.shell:Creating environment hook '/home/mike/ros2_can_test/install/ros2socketcan_bridge/share/ros2socketcan_bridge/hook/cmake_prefix_path.sh'
[5.707s] Level 1:colcon.colcon_core.environment:checking '/home/mike/ros2_can_test/install/ros2socketcan_bridge/lib'
[5.708s] Level 1:colcon.colcon_core.environment:checking '/home/mike/ros2_can_test/install/ros2socketcan_bridge/bin'
[5.708s] Level 1:colcon.colcon_core.environment:checking '/home/mike/ros2_can_test/install/ros2socketcan_bridge/lib/pkgconfig/ros2socketcan_bridge.pc'
[5.708s] Level 1:colcon.colcon_core.environment:checking '/home/mike/ros2_can_test/install/ros2socketcan_bridge/lib/python3.10/site-packages'
[5.709s] Level 1:colcon.colcon_core.environment:checking '/home/mike/ros2_can_test/install/ros2socketcan_bridge/bin'
[5.742s] INFO:colcon.colcon_core.shell:Creating package script '/home/mike/ros2_can_test/install/ros2socketcan_bridge/share/ros2socketcan_bridge/package.ps1'
[5.744s] INFO:colcon.colcon_core.shell:Creating package descriptor '/home/mike/ros2_can_test/install/ros2socketcan_bridge/share/ros2socketcan_bridge/package.dsv'
[5.744s] INFO:colcon.colcon_core.shell:Creating package script '/home/mike/ros2_can_test/install/ros2socketcan_bridge/share/ros2socketcan_bridge/package.sh'
[5.745s] INFO:colcon.colcon_core.shell:Creating package script '/home/mike/ros2_can_test/install/ros2socketcan_bridge/share/ros2socketcan_bridge/package.bash'
[5.746s] INFO:colcon.colcon_core.shell:Creating package script '/home/mike/ros2_can_test/install/ros2socketcan_bridge/share/ros2socketcan_bridge/package.zsh'
[5.746s] Level 1:colcon.colcon_core.environment:create_file_with_runtime_dependencies(/home/mike/ros2_can_test/install/ros2socketcan_bridge/share/colcon-core/packages/ros2socketcan_bridge)
[5.870s] Level 1:colcon.colcon_core.environment:create_environment_scripts_only(ros2socketcan_bridge)
[5.899s] Level 1:colcon.colcon_core.environment:checking '/home/mike/ros2_can_test/install/ros2socketcan_bridge' for CMake module files
[5.900s] Level 1:colcon.colcon_core.environment:checking '/home/mike/ros2_can_test/install/ros2socketcan_bridge' for CMake config files
[5.901s] Level 1:colcon.colcon_core.shell:create_environment_hook('ros2socketcan_bridge', 'cmake_prefix_path')
[5.935s] INFO:colcon.colcon_core.shell:Creating environment hook '/home/mike/ros2_can_test/install/ros2socketcan_bridge/share/ros2socketcan_bridge/hook/cmake_prefix_path.ps1'
[5.936s] INFO:colcon.colcon_core.shell:Creating environment descriptor '/home/mike/ros2_can_test/install/ros2socketcan_bridge/share/ros2socketcan_bridge/hook/cmake_prefix_path.dsv'
[5.936s] INFO:colcon.colcon_core.shell:Creating environment hook '/home/mike/ros2_can_test/install/ros2socketcan_bridge/share/ros2socketcan_bridge/hook/cmake_prefix_path.sh'
[5.937s] Level 1:colcon.colcon_core.environment:checking '/home/mike/ros2_can_test/install/ros2socketcan_bridge/lib'
[5.938s] Level 1:colcon.colcon_core.environment:checking '/home/mike/ros2_can_test/install/ros2socketcan_bridge/bin'
[5.938s] Level 1:colcon.colcon_core.environment:checking '/home/mike/ros2_can_test/install/ros2socketcan_bridge/lib/pkgconfig/ros2socketcan_bridge.pc'
[5.938s] Level 1:colcon.colcon_core.environment:checking '/home/mike/ros2_can_test/install/ros2socketcan_bridge/lib/python3.10/site-packages'
[5.939s] Level 1:colcon.colcon_core.environment:checking '/home/mike/ros2_can_test/install/ros2socketcan_bridge/bin'
[5.969s] INFO:colcon.colcon_core.shell:Creating package script '/home/mike/ros2_can_test/install/ros2socketcan_bridge/share/ros2socketcan_bridge/package.ps1'
[5.970s] INFO:colcon.colcon_core.shell:Creating package descriptor '/home/mike/ros2_can_test/install/ros2socketcan_bridge/share/ros2socketcan_bridge/package.dsv'
[5.971s] INFO:colcon.colcon_core.shell:Creating package script '/home/mike/ros2_can_test/install/ros2socketcan_bridge/share/ros2socketcan_bridge/package.sh'
[5.971s] INFO:colcon.colcon_core.shell:Creating package script '/home/mike/ros2_can_test/install/ros2socketcan_bridge/share/ros2socketcan_bridge/package.bash'
[5.972s] INFO:colcon.colcon_core.shell:Creating package script '/home/mike/ros2_can_test/install/ros2socketcan_bridge/share/ros2socketcan_bridge/package.zsh'
[5.972s] Level 1:colcon.colcon_core.environment:create_file_with_runtime_dependencies(/home/mike/ros2_can_test/install/ros2socketcan_bridge/share/colcon-core/packages/ros2socketcan_bridge)
[20.119s] DEBUG:colcon.colcon_core.event_handler.log_command:Invoked command in '/home/mike/ros2_can_test/build/zlac8015d' returned '0': CMAKE_PREFIX_PATH=/home/mike/ros2_can_test/install/can_msgs:/home/mike/ros2_can_test/install/overlord100_msgs:/home/mike/ros2_can_test/install/wheels_data:/home/mike/ros2_can_test/install/ros2socketcan_bridge:/opt/ros/humble LD_LIBRARY_PATH=/home/mike/ros2_can_test/install/can_msgs/lib:/home/mike/ros2_can_test/install/overlord100_msgs/lib:/home/mike/ros2_can_test/install/wheels_data/lib:/usr/lib/x86_64-linux-gnu/gazebo-11/plugins:/opt/ros/humble/opt/rviz_ogre_vendor/lib:/opt/ros/humble/lib/x86_64-linux-gnu:/opt/ros/humble/lib /home/mike/.local/bin/cmake --build /home/mike/ros2_can_test/build/zlac8015d -- -j4 -l4
[20.238s] DEBUG:colcon.colcon_core.event_handler.log_command:Invoking command in '/home/mike/ros2_can_test/build/zlac8015d': CMAKE_PREFIX_PATH=/home/mike/ros2_can_test/install/can_msgs:/home/mike/ros2_can_test/install/overlord100_msgs:/home/mike/ros2_can_test/install/wheels_data:/home/mike/ros2_can_test/install/ros2socketcan_bridge:/opt/ros/humble LD_LIBRARY_PATH=/home/mike/ros2_can_test/install/can_msgs/lib:/home/mike/ros2_can_test/install/overlord100_msgs/lib:/home/mike/ros2_can_test/install/wheels_data/lib:/usr/lib/x86_64-linux-gnu/gazebo-11/plugins:/opt/ros/humble/opt/rviz_ogre_vendor/lib:/opt/ros/humble/lib/x86_64-linux-gnu:/opt/ros/humble/lib /home/mike/.local/bin/cmake --install /home/mike/ros2_can_test/build/zlac8015d
[20.320s] Level 1:colcon.colcon_core.environment:create_environment_scripts_only(zlac8015d)
[20.322s] DEBUG:colcon.colcon_core.event_handler.log_command:Invoked command in '/home/mike/ros2_can_test/build/zlac8015d' returned '0': CMAKE_PREFIX_PATH=/home/mike/ros2_can_test/install/can_msgs:/home/mike/ros2_can_test/install/overlord100_msgs:/home/mike/ros2_can_test/install/wheels_data:/home/mike/ros2_can_test/install/ros2socketcan_bridge:/opt/ros/humble LD_LIBRARY_PATH=/home/mike/ros2_can_test/install/can_msgs/lib:/home/mike/ros2_can_test/install/overlord100_msgs/lib:/home/mike/ros2_can_test/install/wheels_data/lib:/usr/lib/x86_64-linux-gnu/gazebo-11/plugins:/opt/ros/humble/opt/rviz_ogre_vendor/lib:/opt/ros/humble/lib/x86_64-linux-gnu:/opt/ros/humble/lib /home/mike/.local/bin/cmake --install /home/mike/ros2_can_test/build/zlac8015d
[20.396s] Level 1:colcon.colcon_core.environment:checking '/home/mike/ros2_can_test/install/zlac8015d' for CMake module files
[20.397s] Level 1:colcon.colcon_core.environment:checking '/home/mike/ros2_can_test/install/zlac8015d' for CMake config files
[20.398s] Level 1:colcon.colcon_core.shell:create_environment_hook('zlac8015d', 'cmake_prefix_path')
[20.427s] INFO:colcon.colcon_core.shell:Creating environment hook '/home/mike/ros2_can_test/install/zlac8015d/share/zlac8015d/hook/cmake_prefix_path.ps1'
[20.429s] INFO:colcon.colcon_core.shell:Creating environment descriptor '/home/mike/ros2_can_test/install/zlac8015d/share/zlac8015d/hook/cmake_prefix_path.dsv'
[20.429s] INFO:colcon.colcon_core.shell:Creating environment hook '/home/mike/ros2_can_test/install/zlac8015d/share/zlac8015d/hook/cmake_prefix_path.sh'
[20.430s] Level 1:colcon.colcon_core.environment:checking '/home/mike/ros2_can_test/install/zlac8015d/lib'
[20.430s] Level 1:colcon.colcon_core.environment:checking '/home/mike/ros2_can_test/install/zlac8015d/bin'
[20.430s] Level 1:colcon.colcon_core.environment:checking '/home/mike/ros2_can_test/install/zlac8015d/lib/pkgconfig/zlac8015d.pc'
[20.431s] Level 1:colcon.colcon_core.environment:checking '/home/mike/ros2_can_test/install/zlac8015d/lib/python3.10/site-packages'
[20.431s] Level 1:colcon.colcon_core.environment:checking '/home/mike/ros2_can_test/install/zlac8015d/bin'
[20.460s] INFO:colcon.colcon_core.shell:Creating package script '/home/mike/ros2_can_test/install/zlac8015d/share/zlac8015d/package.ps1'
[20.461s] INFO:colcon.colcon_core.shell:Creating package descriptor '/home/mike/ros2_can_test/install/zlac8015d/share/zlac8015d/package.dsv'
[20.462s] INFO:colcon.colcon_core.shell:Creating package script '/home/mike/ros2_can_test/install/zlac8015d/share/zlac8015d/package.sh'
[20.463s] INFO:colcon.colcon_core.shell:Creating package script '/home/mike/ros2_can_test/install/zlac8015d/share/zlac8015d/package.bash'
[20.464s] INFO:colcon.colcon_core.shell:Creating package script '/home/mike/ros2_can_test/install/zlac8015d/share/zlac8015d/package.zsh'
[20.464s] Level 1:colcon.colcon_core.environment:create_file_with_runtime_dependencies(/home/mike/ros2_can_test/install/zlac8015d/share/colcon-core/packages/zlac8015d)
[20.593s] Level 1:colcon.colcon_core.environment:create_environment_scripts_only(zlac8015d)
[20.623s] Level 1:colcon.colcon_core.environment:checking '/home/mike/ros2_can_test/install/zlac8015d' for CMake module files
[20.624s] Level 1:colcon.colcon_core.environment:checking '/home/mike/ros2_can_test/install/zlac8015d' for CMake config files
[20.625s] Level 1:colcon.colcon_core.shell:create_environment_hook('zlac8015d', 'cmake_prefix_path')
[20.655s] INFO:colcon.colcon_core.shell:Creating environment hook '/home/mike/ros2_can_test/install/zlac8015d/share/zlac8015d/hook/cmake_prefix_path.ps1'
[20.656s] INFO:colcon.colcon_core.shell:Creating environment descriptor '/home/mike/ros2_can_test/install/zlac8015d/share/zlac8015d/hook/cmake_prefix_path.dsv'
[20.656s] INFO:colcon.colcon_core.shell:Creating environment hook '/home/mike/ros2_can_test/install/zlac8015d/share/zlac8015d/hook/cmake_prefix_path.sh'
[20.657s] Level 1:colcon.colcon_core.environment:checking '/home/mike/ros2_can_test/install/zlac8015d/lib'
[20.658s] Level 1:colcon.colcon_core.environment:checking '/home/mike/ros2_can_test/install/zlac8015d/bin'
[20.658s] Level 1:colcon.colcon_core.environment:checking '/home/mike/ros2_can_test/install/zlac8015d/lib/pkgconfig/zlac8015d.pc'
[20.658s] Level 1:colcon.colcon_core.environment:checking '/home/mike/ros2_can_test/install/zlac8015d/lib/python3.10/site-packages'
[20.658s] Level 1:colcon.colcon_core.environment:checking '/home/mike/ros2_can_test/install/zlac8015d/bin'
[20.688s] INFO:colcon.colcon_core.shell:Creating package script '/home/mike/ros2_can_test/install/zlac8015d/share/zlac8015d/package.ps1'
[20.689s] INFO:colcon.colcon_core.shell:Creating package descriptor '/home/mike/ros2_can_test/install/zlac8015d/share/zlac8015d/package.dsv'
[20.690s] INFO:colcon.colcon_core.shell:Creating package script '/home/mike/ros2_can_test/install/zlac8015d/share/zlac8015d/package.sh'
[20.691s] INFO:colcon.colcon_core.shell:Creating package script '/home/mike/ros2_can_test/install/zlac8015d/share/zlac8015d/package.bash'
[20.691s] INFO:colcon.colcon_core.shell:Creating package script '/home/mike/ros2_can_test/install/zlac8015d/share/zlac8015d/package.zsh'
[20.692s] Level 1:colcon.colcon_core.environment:create_file_with_runtime_dependencies(/home/mike/ros2_can_test/install/zlac8015d/share/colcon-core/packages/zlac8015d)
[20.693s] DEBUG:colcon.colcon_parallel_executor.executor.parallel:closing loop
[20.693s] DEBUG:colcon.colcon_parallel_executor.executor.parallel:loop closed
[20.693s] DEBUG:colcon.colcon_parallel_executor.executor.parallel:run_until_complete finished with '0'
[20.693s] DEBUG:colcon.colcon_core.event_reactor:joining thread
[20.738s] INFO:colcon.colcon_core.plugin_system:Skipping extension 'colcon_notification.desktop_notification.terminal_notifier': Not used on non-Darwin systems
[20.738s] INFO:colcon.colcon_core.plugin_system:Skipping extension 'colcon_notification.desktop_notification.win32': Not used on non-Windows systems
[20.738s] INFO:colcon.colcon_notification.desktop_notification:Sending desktop notification using 'notify2'
[20.756s] DEBUG:colcon.colcon_core.event_reactor:joined thread
[20.799s] INFO:colcon.colcon_core.shell:Creating prefix script '/home/mike/ros2_can_test/install/local_setup.ps1'
[20.800s] INFO:colcon.colcon_core.shell:Creating prefix util module '/home/mike/ros2_can_test/install/_local_setup_util_ps1.py'
[20.802s] INFO:colcon.colcon_core.shell:Creating prefix chain script '/home/mike/ros2_can_test/install/setup.ps1'
[20.838s] INFO:colcon.colcon_core.shell:Creating prefix script '/home/mike/ros2_can_test/install/local_setup.sh'
[20.839s] INFO:colcon.colcon_core.shell:Creating prefix util module '/home/mike/ros2_can_test/install/_local_setup_util_sh.py'
[20.840s] INFO:colcon.colcon_core.shell:Creating prefix chain script '/home/mike/ros2_can_test/install/setup.sh'
[20.874s] INFO:colcon.colcon_core.shell:Creating prefix script '/home/mike/ros2_can_test/install/local_setup.bash'
[20.875s] INFO:colcon.colcon_core.shell:Creating prefix chain script '/home/mike/ros2_can_test/install/setup.bash'
[20.906s] INFO:colcon.colcon_core.shell:Creating prefix script '/home/mike/ros2_can_test/install/local_setup.zsh'
[20.907s] INFO:colcon.colcon_core.shell:Creating prefix chain script '/home/mike/ros2_can_test/install/setup.zsh'
