[0.154s] Invoking command in '/home/mike/ros2_can_test/build/can_msgs': CMAKE_PREFIX_PATH=${CMAKE_PREFIX_PATH}:/opt/ros/humble /home/mike/.local/bin/cmake --build /home/mike/ros2_can_test/build/can_msgs -- -j4 -l4
[0.255s] [  3%] Built target can_msgs__cpp
[0.261s] [ 12%] Built target can_msgs__rosidl_generator_c
[0.266s] [ 12%] Built target ament_cmake_python_copy_can_msgs
[0.293s] [ 22%] Built target can_msgs__rosidl_typesupport_cpp
[0.297s] [ 32%] Built target can_msgs__rosidl_typesupport_fastrtps_cpp
[0.299s] [ 41%] Built target can_msgs__rosidl_typesupport_introspection_cpp
[0.305s] [ 51%] Built target can_msgs__rosidl_typesupport_fastrtps_c
[0.335s] [ 61%] Built target can_msgs__rosidl_typesupport_introspection_c
[0.343s] [ 70%] Built target can_msgs__rosidl_typesupport_c
[0.367s] [ 70%] Built target can_msgs
[0.391s] [ 74%] Built target can_msgs__py
[0.424s] [ 80%] Built target can_msgs__rosidl_generator_py
[0.465s] [ 87%] Built target can_msgs__rosidl_typesupport_fastrtps_c__pyext
[0.471s] [ 93%] Built target can_msgs__rosidl_typesupport_introspection_c__pyext
[0.473s] [100%] Built target can_msgs__rosidl_typesupport_c__pyext
[0.889s] running egg_info
[0.890s] writing can_msgs.egg-info/PKG-INFO
[0.890s] writing dependency_links to can_msgs.egg-info/dependency_links.txt
[0.890s] writing top-level names to can_msgs.egg-info/top_level.txt
[0.895s] reading manifest file 'can_msgs.egg-info/SOURCES.txt'
[0.896s] writing manifest file 'can_msgs.egg-info/SOURCES.txt'
[0.945s] [100%] Built target ament_cmake_python_build_can_msgs_egg
[0.965s] Invoked command in '/home/mike/ros2_can_test/build/can_msgs' returned '0': CMAKE_PREFIX_PATH=${CMAKE_PREFIX_PATH}:/opt/ros/humble /home/mike/.local/bin/cmake --build /home/mike/ros2_can_test/build/can_msgs -- -j4 -l4
[1.244s] Invoking command in '/home/mike/ros2_can_test/build/can_msgs': CMAKE_PREFIX_PATH=${CMAKE_PREFIX_PATH}:/opt/ros/humble /home/mike/.local/bin/cmake --install /home/mike/ros2_can_test/build/can_msgs
[1.302s] -- Install configuration: ""
[1.303s] -- Up-to-date: /home/mike/ros2_can_test/install/can_msgs/share/ament_index/resource_index/rosidl_interfaces/can_msgs
[1.304s] -- Up-to-date: /home/mike/ros2_can_test/install/can_msgs/include/can_msgs/can_msgs
[1.305s] -- Up-to-date: /home/mike/ros2_can_test/install/can_msgs/include/can_msgs/can_msgs/msg
[1.305s] -- Up-to-date: /home/mike/ros2_can_test/install/can_msgs/include/can_msgs/can_msgs/msg/frame.h
[1.305s] -- Up-to-date: /home/mike/ros2_can_test/install/can_msgs/include/can_msgs/can_msgs/msg/rosidl_generator_c__visibility_control.h
[1.305s] -- Up-to-date: /home/mike/ros2_can_test/install/can_msgs/include/can_msgs/can_msgs/msg/detail
[1.305s] -- Up-to-date: /home/mike/ros2_can_test/install/can_msgs/include/can_msgs/can_msgs/msg/detail/frame__functions.h
[1.306s] -- Up-to-date: /home/mike/ros2_can_test/install/can_msgs/include/can_msgs/can_msgs/msg/detail/frame__functions.c
[1.306s] -- Up-to-date: /home/mike/ros2_can_test/install/can_msgs/include/can_msgs/can_msgs/msg/detail/frame__type_support.h
[1.306s] -- Up-to-date: /home/mike/ros2_can_test/install/can_msgs/include/can_msgs/can_msgs/msg/detail/frame__struct.h
[1.306s] -- Up-to-date: /home/mike/ros2_can_test/install/can_msgs/share/can_msgs/environment/library_path.sh
[1.306s] -- Up-to-date: /home/mike/ros2_can_test/install/can_msgs/share/can_msgs/environment/library_path.dsv
[1.307s] -- Up-to-date: /home/mike/ros2_can_test/install/can_msgs/lib/libcan_msgs__rosidl_generator_c.so
[1.307s] -- Up-to-date: /home/mike/ros2_can_test/install/can_msgs/include/can_msgs/can_msgs
[1.307s] -- Up-to-date: /home/mike/ros2_can_test/install/can_msgs/include/can_msgs/can_msgs/msg
[1.307s] -- Up-to-date: /home/mike/ros2_can_test/install/can_msgs/include/can_msgs/can_msgs/msg/rosidl_typesupport_fastrtps_c__visibility_control.h
[1.307s] -- Up-to-date: /home/mike/ros2_can_test/install/can_msgs/include/can_msgs/can_msgs/msg/detail
[1.307s] -- Up-to-date: /home/mike/ros2_can_test/install/can_msgs/include/can_msgs/can_msgs/msg/detail/frame__rosidl_typesupport_fastrtps_c.h
[1.308s] -- Up-to-date: /home/mike/ros2_can_test/install/can_msgs/lib/libcan_msgs__rosidl_typesupport_fastrtps_c.so
[1.308s] -- Up-to-date: /home/mike/ros2_can_test/install/can_msgs/include/can_msgs/can_msgs
[1.308s] -- Up-to-date: /home/mike/ros2_can_test/install/can_msgs/include/can_msgs/can_msgs/msg
[1.308s] -- Up-to-date: /home/mike/ros2_can_test/install/can_msgs/include/can_msgs/can_msgs/msg/frame.hpp
[1.309s] -- Up-to-date: /home/mike/ros2_can_test/install/can_msgs/include/can_msgs/can_msgs/msg/detail
[1.309s] -- Up-to-date: /home/mike/ros2_can_test/install/can_msgs/include/can_msgs/can_msgs/msg/detail/frame__struct.hpp
[1.309s] -- Up-to-date: /home/mike/ros2_can_test/install/can_msgs/include/can_msgs/can_msgs/msg/detail/frame__traits.hpp
[1.309s] -- Up-to-date: /home/mike/ros2_can_test/install/can_msgs/include/can_msgs/can_msgs/msg/detail/frame__builder.hpp
[1.309s] -- Up-to-date: /home/mike/ros2_can_test/install/can_msgs/include/can_msgs/can_msgs
[1.310s] -- Up-to-date: /home/mike/ros2_can_test/install/can_msgs/include/can_msgs/can_msgs/msg
[1.310s] -- Up-to-date: /home/mike/ros2_can_test/install/can_msgs/include/can_msgs/can_msgs/msg/rosidl_typesupport_fastrtps_cpp__visibility_control.h
[1.310s] -- Up-to-date: /home/mike/ros2_can_test/install/can_msgs/include/can_msgs/can_msgs/msg/detail
[1.310s] -- Up-to-date: /home/mike/ros2_can_test/install/can_msgs/include/can_msgs/can_msgs/msg/detail/dds_fastrtps
[1.310s] -- Up-to-date: /home/mike/ros2_can_test/install/can_msgs/include/can_msgs/can_msgs/msg/detail/frame__rosidl_typesupport_fastrtps_cpp.hpp
[1.311s] -- Up-to-date: /home/mike/ros2_can_test/install/can_msgs/lib/libcan_msgs__rosidl_typesupport_fastrtps_cpp.so
[1.311s] -- Up-to-date: /home/mike/ros2_can_test/install/can_msgs/include/can_msgs/can_msgs
[1.311s] -- Up-to-date: /home/mike/ros2_can_test/install/can_msgs/include/can_msgs/can_msgs/msg
[1.312s] -- Up-to-date: /home/mike/ros2_can_test/install/can_msgs/include/can_msgs/can_msgs/msg/rosidl_typesupport_introspection_c__visibility_control.h
[1.312s] -- Up-to-date: /home/mike/ros2_can_test/install/can_msgs/include/can_msgs/can_msgs/msg/detail
[1.312s] -- Up-to-date: /home/mike/ros2_can_test/install/can_msgs/include/can_msgs/can_msgs/msg/detail/frame__type_support.c
[1.312s] -- Up-to-date: /home/mike/ros2_can_test/install/can_msgs/include/can_msgs/can_msgs/msg/detail/frame__rosidl_typesupport_introspection_c.h
[1.312s] -- Up-to-date: /home/mike/ros2_can_test/install/can_msgs/lib/libcan_msgs__rosidl_typesupport_introspection_c.so
[1.313s] -- Up-to-date: /home/mike/ros2_can_test/install/can_msgs/lib/libcan_msgs__rosidl_typesupport_c.so
[1.313s] -- Up-to-date: /home/mike/ros2_can_test/install/can_msgs/include/can_msgs/can_msgs
[1.313s] -- Up-to-date: /home/mike/ros2_can_test/install/can_msgs/include/can_msgs/can_msgs/msg
[1.313s] -- Up-to-date: /home/mike/ros2_can_test/install/can_msgs/include/can_msgs/can_msgs/msg/detail
[1.313s] -- Up-to-date: /home/mike/ros2_can_test/install/can_msgs/include/can_msgs/can_msgs/msg/detail/frame__type_support.cpp
[1.314s] -- Up-to-date: /home/mike/ros2_can_test/install/can_msgs/include/can_msgs/can_msgs/msg/detail/frame__rosidl_typesupport_introspection_cpp.hpp
[1.314s] -- Up-to-date: /home/mike/ros2_can_test/install/can_msgs/lib/libcan_msgs__rosidl_typesupport_introspection_cpp.so
[1.314s] -- Up-to-date: /home/mike/ros2_can_test/install/can_msgs/lib/libcan_msgs__rosidl_typesupport_cpp.so
[1.314s] -- Up-to-date: /home/mike/ros2_can_test/install/can_msgs/share/can_msgs/environment/pythonpath.sh
[1.314s] -- Up-to-date: /home/mike/ros2_can_test/install/can_msgs/share/can_msgs/environment/pythonpath.dsv
[1.314s] -- Up-to-date: /home/mike/ros2_can_test/install/can_msgs/local/lib/python3.10/dist-packages/can_msgs-0.0.0-py3.10.egg-info
[1.316s] -- Installing: /home/mike/ros2_can_test/install/can_msgs/local/lib/python3.10/dist-packages/can_msgs-0.0.0-py3.10.egg-info/dependency_links.txt
[1.316s] -- Installing: /home/mike/ros2_can_test/install/can_msgs/local/lib/python3.10/dist-packages/can_msgs-0.0.0-py3.10.egg-info/SOURCES.txt
[1.316s] -- Installing: /home/mike/ros2_can_test/install/can_msgs/local/lib/python3.10/dist-packages/can_msgs-0.0.0-py3.10.egg-info/top_level.txt
[1.317s] -- Installing: /home/mike/ros2_can_test/install/can_msgs/local/lib/python3.10/dist-packages/can_msgs-0.0.0-py3.10.egg-info/PKG-INFO
[1.317s] -- Up-to-date: /home/mike/ros2_can_test/install/can_msgs/local/lib/python3.10/dist-packages/can_msgs
[1.317s] -- Up-to-date: /home/mike/ros2_can_test/install/can_msgs/local/lib/python3.10/dist-packages/can_msgs/msg
[1.317s] -- Up-to-date: /home/mike/ros2_can_test/install/can_msgs/local/lib/python3.10/dist-packages/can_msgs/msg/_frame.py
[1.317s] -- Up-to-date: /home/mike/ros2_can_test/install/can_msgs/local/lib/python3.10/dist-packages/can_msgs/msg/__init__.py
[1.317s] -- Up-to-date: /home/mike/ros2_can_test/install/can_msgs/local/lib/python3.10/dist-packages/can_msgs/msg/_frame_s.c
[1.318s] -- Up-to-date: /home/mike/ros2_can_test/install/can_msgs/local/lib/python3.10/dist-packages/can_msgs/can_msgs_s__rosidl_typesupport_c.cpython-310-x86_64-linux-gnu.so
[1.318s] -- Up-to-date: /home/mike/ros2_can_test/install/can_msgs/local/lib/python3.10/dist-packages/can_msgs/__init__.py
[1.318s] -- Up-to-date: /home/mike/ros2_can_test/install/can_msgs/local/lib/python3.10/dist-packages/can_msgs/_can_msgs_s.ep.rosidl_typesupport_introspection_c.c
[1.318s] -- Up-to-date: /home/mike/ros2_can_test/install/can_msgs/local/lib/python3.10/dist-packages/can_msgs/can_msgs_s__rosidl_typesupport_introspection_c.cpython-310-x86_64-linux-gnu.so
[1.318s] -- Up-to-date: /home/mike/ros2_can_test/install/can_msgs/local/lib/python3.10/dist-packages/can_msgs/libcan_msgs__rosidl_generator_py.so
[1.318s] -- Up-to-date: /home/mike/ros2_can_test/install/can_msgs/local/lib/python3.10/dist-packages/can_msgs/_can_msgs_s.ep.rosidl_typesupport_c.c
[1.319s] -- Up-to-date: /home/mike/ros2_can_test/install/can_msgs/local/lib/python3.10/dist-packages/can_msgs/_can_msgs_s.ep.rosidl_typesupport_fastrtps_c.c
[1.319s] -- Up-to-date: /home/mike/ros2_can_test/install/can_msgs/local/lib/python3.10/dist-packages/can_msgs/can_msgs_s__rosidl_typesupport_fastrtps_c.cpython-310-x86_64-linux-gnu.so
[1.383s] Listing '/home/mike/ros2_can_test/install/can_msgs/local/lib/python3.10/dist-packages/can_msgs'...
[1.384s] Listing '/home/mike/ros2_can_test/install/can_msgs/local/lib/python3.10/dist-packages/can_msgs/msg'...
[1.391s] -- Up-to-date: /home/mike/ros2_can_test/install/can_msgs/local/lib/python3.10/dist-packages/can_msgs/can_msgs_s__rosidl_typesupport_fastrtps_c.cpython-310-x86_64-linux-gnu.so
[1.392s] -- Up-to-date: /home/mike/ros2_can_test/install/can_msgs/local/lib/python3.10/dist-packages/can_msgs/can_msgs_s__rosidl_typesupport_introspection_c.cpython-310-x86_64-linux-gnu.so
[1.393s] -- Up-to-date: /home/mike/ros2_can_test/install/can_msgs/local/lib/python3.10/dist-packages/can_msgs/can_msgs_s__rosidl_typesupport_c.cpython-310-x86_64-linux-gnu.so
[1.393s] -- Up-to-date: /home/mike/ros2_can_test/install/can_msgs/lib/libcan_msgs__rosidl_generator_py.so
[1.394s] -- Up-to-date: /home/mike/ros2_can_test/install/can_msgs/share/can_msgs/msg/Frame.idl
[1.395s] -- Up-to-date: /home/mike/ros2_can_test/install/can_msgs/share/can_msgs/msg/Frame.msg
[1.396s] -- Up-to-date: /home/mike/ros2_can_test/install/can_msgs/share/ament_index/resource_index/package_run_dependencies/can_msgs
[1.397s] -- Up-to-date: /home/mike/ros2_can_test/install/can_msgs/share/ament_index/resource_index/parent_prefix_path/can_msgs
[1.398s] -- Up-to-date: /home/mike/ros2_can_test/install/can_msgs/share/can_msgs/environment/ament_prefix_path.sh
[1.398s] -- Up-to-date: /home/mike/ros2_can_test/install/can_msgs/share/can_msgs/environment/ament_prefix_path.dsv
[1.398s] -- Up-to-date: /home/mike/ros2_can_test/install/can_msgs/share/can_msgs/environment/path.sh
[1.398s] -- Up-to-date: /home/mike/ros2_can_test/install/can_msgs/share/can_msgs/environment/path.dsv
[1.399s] -- Up-to-date: /home/mike/ros2_can_test/install/can_msgs/share/can_msgs/local_setup.bash
[1.399s] -- Up-to-date: /home/mike/ros2_can_test/install/can_msgs/share/can_msgs/local_setup.sh
[1.399s] -- Up-to-date: /home/mike/ros2_can_test/install/can_msgs/share/can_msgs/local_setup.zsh
[1.399s] -- Up-to-date: /home/mike/ros2_can_test/install/can_msgs/share/can_msgs/local_setup.dsv
[1.399s] -- Installing: /home/mike/ros2_can_test/install/can_msgs/share/can_msgs/package.dsv
[1.400s] -- Up-to-date: /home/mike/ros2_can_test/install/can_msgs/share/ament_index/resource_index/packages/can_msgs
[1.400s] -- Up-to-date: /home/mike/ros2_can_test/install/can_msgs/share/can_msgs/cmake/export_can_msgs__rosidl_generator_cExport.cmake
[1.400s] -- Up-to-date: /home/mike/ros2_can_test/install/can_msgs/share/can_msgs/cmake/export_can_msgs__rosidl_generator_cExport-noconfig.cmake
[1.400s] -- Up-to-date: /home/mike/ros2_can_test/install/can_msgs/share/can_msgs/cmake/export_can_msgs__rosidl_typesupport_fastrtps_cExport.cmake
[1.400s] -- Up-to-date: /home/mike/ros2_can_test/install/can_msgs/share/can_msgs/cmake/export_can_msgs__rosidl_typesupport_fastrtps_cExport-noconfig.cmake
[1.400s] -- Up-to-date: /home/mike/ros2_can_test/install/can_msgs/share/can_msgs/cmake/export_can_msgs__rosidl_generator_cppExport.cmake
[1.401s] -- Up-to-date: /home/mike/ros2_can_test/install/can_msgs/share/can_msgs/cmake/export_can_msgs__rosidl_typesupport_fastrtps_cppExport.cmake
[1.401s] -- Up-to-date: /home/mike/ros2_can_test/install/can_msgs/share/can_msgs/cmake/export_can_msgs__rosidl_typesupport_fastrtps_cppExport-noconfig.cmake
[1.401s] -- Up-to-date: /home/mike/ros2_can_test/install/can_msgs/share/can_msgs/cmake/can_msgs__rosidl_typesupport_introspection_cExport.cmake
[1.402s] -- Up-to-date: /home/mike/ros2_can_test/install/can_msgs/share/can_msgs/cmake/can_msgs__rosidl_typesupport_introspection_cExport-noconfig.cmake
[1.402s] -- Up-to-date: /home/mike/ros2_can_test/install/can_msgs/share/can_msgs/cmake/can_msgs__rosidl_typesupport_cExport.cmake
[1.402s] -- Up-to-date: /home/mike/ros2_can_test/install/can_msgs/share/can_msgs/cmake/can_msgs__rosidl_typesupport_cExport-noconfig.cmake
[1.402s] -- Up-to-date: /home/mike/ros2_can_test/install/can_msgs/share/can_msgs/cmake/can_msgs__rosidl_typesupport_introspection_cppExport.cmake
[1.402s] -- Up-to-date: /home/mike/ros2_can_test/install/can_msgs/share/can_msgs/cmake/can_msgs__rosidl_typesupport_introspection_cppExport-noconfig.cmake
[1.403s] -- Up-to-date: /home/mike/ros2_can_test/install/can_msgs/share/can_msgs/cmake/can_msgs__rosidl_typesupport_cppExport.cmake
[1.403s] -- Up-to-date: /home/mike/ros2_can_test/install/can_msgs/share/can_msgs/cmake/can_msgs__rosidl_typesupport_cppExport-noconfig.cmake
[1.403s] -- Up-to-date: /home/mike/ros2_can_test/install/can_msgs/share/can_msgs/cmake/export_can_msgs__rosidl_generator_pyExport.cmake
[1.403s] -- Up-to-date: /home/mike/ros2_can_test/install/can_msgs/share/can_msgs/cmake/export_can_msgs__rosidl_generator_pyExport-noconfig.cmake
[1.403s] -- Up-to-date: /home/mike/ros2_can_test/install/can_msgs/share/can_msgs/cmake/rosidl_cmake-extras.cmake
[1.403s] -- Up-to-date: /home/mike/ros2_can_test/install/can_msgs/share/can_msgs/cmake/ament_cmake_export_dependencies-extras.cmake
[1.403s] -- Up-to-date: /home/mike/ros2_can_test/install/can_msgs/share/can_msgs/cmake/ament_cmake_export_include_directories-extras.cmake
[1.404s] -- Up-to-date: /home/mike/ros2_can_test/install/can_msgs/share/can_msgs/cmake/ament_cmake_export_libraries-extras.cmake
[1.404s] -- Up-to-date: /home/mike/ros2_can_test/install/can_msgs/share/can_msgs/cmake/ament_cmake_export_targets-extras.cmake
[1.404s] -- Up-to-date: /home/mike/ros2_can_test/install/can_msgs/share/can_msgs/cmake/rosidl_cmake_export_typesupport_targets-extras.cmake
[1.404s] -- Up-to-date: /home/mike/ros2_can_test/install/can_msgs/share/can_msgs/cmake/rosidl_cmake_export_typesupport_libraries-extras.cmake
[1.404s] -- Up-to-date: /home/mike/ros2_can_test/install/can_msgs/share/can_msgs/cmake/can_msgsConfig.cmake
[1.404s] -- Up-to-date: /home/mike/ros2_can_test/install/can_msgs/share/can_msgs/cmake/can_msgsConfig-version.cmake
[1.405s] -- Up-to-date: /home/mike/ros2_can_test/install/can_msgs/share/can_msgs/package.xml
[1.413s] Invoked command in '/home/mike/ros2_can_test/build/can_msgs' returned '0': CMAKE_PREFIX_PATH=${CMAKE_PREFIX_PATH}:/opt/ros/humble /home/mike/.local/bin/cmake --install /home/mike/ros2_can_test/build/can_msgs
