[ 50%] [32mBuilding CXX object CMakeFiles/motors_driver_node.dir/src/motors_driver_node.cpp.o[0m
[100%] [32m[1mLinking CXX executable motors_driver_node[0m
[100%] Built target motors_driver_node
-- Install configuration: ""
-- Installing: /home/mike/ros2_can_test/install/zlac8015d/lib/zlac8015d/motors_driver_node
-- Set runtime path of "/home/mike/ros2_can_test/install/zlac8015d/lib/zlac8015d/motors_driver_node" to ""
-- Up-to-date: /home/mike/ros2_can_test/install/zlac8015d/share/ament_index/resource_index/package_run_dependencies/zlac8015d
-- Up-to-date: /home/mike/ros2_can_test/install/zlac8015d/share/ament_index/resource_index/parent_prefix_path/zlac8015d
-- Up-to-date: /home/mike/ros2_can_test/install/zlac8015d/share/zlac8015d/environment/ament_prefix_path.sh
-- Up-to-date: /home/mike/ros2_can_test/install/zlac8015d/share/zlac8015d/environment/ament_prefix_path.dsv
-- Up-to-date: /home/mike/ros2_can_test/install/zlac8015d/share/zlac8015d/environment/path.sh
-- Up-to-date: /home/mike/ros2_can_test/install/zlac8015d/share/zlac8015d/environment/path.dsv
-- Up-to-date: /home/mike/ros2_can_test/install/zlac8015d/share/zlac8015d/local_setup.bash
-- Up-to-date: /home/mike/ros2_can_test/install/zlac8015d/share/zlac8015d/local_setup.sh
-- Up-to-date: /home/mike/ros2_can_test/install/zlac8015d/share/zlac8015d/local_setup.zsh
-- Up-to-date: /home/mike/ros2_can_test/install/zlac8015d/share/zlac8015d/local_setup.dsv
-- Installing: /home/mike/ros2_can_test/install/zlac8015d/share/zlac8015d/package.dsv
-- Up-to-date: /home/mike/ros2_can_test/install/zlac8015d/share/ament_index/resource_index/packages/zlac8015d
-- Up-to-date: /home/mike/ros2_can_test/install/zlac8015d/share/zlac8015d/cmake/zlac8015dConfig.cmake
-- Up-to-date: /home/mike/ros2_can_test/install/zlac8015d/share/zlac8015d/cmake/zlac8015dConfig-version.cmake
-- Up-to-date: /home/mike/ros2_can_test/install/zlac8015d/share/zlac8015d/package.xml
