[0.213s] Invoking command in '/home/mike/ros2_can_test/build/zlac8015d': CMAKE_PREFIX_PATH=/home/mike/ros2_can_test/install/can_msgs:/home/mike/ros2_can_test/install/zlac8015d:/home/mike/ros2_can_test/install/ros2socketcan_bridge:/home/mike/ros2_can_test/install/overlord100_msgs:/opt/ros/humble LD_LIBRARY_PATH=/home/mike/ros2_can_test/install/can_msgs/lib:/home/mike/ros2_can_test/install/overlord100_msgs/lib:/usr/lib/x86_64-linux-gnu/gazebo-11/plugins:/opt/ros/humble/opt/rviz_ogre_vendor/lib:/opt/ros/humble/lib/x86_64-linux-gnu:/opt/ros/humble/lib /home/mike/.local/bin/cmake --build /home/mike/ros2_can_test/build/zlac8015d -- -j4 -l4
[0.413s] [ 50%] [32mBuilding CXX object CMakeFiles/motors_driver_node.dir/src/motors_driver_node.cpp.o[0m
[15.083s] [100%] [32m[1mLinking CXX executable motors_driver_node[0m
[16.003s] [100%] Built target motors_driver_node
[16.037s] Invoked command in '/home/mike/ros2_can_test/build/zlac8015d' returned '0': CMAKE_PREFIX_PATH=/home/mike/ros2_can_test/install/can_msgs:/home/mike/ros2_can_test/install/zlac8015d:/home/mike/ros2_can_test/install/ros2socketcan_bridge:/home/mike/ros2_can_test/install/overlord100_msgs:/opt/ros/humble LD_LIBRARY_PATH=/home/mike/ros2_can_test/install/can_msgs/lib:/home/mike/ros2_can_test/install/overlord100_msgs/lib:/usr/lib/x86_64-linux-gnu/gazebo-11/plugins:/opt/ros/humble/opt/rviz_ogre_vendor/lib:/opt/ros/humble/lib/x86_64-linux-gnu:/opt/ros/humble/lib /home/mike/.local/bin/cmake --build /home/mike/ros2_can_test/build/zlac8015d -- -j4 -l4
[16.152s] Invoking command in '/home/mike/ros2_can_test/build/zlac8015d': CMAKE_PREFIX_PATH=/home/mike/ros2_can_test/install/can_msgs:/home/mike/ros2_can_test/install/zlac8015d:/home/mike/ros2_can_test/install/ros2socketcan_bridge:/home/mike/ros2_can_test/install/overlord100_msgs:/opt/ros/humble LD_LIBRARY_PATH=/home/mike/ros2_can_test/install/can_msgs/lib:/home/mike/ros2_can_test/install/overlord100_msgs/lib:/usr/lib/x86_64-linux-gnu/gazebo-11/plugins:/opt/ros/humble/opt/rviz_ogre_vendor/lib:/opt/ros/humble/lib/x86_64-linux-gnu:/opt/ros/humble/lib /home/mike/.local/bin/cmake --install /home/mike/ros2_can_test/build/zlac8015d
[16.215s] -- Install configuration: ""
[16.217s] -- Installing: /home/mike/ros2_can_test/install/zlac8015d/lib/zlac8015d/motors_driver_node
[16.228s] -- Set runtime path of "/home/mike/ros2_can_test/install/zlac8015d/lib/zlac8015d/motors_driver_node" to ""
[16.229s] -- Up-to-date: /home/mike/ros2_can_test/install/zlac8015d/share/ament_index/resource_index/package_run_dependencies/zlac8015d
[16.229s] -- Up-to-date: /home/mike/ros2_can_test/install/zlac8015d/share/ament_index/resource_index/parent_prefix_path/zlac8015d
[16.229s] -- Up-to-date: /home/mike/ros2_can_test/install/zlac8015d/share/zlac8015d/environment/ament_prefix_path.sh
[16.229s] -- Up-to-date: /home/mike/ros2_can_test/install/zlac8015d/share/zlac8015d/environment/ament_prefix_path.dsv
[16.230s] -- Up-to-date: /home/mike/ros2_can_test/install/zlac8015d/share/zlac8015d/environment/path.sh
[16.230s] -- Up-to-date: /home/mike/ros2_can_test/install/zlac8015d/share/zlac8015d/environment/path.dsv
[16.230s] -- Up-to-date: /home/mike/ros2_can_test/install/zlac8015d/share/zlac8015d/local_setup.bash
[16.230s] -- Up-to-date: /home/mike/ros2_can_test/install/zlac8015d/share/zlac8015d/local_setup.sh
[16.230s] -- Up-to-date: /home/mike/ros2_can_test/install/zlac8015d/share/zlac8015d/local_setup.zsh
[16.230s] -- Up-to-date: /home/mike/ros2_can_test/install/zlac8015d/share/zlac8015d/local_setup.dsv
[16.231s] -- Installing: /home/mike/ros2_can_test/install/zlac8015d/share/zlac8015d/package.dsv
[16.231s] -- Up-to-date: /home/mike/ros2_can_test/install/zlac8015d/share/ament_index/resource_index/packages/zlac8015d
[16.231s] -- Up-to-date: /home/mike/ros2_can_test/install/zlac8015d/share/zlac8015d/cmake/zlac8015dConfig.cmake
[16.231s] -- Up-to-date: /home/mike/ros2_can_test/install/zlac8015d/share/zlac8015d/cmake/zlac8015dConfig-version.cmake
[16.231s] -- Up-to-date: /home/mike/ros2_can_test/install/zlac8015d/share/zlac8015d/package.xml
[16.243s] Invoked command in '/home/mike/ros2_can_test/build/zlac8015d' returned '0': CMAKE_PREFIX_PATH=/home/mike/ros2_can_test/install/can_msgs:/home/mike/ros2_can_test/install/zlac8015d:/home/mike/ros2_can_test/install/ros2socketcan_bridge:/home/mike/ros2_can_test/install/overlord100_msgs:/opt/ros/humble LD_LIBRARY_PATH=/home/mike/ros2_can_test/install/can_msgs/lib:/home/mike/ros2_can_test/install/overlord100_msgs/lib:/usr/lib/x86_64-linux-gnu/gazebo-11/plugins:/opt/ros/humble/opt/rviz_ogre_vendor/lib:/opt/ros/humble/lib/x86_64-linux-gnu:/opt/ros/humble/lib /home/mike/.local/bin/cmake --install /home/mike/ros2_can_test/build/zlac8015d
