[2.048s] DEBUG:colcon:Command line arguments: ['/usr/bin/colcon', 'build']
[2.048s] DEBUG:colcon:Parsed command line arguments: Namespace(log_base=None, log_level=None, verb_name='build', build_base='build', install_base='install', merge_install=False, symlink_install=False, test_result_base=None, continue_on_error=False, executor='parallel', parallel_workers=4, event_handlers=None, ignore_user_meta=False, metas=['./colcon.meta'], base_paths=['.'], packages_ignore=None, packages_ignore_regex=None, paths=None, packages_up_to=None, packages_up_to_regex=None, packages_above=None, packages_above_and_dependencies=None, packages_above_depth=None, packages_select_by_dep=None, packages_skip_by_dep=None, packages_skip_up_to=None, packages_select_build_failed=False, packages_skip_build_finished=False, packages_select_test_failures=False, packages_skip_test_passed=False, packages_select=None, packages_skip=None, packages_select_regex=None, packages_skip_regex=None, packages_start=None, packages_end=None, allow_overriding=[], cmake_args=None, cmake_target=None, cmake_target_skip_unavailable=False, cmake_clean_cache=False, cmake_clean_first=False, cmake_force_configure=False, ament_cmake_args=None, catkin_cmake_args=None, catkin_skip_building_tests=False, verb_parser=<colcon_defaults.argument_parser.defaults.DefaultArgumentsDecorator object at 0x7f55b990b2e0>, verb_extension=<colcon_core.verb.build.BuildVerb object at 0x7f55b990b490>, main=<bound method BuildVerb.main of <colcon_core.verb.build.BuildVerb object at 0x7f55b990b490>>)
[2.134s] Level 1:colcon.colcon_core.package_discovery:discover_packages(colcon_meta) check parameters
[2.134s] Level 1:colcon.colcon_core.package_discovery:discover_packages(recursive) check parameters
[2.134s] Level 1:colcon.colcon_core.package_discovery:discover_packages(ignore) check parameters
[2.134s] Level 1:colcon.colcon_core.package_discovery:discover_packages(path) check parameters
[2.134s] Level 1:colcon.colcon_core.package_discovery:discover_packages(colcon_meta) discover
[2.135s] Level 1:colcon.colcon_core.package_discovery:discover_packages(recursive) discover
[2.135s] INFO:colcon.colcon_core.package_discovery:Crawling recursively for packages in '/home/mike/ros2_can_test'
[2.135s] Level 1:colcon.colcon_core.package_identification:_identify(.) by extensions ['ignore', 'ignore_ament_install']
[2.135s] Level 1:colcon.colcon_core.package_identification:_identify(.) by extension 'ignore'
[2.135s] Level 1:colcon.colcon_core.package_identification:_identify(.) by extension 'ignore_ament_install'
[2.135s] Level 1:colcon.colcon_core.package_identification:_identify(.) by extensions ['colcon_pkg']
[2.135s] Level 1:colcon.colcon_core.package_identification:_identify(.) by extension 'colcon_pkg'
[2.136s] Level 1:colcon.colcon_core.package_identification:_identify(.) by extensions ['colcon_meta']
[2.136s] Level 1:colcon.colcon_core.package_identification:_identify(.) by extension 'colcon_meta'
[2.136s] Level 1:colcon.colcon_core.package_identification:_identify(.) by extensions ['ros']
[2.136s] Level 1:colcon.colcon_core.package_identification:_identify(.) by extension 'ros'
[2.163s] Level 1:colcon.colcon_core.package_identification:_identify(.) by extensions ['cmake', 'python']
[2.163s] Level 1:colcon.colcon_core.package_identification:_identify(.) by extension 'cmake'
[2.163s] Level 1:colcon.colcon_core.package_identification:_identify(.) by extension 'python'
[2.163s] Level 1:colcon.colcon_core.package_identification:_identify(.) by extensions ['python_setup_py']
[2.163s] Level 1:colcon.colcon_core.package_identification:_identify(.) by extension 'python_setup_py'
[2.163s] Level 1:colcon.colcon_core.package_identification:_identify(build) by extensions ['ignore', 'ignore_ament_install']
[2.164s] Level 1:colcon.colcon_core.package_identification:_identify(build) by extension 'ignore'
[2.164s] Level 1:colcon.colcon_core.package_identification:_identify(build) ignored
[2.164s] Level 1:colcon.colcon_core.package_identification:_identify(install) by extensions ['ignore', 'ignore_ament_install']
[2.164s] Level 1:colcon.colcon_core.package_identification:_identify(install) by extension 'ignore'
[2.164s] Level 1:colcon.colcon_core.package_identification:_identify(install) ignored
[2.165s] Level 1:colcon.colcon_core.package_identification:_identify(log) by extensions ['ignore', 'ignore_ament_install']
[2.165s] Level 1:colcon.colcon_core.package_identification:_identify(log) by extension 'ignore'
[2.165s] Level 1:colcon.colcon_core.package_identification:_identify(log) ignored
[2.165s] Level 1:colcon.colcon_core.package_identification:_identify(src) by extensions ['ignore', 'ignore_ament_install']
[2.165s] Level 1:colcon.colcon_core.package_identification:_identify(src) by extension 'ignore'
[2.166s] Level 1:colcon.colcon_core.package_identification:_identify(src) by extension 'ignore_ament_install'
[2.166s] Level 1:colcon.colcon_core.package_identification:_identify(src) by extensions ['colcon_pkg']
[2.166s] Level 1:colcon.colcon_core.package_identification:_identify(src) by extension 'colcon_pkg'
[2.166s] Level 1:colcon.colcon_core.package_identification:_identify(src) by extensions ['colcon_meta']
[2.166s] Level 1:colcon.colcon_core.package_identification:_identify(src) by extension 'colcon_meta'
[2.166s] Level 1:colcon.colcon_core.package_identification:_identify(src) by extensions ['ros']
[2.166s] Level 1:colcon.colcon_core.package_identification:_identify(src) by extension 'ros'
[2.166s] Level 1:colcon.colcon_core.package_identification:_identify(src) by extensions ['cmake', 'python']
[2.166s] Level 1:colcon.colcon_core.package_identification:_identify(src) by extension 'cmake'
[2.167s] Level 1:colcon.colcon_core.package_identification:_identify(src) by extension 'python'
[2.167s] Level 1:colcon.colcon_core.package_identification:_identify(src) by extensions ['python_setup_py']
[2.167s] Level 1:colcon.colcon_core.package_identification:_identify(src) by extension 'python_setup_py'
[2.167s] Level 1:colcon.colcon_core.package_identification:_identify(src/can_msgs) by extensions ['ignore', 'ignore_ament_install']
[2.167s] Level 1:colcon.colcon_core.package_identification:_identify(src/can_msgs) by extension 'ignore'
[2.167s] Level 1:colcon.colcon_core.package_identification:_identify(src/can_msgs) by extension 'ignore_ament_install'
[2.168s] Level 1:colcon.colcon_core.package_identification:_identify(src/can_msgs) by extensions ['colcon_pkg']
[2.168s] Level 1:colcon.colcon_core.package_identification:_identify(src/can_msgs) by extension 'colcon_pkg'
[2.168s] Level 1:colcon.colcon_core.package_identification:_identify(src/can_msgs) by extensions ['colcon_meta']
[2.168s] Level 1:colcon.colcon_core.package_identification:_identify(src/can_msgs) by extension 'colcon_meta'
[2.168s] Level 1:colcon.colcon_core.package_identification:_identify(src/can_msgs) by extensions ['ros']
[2.168s] Level 1:colcon.colcon_core.package_identification:_identify(src/can_msgs) by extension 'ros'
[2.174s] DEBUG:colcon.colcon_core.package_identification:Package 'src/can_msgs' with type 'ros.ament_cmake' and name 'can_msgs'
[2.175s] Level 1:colcon.colcon_core.package_identification:_identify(src/overlord100_msgs) by extensions ['ignore', 'ignore_ament_install']
[2.175s] Level 1:colcon.colcon_core.package_identification:_identify(src/overlord100_msgs) by extension 'ignore'
[2.175s] Level 1:colcon.colcon_core.package_identification:_identify(src/overlord100_msgs) by extension 'ignore_ament_install'
[2.175s] Level 1:colcon.colcon_core.package_identification:_identify(src/overlord100_msgs) by extensions ['colcon_pkg']
[2.175s] Level 1:colcon.colcon_core.package_identification:_identify(src/overlord100_msgs) by extension 'colcon_pkg'
[2.175s] Level 1:colcon.colcon_core.package_identification:_identify(src/overlord100_msgs) by extensions ['colcon_meta']
[2.176s] Level 1:colcon.colcon_core.package_identification:_identify(src/overlord100_msgs) by extension 'colcon_meta'
[2.176s] Level 1:colcon.colcon_core.package_identification:_identify(src/overlord100_msgs) by extensions ['ros']
[2.176s] Level 1:colcon.colcon_core.package_identification:_identify(src/overlord100_msgs) by extension 'ros'
[2.177s] DEBUG:colcon.colcon_core.package_identification:Package 'src/overlord100_msgs' with type 'ros.ament_cmake' and name 'overlord100_msgs'
[2.178s] Level 1:colcon.colcon_core.package_identification:_identify(src/ros2socketcan_bridge) by extensions ['ignore', 'ignore_ament_install']
[2.178s] Level 1:colcon.colcon_core.package_identification:_identify(src/ros2socketcan_bridge) by extension 'ignore'
[2.178s] Level 1:colcon.colcon_core.package_identification:_identify(src/ros2socketcan_bridge) by extension 'ignore_ament_install'
[2.178s] Level 1:colcon.colcon_core.package_identification:_identify(src/ros2socketcan_bridge) by extensions ['colcon_pkg']
[2.179s] Level 1:colcon.colcon_core.package_identification:_identify(src/ros2socketcan_bridge) by extension 'colcon_pkg'
[2.179s] Level 1:colcon.colcon_core.package_identification:_identify(src/ros2socketcan_bridge) by extensions ['colcon_meta']
[2.179s] Level 1:colcon.colcon_core.package_identification:_identify(src/ros2socketcan_bridge) by extension 'colcon_meta'
[2.179s] Level 1:colcon.colcon_core.package_identification:_identify(src/ros2socketcan_bridge) by extensions ['ros']
[2.179s] Level 1:colcon.colcon_core.package_identification:_identify(src/ros2socketcan_bridge) by extension 'ros'
[2.181s] DEBUG:colcon.colcon_core.package_identification:Package 'src/ros2socketcan_bridge' with type 'ros.ament_cmake' and name 'ros2socketcan_bridge'
[2.181s] Level 1:colcon.colcon_core.package_identification:_identify(src/zlac8015d) by extensions ['ignore', 'ignore_ament_install']
[2.181s] Level 1:colcon.colcon_core.package_identification:_identify(src/zlac8015d) by extension 'ignore'
[2.182s] Level 1:colcon.colcon_core.package_identification:_identify(src/zlac8015d) by extension 'ignore_ament_install'
[2.182s] Level 1:colcon.colcon_core.package_identification:_identify(src/zlac8015d) by extensions ['colcon_pkg']
[2.182s] Level 1:colcon.colcon_core.package_identification:_identify(src/zlac8015d) by extension 'colcon_pkg'
[2.182s] Level 1:colcon.colcon_core.package_identification:_identify(src/zlac8015d) by extensions ['colcon_meta']
[2.182s] Level 1:colcon.colcon_core.package_identification:_identify(src/zlac8015d) by extension 'colcon_meta'
[2.182s] Level 1:colcon.colcon_core.package_identification:_identify(src/zlac8015d) by extensions ['ros']
[2.182s] Level 1:colcon.colcon_core.package_identification:_identify(src/zlac8015d) by extension 'ros'
[2.184s] DEBUG:colcon.colcon_core.package_identification:Package 'src/zlac8015d' with type 'ros.ament_cmake' and name 'zlac8015d'
[2.184s] Level 1:colcon.colcon_core.package_discovery:discover_packages(recursive) using defaults
[2.184s] Level 1:colcon.colcon_core.package_discovery:discover_packages(ignore) discover
[2.185s] Level 1:colcon.colcon_core.package_discovery:discover_packages(ignore) using defaults
[2.185s] Level 1:colcon.colcon_core.package_discovery:discover_packages(path) discover
[2.185s] Level 1:colcon.colcon_core.package_discovery:discover_packages(path) using defaults
[2.414s] Level 1:colcon.colcon_core.package_discovery:discover_packages(prefix_path) check parameters
[2.414s] Level 1:colcon.colcon_core.package_discovery:discover_packages(prefix_path) discover
[2.451s] WARNING:colcon.colcon_ros.prefix_path.ament:The path '/home/mike/ros2_can_test/install/wheels_data' in the environment variable AMENT_PREFIX_PATH doesn't exist
[2.451s] WARNING:colcon.colcon_ros.prefix_path.catkin:The path '/home/mike/ros2_can_test/install/wheels_data' in the environment variable CMAKE_PREFIX_PATH doesn't exist
[2.484s] DEBUG:colcon.colcon_installed_package_information.package_discovery:Found 4 installed packages in /home/mike/ros2_can_test/install
[2.517s] DEBUG:colcon.colcon_installed_package_information.package_discovery:Found 298 installed packages in /opt/ros/humble
[2.519s] Level 1:colcon.colcon_core.package_discovery:discover_packages(prefix_path) using defaults
[2.723s] Level 5:colcon.colcon_core.verb:set package 'can_msgs' build argument 'cmake_args' from command line to 'None'
[2.724s] Level 5:colcon.colcon_core.verb:set package 'can_msgs' build argument 'cmake_target' from command line to 'None'
[2.724s] Level 5:colcon.colcon_core.verb:set package 'can_msgs' build argument 'cmake_target_skip_unavailable' from command line to 'False'
[2.724s] Level 5:colcon.colcon_core.verb:set package 'can_msgs' build argument 'cmake_clean_cache' from command line to 'False'
[2.724s] Level 5:colcon.colcon_core.verb:set package 'can_msgs' build argument 'cmake_clean_first' from command line to 'False'
[2.724s] Level 5:colcon.colcon_core.verb:set package 'can_msgs' build argument 'cmake_force_configure' from command line to 'False'
[2.724s] Level 5:colcon.colcon_core.verb:set package 'can_msgs' build argument 'ament_cmake_args' from command line to 'None'
[2.724s] Level 5:colcon.colcon_core.verb:set package 'can_msgs' build argument 'catkin_cmake_args' from command line to 'None'
[2.724s] Level 5:colcon.colcon_core.verb:set package 'can_msgs' build argument 'catkin_skip_building_tests' from command line to 'False'
[2.724s] DEBUG:colcon.colcon_core.verb:Building package 'can_msgs' with the following arguments: {'ament_cmake_args': None, 'build_base': '/home/mike/ros2_can_test/build/can_msgs', 'catkin_cmake_args': None, 'catkin_skip_building_tests': False, 'cmake_args': None, 'cmake_clean_cache': False, 'cmake_clean_first': False, 'cmake_force_configure': False, 'cmake_target': None, 'cmake_target_skip_unavailable': False, 'install_base': '/home/mike/ros2_can_test/install/can_msgs', 'merge_install': False, 'path': '/home/mike/ros2_can_test/src/can_msgs', 'symlink_install': False, 'test_result_base': None}
[2.759s] Level 5:colcon.colcon_core.verb:set package 'overlord100_msgs' build argument 'cmake_args' from command line to 'None'
[2.759s] Level 5:colcon.colcon_core.verb:set package 'overlord100_msgs' build argument 'cmake_target' from command line to 'None'
[2.759s] Level 5:colcon.colcon_core.verb:set package 'overlord100_msgs' build argument 'cmake_target_skip_unavailable' from command line to 'False'
[2.759s] Level 5:colcon.colcon_core.verb:set package 'overlord100_msgs' build argument 'cmake_clean_cache' from command line to 'False'
[2.759s] Level 5:colcon.colcon_core.verb:set package 'overlord100_msgs' build argument 'cmake_clean_first' from command line to 'False'
[2.759s] Level 5:colcon.colcon_core.verb:set package 'overlord100_msgs' build argument 'cmake_force_configure' from command line to 'False'
[2.759s] Level 5:colcon.colcon_core.verb:set package 'overlord100_msgs' build argument 'ament_cmake_args' from command line to 'None'
[2.759s] Level 5:colcon.colcon_core.verb:set package 'overlord100_msgs' build argument 'catkin_cmake_args' from command line to 'None'
[2.759s] Level 5:colcon.colcon_core.verb:set package 'overlord100_msgs' build argument 'catkin_skip_building_tests' from command line to 'False'
[2.760s] DEBUG:colcon.colcon_core.verb:Building package 'overlord100_msgs' with the following arguments: {'ament_cmake_args': None, 'build_base': '/home/mike/ros2_can_test/build/overlord100_msgs', 'catkin_cmake_args': None, 'catkin_skip_building_tests': False, 'cmake_args': None, 'cmake_clean_cache': False, 'cmake_clean_first': False, 'cmake_force_configure': False, 'cmake_target': None, 'cmake_target_skip_unavailable': False, 'install_base': '/home/mike/ros2_can_test/install/overlord100_msgs', 'merge_install': False, 'path': '/home/mike/ros2_can_test/src/overlord100_msgs', 'symlink_install': False, 'test_result_base': None}
[2.802s] Level 5:colcon.colcon_core.verb:set package 'ros2socketcan_bridge' build argument 'cmake_args' from command line to 'None'
[2.802s] Level 5:colcon.colcon_core.verb:set package 'ros2socketcan_bridge' build argument 'cmake_target' from command line to 'None'
[2.802s] Level 5:colcon.colcon_core.verb:set package 'ros2socketcan_bridge' build argument 'cmake_target_skip_unavailable' from command line to 'False'
[2.803s] Level 5:colcon.colcon_core.verb:set package 'ros2socketcan_bridge' build argument 'cmake_clean_cache' from command line to 'False'
[2.803s] Level 5:colcon.colcon_core.verb:set package 'ros2socketcan_bridge' build argument 'cmake_clean_first' from command line to 'False'
[2.803s] Level 5:colcon.colcon_core.verb:set package 'ros2socketcan_bridge' build argument 'cmake_force_configure' from command line to 'False'
[2.803s] Level 5:colcon.colcon_core.verb:set package 'ros2socketcan_bridge' build argument 'ament_cmake_args' from command line to 'None'
[2.803s] Level 5:colcon.colcon_core.verb:set package 'ros2socketcan_bridge' build argument 'catkin_cmake_args' from command line to 'None'
[2.803s] Level 5:colcon.colcon_core.verb:set package 'ros2socketcan_bridge' build argument 'catkin_skip_building_tests' from command line to 'False'
[2.803s] DEBUG:colcon.colcon_core.verb:Building package 'ros2socketcan_bridge' with the following arguments: {'ament_cmake_args': None, 'build_base': '/home/mike/ros2_can_test/build/ros2socketcan_bridge', 'catkin_cmake_args': None, 'catkin_skip_building_tests': False, 'cmake_args': None, 'cmake_clean_cache': False, 'cmake_clean_first': False, 'cmake_force_configure': False, 'cmake_target': None, 'cmake_target_skip_unavailable': False, 'install_base': '/home/mike/ros2_can_test/install/ros2socketcan_bridge', 'merge_install': False, 'path': '/home/mike/ros2_can_test/src/ros2socketcan_bridge', 'symlink_install': False, 'test_result_base': None}
[2.848s] Level 5:colcon.colcon_core.verb:set package 'zlac8015d' build argument 'cmake_args' from command line to 'None'
[2.848s] Level 5:colcon.colcon_core.verb:set package 'zlac8015d' build argument 'cmake_target' from command line to 'None'
[2.849s] Level 5:colcon.colcon_core.verb:set package 'zlac8015d' build argument 'cmake_target_skip_unavailable' from command line to 'False'
[2.849s] Level 5:colcon.colcon_core.verb:set package 'zlac8015d' build argument 'cmake_clean_cache' from command line to 'False'
[2.850s] Level 5:colcon.colcon_core.verb:set package 'zlac8015d' build argument 'cmake_clean_first' from command line to 'False'
[2.850s] Level 5:colcon.colcon_core.verb:set package 'zlac8015d' build argument 'cmake_force_configure' from command line to 'False'
[2.850s] Level 5:colcon.colcon_core.verb:set package 'zlac8015d' build argument 'ament_cmake_args' from command line to 'None'
[2.850s] Level 5:colcon.colcon_core.verb:set package 'zlac8015d' build argument 'catkin_cmake_args' from command line to 'None'
[2.850s] Level 5:colcon.colcon_core.verb:set package 'zlac8015d' build argument 'catkin_skip_building_tests' from command line to 'False'
[2.850s] DEBUG:colcon.colcon_core.verb:Building package 'zlac8015d' with the following arguments: {'ament_cmake_args': None, 'build_base': '/home/mike/ros2_can_test/build/zlac8015d', 'catkin_cmake_args': None, 'catkin_skip_building_tests': False, 'cmake_args': None, 'cmake_clean_cache': False, 'cmake_clean_first': False, 'cmake_force_configure': False, 'cmake_target': None, 'cmake_target_skip_unavailable': False, 'install_base': '/home/mike/ros2_can_test/install/zlac8015d', 'merge_install': False, 'path': '/home/mike/ros2_can_test/src/zlac8015d', 'symlink_install': False, 'test_result_base': None}
[2.893s] INFO:colcon.colcon_core.executor:Executing jobs using 'parallel' executor
[2.942s] DEBUG:colcon.colcon_parallel_executor.executor.parallel:run_until_complete
[2.942s] INFO:colcon.colcon_ros.task.ament_cmake.build:Building ROS package in '/home/mike/ros2_can_test/src/can_msgs' with build type 'ament_cmake'
[2.943s] INFO:colcon.colcon_cmake.task.cmake.build:Building CMake package in '/home/mike/ros2_can_test/src/can_msgs'
[3.007s] INFO:colcon.colcon_core.plugin_system:Skipping extension 'colcon_core.shell.bat': Not used on non-Windows systems
[3.007s] INFO:colcon.colcon_core.shell:Skip shell extension 'powershell' for command environment: Not usable outside of PowerShell
[3.008s] DEBUG:colcon.colcon_core.shell:Skip shell extension 'dsv' for command environment
[3.135s] INFO:colcon.colcon_ros.task.ament_cmake.build:Building ROS package in '/home/mike/ros2_can_test/src/overlord100_msgs' with build type 'ament_cmake'
[3.136s] INFO:colcon.colcon_cmake.task.cmake.build:Building CMake package in '/home/mike/ros2_can_test/src/overlord100_msgs'
[3.176s] INFO:colcon.colcon_core.shell:Skip shell extension 'powershell' for command environment: Not usable outside of PowerShell
[3.176s] DEBUG:colcon.colcon_core.shell:Skip shell extension 'dsv' for command environment
[3.311s] DEBUG:colcon.colcon_core.event_handler.log_command:Invoking command in '/home/mike/ros2_can_test/build/can_msgs': CMAKE_PREFIX_PATH=${CMAKE_PREFIX_PATH}:/opt/ros/humble /home/mike/.local/bin/cmake --build /home/mike/ros2_can_test/build/can_msgs -- -j4 -l4
[3.323s] DEBUG:colcon.colcon_core.event_handler.log_command:Invoking command in '/home/mike/ros2_can_test/build/overlord100_msgs': CMAKE_PREFIX_PATH=${CMAKE_PREFIX_PATH}:/opt/ros/humble /home/mike/.local/bin/cmake --build /home/mike/ros2_can_test/build/overlord100_msgs -- -j4 -l4
[4.561s] DEBUG:colcon.colcon_core.event_handler.log_command:Invoked command in '/home/mike/ros2_can_test/build/can_msgs' returned '0': CMAKE_PREFIX_PATH=${CMAKE_PREFIX_PATH}:/opt/ros/humble /home/mike/.local/bin/cmake --build /home/mike/ros2_can_test/build/can_msgs -- -j4 -l4
[4.782s] DEBUG:colcon.colcon_core.event_handler.log_command:Invoked command in '/home/mike/ros2_can_test/build/overlord100_msgs' returned '0': CMAKE_PREFIX_PATH=${CMAKE_PREFIX_PATH}:/opt/ros/humble /home/mike/.local/bin/cmake --build /home/mike/ros2_can_test/build/overlord100_msgs -- -j4 -l4
[4.975s] DEBUG:colcon.colcon_core.event_handler.log_command:Invoking command in '/home/mike/ros2_can_test/build/can_msgs': CMAKE_PREFIX_PATH=${CMAKE_PREFIX_PATH}:/opt/ros/humble /home/mike/.local/bin/cmake --install /home/mike/ros2_can_test/build/can_msgs
[5.016s] DEBUG:colcon.colcon_core.event_handler.log_command:Invoking command in '/home/mike/ros2_can_test/build/overlord100_msgs': CMAKE_PREFIX_PATH=${CMAKE_PREFIX_PATH}:/opt/ros/humble /home/mike/.local/bin/cmake --install /home/mike/ros2_can_test/build/overlord100_msgs
[5.260s] Level 1:colcon.colcon_core.environment:create_environment_scripts_only(can_msgs)
[5.267s] DEBUG:colcon.colcon_core.event_handler.log_command:Invoked command in '/home/mike/ros2_can_test/build/can_msgs' returned '0': CMAKE_PREFIX_PATH=${CMAKE_PREFIX_PATH}:/opt/ros/humble /home/mike/.local/bin/cmake --install /home/mike/ros2_can_test/build/can_msgs
[5.390s] Level 1:colcon.colcon_core.environment:checking '/home/mike/ros2_can_test/install/can_msgs' for CMake module files
[5.393s] Level 1:colcon.colcon_core.environment:checking '/home/mike/ros2_can_test/install/can_msgs' for CMake config files
[5.395s] Level 1:colcon.colcon_core.shell:create_environment_hook('can_msgs', 'cmake_prefix_path')
[5.433s] INFO:colcon.colcon_core.shell:Creating environment hook '/home/mike/ros2_can_test/install/can_msgs/share/can_msgs/hook/cmake_prefix_path.ps1'
[5.434s] INFO:colcon.colcon_core.shell:Creating environment descriptor '/home/mike/ros2_can_test/install/can_msgs/share/can_msgs/hook/cmake_prefix_path.dsv'
[5.435s] INFO:colcon.colcon_core.shell:Creating environment hook '/home/mike/ros2_can_test/install/can_msgs/share/can_msgs/hook/cmake_prefix_path.sh'
[5.436s] Level 1:colcon.colcon_core.environment:checking '/home/mike/ros2_can_test/install/can_msgs/lib'
[5.436s] Level 1:colcon.colcon_core.shell:create_environment_hook('can_msgs', 'ld_library_path_lib')
[5.469s] INFO:colcon.colcon_core.shell:Creating environment hook '/home/mike/ros2_can_test/install/can_msgs/share/can_msgs/hook/ld_library_path_lib.ps1'
[5.470s] INFO:colcon.colcon_core.shell:Creating environment descriptor '/home/mike/ros2_can_test/install/can_msgs/share/can_msgs/hook/ld_library_path_lib.dsv'
[5.471s] INFO:colcon.colcon_core.shell:Creating environment hook '/home/mike/ros2_can_test/install/can_msgs/share/can_msgs/hook/ld_library_path_lib.sh'
[5.471s] Level 1:colcon.colcon_core.environment:checking '/home/mike/ros2_can_test/install/can_msgs/bin'
[5.472s] Level 1:colcon.colcon_core.environment:checking '/home/mike/ros2_can_test/install/can_msgs/lib/pkgconfig/can_msgs.pc'
[5.472s] Level 1:colcon.colcon_core.environment:checking '/home/mike/ros2_can_test/install/can_msgs/lib/python3.10/site-packages'
[5.473s] Level 1:colcon.colcon_core.environment:checking '/home/mike/ros2_can_test/install/can_msgs/bin'
[5.506s] INFO:colcon.colcon_core.shell:Creating package script '/home/mike/ros2_can_test/install/can_msgs/share/can_msgs/package.ps1'
[5.508s] INFO:colcon.colcon_core.shell:Creating package descriptor '/home/mike/ros2_can_test/install/can_msgs/share/can_msgs/package.dsv'
[5.509s] INFO:colcon.colcon_core.shell:Creating package script '/home/mike/ros2_can_test/install/can_msgs/share/can_msgs/package.sh'
[5.510s] INFO:colcon.colcon_core.shell:Creating package script '/home/mike/ros2_can_test/install/can_msgs/share/can_msgs/package.bash'
[5.512s] INFO:colcon.colcon_core.shell:Creating package script '/home/mike/ros2_can_test/install/can_msgs/share/can_msgs/package.zsh'
[5.514s] Level 1:colcon.colcon_core.environment:create_file_with_runtime_dependencies(/home/mike/ros2_can_test/install/can_msgs/share/colcon-core/packages/can_msgs)
[5.517s] Level 1:colcon.colcon_core.environment:create_environment_scripts_only(overlord100_msgs)
[5.518s] DEBUG:colcon.colcon_core.event_handler.log_command:Invoked command in '/home/mike/ros2_can_test/build/overlord100_msgs' returned '0': CMAKE_PREFIX_PATH=${CMAKE_PREFIX_PATH}:/opt/ros/humble /home/mike/.local/bin/cmake --install /home/mike/ros2_can_test/build/overlord100_msgs
[5.575s] Level 1:colcon.colcon_core.environment:checking '/home/mike/ros2_can_test/install/overlord100_msgs' for CMake module files
[5.577s] Level 1:colcon.colcon_core.environment:checking '/home/mike/ros2_can_test/install/overlord100_msgs' for CMake config files
[5.579s] Level 1:colcon.colcon_core.shell:create_environment_hook('overlord100_msgs', 'cmake_prefix_path')
[5.628s] INFO:colcon.colcon_core.shell:Creating environment hook '/home/mike/ros2_can_test/install/overlord100_msgs/share/overlord100_msgs/hook/cmake_prefix_path.ps1'
[5.630s] INFO:colcon.colcon_core.shell:Creating environment descriptor '/home/mike/ros2_can_test/install/overlord100_msgs/share/overlord100_msgs/hook/cmake_prefix_path.dsv'
[5.630s] INFO:colcon.colcon_core.shell:Creating environment hook '/home/mike/ros2_can_test/install/overlord100_msgs/share/overlord100_msgs/hook/cmake_prefix_path.sh'
[5.632s] Level 1:colcon.colcon_core.environment:checking '/home/mike/ros2_can_test/install/overlord100_msgs/lib'
[5.633s] Level 1:colcon.colcon_core.shell:create_environment_hook('overlord100_msgs', 'ld_library_path_lib')
[5.691s] INFO:colcon.colcon_core.shell:Creating environment hook '/home/mike/ros2_can_test/install/overlord100_msgs/share/overlord100_msgs/hook/ld_library_path_lib.ps1'
[5.692s] INFO:colcon.colcon_core.shell:Creating environment descriptor '/home/mike/ros2_can_test/install/overlord100_msgs/share/overlord100_msgs/hook/ld_library_path_lib.dsv'
[5.693s] INFO:colcon.colcon_core.shell:Creating environment hook '/home/mike/ros2_can_test/install/overlord100_msgs/share/overlord100_msgs/hook/ld_library_path_lib.sh'
[5.694s] Level 1:colcon.colcon_core.environment:checking '/home/mike/ros2_can_test/install/overlord100_msgs/bin'
[5.695s] Level 1:colcon.colcon_core.environment:checking '/home/mike/ros2_can_test/install/overlord100_msgs/lib/pkgconfig/overlord100_msgs.pc'
[5.695s] Level 1:colcon.colcon_core.environment:checking '/home/mike/ros2_can_test/install/overlord100_msgs/lib/python3.10/site-packages'
[5.696s] Level 1:colcon.colcon_core.environment:checking '/home/mike/ros2_can_test/install/overlord100_msgs/bin'
[5.737s] INFO:colcon.colcon_core.shell:Creating package script '/home/mike/ros2_can_test/install/overlord100_msgs/share/overlord100_msgs/package.ps1'
[5.738s] INFO:colcon.colcon_core.shell:Creating package descriptor '/home/mike/ros2_can_test/install/overlord100_msgs/share/overlord100_msgs/package.dsv'
[5.739s] INFO:colcon.colcon_core.shell:Creating package script '/home/mike/ros2_can_test/install/overlord100_msgs/share/overlord100_msgs/package.sh'
[5.739s] INFO:colcon.colcon_core.shell:Creating package script '/home/mike/ros2_can_test/install/overlord100_msgs/share/overlord100_msgs/package.bash'
[5.740s] INFO:colcon.colcon_core.shell:Creating package script '/home/mike/ros2_can_test/install/overlord100_msgs/share/overlord100_msgs/package.zsh'
[5.741s] Level 1:colcon.colcon_core.environment:create_file_with_runtime_dependencies(/home/mike/ros2_can_test/install/overlord100_msgs/share/colcon-core/packages/overlord100_msgs)
[5.807s] Level 1:colcon.colcon_core.environment:create_environment_scripts_only(can_msgs)
[5.848s] Level 1:colcon.colcon_core.environment:checking '/home/mike/ros2_can_test/install/can_msgs' for CMake module files
[5.849s] Level 1:colcon.colcon_core.environment:checking '/home/mike/ros2_can_test/install/can_msgs' for CMake config files
[5.850s] Level 1:colcon.colcon_core.shell:create_environment_hook('can_msgs', 'cmake_prefix_path')
[5.912s] INFO:colcon.colcon_core.shell:Creating environment hook '/home/mike/ros2_can_test/install/can_msgs/share/can_msgs/hook/cmake_prefix_path.ps1'
[5.913s] INFO:colcon.colcon_core.shell:Creating environment descriptor '/home/mike/ros2_can_test/install/can_msgs/share/can_msgs/hook/cmake_prefix_path.dsv'
[5.914s] INFO:colcon.colcon_core.shell:Creating environment hook '/home/mike/ros2_can_test/install/can_msgs/share/can_msgs/hook/cmake_prefix_path.sh'
[5.915s] Level 1:colcon.colcon_core.environment:checking '/home/mike/ros2_can_test/install/can_msgs/lib'
[5.916s] Level 1:colcon.colcon_core.shell:create_environment_hook('can_msgs', 'ld_library_path_lib')
[5.969s] INFO:colcon.colcon_core.shell:Creating environment hook '/home/mike/ros2_can_test/install/can_msgs/share/can_msgs/hook/ld_library_path_lib.ps1'
[5.970s] INFO:colcon.colcon_core.shell:Creating environment descriptor '/home/mike/ros2_can_test/install/can_msgs/share/can_msgs/hook/ld_library_path_lib.dsv'
[5.971s] INFO:colcon.colcon_core.shell:Creating environment hook '/home/mike/ros2_can_test/install/can_msgs/share/can_msgs/hook/ld_library_path_lib.sh'
[5.972s] Level 1:colcon.colcon_core.environment:checking '/home/mike/ros2_can_test/install/can_msgs/bin'
[5.972s] Level 1:colcon.colcon_core.environment:checking '/home/mike/ros2_can_test/install/can_msgs/lib/pkgconfig/can_msgs.pc'
[5.973s] Level 1:colcon.colcon_core.environment:checking '/home/mike/ros2_can_test/install/can_msgs/lib/python3.10/site-packages'
[5.973s] Level 1:colcon.colcon_core.environment:checking '/home/mike/ros2_can_test/install/can_msgs/bin'
[6.026s] INFO:colcon.colcon_core.shell:Creating package script '/home/mike/ros2_can_test/install/can_msgs/share/can_msgs/package.ps1'
[6.028s] INFO:colcon.colcon_core.shell:Creating package descriptor '/home/mike/ros2_can_test/install/can_msgs/share/can_msgs/package.dsv'
[6.029s] INFO:colcon.colcon_core.shell:Creating package script '/home/mike/ros2_can_test/install/can_msgs/share/can_msgs/package.sh'
[6.030s] INFO:colcon.colcon_core.shell:Creating package script '/home/mike/ros2_can_test/install/can_msgs/share/can_msgs/package.bash'
[6.031s] INFO:colcon.colcon_core.shell:Creating package script '/home/mike/ros2_can_test/install/can_msgs/share/can_msgs/package.zsh'
[6.032s] Level 1:colcon.colcon_core.environment:create_file_with_runtime_dependencies(/home/mike/ros2_can_test/install/can_msgs/share/colcon-core/packages/can_msgs)
[6.033s] INFO:colcon.colcon_ros.task.ament_cmake.build:Building ROS package in '/home/mike/ros2_can_test/src/ros2socketcan_bridge' with build type 'ament_cmake'
[6.034s] INFO:colcon.colcon_cmake.task.cmake.build:Building CMake package in '/home/mike/ros2_can_test/src/ros2socketcan_bridge'
[6.087s] INFO:colcon.colcon_core.shell:Skip shell extension 'powershell' for command environment: Not usable outside of PowerShell
[6.088s] DEBUG:colcon.colcon_core.shell:Skip shell extension 'dsv' for command environment
[6.252s] INFO:colcon.colcon_ros.task.ament_cmake.build:Building ROS package in '/home/mike/ros2_can_test/src/zlac8015d' with build type 'ament_cmake'
[6.252s] INFO:colcon.colcon_cmake.task.cmake.build:Building CMake package in '/home/mike/ros2_can_test/src/zlac8015d'
[6.310s] INFO:colcon.colcon_core.shell:Skip shell extension 'powershell' for command environment: Not usable outside of PowerShell
[6.310s] DEBUG:colcon.colcon_core.shell:Skip shell extension 'dsv' for command environment
[6.531s] Level 1:colcon.colcon_core.environment:create_environment_scripts_only(overlord100_msgs)
[6.584s] Level 1:colcon.colcon_core.environment:checking '/home/mike/ros2_can_test/install/overlord100_msgs' for CMake module files
[6.585s] Level 1:colcon.colcon_core.environment:checking '/home/mike/ros2_can_test/install/overlord100_msgs' for CMake config files
[6.587s] Level 1:colcon.colcon_core.shell:create_environment_hook('overlord100_msgs', 'cmake_prefix_path')
[6.640s] INFO:colcon.colcon_core.shell:Creating environment hook '/home/mike/ros2_can_test/install/overlord100_msgs/share/overlord100_msgs/hook/cmake_prefix_path.ps1'
[6.641s] INFO:colcon.colcon_core.shell:Creating environment descriptor '/home/mike/ros2_can_test/install/overlord100_msgs/share/overlord100_msgs/hook/cmake_prefix_path.dsv'
[6.642s] INFO:colcon.colcon_core.shell:Creating environment hook '/home/mike/ros2_can_test/install/overlord100_msgs/share/overlord100_msgs/hook/cmake_prefix_path.sh'
[6.643s] Level 1:colcon.colcon_core.environment:checking '/home/mike/ros2_can_test/install/overlord100_msgs/lib'
[6.643s] Level 1:colcon.colcon_core.shell:create_environment_hook('overlord100_msgs', 'ld_library_path_lib')
[6.695s] INFO:colcon.colcon_core.shell:Creating environment hook '/home/mike/ros2_can_test/install/overlord100_msgs/share/overlord100_msgs/hook/ld_library_path_lib.ps1'
[6.696s] INFO:colcon.colcon_core.shell:Creating environment descriptor '/home/mike/ros2_can_test/install/overlord100_msgs/share/overlord100_msgs/hook/ld_library_path_lib.dsv'
[6.697s] INFO:colcon.colcon_core.shell:Creating environment hook '/home/mike/ros2_can_test/install/overlord100_msgs/share/overlord100_msgs/hook/ld_library_path_lib.sh'
[6.698s] Level 1:colcon.colcon_core.environment:checking '/home/mike/ros2_can_test/install/overlord100_msgs/bin'
[6.698s] Level 1:colcon.colcon_core.environment:checking '/home/mike/ros2_can_test/install/overlord100_msgs/lib/pkgconfig/overlord100_msgs.pc'
[6.698s] Level 1:colcon.colcon_core.environment:checking '/home/mike/ros2_can_test/install/overlord100_msgs/lib/python3.10/site-packages'
[6.699s] Level 1:colcon.colcon_core.environment:checking '/home/mike/ros2_can_test/install/overlord100_msgs/bin'
[6.752s] INFO:colcon.colcon_core.shell:Creating package script '/home/mike/ros2_can_test/install/overlord100_msgs/share/overlord100_msgs/package.ps1'
[6.754s] INFO:colcon.colcon_core.shell:Creating package descriptor '/home/mike/ros2_can_test/install/overlord100_msgs/share/overlord100_msgs/package.dsv'
[6.755s] INFO:colcon.colcon_core.shell:Creating package script '/home/mike/ros2_can_test/install/overlord100_msgs/share/overlord100_msgs/package.sh'
[6.756s] INFO:colcon.colcon_core.shell:Creating package script '/home/mike/ros2_can_test/install/overlord100_msgs/share/overlord100_msgs/package.bash'
[6.757s] INFO:colcon.colcon_core.shell:Creating package script '/home/mike/ros2_can_test/install/overlord100_msgs/share/overlord100_msgs/package.zsh'
[6.758s] Level 1:colcon.colcon_core.environment:create_file_with_runtime_dependencies(/home/mike/ros2_can_test/install/overlord100_msgs/share/colcon-core/packages/overlord100_msgs)
[6.767s] DEBUG:colcon.colcon_core.event_handler.log_command:Invoking command in '/home/mike/ros2_can_test/build/ros2socketcan_bridge': CMAKE_PREFIX_PATH=/home/mike/ros2_can_test/install/can_msgs:/home/mike/ros2_can_test/install/zlac8015d:/home/mike/ros2_can_test/install/overlord100_msgs:/home/mike/ros2_can_test/install/wheels_data:/home/mike/ros2_can_test/install/ros2socketcan_bridge:/opt/ros/humble LD_LIBRARY_PATH=/home/mike/ros2_can_test/install/can_msgs/lib:/home/mike/ros2_can_test/install/overlord100_msgs/lib:/home/mike/ros2_can_test/install/wheels_data/lib:/usr/lib/x86_64-linux-gnu/gazebo-11/plugins:/opt/ros/humble/opt/rviz_ogre_vendor/lib:/opt/ros/humble/lib/x86_64-linux-gnu:/opt/ros/humble/lib /home/mike/.local/bin/cmake --build /home/mike/ros2_can_test/build/ros2socketcan_bridge -- -j4 -l4
[6.772s] DEBUG:colcon.colcon_core.event_handler.log_command:Invoking command in '/home/mike/ros2_can_test/build/zlac8015d': CMAKE_PREFIX_PATH=/home/mike/ros2_can_test/install/can_msgs:/home/mike/ros2_can_test/install/zlac8015d:/home/mike/ros2_can_test/install/overlord100_msgs:/home/mike/ros2_can_test/install/wheels_data:/home/mike/ros2_can_test/install/ros2socketcan_bridge:/opt/ros/humble LD_LIBRARY_PATH=/home/mike/ros2_can_test/install/can_msgs/lib:/home/mike/ros2_can_test/install/overlord100_msgs/lib:/home/mike/ros2_can_test/install/wheels_data/lib:/usr/lib/x86_64-linux-gnu/gazebo-11/plugins:/opt/ros/humble/opt/rviz_ogre_vendor/lib:/opt/ros/humble/lib/x86_64-linux-gnu:/opt/ros/humble/lib /home/mike/.local/bin/cmake --build /home/mike/ros2_can_test/build/zlac8015d -- -j4 -l4
[6.969s] DEBUG:colcon.colcon_core.event_handler.log_command:Invoked command in '/home/mike/ros2_can_test/build/ros2socketcan_bridge' returned '0': CMAKE_PREFIX_PATH=/home/mike/ros2_can_test/install/can_msgs:/home/mike/ros2_can_test/install/zlac8015d:/home/mike/ros2_can_test/install/overlord100_msgs:/home/mike/ros2_can_test/install/wheels_data:/home/mike/ros2_can_test/install/ros2socketcan_bridge:/opt/ros/humble LD_LIBRARY_PATH=/home/mike/ros2_can_test/install/can_msgs/lib:/home/mike/ros2_can_test/install/overlord100_msgs/lib:/home/mike/ros2_can_test/install/wheels_data/lib:/usr/lib/x86_64-linux-gnu/gazebo-11/plugins:/opt/ros/humble/opt/rviz_ogre_vendor/lib:/opt/ros/humble/lib/x86_64-linux-gnu:/opt/ros/humble/lib /home/mike/.local/bin/cmake --build /home/mike/ros2_can_test/build/ros2socketcan_bridge -- -j4 -l4
[7.121s] DEBUG:colcon.colcon_core.event_handler.log_command:Invoking command in '/home/mike/ros2_can_test/build/ros2socketcan_bridge': CMAKE_PREFIX_PATH=/home/mike/ros2_can_test/install/can_msgs:/home/mike/ros2_can_test/install/zlac8015d:/home/mike/ros2_can_test/install/overlord100_msgs:/home/mike/ros2_can_test/install/wheels_data:/home/mike/ros2_can_test/install/ros2socketcan_bridge:/opt/ros/humble LD_LIBRARY_PATH=/home/mike/ros2_can_test/install/can_msgs/lib:/home/mike/ros2_can_test/install/overlord100_msgs/lib:/home/mike/ros2_can_test/install/wheels_data/lib:/usr/lib/x86_64-linux-gnu/gazebo-11/plugins:/opt/ros/humble/opt/rviz_ogre_vendor/lib:/opt/ros/humble/lib/x86_64-linux-gnu:/opt/ros/humble/lib /home/mike/.local/bin/cmake --install /home/mike/ros2_can_test/build/ros2socketcan_bridge
[7.227s] Level 1:colcon.colcon_core.environment:create_environment_scripts_only(ros2socketcan_bridge)
[7.232s] DEBUG:colcon.colcon_core.event_handler.log_command:Invoked command in '/home/mike/ros2_can_test/build/ros2socketcan_bridge' returned '0': CMAKE_PREFIX_PATH=/home/mike/ros2_can_test/install/can_msgs:/home/mike/ros2_can_test/install/zlac8015d:/home/mike/ros2_can_test/install/overlord100_msgs:/home/mike/ros2_can_test/install/wheels_data:/home/mike/ros2_can_test/install/ros2socketcan_bridge:/opt/ros/humble LD_LIBRARY_PATH=/home/mike/ros2_can_test/install/can_msgs/lib:/home/mike/ros2_can_test/install/overlord100_msgs/lib:/home/mike/ros2_can_test/install/wheels_data/lib:/usr/lib/x86_64-linux-gnu/gazebo-11/plugins:/opt/ros/humble/opt/rviz_ogre_vendor/lib:/opt/ros/humble/lib/x86_64-linux-gnu:/opt/ros/humble/lib /home/mike/.local/bin/cmake --install /home/mike/ros2_can_test/build/ros2socketcan_bridge
[7.269s] Level 1:colcon.colcon_core.environment:checking '/home/mike/ros2_can_test/install/ros2socketcan_bridge' for CMake module files
[7.271s] Level 1:colcon.colcon_core.environment:checking '/home/mike/ros2_can_test/install/ros2socketcan_bridge' for CMake config files
[7.271s] Level 1:colcon.colcon_core.shell:create_environment_hook('ros2socketcan_bridge', 'cmake_prefix_path')
[7.332s] INFO:colcon.colcon_core.shell:Creating environment hook '/home/mike/ros2_can_test/install/ros2socketcan_bridge/share/ros2socketcan_bridge/hook/cmake_prefix_path.ps1'
[7.333s] INFO:colcon.colcon_core.shell:Creating environment descriptor '/home/mike/ros2_can_test/install/ros2socketcan_bridge/share/ros2socketcan_bridge/hook/cmake_prefix_path.dsv'
[7.333s] INFO:colcon.colcon_core.shell:Creating environment hook '/home/mike/ros2_can_test/install/ros2socketcan_bridge/share/ros2socketcan_bridge/hook/cmake_prefix_path.sh'
[7.335s] Level 1:colcon.colcon_core.environment:checking '/home/mike/ros2_can_test/install/ros2socketcan_bridge/lib'
[7.335s] Level 1:colcon.colcon_core.environment:checking '/home/mike/ros2_can_test/install/ros2socketcan_bridge/bin'
[7.335s] Level 1:colcon.colcon_core.environment:checking '/home/mike/ros2_can_test/install/ros2socketcan_bridge/lib/pkgconfig/ros2socketcan_bridge.pc'
[7.336s] Level 1:colcon.colcon_core.environment:checking '/home/mike/ros2_can_test/install/ros2socketcan_bridge/lib/python3.10/site-packages'
[7.336s] Level 1:colcon.colcon_core.environment:checking '/home/mike/ros2_can_test/install/ros2socketcan_bridge/bin'
[7.394s] INFO:colcon.colcon_core.shell:Creating package script '/home/mike/ros2_can_test/install/ros2socketcan_bridge/share/ros2socketcan_bridge/package.ps1'
[7.395s] INFO:colcon.colcon_core.shell:Creating package descriptor '/home/mike/ros2_can_test/install/ros2socketcan_bridge/share/ros2socketcan_bridge/package.dsv'
[7.396s] INFO:colcon.colcon_core.shell:Creating package script '/home/mike/ros2_can_test/install/ros2socketcan_bridge/share/ros2socketcan_bridge/package.sh'
[7.398s] INFO:colcon.colcon_core.shell:Creating package script '/home/mike/ros2_can_test/install/ros2socketcan_bridge/share/ros2socketcan_bridge/package.bash'
[7.399s] INFO:colcon.colcon_core.shell:Creating package script '/home/mike/ros2_can_test/install/ros2socketcan_bridge/share/ros2socketcan_bridge/package.zsh'
[7.400s] Level 1:colcon.colcon_core.environment:create_file_with_runtime_dependencies(/home/mike/ros2_can_test/install/ros2socketcan_bridge/share/colcon-core/packages/ros2socketcan_bridge)
[7.651s] Level 1:colcon.colcon_core.environment:create_environment_scripts_only(ros2socketcan_bridge)
[7.690s] Level 1:colcon.colcon_core.environment:checking '/home/mike/ros2_can_test/install/ros2socketcan_bridge' for CMake module files
[7.692s] Level 1:colcon.colcon_core.environment:checking '/home/mike/ros2_can_test/install/ros2socketcan_bridge' for CMake config files
[7.693s] Level 1:colcon.colcon_core.shell:create_environment_hook('ros2socketcan_bridge', 'cmake_prefix_path')
[7.746s] INFO:colcon.colcon_core.shell:Creating environment hook '/home/mike/ros2_can_test/install/ros2socketcan_bridge/share/ros2socketcan_bridge/hook/cmake_prefix_path.ps1'
[7.747s] INFO:colcon.colcon_core.shell:Creating environment descriptor '/home/mike/ros2_can_test/install/ros2socketcan_bridge/share/ros2socketcan_bridge/hook/cmake_prefix_path.dsv'
[7.748s] INFO:colcon.colcon_core.shell:Creating environment hook '/home/mike/ros2_can_test/install/ros2socketcan_bridge/share/ros2socketcan_bridge/hook/cmake_prefix_path.sh'
[7.749s] Level 1:colcon.colcon_core.environment:checking '/home/mike/ros2_can_test/install/ros2socketcan_bridge/lib'
[7.750s] Level 1:colcon.colcon_core.environment:checking '/home/mike/ros2_can_test/install/ros2socketcan_bridge/bin'
[7.750s] Level 1:colcon.colcon_core.environment:checking '/home/mike/ros2_can_test/install/ros2socketcan_bridge/lib/pkgconfig/ros2socketcan_bridge.pc'
[7.750s] Level 1:colcon.colcon_core.environment:checking '/home/mike/ros2_can_test/install/ros2socketcan_bridge/lib/python3.10/site-packages'
[7.751s] Level 1:colcon.colcon_core.environment:checking '/home/mike/ros2_can_test/install/ros2socketcan_bridge/bin'
[7.808s] INFO:colcon.colcon_core.shell:Creating package script '/home/mike/ros2_can_test/install/ros2socketcan_bridge/share/ros2socketcan_bridge/package.ps1'
[7.809s] INFO:colcon.colcon_core.shell:Creating package descriptor '/home/mike/ros2_can_test/install/ros2socketcan_bridge/share/ros2socketcan_bridge/package.dsv'
[7.811s] INFO:colcon.colcon_core.shell:Creating package script '/home/mike/ros2_can_test/install/ros2socketcan_bridge/share/ros2socketcan_bridge/package.sh'
[7.813s] INFO:colcon.colcon_core.shell:Creating package script '/home/mike/ros2_can_test/install/ros2socketcan_bridge/share/ros2socketcan_bridge/package.bash'
[7.813s] INFO:colcon.colcon_core.shell:Creating package script '/home/mike/ros2_can_test/install/ros2socketcan_bridge/share/ros2socketcan_bridge/package.zsh'
[7.814s] Level 1:colcon.colcon_core.environment:create_file_with_runtime_dependencies(/home/mike/ros2_can_test/install/ros2socketcan_bridge/share/colcon-core/packages/ros2socketcan_bridge)
[20.826s] DEBUG:colcon.colcon_core.event_handler.log_command:Invoked command in '/home/mike/ros2_can_test/build/zlac8015d' returned '0': CMAKE_PREFIX_PATH=/home/mike/ros2_can_test/install/can_msgs:/home/mike/ros2_can_test/install/zlac8015d:/home/mike/ros2_can_test/install/overlord100_msgs:/home/mike/ros2_can_test/install/wheels_data:/home/mike/ros2_can_test/install/ros2socketcan_bridge:/opt/ros/humble LD_LIBRARY_PATH=/home/mike/ros2_can_test/install/can_msgs/lib:/home/mike/ros2_can_test/install/overlord100_msgs/lib:/home/mike/ros2_can_test/install/wheels_data/lib:/usr/lib/x86_64-linux-gnu/gazebo-11/plugins:/opt/ros/humble/opt/rviz_ogre_vendor/lib:/opt/ros/humble/lib/x86_64-linux-gnu:/opt/ros/humble/lib /home/mike/.local/bin/cmake --build /home/mike/ros2_can_test/build/zlac8015d -- -j4 -l4
[20.951s] DEBUG:colcon.colcon_core.event_handler.log_command:Invoking command in '/home/mike/ros2_can_test/build/zlac8015d': CMAKE_PREFIX_PATH=/home/mike/ros2_can_test/install/can_msgs:/home/mike/ros2_can_test/install/zlac8015d:/home/mike/ros2_can_test/install/overlord100_msgs:/home/mike/ros2_can_test/install/wheels_data:/home/mike/ros2_can_test/install/ros2socketcan_bridge:/opt/ros/humble LD_LIBRARY_PATH=/home/mike/ros2_can_test/install/can_msgs/lib:/home/mike/ros2_can_test/install/overlord100_msgs/lib:/home/mike/ros2_can_test/install/wheels_data/lib:/usr/lib/x86_64-linux-gnu/gazebo-11/plugins:/opt/ros/humble/opt/rviz_ogre_vendor/lib:/opt/ros/humble/lib/x86_64-linux-gnu:/opt/ros/humble/lib /home/mike/.local/bin/cmake --install /home/mike/ros2_can_test/build/zlac8015d
[21.054s] Level 1:colcon.colcon_core.environment:create_environment_scripts_only(zlac8015d)
[21.055s] DEBUG:colcon.colcon_core.event_handler.log_command:Invoked command in '/home/mike/ros2_can_test/build/zlac8015d' returned '0': CMAKE_PREFIX_PATH=/home/mike/ros2_can_test/install/can_msgs:/home/mike/ros2_can_test/install/zlac8015d:/home/mike/ros2_can_test/install/overlord100_msgs:/home/mike/ros2_can_test/install/wheels_data:/home/mike/ros2_can_test/install/ros2socketcan_bridge:/opt/ros/humble LD_LIBRARY_PATH=/home/mike/ros2_can_test/install/can_msgs/lib:/home/mike/ros2_can_test/install/overlord100_msgs/lib:/home/mike/ros2_can_test/install/wheels_data/lib:/usr/lib/x86_64-linux-gnu/gazebo-11/plugins:/opt/ros/humble/opt/rviz_ogre_vendor/lib:/opt/ros/humble/lib/x86_64-linux-gnu:/opt/ros/humble/lib /home/mike/.local/bin/cmake --install /home/mike/ros2_can_test/build/zlac8015d
[21.121s] Level 1:colcon.colcon_core.environment:checking '/home/mike/ros2_can_test/install/zlac8015d' for CMake module files
[21.122s] Level 1:colcon.colcon_core.environment:checking '/home/mike/ros2_can_test/install/zlac8015d' for CMake config files
[21.123s] Level 1:colcon.colcon_core.shell:create_environment_hook('zlac8015d', 'cmake_prefix_path')
[21.171s] INFO:colcon.colcon_core.shell:Creating environment hook '/home/mike/ros2_can_test/install/zlac8015d/share/zlac8015d/hook/cmake_prefix_path.ps1'
[21.172s] INFO:colcon.colcon_core.shell:Creating environment descriptor '/home/mike/ros2_can_test/install/zlac8015d/share/zlac8015d/hook/cmake_prefix_path.dsv'
[21.173s] INFO:colcon.colcon_core.shell:Creating environment hook '/home/mike/ros2_can_test/install/zlac8015d/share/zlac8015d/hook/cmake_prefix_path.sh'
[21.174s] Level 1:colcon.colcon_core.environment:checking '/home/mike/ros2_can_test/install/zlac8015d/lib'
[21.174s] Level 1:colcon.colcon_core.environment:checking '/home/mike/ros2_can_test/install/zlac8015d/bin'
[21.174s] Level 1:colcon.colcon_core.environment:checking '/home/mike/ros2_can_test/install/zlac8015d/lib/pkgconfig/zlac8015d.pc'
[21.175s] Level 1:colcon.colcon_core.environment:checking '/home/mike/ros2_can_test/install/zlac8015d/lib/python3.10/site-packages'
[21.175s] Level 1:colcon.colcon_core.environment:checking '/home/mike/ros2_can_test/install/zlac8015d/bin'
[21.229s] INFO:colcon.colcon_core.shell:Creating package script '/home/mike/ros2_can_test/install/zlac8015d/share/zlac8015d/package.ps1'
[21.230s] INFO:colcon.colcon_core.shell:Creating package descriptor '/home/mike/ros2_can_test/install/zlac8015d/share/zlac8015d/package.dsv'
[21.231s] INFO:colcon.colcon_core.shell:Creating package script '/home/mike/ros2_can_test/install/zlac8015d/share/zlac8015d/package.sh'
[21.233s] INFO:colcon.colcon_core.shell:Creating package script '/home/mike/ros2_can_test/install/zlac8015d/share/zlac8015d/package.bash'
[21.234s] INFO:colcon.colcon_core.shell:Creating package script '/home/mike/ros2_can_test/install/zlac8015d/share/zlac8015d/package.zsh'
[21.235s] Level 1:colcon.colcon_core.environment:create_file_with_runtime_dependencies(/home/mike/ros2_can_test/install/zlac8015d/share/colcon-core/packages/zlac8015d)
[21.435s] Level 1:colcon.colcon_core.environment:create_environment_scripts_only(zlac8015d)
[21.483s] Level 1:colcon.colcon_core.environment:checking '/home/mike/ros2_can_test/install/zlac8015d' for CMake module files
[21.483s] Level 1:colcon.colcon_core.environment:checking '/home/mike/ros2_can_test/install/zlac8015d' for CMake config files
[21.484s] Level 1:colcon.colcon_core.shell:create_environment_hook('zlac8015d', 'cmake_prefix_path')
[21.515s] INFO:colcon.colcon_core.shell:Creating environment hook '/home/mike/ros2_can_test/install/zlac8015d/share/zlac8015d/hook/cmake_prefix_path.ps1'
[21.516s] INFO:colcon.colcon_core.shell:Creating environment descriptor '/home/mike/ros2_can_test/install/zlac8015d/share/zlac8015d/hook/cmake_prefix_path.dsv'
[21.516s] INFO:colcon.colcon_core.shell:Creating environment hook '/home/mike/ros2_can_test/install/zlac8015d/share/zlac8015d/hook/cmake_prefix_path.sh'
[21.517s] Level 1:colcon.colcon_core.environment:checking '/home/mike/ros2_can_test/install/zlac8015d/lib'
[21.517s] Level 1:colcon.colcon_core.environment:checking '/home/mike/ros2_can_test/install/zlac8015d/bin'
[21.517s] Level 1:colcon.colcon_core.environment:checking '/home/mike/ros2_can_test/install/zlac8015d/lib/pkgconfig/zlac8015d.pc'
[21.518s] Level 1:colcon.colcon_core.environment:checking '/home/mike/ros2_can_test/install/zlac8015d/lib/python3.10/site-packages'
[21.518s] Level 1:colcon.colcon_core.environment:checking '/home/mike/ros2_can_test/install/zlac8015d/bin'
[21.550s] INFO:colcon.colcon_core.shell:Creating package script '/home/mike/ros2_can_test/install/zlac8015d/share/zlac8015d/package.ps1'
[21.551s] INFO:colcon.colcon_core.shell:Creating package descriptor '/home/mike/ros2_can_test/install/zlac8015d/share/zlac8015d/package.dsv'
[21.551s] INFO:colcon.colcon_core.shell:Creating package script '/home/mike/ros2_can_test/install/zlac8015d/share/zlac8015d/package.sh'
[21.552s] INFO:colcon.colcon_core.shell:Creating package script '/home/mike/ros2_can_test/install/zlac8015d/share/zlac8015d/package.bash'
[21.553s] INFO:colcon.colcon_core.shell:Creating package script '/home/mike/ros2_can_test/install/zlac8015d/share/zlac8015d/package.zsh'
[21.553s] Level 1:colcon.colcon_core.environment:create_file_with_runtime_dependencies(/home/mike/ros2_can_test/install/zlac8015d/share/colcon-core/packages/zlac8015d)
[21.554s] DEBUG:colcon.colcon_parallel_executor.executor.parallel:closing loop
[21.555s] DEBUG:colcon.colcon_parallel_executor.executor.parallel:loop closed
[21.555s] DEBUG:colcon.colcon_parallel_executor.executor.parallel:run_until_complete finished with '0'
[21.555s] DEBUG:colcon.colcon_core.event_reactor:joining thread
[21.603s] INFO:colcon.colcon_core.plugin_system:Skipping extension 'colcon_notification.desktop_notification.terminal_notifier': Not used on non-Darwin systems
[21.603s] INFO:colcon.colcon_core.plugin_system:Skipping extension 'colcon_notification.desktop_notification.win32': Not used on non-Windows systems
[21.603s] INFO:colcon.colcon_notification.desktop_notification:Sending desktop notification using 'notify2'
[21.622s] DEBUG:colcon.colcon_core.event_reactor:joined thread
[21.666s] INFO:colcon.colcon_core.shell:Creating prefix script '/home/mike/ros2_can_test/install/local_setup.ps1'
[21.668s] INFO:colcon.colcon_core.shell:Creating prefix util module '/home/mike/ros2_can_test/install/_local_setup_util_ps1.py'
[21.669s] INFO:colcon.colcon_core.shell:Creating prefix chain script '/home/mike/ros2_can_test/install/setup.ps1'
[21.706s] INFO:colcon.colcon_core.shell:Creating prefix script '/home/mike/ros2_can_test/install/local_setup.sh'
[21.707s] INFO:colcon.colcon_core.shell:Creating prefix util module '/home/mike/ros2_can_test/install/_local_setup_util_sh.py'
[21.707s] INFO:colcon.colcon_core.shell:Creating prefix chain script '/home/mike/ros2_can_test/install/setup.sh'
[21.743s] INFO:colcon.colcon_core.shell:Creating prefix script '/home/mike/ros2_can_test/install/local_setup.bash'
[21.744s] INFO:colcon.colcon_core.shell:Creating prefix chain script '/home/mike/ros2_can_test/install/setup.bash'
[21.778s] INFO:colcon.colcon_core.shell:Creating prefix script '/home/mike/ros2_can_test/install/local_setup.zsh'
[21.779s] INFO:colcon.colcon_core.shell:Creating prefix chain script '/home/mike/ros2_can_test/install/setup.zsh'
