[0.347s] Invoking command in '/home/mike/ros2_can_test/build/zlac8015d': CMAKE_PREFIX_PATH=/home/mike/ros2_can_test/install/can_msgs:/home/mike/ros2_can_test/install/zlac8015d:/home/mike/ros2_can_test/install/overlord100_msgs:/home/mike/ros2_can_test/install/wheels_data:/home/mike/ros2_can_test/install/ros2socketcan_bridge:/opt/ros/humble LD_LIBRARY_PATH=/home/mike/ros2_can_test/install/can_msgs/lib:/home/mike/ros2_can_test/install/overlord100_msgs/lib:/home/mike/ros2_can_test/install/wheels_data/lib:/usr/lib/x86_64-linux-gnu/gazebo-11/plugins:/opt/ros/humble/opt/rviz_ogre_vendor/lib:/opt/ros/humble/lib/x86_64-linux-gnu:/opt/ros/humble/lib /home/mike/.local/bin/cmake --build /home/mike/ros2_can_test/build/zlac8015d -- -j4 -l4
[0.536s] [ 50%] [32mBuilding CXX object CMakeFiles/motors_driver_node.dir/src/motors_driver_node.cpp.o[0m
[14.836s] [100%] [32m[1mLinking CXX executable motors_driver_node[0m
[15.722s] [100%] Built target motors_driver_node
[15.743s] Invoked command in '/home/mike/ros2_can_test/build/zlac8015d' returned '0': CMAKE_PREFIX_PATH=/home/mike/ros2_can_test/install/can_msgs:/home/mike/ros2_can_test/install/zlac8015d:/home/mike/ros2_can_test/install/overlord100_msgs:/home/mike/ros2_can_test/install/wheels_data:/home/mike/ros2_can_test/install/ros2socketcan_bridge:/opt/ros/humble LD_LIBRARY_PATH=/home/mike/ros2_can_test/install/can_msgs/lib:/home/mike/ros2_can_test/install/overlord100_msgs/lib:/home/mike/ros2_can_test/install/wheels_data/lib:/usr/lib/x86_64-linux-gnu/gazebo-11/plugins:/opt/ros/humble/opt/rviz_ogre_vendor/lib:/opt/ros/humble/lib/x86_64-linux-gnu:/opt/ros/humble/lib /home/mike/.local/bin/cmake --build /home/mike/ros2_can_test/build/zlac8015d -- -j4 -l4
[15.864s] Invoking command in '/home/mike/ros2_can_test/build/zlac8015d': CMAKE_PREFIX_PATH=/home/mike/ros2_can_test/install/can_msgs:/home/mike/ros2_can_test/install/zlac8015d:/home/mike/ros2_can_test/install/overlord100_msgs:/home/mike/ros2_can_test/install/wheels_data:/home/mike/ros2_can_test/install/ros2socketcan_bridge:/opt/ros/humble LD_LIBRARY_PATH=/home/mike/ros2_can_test/install/can_msgs/lib:/home/mike/ros2_can_test/install/overlord100_msgs/lib:/home/mike/ros2_can_test/install/wheels_data/lib:/usr/lib/x86_64-linux-gnu/gazebo-11/plugins:/opt/ros/humble/opt/rviz_ogre_vendor/lib:/opt/ros/humble/lib/x86_64-linux-gnu:/opt/ros/humble/lib /home/mike/.local/bin/cmake --install /home/mike/ros2_can_test/build/zlac8015d
[15.926s] -- Install configuration: ""
[15.927s] -- Installing: /home/mike/ros2_can_test/install/zlac8015d/lib/zlac8015d/motors_driver_node
[15.934s] -- Set runtime path of "/home/mike/ros2_can_test/install/zlac8015d/lib/zlac8015d/motors_driver_node" to ""
[15.934s] -- Up-to-date: /home/mike/ros2_can_test/install/zlac8015d/share/ament_index/resource_index/package_run_dependencies/zlac8015d
[15.935s] -- Up-to-date: /home/mike/ros2_can_test/install/zlac8015d/share/ament_index/resource_index/parent_prefix_path/zlac8015d
[15.935s] -- Up-to-date: /home/mike/ros2_can_test/install/zlac8015d/share/zlac8015d/environment/ament_prefix_path.sh
[15.936s] -- Up-to-date: /home/mike/ros2_can_test/install/zlac8015d/share/zlac8015d/environment/ament_prefix_path.dsv
[15.936s] -- Up-to-date: /home/mike/ros2_can_test/install/zlac8015d/share/zlac8015d/environment/path.sh
[15.936s] -- Up-to-date: /home/mike/ros2_can_test/install/zlac8015d/share/zlac8015d/environment/path.dsv
[15.936s] -- Up-to-date: /home/mike/ros2_can_test/install/zlac8015d/share/zlac8015d/local_setup.bash
[15.937s] -- Up-to-date: /home/mike/ros2_can_test/install/zlac8015d/share/zlac8015d/local_setup.sh
[15.937s] -- Up-to-date: /home/mike/ros2_can_test/install/zlac8015d/share/zlac8015d/local_setup.zsh
[15.937s] -- Up-to-date: /home/mike/ros2_can_test/install/zlac8015d/share/zlac8015d/local_setup.dsv
[15.938s] -- Installing: /home/mike/ros2_can_test/install/zlac8015d/share/zlac8015d/package.dsv
[15.938s] -- Up-to-date: /home/mike/ros2_can_test/install/zlac8015d/share/ament_index/resource_index/packages/zlac8015d
[15.938s] -- Up-to-date: /home/mike/ros2_can_test/install/zlac8015d/share/zlac8015d/cmake/zlac8015dConfig.cmake
[15.939s] -- Up-to-date: /home/mike/ros2_can_test/install/zlac8015d/share/zlac8015d/cmake/zlac8015dConfig-version.cmake
[15.940s] -- Up-to-date: /home/mike/ros2_can_test/install/zlac8015d/share/zlac8015d/package.xml
[15.955s] Invoked command in '/home/mike/ros2_can_test/build/zlac8015d' returned '0': CMAKE_PREFIX_PATH=/home/mike/ros2_can_test/install/can_msgs:/home/mike/ros2_can_test/install/zlac8015d:/home/mike/ros2_can_test/install/overlord100_msgs:/home/mike/ros2_can_test/install/wheels_data:/home/mike/ros2_can_test/install/ros2socketcan_bridge:/opt/ros/humble LD_LIBRARY_PATH=/home/mike/ros2_can_test/install/can_msgs/lib:/home/mike/ros2_can_test/install/overlord100_msgs/lib:/home/mike/ros2_can_test/install/wheels_data/lib:/usr/lib/x86_64-linux-gnu/gazebo-11/plugins:/opt/ros/humble/opt/rviz_ogre_vendor/lib:/opt/ros/humble/lib/x86_64-linux-gnu:/opt/ros/humble/lib /home/mike/.local/bin/cmake --install /home/mike/ros2_can_test/build/zlac8015d
