[0.240s] Invoking command in '/home/mike/ros2_can_test/build/overlord100_msgs': CMAKE_PREFIX_PATH=${CMAKE_PREFIX_PATH}:/opt/ros/humble /home/mike/.local/bin/cmake --build /home/mike/ros2_can_test/build/overlord100_msgs -- -j4 -l4
[0.410s] [  3%] Built target overlord100_msgs__cpp
[0.418s] [  3%] Built target ament_cmake_python_copy_overlord100_msgs
[0.433s] [ 12%] Built target overlord100_msgs__rosidl_generator_c
[0.481s] [ 22%] Built target overlord100_msgs__rosidl_typesupport_cpp
[0.502s] [ 32%] Built target overlord100_msgs__rosidl_typesupport_fastrtps_cpp
[0.517s] [ 41%] Built target overlord100_msgs__rosidl_typesupport_introspection_cpp
[0.558s] [ 51%] Built target overlord100_msgs__rosidl_typesupport_introspection_c
[0.567s] [ 61%] Built target overlord100_msgs__rosidl_typesupport_fastrtps_c
[0.589s] [ 70%] Built target overlord100_msgs__rosidl_typesupport_c
[0.721s] [ 70%] Built target overlord100_msgs
[0.824s] [ 74%] Built target overlord100_msgs__py
[0.974s] [ 80%] Built target overlord100_msgs__rosidl_generator_py
[1.058s] [ 87%] Built target overlord100_msgs__rosidl_typesupport_c__pyext
[1.069s] [ 93%] Built target overlord100_msgs__rosidl_typesupport_fastrtps_c__pyext
[1.082s] [100%] Built target overlord100_msgs__rosidl_typesupport_introspection_c__pyext
[1.534s] running egg_info
[1.537s] writing overlord100_msgs.egg-info/PKG-INFO
[1.543s] writing dependency_links to overlord100_msgs.egg-info/dependency_links.txt
[1.545s] writing top-level names to overlord100_msgs.egg-info/top_level.txt
[1.551s] reading manifest file 'overlord100_msgs.egg-info/SOURCES.txt'
[1.552s] writing manifest file 'overlord100_msgs.egg-info/SOURCES.txt'
[1.621s] [100%] Built target ament_cmake_python_build_overlord100_msgs_egg
[1.651s] Invoked command in '/home/mike/ros2_can_test/build/overlord100_msgs' returned '0': CMAKE_PREFIX_PATH=${CMAKE_PREFIX_PATH}:/opt/ros/humble /home/mike/.local/bin/cmake --build /home/mike/ros2_can_test/build/overlord100_msgs -- -j4 -l4
[1.944s] Invoking command in '/home/mike/ros2_can_test/build/overlord100_msgs': CMAKE_PREFIX_PATH=${CMAKE_PREFIX_PATH}:/opt/ros/humble /home/mike/.local/bin/cmake --install /home/mike/ros2_can_test/build/overlord100_msgs
[2.056s] -- Install configuration: ""
[2.057s] -- Up-to-date: /home/mike/ros2_can_test/install/overlord100_msgs/share/ament_index/resource_index/rosidl_interfaces/overlord100_msgs
[2.057s] -- Up-to-date: /home/mike/ros2_can_test/install/overlord100_msgs/include/overlord100_msgs/overlord100_msgs
[2.059s] -- Up-to-date: /home/mike/ros2_can_test/install/overlord100_msgs/include/overlord100_msgs/overlord100_msgs/msg
[2.060s] -- Up-to-date: /home/mike/ros2_can_test/install/overlord100_msgs/include/overlord100_msgs/overlord100_msgs/msg/rosidl_generator_c__visibility_control.h
[2.066s] -- Up-to-date: /home/mike/ros2_can_test/install/overlord100_msgs/include/overlord100_msgs/overlord100_msgs/msg/wheels_data.h
[2.066s] -- Up-to-date: /home/mike/ros2_can_test/install/overlord100_msgs/include/overlord100_msgs/overlord100_msgs/msg/detail
[2.066s] -- Up-to-date: /home/mike/ros2_can_test/install/overlord100_msgs/include/overlord100_msgs/overlord100_msgs/msg/detail/wheels_data__functions.h
[2.066s] -- Up-to-date: /home/mike/ros2_can_test/install/overlord100_msgs/include/overlord100_msgs/overlord100_msgs/msg/detail/wheels_data__type_support.h
[2.066s] -- Up-to-date: /home/mike/ros2_can_test/install/overlord100_msgs/include/overlord100_msgs/overlord100_msgs/msg/detail/wheels_data__struct.h
[2.066s] -- Up-to-date: /home/mike/ros2_can_test/install/overlord100_msgs/include/overlord100_msgs/overlord100_msgs/msg/detail/wheels_data__functions.c
[2.066s] -- Up-to-date: /home/mike/ros2_can_test/install/overlord100_msgs/share/overlord100_msgs/environment/library_path.sh
[2.067s] -- Up-to-date: /home/mike/ros2_can_test/install/overlord100_msgs/share/overlord100_msgs/environment/library_path.dsv
[2.067s] -- Up-to-date: /home/mike/ros2_can_test/install/overlord100_msgs/lib/liboverlord100_msgs__rosidl_generator_c.so
[2.068s] -- Up-to-date: /home/mike/ros2_can_test/install/overlord100_msgs/include/overlord100_msgs/overlord100_msgs
[2.068s] -- Up-to-date: /home/mike/ros2_can_test/install/overlord100_msgs/include/overlord100_msgs/overlord100_msgs/msg
[2.068s] -- Up-to-date: /home/mike/ros2_can_test/install/overlord100_msgs/include/overlord100_msgs/overlord100_msgs/msg/rosidl_typesupport_fastrtps_c__visibility_control.h
[2.068s] -- Up-to-date: /home/mike/ros2_can_test/install/overlord100_msgs/include/overlord100_msgs/overlord100_msgs/msg/detail
[2.068s] -- Up-to-date: /home/mike/ros2_can_test/install/overlord100_msgs/include/overlord100_msgs/overlord100_msgs/msg/detail/wheels_data__rosidl_typesupport_fastrtps_c.h
[2.068s] -- Up-to-date: /home/mike/ros2_can_test/install/overlord100_msgs/lib/liboverlord100_msgs__rosidl_typesupport_fastrtps_c.so
[2.069s] -- Up-to-date: /home/mike/ros2_can_test/install/overlord100_msgs/include/overlord100_msgs/overlord100_msgs
[2.069s] -- Up-to-date: /home/mike/ros2_can_test/install/overlord100_msgs/include/overlord100_msgs/overlord100_msgs/msg
[2.069s] -- Up-to-date: /home/mike/ros2_can_test/install/overlord100_msgs/include/overlord100_msgs/overlord100_msgs/msg/rosidl_typesupport_introspection_c__visibility_control.h
[2.069s] -- Up-to-date: /home/mike/ros2_can_test/install/overlord100_msgs/include/overlord100_msgs/overlord100_msgs/msg/detail
[2.069s] -- Up-to-date: /home/mike/ros2_can_test/install/overlord100_msgs/include/overlord100_msgs/overlord100_msgs/msg/detail/wheels_data__rosidl_typesupport_introspection_c.h
[2.070s] -- Up-to-date: /home/mike/ros2_can_test/install/overlord100_msgs/include/overlord100_msgs/overlord100_msgs/msg/detail/wheels_data__type_support.c
[2.070s] -- Up-to-date: /home/mike/ros2_can_test/install/overlord100_msgs/lib/liboverlord100_msgs__rosidl_typesupport_introspection_c.so
[2.071s] -- Up-to-date: /home/mike/ros2_can_test/install/overlord100_msgs/lib/liboverlord100_msgs__rosidl_typesupport_c.so
[2.072s] -- Up-to-date: /home/mike/ros2_can_test/install/overlord100_msgs/include/overlord100_msgs/overlord100_msgs
[2.073s] -- Up-to-date: /home/mike/ros2_can_test/install/overlord100_msgs/include/overlord100_msgs/overlord100_msgs/msg
[2.073s] -- Up-to-date: /home/mike/ros2_can_test/install/overlord100_msgs/include/overlord100_msgs/overlord100_msgs/msg/detail
[2.073s] -- Up-to-date: /home/mike/ros2_can_test/install/overlord100_msgs/include/overlord100_msgs/overlord100_msgs/msg/detail/wheels_data__builder.hpp
[2.075s] -- Up-to-date: /home/mike/ros2_can_test/install/overlord100_msgs/include/overlord100_msgs/overlord100_msgs/msg/detail/wheels_data__struct.hpp
[2.075s] -- Up-to-date: /home/mike/ros2_can_test/install/overlord100_msgs/include/overlord100_msgs/overlord100_msgs/msg/detail/wheels_data__traits.hpp
[2.075s] -- Up-to-date: /home/mike/ros2_can_test/install/overlord100_msgs/include/overlord100_msgs/overlord100_msgs/msg/wheels_data.hpp
[2.076s] -- Up-to-date: /home/mike/ros2_can_test/install/overlord100_msgs/include/overlord100_msgs/overlord100_msgs
[2.076s] -- Up-to-date: /home/mike/ros2_can_test/install/overlord100_msgs/include/overlord100_msgs/overlord100_msgs/msg
[2.076s] -- Up-to-date: /home/mike/ros2_can_test/install/overlord100_msgs/include/overlord100_msgs/overlord100_msgs/msg/rosidl_typesupport_fastrtps_cpp__visibility_control.h
[2.076s] -- Up-to-date: /home/mike/ros2_can_test/install/overlord100_msgs/include/overlord100_msgs/overlord100_msgs/msg/detail
[2.076s] -- Up-to-date: /home/mike/ros2_can_test/install/overlord100_msgs/include/overlord100_msgs/overlord100_msgs/msg/detail/dds_fastrtps
[2.077s] -- Up-to-date: /home/mike/ros2_can_test/install/overlord100_msgs/include/overlord100_msgs/overlord100_msgs/msg/detail/wheels_data__rosidl_typesupport_fastrtps_cpp.hpp
[2.077s] -- Up-to-date: /home/mike/ros2_can_test/install/overlord100_msgs/lib/liboverlord100_msgs__rosidl_typesupport_fastrtps_cpp.so
[2.077s] -- Up-to-date: /home/mike/ros2_can_test/install/overlord100_msgs/include/overlord100_msgs/overlord100_msgs
[2.077s] -- Up-to-date: /home/mike/ros2_can_test/install/overlord100_msgs/include/overlord100_msgs/overlord100_msgs/msg
[2.077s] -- Up-to-date: /home/mike/ros2_can_test/install/overlord100_msgs/include/overlord100_msgs/overlord100_msgs/msg/detail
[2.077s] -- Up-to-date: /home/mike/ros2_can_test/install/overlord100_msgs/include/overlord100_msgs/overlord100_msgs/msg/detail/wheels_data__rosidl_typesupport_introspection_cpp.hpp
[2.078s] -- Up-to-date: /home/mike/ros2_can_test/install/overlord100_msgs/include/overlord100_msgs/overlord100_msgs/msg/detail/wheels_data__type_support.cpp
[2.078s] -- Up-to-date: /home/mike/ros2_can_test/install/overlord100_msgs/lib/liboverlord100_msgs__rosidl_typesupport_introspection_cpp.so
[2.078s] -- Up-to-date: /home/mike/ros2_can_test/install/overlord100_msgs/lib/liboverlord100_msgs__rosidl_typesupport_cpp.so
[2.078s] -- Up-to-date: /home/mike/ros2_can_test/install/overlord100_msgs/share/overlord100_msgs/environment/pythonpath.sh
[2.078s] -- Up-to-date: /home/mike/ros2_can_test/install/overlord100_msgs/share/overlord100_msgs/environment/pythonpath.dsv
[2.079s] -- Up-to-date: /home/mike/ros2_can_test/install/overlord100_msgs/local/lib/python3.10/dist-packages/overlord100_msgs-0.0.0-py3.10.egg-info
[2.079s] -- Installing: /home/mike/ros2_can_test/install/overlord100_msgs/local/lib/python3.10/dist-packages/overlord100_msgs-0.0.0-py3.10.egg-info/dependency_links.txt
[2.080s] -- Installing: /home/mike/ros2_can_test/install/overlord100_msgs/local/lib/python3.10/dist-packages/overlord100_msgs-0.0.0-py3.10.egg-info/SOURCES.txt
[2.080s] -- Installing: /home/mike/ros2_can_test/install/overlord100_msgs/local/lib/python3.10/dist-packages/overlord100_msgs-0.0.0-py3.10.egg-info/top_level.txt
[2.081s] -- Installing: /home/mike/ros2_can_test/install/overlord100_msgs/local/lib/python3.10/dist-packages/overlord100_msgs-0.0.0-py3.10.egg-info/PKG-INFO
[2.081s] -- Up-to-date: /home/mike/ros2_can_test/install/overlord100_msgs/local/lib/python3.10/dist-packages/overlord100_msgs
[2.081s] -- Up-to-date: /home/mike/ros2_can_test/install/overlord100_msgs/local/lib/python3.10/dist-packages/overlord100_msgs/msg
[2.082s] -- Up-to-date: /home/mike/ros2_can_test/install/overlord100_msgs/local/lib/python3.10/dist-packages/overlord100_msgs/msg/__init__.py
[2.082s] -- Up-to-date: /home/mike/ros2_can_test/install/overlord100_msgs/local/lib/python3.10/dist-packages/overlord100_msgs/msg/_wheels_data.py
[2.082s] -- Up-to-date: /home/mike/ros2_can_test/install/overlord100_msgs/local/lib/python3.10/dist-packages/overlord100_msgs/msg/_wheels_data_s.c
[2.083s] -- Up-to-date: /home/mike/ros2_can_test/install/overlord100_msgs/local/lib/python3.10/dist-packages/overlord100_msgs/overlord100_msgs_s__rosidl_typesupport_introspection_c.cpython-310-x86_64-linux-gnu.so
[2.083s] -- Up-to-date: /home/mike/ros2_can_test/install/overlord100_msgs/local/lib/python3.10/dist-packages/overlord100_msgs/__init__.py
[2.083s] -- Up-to-date: /home/mike/ros2_can_test/install/overlord100_msgs/local/lib/python3.10/dist-packages/overlord100_msgs/overlord100_msgs_s__rosidl_typesupport_c.cpython-310-x86_64-linux-gnu.so
[2.083s] -- Up-to-date: /home/mike/ros2_can_test/install/overlord100_msgs/local/lib/python3.10/dist-packages/overlord100_msgs/_overlord100_msgs_s.ep.rosidl_typesupport_c.c
[2.084s] -- Up-to-date: /home/mike/ros2_can_test/install/overlord100_msgs/local/lib/python3.10/dist-packages/overlord100_msgs/_overlord100_msgs_s.ep.rosidl_typesupport_fastrtps_c.c
[2.084s] -- Up-to-date: /home/mike/ros2_can_test/install/overlord100_msgs/local/lib/python3.10/dist-packages/overlord100_msgs/overlord100_msgs_s__rosidl_typesupport_fastrtps_c.cpython-310-x86_64-linux-gnu.so
[2.084s] -- Up-to-date: /home/mike/ros2_can_test/install/overlord100_msgs/local/lib/python3.10/dist-packages/overlord100_msgs/liboverlord100_msgs__rosidl_generator_py.so
[2.084s] -- Up-to-date: /home/mike/ros2_can_test/install/overlord100_msgs/local/lib/python3.10/dist-packages/overlord100_msgs/_overlord100_msgs_s.ep.rosidl_typesupport_introspection_c.c
[2.213s] Listing '/home/mike/ros2_can_test/install/overlord100_msgs/local/lib/python3.10/dist-packages/overlord100_msgs'...
[2.213s] Listing '/home/mike/ros2_can_test/install/overlord100_msgs/local/lib/python3.10/dist-packages/overlord100_msgs/msg'...
[2.245s] -- Up-to-date: /home/mike/ros2_can_test/install/overlord100_msgs/local/lib/python3.10/dist-packages/overlord100_msgs/overlord100_msgs_s__rosidl_typesupport_fastrtps_c.cpython-310-x86_64-linux-gnu.so
[2.245s] -- Up-to-date: /home/mike/ros2_can_test/install/overlord100_msgs/local/lib/python3.10/dist-packages/overlord100_msgs/overlord100_msgs_s__rosidl_typesupport_introspection_c.cpython-310-x86_64-linux-gnu.so
[2.251s] -- Up-to-date: /home/mike/ros2_can_test/install/overlord100_msgs/local/lib/python3.10/dist-packages/overlord100_msgs/overlord100_msgs_s__rosidl_typesupport_c.cpython-310-x86_64-linux-gnu.so
[2.252s] -- Up-to-date: /home/mike/ros2_can_test/install/overlord100_msgs/lib/liboverlord100_msgs__rosidl_generator_py.so
[2.252s] -- Up-to-date: /home/mike/ros2_can_test/install/overlord100_msgs/share/overlord100_msgs/msg/WheelsData.idl
[2.252s] -- Up-to-date: /home/mike/ros2_can_test/install/overlord100_msgs/share/overlord100_msgs/msg/WheelsData.msg
[2.252s] -- Up-to-date: /home/mike/ros2_can_test/install/overlord100_msgs/share/ament_index/resource_index/package_run_dependencies/overlord100_msgs
[2.252s] -- Up-to-date: /home/mike/ros2_can_test/install/overlord100_msgs/share/ament_index/resource_index/parent_prefix_path/overlord100_msgs
[2.253s] -- Up-to-date: /home/mike/ros2_can_test/install/overlord100_msgs/share/overlord100_msgs/environment/ament_prefix_path.sh
[2.253s] -- Up-to-date: /home/mike/ros2_can_test/install/overlord100_msgs/share/overlord100_msgs/environment/ament_prefix_path.dsv
[2.253s] -- Up-to-date: /home/mike/ros2_can_test/install/overlord100_msgs/share/overlord100_msgs/environment/path.sh
[2.253s] -- Up-to-date: /home/mike/ros2_can_test/install/overlord100_msgs/share/overlord100_msgs/environment/path.dsv
[2.253s] -- Up-to-date: /home/mike/ros2_can_test/install/overlord100_msgs/share/overlord100_msgs/local_setup.bash
[2.254s] -- Up-to-date: /home/mike/ros2_can_test/install/overlord100_msgs/share/overlord100_msgs/local_setup.sh
[2.254s] -- Up-to-date: /home/mike/ros2_can_test/install/overlord100_msgs/share/overlord100_msgs/local_setup.zsh
[2.254s] -- Up-to-date: /home/mike/ros2_can_test/install/overlord100_msgs/share/overlord100_msgs/local_setup.dsv
[2.254s] -- Installing: /home/mike/ros2_can_test/install/overlord100_msgs/share/overlord100_msgs/package.dsv
[2.255s] -- Up-to-date: /home/mike/ros2_can_test/install/overlord100_msgs/share/ament_index/resource_index/packages/overlord100_msgs
[2.255s] -- Up-to-date: /home/mike/ros2_can_test/install/overlord100_msgs/share/overlord100_msgs/cmake/export_overlord100_msgs__rosidl_generator_cExport.cmake
[2.255s] -- Up-to-date: /home/mike/ros2_can_test/install/overlord100_msgs/share/overlord100_msgs/cmake/export_overlord100_msgs__rosidl_generator_cExport-noconfig.cmake
[2.255s] -- Up-to-date: /home/mike/ros2_can_test/install/overlord100_msgs/share/overlord100_msgs/cmake/export_overlord100_msgs__rosidl_typesupport_fastrtps_cExport.cmake
[2.255s] -- Up-to-date: /home/mike/ros2_can_test/install/overlord100_msgs/share/overlord100_msgs/cmake/export_overlord100_msgs__rosidl_typesupport_fastrtps_cExport-noconfig.cmake
[2.255s] -- Up-to-date: /home/mike/ros2_can_test/install/overlord100_msgs/share/overlord100_msgs/cmake/overlord100_msgs__rosidl_typesupport_introspection_cExport.cmake
[2.255s] -- Up-to-date: /home/mike/ros2_can_test/install/overlord100_msgs/share/overlord100_msgs/cmake/overlord100_msgs__rosidl_typesupport_introspection_cExport-noconfig.cmake
[2.256s] -- Up-to-date: /home/mike/ros2_can_test/install/overlord100_msgs/share/overlord100_msgs/cmake/overlord100_msgs__rosidl_typesupport_cExport.cmake
[2.256s] -- Up-to-date: /home/mike/ros2_can_test/install/overlord100_msgs/share/overlord100_msgs/cmake/overlord100_msgs__rosidl_typesupport_cExport-noconfig.cmake
[2.256s] -- Up-to-date: /home/mike/ros2_can_test/install/overlord100_msgs/share/overlord100_msgs/cmake/export_overlord100_msgs__rosidl_generator_cppExport.cmake
[2.256s] -- Up-to-date: /home/mike/ros2_can_test/install/overlord100_msgs/share/overlord100_msgs/cmake/export_overlord100_msgs__rosidl_typesupport_fastrtps_cppExport.cmake
[2.256s] -- Up-to-date: /home/mike/ros2_can_test/install/overlord100_msgs/share/overlord100_msgs/cmake/export_overlord100_msgs__rosidl_typesupport_fastrtps_cppExport-noconfig.cmake
[2.256s] -- Up-to-date: /home/mike/ros2_can_test/install/overlord100_msgs/share/overlord100_msgs/cmake/overlord100_msgs__rosidl_typesupport_introspection_cppExport.cmake
[2.256s] -- Up-to-date: /home/mike/ros2_can_test/install/overlord100_msgs/share/overlord100_msgs/cmake/overlord100_msgs__rosidl_typesupport_introspection_cppExport-noconfig.cmake
[2.256s] -- Up-to-date: /home/mike/ros2_can_test/install/overlord100_msgs/share/overlord100_msgs/cmake/overlord100_msgs__rosidl_typesupport_cppExport.cmake
[2.257s] -- Up-to-date: /home/mike/ros2_can_test/install/overlord100_msgs/share/overlord100_msgs/cmake/overlord100_msgs__rosidl_typesupport_cppExport-noconfig.cmake
[2.257s] -- Up-to-date: /home/mike/ros2_can_test/install/overlord100_msgs/share/overlord100_msgs/cmake/export_overlord100_msgs__rosidl_generator_pyExport.cmake
[2.257s] -- Up-to-date: /home/mike/ros2_can_test/install/overlord100_msgs/share/overlord100_msgs/cmake/export_overlord100_msgs__rosidl_generator_pyExport-noconfig.cmake
[2.258s] -- Up-to-date: /home/mike/ros2_can_test/install/overlord100_msgs/share/overlord100_msgs/cmake/rosidl_cmake-extras.cmake
[2.258s] -- Up-to-date: /home/mike/ros2_can_test/install/overlord100_msgs/share/overlord100_msgs/cmake/ament_cmake_export_include_directories-extras.cmake
[2.258s] -- Up-to-date: /home/mike/ros2_can_test/install/overlord100_msgs/share/overlord100_msgs/cmake/ament_cmake_export_libraries-extras.cmake
[2.258s] -- Up-to-date: /home/mike/ros2_can_test/install/overlord100_msgs/share/overlord100_msgs/cmake/ament_cmake_export_targets-extras.cmake
[2.258s] -- Up-to-date: /home/mike/ros2_can_test/install/overlord100_msgs/share/overlord100_msgs/cmake/rosidl_cmake_export_typesupport_targets-extras.cmake
[2.258s] -- Up-to-date: /home/mike/ros2_can_test/install/overlord100_msgs/share/overlord100_msgs/cmake/ament_cmake_export_dependencies-extras.cmake
[2.258s] -- Up-to-date: /home/mike/ros2_can_test/install/overlord100_msgs/share/overlord100_msgs/cmake/rosidl_cmake_export_typesupport_libraries-extras.cmake
[2.259s] -- Up-to-date: /home/mike/ros2_can_test/install/overlord100_msgs/share/overlord100_msgs/cmake/overlord100_msgsConfig.cmake
[2.259s] -- Up-to-date: /home/mike/ros2_can_test/install/overlord100_msgs/share/overlord100_msgs/cmake/overlord100_msgsConfig-version.cmake
[2.259s] -- Up-to-date: /home/mike/ros2_can_test/install/overlord100_msgs/share/overlord100_msgs/package.xml
[2.475s] Invoked command in '/home/mike/ros2_can_test/build/overlord100_msgs' returned '0': CMAKE_PREFIX_PATH=${CMAKE_PREFIX_PATH}:/opt/ros/humble /home/mike/.local/bin/cmake --install /home/mike/ros2_can_test/build/overlord100_msgs
