[2.028s] DEBUG:colcon:Command line arguments: ['/usr/bin/colcon', 'build']
[2.028s] DEBUG:colcon:Parsed command line arguments: Namespace(log_base=None, log_level=None, verb_name='build', build_base='build', install_base='install', merge_install=False, symlink_install=False, test_result_base=None, continue_on_error=False, executor='parallel', parallel_workers=4, event_handlers=None, ignore_user_meta=False, metas=['./colcon.meta'], base_paths=['.'], packages_ignore=None, packages_ignore_regex=None, paths=None, packages_up_to=None, packages_up_to_regex=None, packages_above=None, packages_above_and_dependencies=None, packages_above_depth=None, packages_select_by_dep=None, packages_skip_by_dep=None, packages_skip_up_to=None, packages_select_build_failed=False, packages_skip_build_finished=False, packages_select_test_failures=False, packages_skip_test_passed=False, packages_select=None, packages_skip=None, packages_select_regex=None, packages_skip_regex=None, packages_start=None, packages_end=None, allow_overriding=[], cmake_args=None, cmake_target=None, cmake_target_skip_unavailable=False, cmake_clean_cache=False, cmake_clean_first=False, cmake_force_configure=False, ament_cmake_args=None, catkin_cmake_args=None, catkin_skip_building_tests=False, verb_parser=<colcon_defaults.argument_parser.defaults.DefaultArgumentsDecorator object at 0x7fae37413fd0>, verb_extension=<colcon_core.verb.build.BuildVerb object at 0x7fae374134f0>, main=<bound method BuildVerb.main of <colcon_core.verb.build.BuildVerb object at 0x7fae374134f0>>)
[2.110s] Level 1:colcon.colcon_core.package_discovery:discover_packages(colcon_meta) check parameters
[2.110s] Level 1:colcon.colcon_core.package_discovery:discover_packages(recursive) check parameters
[2.110s] Level 1:colcon.colcon_core.package_discovery:discover_packages(ignore) check parameters
[2.110s] Level 1:colcon.colcon_core.package_discovery:discover_packages(path) check parameters
[2.110s] Level 1:colcon.colcon_core.package_discovery:discover_packages(colcon_meta) discover
[2.110s] Level 1:colcon.colcon_core.package_discovery:discover_packages(recursive) discover
[2.110s] INFO:colcon.colcon_core.package_discovery:Crawling recursively for packages in '/home/mike/ros2_can_test'
[2.110s] Level 1:colcon.colcon_core.package_identification:_identify(.) by extensions ['ignore', 'ignore_ament_install']
[2.111s] Level 1:colcon.colcon_core.package_identification:_identify(.) by extension 'ignore'
[2.111s] Level 1:colcon.colcon_core.package_identification:_identify(.) by extension 'ignore_ament_install'
[2.111s] Level 1:colcon.colcon_core.package_identification:_identify(.) by extensions ['colcon_pkg']
[2.111s] Level 1:colcon.colcon_core.package_identification:_identify(.) by extension 'colcon_pkg'
[2.111s] Level 1:colcon.colcon_core.package_identification:_identify(.) by extensions ['colcon_meta']
[2.111s] Level 1:colcon.colcon_core.package_identification:_identify(.) by extension 'colcon_meta'
[2.111s] Level 1:colcon.colcon_core.package_identification:_identify(.) by extensions ['ros']
[2.111s] Level 1:colcon.colcon_core.package_identification:_identify(.) by extension 'ros'
[2.129s] Level 1:colcon.colcon_core.package_identification:_identify(.) by extensions ['cmake', 'python']
[2.129s] Level 1:colcon.colcon_core.package_identification:_identify(.) by extension 'cmake'
[2.129s] Level 1:colcon.colcon_core.package_identification:_identify(.) by extension 'python'
[2.130s] Level 1:colcon.colcon_core.package_identification:_identify(.) by extensions ['python_setup_py']
[2.130s] Level 1:colcon.colcon_core.package_identification:_identify(.) by extension 'python_setup_py'
[2.130s] Level 1:colcon.colcon_core.package_identification:_identify(build) by extensions ['ignore', 'ignore_ament_install']
[2.130s] Level 1:colcon.colcon_core.package_identification:_identify(build) by extension 'ignore'
[2.130s] Level 1:colcon.colcon_core.package_identification:_identify(build) ignored
[2.131s] Level 1:colcon.colcon_core.package_identification:_identify(install) by extensions ['ignore', 'ignore_ament_install']
[2.131s] Level 1:colcon.colcon_core.package_identification:_identify(install) by extension 'ignore'
[2.131s] Level 1:colcon.colcon_core.package_identification:_identify(install) ignored
[2.131s] Level 1:colcon.colcon_core.package_identification:_identify(log) by extensions ['ignore', 'ignore_ament_install']
[2.132s] Level 1:colcon.colcon_core.package_identification:_identify(log) by extension 'ignore'
[2.132s] Level 1:colcon.colcon_core.package_identification:_identify(log) ignored
[2.132s] Level 1:colcon.colcon_core.package_identification:_identify(src) by extensions ['ignore', 'ignore_ament_install']
[2.132s] Level 1:colcon.colcon_core.package_identification:_identify(src) by extension 'ignore'
[2.132s] Level 1:colcon.colcon_core.package_identification:_identify(src) by extension 'ignore_ament_install'
[2.132s] Level 1:colcon.colcon_core.package_identification:_identify(src) by extensions ['colcon_pkg']
[2.132s] Level 1:colcon.colcon_core.package_identification:_identify(src) by extension 'colcon_pkg'
[2.133s] Level 1:colcon.colcon_core.package_identification:_identify(src) by extensions ['colcon_meta']
[2.133s] Level 1:colcon.colcon_core.package_identification:_identify(src) by extension 'colcon_meta'
[2.133s] Level 1:colcon.colcon_core.package_identification:_identify(src) by extensions ['ros']
[2.133s] Level 1:colcon.colcon_core.package_identification:_identify(src) by extension 'ros'
[2.133s] Level 1:colcon.colcon_core.package_identification:_identify(src) by extensions ['cmake', 'python']
[2.133s] Level 1:colcon.colcon_core.package_identification:_identify(src) by extension 'cmake'
[2.133s] Level 1:colcon.colcon_core.package_identification:_identify(src) by extension 'python'
[2.133s] Level 1:colcon.colcon_core.package_identification:_identify(src) by extensions ['python_setup_py']
[2.133s] Level 1:colcon.colcon_core.package_identification:_identify(src) by extension 'python_setup_py'
[2.134s] Level 1:colcon.colcon_core.package_identification:_identify(src/can_msgs) by extensions ['ignore', 'ignore_ament_install']
[2.134s] Level 1:colcon.colcon_core.package_identification:_identify(src/can_msgs) by extension 'ignore'
[2.134s] Level 1:colcon.colcon_core.package_identification:_identify(src/can_msgs) by extension 'ignore_ament_install'
[2.134s] Level 1:colcon.colcon_core.package_identification:_identify(src/can_msgs) by extensions ['colcon_pkg']
[2.134s] Level 1:colcon.colcon_core.package_identification:_identify(src/can_msgs) by extension 'colcon_pkg'
[2.134s] Level 1:colcon.colcon_core.package_identification:_identify(src/can_msgs) by extensions ['colcon_meta']
[2.134s] Level 1:colcon.colcon_core.package_identification:_identify(src/can_msgs) by extension 'colcon_meta'
[2.134s] Level 1:colcon.colcon_core.package_identification:_identify(src/can_msgs) by extensions ['ros']
[2.134s] Level 1:colcon.colcon_core.package_identification:_identify(src/can_msgs) by extension 'ros'
[2.138s] DEBUG:colcon.colcon_core.package_identification:Package 'src/can_msgs' with type 'ros.ament_cmake' and name 'can_msgs'
[2.138s] Level 1:colcon.colcon_core.package_identification:_identify(src/overlord100_msgs) by extensions ['ignore', 'ignore_ament_install']
[2.138s] Level 1:colcon.colcon_core.package_identification:_identify(src/overlord100_msgs) by extension 'ignore'
[2.139s] Level 1:colcon.colcon_core.package_identification:_identify(src/overlord100_msgs) by extension 'ignore_ament_install'
[2.139s] Level 1:colcon.colcon_core.package_identification:_identify(src/overlord100_msgs) by extensions ['colcon_pkg']
[2.139s] Level 1:colcon.colcon_core.package_identification:_identify(src/overlord100_msgs) by extension 'colcon_pkg'
[2.139s] Level 1:colcon.colcon_core.package_identification:_identify(src/overlord100_msgs) by extensions ['colcon_meta']
[2.139s] Level 1:colcon.colcon_core.package_identification:_identify(src/overlord100_msgs) by extension 'colcon_meta'
[2.139s] Level 1:colcon.colcon_core.package_identification:_identify(src/overlord100_msgs) by extensions ['ros']
[2.139s] Level 1:colcon.colcon_core.package_identification:_identify(src/overlord100_msgs) by extension 'ros'
[2.140s] DEBUG:colcon.colcon_core.package_identification:Package 'src/overlord100_msgs' with type 'ros.ament_cmake' and name 'overlord100_msgs'
[2.140s] Level 1:colcon.colcon_core.package_identification:_identify(src/ros2socketcan_bridge) by extensions ['ignore', 'ignore_ament_install']
[2.141s] Level 1:colcon.colcon_core.package_identification:_identify(src/ros2socketcan_bridge) by extension 'ignore'
[2.141s] Level 1:colcon.colcon_core.package_identification:_identify(src/ros2socketcan_bridge) by extension 'ignore_ament_install'
[2.141s] Level 1:colcon.colcon_core.package_identification:_identify(src/ros2socketcan_bridge) by extensions ['colcon_pkg']
[2.141s] Level 1:colcon.colcon_core.package_identification:_identify(src/ros2socketcan_bridge) by extension 'colcon_pkg'
[2.141s] Level 1:colcon.colcon_core.package_identification:_identify(src/ros2socketcan_bridge) by extensions ['colcon_meta']
[2.141s] Level 1:colcon.colcon_core.package_identification:_identify(src/ros2socketcan_bridge) by extension 'colcon_meta'
[2.141s] Level 1:colcon.colcon_core.package_identification:_identify(src/ros2socketcan_bridge) by extensions ['ros']
[2.142s] Level 1:colcon.colcon_core.package_identification:_identify(src/ros2socketcan_bridge) by extension 'ros'
[2.143s] DEBUG:colcon.colcon_core.package_identification:Package 'src/ros2socketcan_bridge' with type 'ros.ament_cmake' and name 'ros2socketcan_bridge'
[2.143s] Level 1:colcon.colcon_core.package_identification:_identify(src/zlac8015d) by extensions ['ignore', 'ignore_ament_install']
[2.144s] Level 1:colcon.colcon_core.package_identification:_identify(src/zlac8015d) by extension 'ignore'
[2.144s] Level 1:colcon.colcon_core.package_identification:_identify(src/zlac8015d) by extension 'ignore_ament_install'
[2.144s] Level 1:colcon.colcon_core.package_identification:_identify(src/zlac8015d) by extensions ['colcon_pkg']
[2.144s] Level 1:colcon.colcon_core.package_identification:_identify(src/zlac8015d) by extension 'colcon_pkg'
[2.144s] Level 1:colcon.colcon_core.package_identification:_identify(src/zlac8015d) by extensions ['colcon_meta']
[2.144s] Level 1:colcon.colcon_core.package_identification:_identify(src/zlac8015d) by extension 'colcon_meta'
[2.144s] Level 1:colcon.colcon_core.package_identification:_identify(src/zlac8015d) by extensions ['ros']
[2.144s] Level 1:colcon.colcon_core.package_identification:_identify(src/zlac8015d) by extension 'ros'
[2.145s] DEBUG:colcon.colcon_core.package_identification:Package 'src/zlac8015d' with type 'ros.ament_cmake' and name 'zlac8015d'
[2.145s] Level 1:colcon.colcon_core.package_discovery:discover_packages(recursive) using defaults
[2.145s] Level 1:colcon.colcon_core.package_discovery:discover_packages(ignore) discover
[2.145s] Level 1:colcon.colcon_core.package_discovery:discover_packages(ignore) using defaults
[2.145s] Level 1:colcon.colcon_core.package_discovery:discover_packages(path) discover
[2.145s] Level 1:colcon.colcon_core.package_discovery:discover_packages(path) using defaults
[2.357s] Level 1:colcon.colcon_core.package_discovery:discover_packages(prefix_path) check parameters
[2.357s] Level 1:colcon.colcon_core.package_discovery:discover_packages(prefix_path) discover
[2.402s] WARNING:colcon.colcon_ros.prefix_path.ament:The path '/home/mike/ros2_can_test/install/wheels_data' in the environment variable AMENT_PREFIX_PATH doesn't exist
[2.403s] WARNING:colcon.colcon_ros.prefix_path.catkin:The path '/home/mike/ros2_can_test/install/wheels_data' in the environment variable CMAKE_PREFIX_PATH doesn't exist
[2.449s] DEBUG:colcon.colcon_installed_package_information.package_discovery:Found 4 installed packages in /home/mike/ros2_can_test/install
[2.482s] DEBUG:colcon.colcon_installed_package_information.package_discovery:Found 298 installed packages in /opt/ros/humble
[2.484s] Level 1:colcon.colcon_core.package_discovery:discover_packages(prefix_path) using defaults
[2.645s] Level 5:colcon.colcon_core.verb:set package 'can_msgs' build argument 'cmake_args' from command line to 'None'
[2.645s] Level 5:colcon.colcon_core.verb:set package 'can_msgs' build argument 'cmake_target' from command line to 'None'
[2.645s] Level 5:colcon.colcon_core.verb:set package 'can_msgs' build argument 'cmake_target_skip_unavailable' from command line to 'False'
[2.645s] Level 5:colcon.colcon_core.verb:set package 'can_msgs' build argument 'cmake_clean_cache' from command line to 'False'
[2.645s] Level 5:colcon.colcon_core.verb:set package 'can_msgs' build argument 'cmake_clean_first' from command line to 'False'
[2.645s] Level 5:colcon.colcon_core.verb:set package 'can_msgs' build argument 'cmake_force_configure' from command line to 'False'
[2.646s] Level 5:colcon.colcon_core.verb:set package 'can_msgs' build argument 'ament_cmake_args' from command line to 'None'
[2.646s] Level 5:colcon.colcon_core.verb:set package 'can_msgs' build argument 'catkin_cmake_args' from command line to 'None'
[2.646s] Level 5:colcon.colcon_core.verb:set package 'can_msgs' build argument 'catkin_skip_building_tests' from command line to 'False'
[2.646s] DEBUG:colcon.colcon_core.verb:Building package 'can_msgs' with the following arguments: {'ament_cmake_args': None, 'build_base': '/home/mike/ros2_can_test/build/can_msgs', 'catkin_cmake_args': None, 'catkin_skip_building_tests': False, 'cmake_args': None, 'cmake_clean_cache': False, 'cmake_clean_first': False, 'cmake_force_configure': False, 'cmake_target': None, 'cmake_target_skip_unavailable': False, 'install_base': '/home/mike/ros2_can_test/install/can_msgs', 'merge_install': False, 'path': '/home/mike/ros2_can_test/src/can_msgs', 'symlink_install': False, 'test_result_base': None}
[2.678s] Level 5:colcon.colcon_core.verb:set package 'overlord100_msgs' build argument 'cmake_args' from command line to 'None'
[2.678s] Level 5:colcon.colcon_core.verb:set package 'overlord100_msgs' build argument 'cmake_target' from command line to 'None'
[2.678s] Level 5:colcon.colcon_core.verb:set package 'overlord100_msgs' build argument 'cmake_target_skip_unavailable' from command line to 'False'
[2.678s] Level 5:colcon.colcon_core.verb:set package 'overlord100_msgs' build argument 'cmake_clean_cache' from command line to 'False'
[2.678s] Level 5:colcon.colcon_core.verb:set package 'overlord100_msgs' build argument 'cmake_clean_first' from command line to 'False'
[2.679s] Level 5:colcon.colcon_core.verb:set package 'overlord100_msgs' build argument 'cmake_force_configure' from command line to 'False'
[2.679s] Level 5:colcon.colcon_core.verb:set package 'overlord100_msgs' build argument 'ament_cmake_args' from command line to 'None'
[2.679s] Level 5:colcon.colcon_core.verb:set package 'overlord100_msgs' build argument 'catkin_cmake_args' from command line to 'None'
[2.679s] Level 5:colcon.colcon_core.verb:set package 'overlord100_msgs' build argument 'catkin_skip_building_tests' from command line to 'False'
[2.679s] DEBUG:colcon.colcon_core.verb:Building package 'overlord100_msgs' with the following arguments: {'ament_cmake_args': None, 'build_base': '/home/mike/ros2_can_test/build/overlord100_msgs', 'catkin_cmake_args': None, 'catkin_skip_building_tests': False, 'cmake_args': None, 'cmake_clean_cache': False, 'cmake_clean_first': False, 'cmake_force_configure': False, 'cmake_target': None, 'cmake_target_skip_unavailable': False, 'install_base': '/home/mike/ros2_can_test/install/overlord100_msgs', 'merge_install': False, 'path': '/home/mike/ros2_can_test/src/overlord100_msgs', 'symlink_install': False, 'test_result_base': None}
[2.709s] Level 5:colcon.colcon_core.verb:set package 'ros2socketcan_bridge' build argument 'cmake_args' from command line to 'None'
[2.709s] Level 5:colcon.colcon_core.verb:set package 'ros2socketcan_bridge' build argument 'cmake_target' from command line to 'None'
[2.709s] Level 5:colcon.colcon_core.verb:set package 'ros2socketcan_bridge' build argument 'cmake_target_skip_unavailable' from command line to 'False'
[2.709s] Level 5:colcon.colcon_core.verb:set package 'ros2socketcan_bridge' build argument 'cmake_clean_cache' from command line to 'False'
[2.709s] Level 5:colcon.colcon_core.verb:set package 'ros2socketcan_bridge' build argument 'cmake_clean_first' from command line to 'False'
[2.709s] Level 5:colcon.colcon_core.verb:set package 'ros2socketcan_bridge' build argument 'cmake_force_configure' from command line to 'False'
[2.709s] Level 5:colcon.colcon_core.verb:set package 'ros2socketcan_bridge' build argument 'ament_cmake_args' from command line to 'None'
[2.709s] Level 5:colcon.colcon_core.verb:set package 'ros2socketcan_bridge' build argument 'catkin_cmake_args' from command line to 'None'
[2.709s] Level 5:colcon.colcon_core.verb:set package 'ros2socketcan_bridge' build argument 'catkin_skip_building_tests' from command line to 'False'
[2.709s] DEBUG:colcon.colcon_core.verb:Building package 'ros2socketcan_bridge' with the following arguments: {'ament_cmake_args': None, 'build_base': '/home/mike/ros2_can_test/build/ros2socketcan_bridge', 'catkin_cmake_args': None, 'catkin_skip_building_tests': False, 'cmake_args': None, 'cmake_clean_cache': False, 'cmake_clean_first': False, 'cmake_force_configure': False, 'cmake_target': None, 'cmake_target_skip_unavailable': False, 'install_base': '/home/mike/ros2_can_test/install/ros2socketcan_bridge', 'merge_install': False, 'path': '/home/mike/ros2_can_test/src/ros2socketcan_bridge', 'symlink_install': False, 'test_result_base': None}
[2.738s] Level 5:colcon.colcon_core.verb:set package 'zlac8015d' build argument 'cmake_args' from command line to 'None'
[2.738s] Level 5:colcon.colcon_core.verb:set package 'zlac8015d' build argument 'cmake_target' from command line to 'None'
[2.738s] Level 5:colcon.colcon_core.verb:set package 'zlac8015d' build argument 'cmake_target_skip_unavailable' from command line to 'False'
[2.738s] Level 5:colcon.colcon_core.verb:set package 'zlac8015d' build argument 'cmake_clean_cache' from command line to 'False'
[2.738s] Level 5:colcon.colcon_core.verb:set package 'zlac8015d' build argument 'cmake_clean_first' from command line to 'False'
[2.738s] Level 5:colcon.colcon_core.verb:set package 'zlac8015d' build argument 'cmake_force_configure' from command line to 'False'
[2.738s] Level 5:colcon.colcon_core.verb:set package 'zlac8015d' build argument 'ament_cmake_args' from command line to 'None'
[2.738s] Level 5:colcon.colcon_core.verb:set package 'zlac8015d' build argument 'catkin_cmake_args' from command line to 'None'
[2.738s] Level 5:colcon.colcon_core.verb:set package 'zlac8015d' build argument 'catkin_skip_building_tests' from command line to 'False'
[2.738s] DEBUG:colcon.colcon_core.verb:Building package 'zlac8015d' with the following arguments: {'ament_cmake_args': None, 'build_base': '/home/mike/ros2_can_test/build/zlac8015d', 'catkin_cmake_args': None, 'catkin_skip_building_tests': False, 'cmake_args': None, 'cmake_clean_cache': False, 'cmake_clean_first': False, 'cmake_force_configure': False, 'cmake_target': None, 'cmake_target_skip_unavailable': False, 'install_base': '/home/mike/ros2_can_test/install/zlac8015d', 'merge_install': False, 'path': '/home/mike/ros2_can_test/src/zlac8015d', 'symlink_install': False, 'test_result_base': None}
[2.768s] INFO:colcon.colcon_core.executor:Executing jobs using 'parallel' executor
[2.801s] DEBUG:colcon.colcon_parallel_executor.executor.parallel:run_until_complete
[2.801s] INFO:colcon.colcon_ros.task.ament_cmake.build:Building ROS package in '/home/mike/ros2_can_test/src/can_msgs' with build type 'ament_cmake'
[2.802s] INFO:colcon.colcon_cmake.task.cmake.build:Building CMake package in '/home/mike/ros2_can_test/src/can_msgs'
[2.837s] INFO:colcon.colcon_core.plugin_system:Skipping extension 'colcon_core.shell.bat': Not used on non-Windows systems
[2.838s] INFO:colcon.colcon_core.shell:Skip shell extension 'powershell' for command environment: Not usable outside of PowerShell
[2.838s] DEBUG:colcon.colcon_core.shell:Skip shell extension 'dsv' for command environment
[2.950s] INFO:colcon.colcon_ros.task.ament_cmake.build:Building ROS package in '/home/mike/ros2_can_test/src/overlord100_msgs' with build type 'ament_cmake'
[2.951s] INFO:colcon.colcon_cmake.task.cmake.build:Building CMake package in '/home/mike/ros2_can_test/src/overlord100_msgs'
[2.990s] INFO:colcon.colcon_core.shell:Skip shell extension 'powershell' for command environment: Not usable outside of PowerShell
[2.990s] DEBUG:colcon.colcon_core.shell:Skip shell extension 'dsv' for command environment
[3.106s] DEBUG:colcon.colcon_core.event_handler.log_command:Invoking command in '/home/mike/ros2_can_test/build/can_msgs': CMAKE_PREFIX_PATH=${CMAKE_PREFIX_PATH}:/opt/ros/humble /home/mike/.local/bin/cmake --build /home/mike/ros2_can_test/build/can_msgs -- -j4 -l4
[3.130s] DEBUG:colcon.colcon_core.event_handler.log_command:Invoking command in '/home/mike/ros2_can_test/build/overlord100_msgs': CMAKE_PREFIX_PATH=${CMAKE_PREFIX_PATH}:/opt/ros/humble /home/mike/.local/bin/cmake --build /home/mike/ros2_can_test/build/overlord100_msgs -- -j4 -l4
[4.228s] DEBUG:colcon.colcon_core.event_handler.log_command:Invoked command in '/home/mike/ros2_can_test/build/can_msgs' returned '0': CMAKE_PREFIX_PATH=${CMAKE_PREFIX_PATH}:/opt/ros/humble /home/mike/.local/bin/cmake --build /home/mike/ros2_can_test/build/can_msgs -- -j4 -l4
[4.641s] DEBUG:colcon.colcon_core.event_handler.log_command:Invoking command in '/home/mike/ros2_can_test/build/can_msgs': CMAKE_PREFIX_PATH=${CMAKE_PREFIX_PATH}:/opt/ros/humble /home/mike/.local/bin/cmake --install /home/mike/ros2_can_test/build/can_msgs
[4.661s] DEBUG:colcon.colcon_core.event_handler.log_command:Invoked command in '/home/mike/ros2_can_test/build/overlord100_msgs' returned '0': CMAKE_PREFIX_PATH=${CMAKE_PREFIX_PATH}:/opt/ros/humble /home/mike/.local/bin/cmake --build /home/mike/ros2_can_test/build/overlord100_msgs -- -j4 -l4
[4.898s] DEBUG:colcon.colcon_core.event_handler.log_command:Invoking command in '/home/mike/ros2_can_test/build/overlord100_msgs': CMAKE_PREFIX_PATH=${CMAKE_PREFIX_PATH}:/opt/ros/humble /home/mike/.local/bin/cmake --install /home/mike/ros2_can_test/build/overlord100_msgs
[4.932s] Level 1:colcon.colcon_core.environment:create_environment_scripts_only(can_msgs)
[4.940s] DEBUG:colcon.colcon_core.event_handler.log_command:Invoked command in '/home/mike/ros2_can_test/build/can_msgs' returned '0': CMAKE_PREFIX_PATH=${CMAKE_PREFIX_PATH}:/opt/ros/humble /home/mike/.local/bin/cmake --install /home/mike/ros2_can_test/build/can_msgs
[5.001s] Level 1:colcon.colcon_core.environment:checking '/home/mike/ros2_can_test/install/can_msgs' for CMake module files
[5.009s] Level 1:colcon.colcon_core.environment:checking '/home/mike/ros2_can_test/install/can_msgs' for CMake config files
[5.012s] Level 1:colcon.colcon_core.shell:create_environment_hook('can_msgs', 'cmake_prefix_path')
[5.111s] INFO:colcon.colcon_core.shell:Creating environment hook '/home/mike/ros2_can_test/install/can_msgs/share/can_msgs/hook/cmake_prefix_path.ps1'
[5.112s] INFO:colcon.colcon_core.shell:Creating environment descriptor '/home/mike/ros2_can_test/install/can_msgs/share/can_msgs/hook/cmake_prefix_path.dsv'
[5.112s] INFO:colcon.colcon_core.shell:Creating environment hook '/home/mike/ros2_can_test/install/can_msgs/share/can_msgs/hook/cmake_prefix_path.sh'
[5.114s] Level 1:colcon.colcon_core.environment:checking '/home/mike/ros2_can_test/install/can_msgs/lib'
[5.114s] Level 1:colcon.colcon_core.shell:create_environment_hook('can_msgs', 'ld_library_path_lib')
[5.147s] INFO:colcon.colcon_core.shell:Creating environment hook '/home/mike/ros2_can_test/install/can_msgs/share/can_msgs/hook/ld_library_path_lib.ps1'
[5.148s] INFO:colcon.colcon_core.shell:Creating environment descriptor '/home/mike/ros2_can_test/install/can_msgs/share/can_msgs/hook/ld_library_path_lib.dsv'
[5.148s] INFO:colcon.colcon_core.shell:Creating environment hook '/home/mike/ros2_can_test/install/can_msgs/share/can_msgs/hook/ld_library_path_lib.sh'
[5.149s] Level 1:colcon.colcon_core.environment:checking '/home/mike/ros2_can_test/install/can_msgs/bin'
[5.149s] Level 1:colcon.colcon_core.environment:checking '/home/mike/ros2_can_test/install/can_msgs/lib/pkgconfig/can_msgs.pc'
[5.149s] Level 1:colcon.colcon_core.environment:checking '/home/mike/ros2_can_test/install/can_msgs/lib/python3.10/site-packages'
[5.150s] Level 1:colcon.colcon_core.environment:checking '/home/mike/ros2_can_test/install/can_msgs/bin'
[5.209s] INFO:colcon.colcon_core.shell:Creating package script '/home/mike/ros2_can_test/install/can_msgs/share/can_msgs/package.ps1'
[5.211s] INFO:colcon.colcon_core.shell:Creating package descriptor '/home/mike/ros2_can_test/install/can_msgs/share/can_msgs/package.dsv'
[5.211s] INFO:colcon.colcon_core.shell:Creating package script '/home/mike/ros2_can_test/install/can_msgs/share/can_msgs/package.sh'
[5.212s] INFO:colcon.colcon_core.shell:Creating package script '/home/mike/ros2_can_test/install/can_msgs/share/can_msgs/package.bash'
[5.213s] INFO:colcon.colcon_core.shell:Creating package script '/home/mike/ros2_can_test/install/can_msgs/share/can_msgs/package.zsh'
[5.214s] Level 1:colcon.colcon_core.environment:create_file_with_runtime_dependencies(/home/mike/ros2_can_test/install/can_msgs/share/colcon-core/packages/can_msgs)
[5.217s] Level 1:colcon.colcon_core.environment:create_environment_scripts_only(overlord100_msgs)
[5.218s] DEBUG:colcon.colcon_core.event_handler.log_command:Invoked command in '/home/mike/ros2_can_test/build/overlord100_msgs' returned '0': CMAKE_PREFIX_PATH=${CMAKE_PREFIX_PATH}:/opt/ros/humble /home/mike/.local/bin/cmake --install /home/mike/ros2_can_test/build/overlord100_msgs
[5.278s] Level 1:colcon.colcon_core.environment:checking '/home/mike/ros2_can_test/install/overlord100_msgs' for CMake module files
[5.279s] Level 1:colcon.colcon_core.environment:checking '/home/mike/ros2_can_test/install/overlord100_msgs' for CMake config files
[5.280s] Level 1:colcon.colcon_core.shell:create_environment_hook('overlord100_msgs', 'cmake_prefix_path')
[5.340s] INFO:colcon.colcon_core.shell:Creating environment hook '/home/mike/ros2_can_test/install/overlord100_msgs/share/overlord100_msgs/hook/cmake_prefix_path.ps1'
[5.341s] INFO:colcon.colcon_core.shell:Creating environment descriptor '/home/mike/ros2_can_test/install/overlord100_msgs/share/overlord100_msgs/hook/cmake_prefix_path.dsv'
[5.342s] INFO:colcon.colcon_core.shell:Creating environment hook '/home/mike/ros2_can_test/install/overlord100_msgs/share/overlord100_msgs/hook/cmake_prefix_path.sh'
[5.343s] Level 1:colcon.colcon_core.environment:checking '/home/mike/ros2_can_test/install/overlord100_msgs/lib'
[5.343s] Level 1:colcon.colcon_core.shell:create_environment_hook('overlord100_msgs', 'ld_library_path_lib')
[5.399s] INFO:colcon.colcon_core.shell:Creating environment hook '/home/mike/ros2_can_test/install/overlord100_msgs/share/overlord100_msgs/hook/ld_library_path_lib.ps1'
[5.400s] INFO:colcon.colcon_core.shell:Creating environment descriptor '/home/mike/ros2_can_test/install/overlord100_msgs/share/overlord100_msgs/hook/ld_library_path_lib.dsv'
[5.401s] INFO:colcon.colcon_core.shell:Creating environment hook '/home/mike/ros2_can_test/install/overlord100_msgs/share/overlord100_msgs/hook/ld_library_path_lib.sh'
[5.402s] Level 1:colcon.colcon_core.environment:checking '/home/mike/ros2_can_test/install/overlord100_msgs/bin'
[5.402s] Level 1:colcon.colcon_core.environment:checking '/home/mike/ros2_can_test/install/overlord100_msgs/lib/pkgconfig/overlord100_msgs.pc'
[5.403s] Level 1:colcon.colcon_core.environment:checking '/home/mike/ros2_can_test/install/overlord100_msgs/lib/python3.10/site-packages'
[5.403s] Level 1:colcon.colcon_core.environment:checking '/home/mike/ros2_can_test/install/overlord100_msgs/bin'
[5.457s] INFO:colcon.colcon_core.shell:Creating package script '/home/mike/ros2_can_test/install/overlord100_msgs/share/overlord100_msgs/package.ps1'
[5.458s] INFO:colcon.colcon_core.shell:Creating package descriptor '/home/mike/ros2_can_test/install/overlord100_msgs/share/overlord100_msgs/package.dsv'
[5.460s] INFO:colcon.colcon_core.shell:Creating package script '/home/mike/ros2_can_test/install/overlord100_msgs/share/overlord100_msgs/package.sh'
[5.461s] INFO:colcon.colcon_core.shell:Creating package script '/home/mike/ros2_can_test/install/overlord100_msgs/share/overlord100_msgs/package.bash'
[5.462s] INFO:colcon.colcon_core.shell:Creating package script '/home/mike/ros2_can_test/install/overlord100_msgs/share/overlord100_msgs/package.zsh'
[5.463s] Level 1:colcon.colcon_core.environment:create_file_with_runtime_dependencies(/home/mike/ros2_can_test/install/overlord100_msgs/share/colcon-core/packages/overlord100_msgs)
[5.517s] Level 1:colcon.colcon_core.environment:create_environment_scripts_only(can_msgs)
[5.570s] Level 1:colcon.colcon_core.environment:checking '/home/mike/ros2_can_test/install/can_msgs' for CMake module files
[5.571s] Level 1:colcon.colcon_core.environment:checking '/home/mike/ros2_can_test/install/can_msgs' for CMake config files
[5.572s] Level 1:colcon.colcon_core.shell:create_environment_hook('can_msgs', 'cmake_prefix_path')
[5.624s] INFO:colcon.colcon_core.shell:Creating environment hook '/home/mike/ros2_can_test/install/can_msgs/share/can_msgs/hook/cmake_prefix_path.ps1'
[5.625s] INFO:colcon.colcon_core.shell:Creating environment descriptor '/home/mike/ros2_can_test/install/can_msgs/share/can_msgs/hook/cmake_prefix_path.dsv'
[5.625s] INFO:colcon.colcon_core.shell:Creating environment hook '/home/mike/ros2_can_test/install/can_msgs/share/can_msgs/hook/cmake_prefix_path.sh'
[5.626s] Level 1:colcon.colcon_core.environment:checking '/home/mike/ros2_can_test/install/can_msgs/lib'
[5.627s] Level 1:colcon.colcon_core.shell:create_environment_hook('can_msgs', 'ld_library_path_lib')
[5.681s] INFO:colcon.colcon_core.shell:Creating environment hook '/home/mike/ros2_can_test/install/can_msgs/share/can_msgs/hook/ld_library_path_lib.ps1'
[5.682s] INFO:colcon.colcon_core.shell:Creating environment descriptor '/home/mike/ros2_can_test/install/can_msgs/share/can_msgs/hook/ld_library_path_lib.dsv'
[5.683s] INFO:colcon.colcon_core.shell:Creating environment hook '/home/mike/ros2_can_test/install/can_msgs/share/can_msgs/hook/ld_library_path_lib.sh'
[5.683s] Level 1:colcon.colcon_core.environment:checking '/home/mike/ros2_can_test/install/can_msgs/bin'
[5.684s] Level 1:colcon.colcon_core.environment:checking '/home/mike/ros2_can_test/install/can_msgs/lib/pkgconfig/can_msgs.pc'
[5.684s] Level 1:colcon.colcon_core.environment:checking '/home/mike/ros2_can_test/install/can_msgs/lib/python3.10/site-packages'
[5.685s] Level 1:colcon.colcon_core.environment:checking '/home/mike/ros2_can_test/install/can_msgs/bin'
[5.735s] INFO:colcon.colcon_core.shell:Creating package script '/home/mike/ros2_can_test/install/can_msgs/share/can_msgs/package.ps1'
[5.737s] INFO:colcon.colcon_core.shell:Creating package descriptor '/home/mike/ros2_can_test/install/can_msgs/share/can_msgs/package.dsv'
[5.738s] INFO:colcon.colcon_core.shell:Creating package script '/home/mike/ros2_can_test/install/can_msgs/share/can_msgs/package.sh'
[5.739s] INFO:colcon.colcon_core.shell:Creating package script '/home/mike/ros2_can_test/install/can_msgs/share/can_msgs/package.bash'
[5.740s] INFO:colcon.colcon_core.shell:Creating package script '/home/mike/ros2_can_test/install/can_msgs/share/can_msgs/package.zsh'
[5.741s] Level 1:colcon.colcon_core.environment:create_file_with_runtime_dependencies(/home/mike/ros2_can_test/install/can_msgs/share/colcon-core/packages/can_msgs)
[5.743s] INFO:colcon.colcon_ros.task.ament_cmake.build:Building ROS package in '/home/mike/ros2_can_test/src/ros2socketcan_bridge' with build type 'ament_cmake'
[5.743s] INFO:colcon.colcon_cmake.task.cmake.build:Building CMake package in '/home/mike/ros2_can_test/src/ros2socketcan_bridge'
[5.797s] INFO:colcon.colcon_core.shell:Skip shell extension 'powershell' for command environment: Not usable outside of PowerShell
[5.797s] DEBUG:colcon.colcon_core.shell:Skip shell extension 'dsv' for command environment
[5.955s] INFO:colcon.colcon_ros.task.ament_cmake.build:Building ROS package in '/home/mike/ros2_can_test/src/zlac8015d' with build type 'ament_cmake'
[5.956s] INFO:colcon.colcon_cmake.task.cmake.build:Building CMake package in '/home/mike/ros2_can_test/src/zlac8015d'
[5.991s] INFO:colcon.colcon_core.shell:Skip shell extension 'powershell' for command environment: Not usable outside of PowerShell
[5.992s] DEBUG:colcon.colcon_core.shell:Skip shell extension 'dsv' for command environment
[6.132s] Level 1:colcon.colcon_core.environment:create_environment_scripts_only(overlord100_msgs)
[6.164s] Level 1:colcon.colcon_core.environment:checking '/home/mike/ros2_can_test/install/overlord100_msgs' for CMake module files
[6.165s] Level 1:colcon.colcon_core.environment:checking '/home/mike/ros2_can_test/install/overlord100_msgs' for CMake config files
[6.166s] Level 1:colcon.colcon_core.shell:create_environment_hook('overlord100_msgs', 'cmake_prefix_path')
[6.197s] INFO:colcon.colcon_core.shell:Creating environment hook '/home/mike/ros2_can_test/install/overlord100_msgs/share/overlord100_msgs/hook/cmake_prefix_path.ps1'
[6.198s] INFO:colcon.colcon_core.shell:Creating environment descriptor '/home/mike/ros2_can_test/install/overlord100_msgs/share/overlord100_msgs/hook/cmake_prefix_path.dsv'
[6.198s] INFO:colcon.colcon_core.shell:Creating environment hook '/home/mike/ros2_can_test/install/overlord100_msgs/share/overlord100_msgs/hook/cmake_prefix_path.sh'
[6.199s] Level 1:colcon.colcon_core.environment:checking '/home/mike/ros2_can_test/install/overlord100_msgs/lib'
[6.199s] Level 1:colcon.colcon_core.shell:create_environment_hook('overlord100_msgs', 'ld_library_path_lib')
[6.230s] INFO:colcon.colcon_core.shell:Creating environment hook '/home/mike/ros2_can_test/install/overlord100_msgs/share/overlord100_msgs/hook/ld_library_path_lib.ps1'
[6.230s] INFO:colcon.colcon_core.shell:Creating environment descriptor '/home/mike/ros2_can_test/install/overlord100_msgs/share/overlord100_msgs/hook/ld_library_path_lib.dsv'
[6.231s] INFO:colcon.colcon_core.shell:Creating environment hook '/home/mike/ros2_can_test/install/overlord100_msgs/share/overlord100_msgs/hook/ld_library_path_lib.sh'
[6.231s] Level 1:colcon.colcon_core.environment:checking '/home/mike/ros2_can_test/install/overlord100_msgs/bin'
[6.232s] Level 1:colcon.colcon_core.environment:checking '/home/mike/ros2_can_test/install/overlord100_msgs/lib/pkgconfig/overlord100_msgs.pc'
[6.232s] Level 1:colcon.colcon_core.environment:checking '/home/mike/ros2_can_test/install/overlord100_msgs/lib/python3.10/site-packages'
[6.232s] Level 1:colcon.colcon_core.environment:checking '/home/mike/ros2_can_test/install/overlord100_msgs/bin'
[6.272s] INFO:colcon.colcon_core.shell:Creating package script '/home/mike/ros2_can_test/install/overlord100_msgs/share/overlord100_msgs/package.ps1'
[6.273s] INFO:colcon.colcon_core.shell:Creating package descriptor '/home/mike/ros2_can_test/install/overlord100_msgs/share/overlord100_msgs/package.dsv'
[6.273s] INFO:colcon.colcon_core.shell:Creating package script '/home/mike/ros2_can_test/install/overlord100_msgs/share/overlord100_msgs/package.sh'
[6.274s] INFO:colcon.colcon_core.shell:Creating package script '/home/mike/ros2_can_test/install/overlord100_msgs/share/overlord100_msgs/package.bash'
[6.275s] INFO:colcon.colcon_core.shell:Creating package script '/home/mike/ros2_can_test/install/overlord100_msgs/share/overlord100_msgs/package.zsh'
[6.275s] Level 1:colcon.colcon_core.environment:create_file_with_runtime_dependencies(/home/mike/ros2_can_test/install/overlord100_msgs/share/colcon-core/packages/overlord100_msgs)
[6.282s] DEBUG:colcon.colcon_core.event_handler.log_command:Invoking command in '/home/mike/ros2_can_test/build/ros2socketcan_bridge': CMAKE_PREFIX_PATH=/home/mike/ros2_can_test/install/can_msgs:/home/mike/ros2_can_test/install/zlac8015d:/home/mike/ros2_can_test/install/overlord100_msgs:/home/mike/ros2_can_test/install/wheels_data:/home/mike/ros2_can_test/install/ros2socketcan_bridge:/opt/ros/humble LD_LIBRARY_PATH=/home/mike/ros2_can_test/install/can_msgs/lib:/home/mike/ros2_can_test/install/overlord100_msgs/lib:/home/mike/ros2_can_test/install/wheels_data/lib:/usr/lib/x86_64-linux-gnu/gazebo-11/plugins:/opt/ros/humble/opt/rviz_ogre_vendor/lib:/opt/ros/humble/lib/x86_64-linux-gnu:/opt/ros/humble/lib /home/mike/.local/bin/cmake --build /home/mike/ros2_can_test/build/ros2socketcan_bridge -- -j4 -l4
[6.292s] DEBUG:colcon.colcon_core.event_handler.log_command:Invoking command in '/home/mike/ros2_can_test/build/zlac8015d': CMAKE_PREFIX_PATH=/home/mike/ros2_can_test/install/can_msgs:/home/mike/ros2_can_test/install/zlac8015d:/home/mike/ros2_can_test/install/overlord100_msgs:/home/mike/ros2_can_test/install/wheels_data:/home/mike/ros2_can_test/install/ros2socketcan_bridge:/opt/ros/humble LD_LIBRARY_PATH=/home/mike/ros2_can_test/install/can_msgs/lib:/home/mike/ros2_can_test/install/overlord100_msgs/lib:/home/mike/ros2_can_test/install/wheels_data/lib:/usr/lib/x86_64-linux-gnu/gazebo-11/plugins:/opt/ros/humble/opt/rviz_ogre_vendor/lib:/opt/ros/humble/lib/x86_64-linux-gnu:/opt/ros/humble/lib /home/mike/.local/bin/cmake --build /home/mike/ros2_can_test/build/zlac8015d -- -j4 -l4
[6.450s] DEBUG:colcon.colcon_core.event_handler.log_command:Invoked command in '/home/mike/ros2_can_test/build/ros2socketcan_bridge' returned '0': CMAKE_PREFIX_PATH=/home/mike/ros2_can_test/install/can_msgs:/home/mike/ros2_can_test/install/zlac8015d:/home/mike/ros2_can_test/install/overlord100_msgs:/home/mike/ros2_can_test/install/wheels_data:/home/mike/ros2_can_test/install/ros2socketcan_bridge:/opt/ros/humble LD_LIBRARY_PATH=/home/mike/ros2_can_test/install/can_msgs/lib:/home/mike/ros2_can_test/install/overlord100_msgs/lib:/home/mike/ros2_can_test/install/wheels_data/lib:/usr/lib/x86_64-linux-gnu/gazebo-11/plugins:/opt/ros/humble/opt/rviz_ogre_vendor/lib:/opt/ros/humble/lib/x86_64-linux-gnu:/opt/ros/humble/lib /home/mike/.local/bin/cmake --build /home/mike/ros2_can_test/build/ros2socketcan_bridge -- -j4 -l4
[6.606s] DEBUG:colcon.colcon_core.event_handler.log_command:Invoking command in '/home/mike/ros2_can_test/build/ros2socketcan_bridge': CMAKE_PREFIX_PATH=/home/mike/ros2_can_test/install/can_msgs:/home/mike/ros2_can_test/install/zlac8015d:/home/mike/ros2_can_test/install/overlord100_msgs:/home/mike/ros2_can_test/install/wheels_data:/home/mike/ros2_can_test/install/ros2socketcan_bridge:/opt/ros/humble LD_LIBRARY_PATH=/home/mike/ros2_can_test/install/can_msgs/lib:/home/mike/ros2_can_test/install/overlord100_msgs/lib:/home/mike/ros2_can_test/install/wheels_data/lib:/usr/lib/x86_64-linux-gnu/gazebo-11/plugins:/opt/ros/humble/opt/rviz_ogre_vendor/lib:/opt/ros/humble/lib/x86_64-linux-gnu:/opt/ros/humble/lib /home/mike/.local/bin/cmake --install /home/mike/ros2_can_test/build/ros2socketcan_bridge
[6.762s] Level 1:colcon.colcon_core.environment:create_environment_scripts_only(ros2socketcan_bridge)
[6.763s] DEBUG:colcon.colcon_core.event_handler.log_command:Invoked command in '/home/mike/ros2_can_test/build/ros2socketcan_bridge' returned '0': CMAKE_PREFIX_PATH=/home/mike/ros2_can_test/install/can_msgs:/home/mike/ros2_can_test/install/zlac8015d:/home/mike/ros2_can_test/install/overlord100_msgs:/home/mike/ros2_can_test/install/wheels_data:/home/mike/ros2_can_test/install/ros2socketcan_bridge:/opt/ros/humble LD_LIBRARY_PATH=/home/mike/ros2_can_test/install/can_msgs/lib:/home/mike/ros2_can_test/install/overlord100_msgs/lib:/home/mike/ros2_can_test/install/wheels_data/lib:/usr/lib/x86_64-linux-gnu/gazebo-11/plugins:/opt/ros/humble/opt/rviz_ogre_vendor/lib:/opt/ros/humble/lib/x86_64-linux-gnu:/opt/ros/humble/lib /home/mike/.local/bin/cmake --install /home/mike/ros2_can_test/build/ros2socketcan_bridge
[6.830s] Level 1:colcon.colcon_core.environment:checking '/home/mike/ros2_can_test/install/ros2socketcan_bridge' for CMake module files
[6.831s] Level 1:colcon.colcon_core.environment:checking '/home/mike/ros2_can_test/install/ros2socketcan_bridge' for CMake config files
[6.832s] Level 1:colcon.colcon_core.shell:create_environment_hook('ros2socketcan_bridge', 'cmake_prefix_path')
[6.901s] INFO:colcon.colcon_core.shell:Creating environment hook '/home/mike/ros2_can_test/install/ros2socketcan_bridge/share/ros2socketcan_bridge/hook/cmake_prefix_path.ps1'
[6.902s] INFO:colcon.colcon_core.shell:Creating environment descriptor '/home/mike/ros2_can_test/install/ros2socketcan_bridge/share/ros2socketcan_bridge/hook/cmake_prefix_path.dsv'
[6.903s] INFO:colcon.colcon_core.shell:Creating environment hook '/home/mike/ros2_can_test/install/ros2socketcan_bridge/share/ros2socketcan_bridge/hook/cmake_prefix_path.sh'
[6.905s] Level 1:colcon.colcon_core.environment:checking '/home/mike/ros2_can_test/install/ros2socketcan_bridge/lib'
[6.905s] Level 1:colcon.colcon_core.environment:checking '/home/mike/ros2_can_test/install/ros2socketcan_bridge/bin'
[6.906s] Level 1:colcon.colcon_core.environment:checking '/home/mike/ros2_can_test/install/ros2socketcan_bridge/lib/pkgconfig/ros2socketcan_bridge.pc'
[6.906s] Level 1:colcon.colcon_core.environment:checking '/home/mike/ros2_can_test/install/ros2socketcan_bridge/lib/python3.10/site-packages'
[6.907s] Level 1:colcon.colcon_core.environment:checking '/home/mike/ros2_can_test/install/ros2socketcan_bridge/bin'
[7.007s] INFO:colcon.colcon_core.shell:Creating package script '/home/mike/ros2_can_test/install/ros2socketcan_bridge/share/ros2socketcan_bridge/package.ps1'
[7.008s] INFO:colcon.colcon_core.shell:Creating package descriptor '/home/mike/ros2_can_test/install/ros2socketcan_bridge/share/ros2socketcan_bridge/package.dsv'
[7.009s] INFO:colcon.colcon_core.shell:Creating package script '/home/mike/ros2_can_test/install/ros2socketcan_bridge/share/ros2socketcan_bridge/package.sh'
[7.010s] INFO:colcon.colcon_core.shell:Creating package script '/home/mike/ros2_can_test/install/ros2socketcan_bridge/share/ros2socketcan_bridge/package.bash'
[7.010s] INFO:colcon.colcon_core.shell:Creating package script '/home/mike/ros2_can_test/install/ros2socketcan_bridge/share/ros2socketcan_bridge/package.zsh'
[7.011s] Level 1:colcon.colcon_core.environment:create_file_with_runtime_dependencies(/home/mike/ros2_can_test/install/ros2socketcan_bridge/share/colcon-core/packages/ros2socketcan_bridge)
[7.217s] Level 1:colcon.colcon_core.environment:create_environment_scripts_only(ros2socketcan_bridge)
[7.310s] Level 1:colcon.colcon_core.environment:checking '/home/mike/ros2_can_test/install/ros2socketcan_bridge' for CMake module files
[7.311s] Level 1:colcon.colcon_core.environment:checking '/home/mike/ros2_can_test/install/ros2socketcan_bridge' for CMake config files
[7.311s] Level 1:colcon.colcon_core.shell:create_environment_hook('ros2socketcan_bridge', 'cmake_prefix_path')
[7.416s] INFO:colcon.colcon_core.shell:Creating environment hook '/home/mike/ros2_can_test/install/ros2socketcan_bridge/share/ros2socketcan_bridge/hook/cmake_prefix_path.ps1'
[7.417s] INFO:colcon.colcon_core.shell:Creating environment descriptor '/home/mike/ros2_can_test/install/ros2socketcan_bridge/share/ros2socketcan_bridge/hook/cmake_prefix_path.dsv'
[7.424s] INFO:colcon.colcon_core.shell:Creating environment hook '/home/mike/ros2_can_test/install/ros2socketcan_bridge/share/ros2socketcan_bridge/hook/cmake_prefix_path.sh'
[7.436s] Level 1:colcon.colcon_core.environment:checking '/home/mike/ros2_can_test/install/ros2socketcan_bridge/lib'
[7.436s] Level 1:colcon.colcon_core.environment:checking '/home/mike/ros2_can_test/install/ros2socketcan_bridge/bin'
[7.436s] Level 1:colcon.colcon_core.environment:checking '/home/mike/ros2_can_test/install/ros2socketcan_bridge/lib/pkgconfig/ros2socketcan_bridge.pc'
[7.437s] Level 1:colcon.colcon_core.environment:checking '/home/mike/ros2_can_test/install/ros2socketcan_bridge/lib/python3.10/site-packages'
[7.437s] Level 1:colcon.colcon_core.environment:checking '/home/mike/ros2_can_test/install/ros2socketcan_bridge/bin'
[7.526s] INFO:colcon.colcon_core.shell:Creating package script '/home/mike/ros2_can_test/install/ros2socketcan_bridge/share/ros2socketcan_bridge/package.ps1'
[7.527s] INFO:colcon.colcon_core.shell:Creating package descriptor '/home/mike/ros2_can_test/install/ros2socketcan_bridge/share/ros2socketcan_bridge/package.dsv'
[7.528s] INFO:colcon.colcon_core.shell:Creating package script '/home/mike/ros2_can_test/install/ros2socketcan_bridge/share/ros2socketcan_bridge/package.sh'
[7.529s] INFO:colcon.colcon_core.shell:Creating package script '/home/mike/ros2_can_test/install/ros2socketcan_bridge/share/ros2socketcan_bridge/package.bash'
[7.530s] INFO:colcon.colcon_core.shell:Creating package script '/home/mike/ros2_can_test/install/ros2socketcan_bridge/share/ros2socketcan_bridge/package.zsh'
[7.531s] Level 1:colcon.colcon_core.environment:create_file_with_runtime_dependencies(/home/mike/ros2_can_test/install/ros2socketcan_bridge/share/colcon-core/packages/ros2socketcan_bridge)
[19.915s] DEBUG:colcon.colcon_core.event_handler.log_command:Invoked command in '/home/mike/ros2_can_test/build/zlac8015d' returned '0': CMAKE_PREFIX_PATH=/home/mike/ros2_can_test/install/can_msgs:/home/mike/ros2_can_test/install/zlac8015d:/home/mike/ros2_can_test/install/overlord100_msgs:/home/mike/ros2_can_test/install/wheels_data:/home/mike/ros2_can_test/install/ros2socketcan_bridge:/opt/ros/humble LD_LIBRARY_PATH=/home/mike/ros2_can_test/install/can_msgs/lib:/home/mike/ros2_can_test/install/overlord100_msgs/lib:/home/mike/ros2_can_test/install/wheels_data/lib:/usr/lib/x86_64-linux-gnu/gazebo-11/plugins:/opt/ros/humble/opt/rviz_ogre_vendor/lib:/opt/ros/humble/lib/x86_64-linux-gnu:/opt/ros/humble/lib /home/mike/.local/bin/cmake --build /home/mike/ros2_can_test/build/zlac8015d -- -j4 -l4
[20.044s] DEBUG:colcon.colcon_core.event_handler.log_command:Invoking command in '/home/mike/ros2_can_test/build/zlac8015d': CMAKE_PREFIX_PATH=/home/mike/ros2_can_test/install/can_msgs:/home/mike/ros2_can_test/install/zlac8015d:/home/mike/ros2_can_test/install/overlord100_msgs:/home/mike/ros2_can_test/install/wheels_data:/home/mike/ros2_can_test/install/ros2socketcan_bridge:/opt/ros/humble LD_LIBRARY_PATH=/home/mike/ros2_can_test/install/can_msgs/lib:/home/mike/ros2_can_test/install/overlord100_msgs/lib:/home/mike/ros2_can_test/install/wheels_data/lib:/usr/lib/x86_64-linux-gnu/gazebo-11/plugins:/opt/ros/humble/opt/rviz_ogre_vendor/lib:/opt/ros/humble/lib/x86_64-linux-gnu:/opt/ros/humble/lib /home/mike/.local/bin/cmake --install /home/mike/ros2_can_test/build/zlac8015d
[20.126s] Level 1:colcon.colcon_core.environment:create_environment_scripts_only(zlac8015d)
[20.127s] DEBUG:colcon.colcon_core.event_handler.log_command:Invoked command in '/home/mike/ros2_can_test/build/zlac8015d' returned '0': CMAKE_PREFIX_PATH=/home/mike/ros2_can_test/install/can_msgs:/home/mike/ros2_can_test/install/zlac8015d:/home/mike/ros2_can_test/install/overlord100_msgs:/home/mike/ros2_can_test/install/wheels_data:/home/mike/ros2_can_test/install/ros2socketcan_bridge:/opt/ros/humble LD_LIBRARY_PATH=/home/mike/ros2_can_test/install/can_msgs/lib:/home/mike/ros2_can_test/install/overlord100_msgs/lib:/home/mike/ros2_can_test/install/wheels_data/lib:/usr/lib/x86_64-linux-gnu/gazebo-11/plugins:/opt/ros/humble/opt/rviz_ogre_vendor/lib:/opt/ros/humble/lib/x86_64-linux-gnu:/opt/ros/humble/lib /home/mike/.local/bin/cmake --install /home/mike/ros2_can_test/build/zlac8015d
[20.180s] Level 1:colcon.colcon_core.environment:checking '/home/mike/ros2_can_test/install/zlac8015d' for CMake module files
[20.180s] Level 1:colcon.colcon_core.environment:checking '/home/mike/ros2_can_test/install/zlac8015d' for CMake config files
[20.181s] Level 1:colcon.colcon_core.shell:create_environment_hook('zlac8015d', 'cmake_prefix_path')
[20.237s] INFO:colcon.colcon_core.shell:Creating environment hook '/home/mike/ros2_can_test/install/zlac8015d/share/zlac8015d/hook/cmake_prefix_path.ps1'
[20.238s] INFO:colcon.colcon_core.shell:Creating environment descriptor '/home/mike/ros2_can_test/install/zlac8015d/share/zlac8015d/hook/cmake_prefix_path.dsv'
[20.239s] INFO:colcon.colcon_core.shell:Creating environment hook '/home/mike/ros2_can_test/install/zlac8015d/share/zlac8015d/hook/cmake_prefix_path.sh'
[20.241s] Level 1:colcon.colcon_core.environment:checking '/home/mike/ros2_can_test/install/zlac8015d/lib'
[20.241s] Level 1:colcon.colcon_core.environment:checking '/home/mike/ros2_can_test/install/zlac8015d/bin'
[20.241s] Level 1:colcon.colcon_core.environment:checking '/home/mike/ros2_can_test/install/zlac8015d/lib/pkgconfig/zlac8015d.pc'
[20.242s] Level 1:colcon.colcon_core.environment:checking '/home/mike/ros2_can_test/install/zlac8015d/lib/python3.10/site-packages'
[20.242s] Level 1:colcon.colcon_core.environment:checking '/home/mike/ros2_can_test/install/zlac8015d/bin'
[20.300s] INFO:colcon.colcon_core.shell:Creating package script '/home/mike/ros2_can_test/install/zlac8015d/share/zlac8015d/package.ps1'
[20.301s] INFO:colcon.colcon_core.shell:Creating package descriptor '/home/mike/ros2_can_test/install/zlac8015d/share/zlac8015d/package.dsv'
[20.302s] INFO:colcon.colcon_core.shell:Creating package script '/home/mike/ros2_can_test/install/zlac8015d/share/zlac8015d/package.sh'
[20.304s] INFO:colcon.colcon_core.shell:Creating package script '/home/mike/ros2_can_test/install/zlac8015d/share/zlac8015d/package.bash'
[20.304s] INFO:colcon.colcon_core.shell:Creating package script '/home/mike/ros2_can_test/install/zlac8015d/share/zlac8015d/package.zsh'
[20.305s] Level 1:colcon.colcon_core.environment:create_file_with_runtime_dependencies(/home/mike/ros2_can_test/install/zlac8015d/share/colcon-core/packages/zlac8015d)
[20.474s] Level 1:colcon.colcon_core.environment:create_environment_scripts_only(zlac8015d)
[20.507s] Level 1:colcon.colcon_core.environment:checking '/home/mike/ros2_can_test/install/zlac8015d' for CMake module files
[20.508s] Level 1:colcon.colcon_core.environment:checking '/home/mike/ros2_can_test/install/zlac8015d' for CMake config files
[20.508s] Level 1:colcon.colcon_core.shell:create_environment_hook('zlac8015d', 'cmake_prefix_path')
[20.546s] INFO:colcon.colcon_core.shell:Creating environment hook '/home/mike/ros2_can_test/install/zlac8015d/share/zlac8015d/hook/cmake_prefix_path.ps1'
[20.547s] INFO:colcon.colcon_core.shell:Creating environment descriptor '/home/mike/ros2_can_test/install/zlac8015d/share/zlac8015d/hook/cmake_prefix_path.dsv'
[20.548s] INFO:colcon.colcon_core.shell:Creating environment hook '/home/mike/ros2_can_test/install/zlac8015d/share/zlac8015d/hook/cmake_prefix_path.sh'
[20.549s] Level 1:colcon.colcon_core.environment:checking '/home/mike/ros2_can_test/install/zlac8015d/lib'
[20.549s] Level 1:colcon.colcon_core.environment:checking '/home/mike/ros2_can_test/install/zlac8015d/bin'
[20.549s] Level 1:colcon.colcon_core.environment:checking '/home/mike/ros2_can_test/install/zlac8015d/lib/pkgconfig/zlac8015d.pc'
[20.549s] Level 1:colcon.colcon_core.environment:checking '/home/mike/ros2_can_test/install/zlac8015d/lib/python3.10/site-packages'
[20.550s] Level 1:colcon.colcon_core.environment:checking '/home/mike/ros2_can_test/install/zlac8015d/bin'
[20.588s] INFO:colcon.colcon_core.shell:Creating package script '/home/mike/ros2_can_test/install/zlac8015d/share/zlac8015d/package.ps1'
[20.590s] INFO:colcon.colcon_core.shell:Creating package descriptor '/home/mike/ros2_can_test/install/zlac8015d/share/zlac8015d/package.dsv'
[20.592s] INFO:colcon.colcon_core.shell:Creating package script '/home/mike/ros2_can_test/install/zlac8015d/share/zlac8015d/package.sh'
[20.592s] INFO:colcon.colcon_core.shell:Creating package script '/home/mike/ros2_can_test/install/zlac8015d/share/zlac8015d/package.bash'
[20.593s] INFO:colcon.colcon_core.shell:Creating package script '/home/mike/ros2_can_test/install/zlac8015d/share/zlac8015d/package.zsh'
[20.594s] Level 1:colcon.colcon_core.environment:create_file_with_runtime_dependencies(/home/mike/ros2_can_test/install/zlac8015d/share/colcon-core/packages/zlac8015d)
[20.594s] DEBUG:colcon.colcon_parallel_executor.executor.parallel:closing loop
[20.595s] DEBUG:colcon.colcon_parallel_executor.executor.parallel:loop closed
[20.595s] DEBUG:colcon.colcon_parallel_executor.executor.parallel:run_until_complete finished with '0'
[20.596s] DEBUG:colcon.colcon_core.event_reactor:joining thread
[20.644s] INFO:colcon.colcon_core.plugin_system:Skipping extension 'colcon_notification.desktop_notification.terminal_notifier': Not used on non-Darwin systems
[20.645s] INFO:colcon.colcon_core.plugin_system:Skipping extension 'colcon_notification.desktop_notification.win32': Not used on non-Windows systems
[20.645s] INFO:colcon.colcon_notification.desktop_notification:Sending desktop notification using 'notify2'
[20.665s] DEBUG:colcon.colcon_core.event_reactor:joined thread
[20.702s] INFO:colcon.colcon_core.shell:Creating prefix script '/home/mike/ros2_can_test/install/local_setup.ps1'
[20.705s] INFO:colcon.colcon_core.shell:Creating prefix util module '/home/mike/ros2_can_test/install/_local_setup_util_ps1.py'
[20.706s] INFO:colcon.colcon_core.shell:Creating prefix chain script '/home/mike/ros2_can_test/install/setup.ps1'
[20.743s] INFO:colcon.colcon_core.shell:Creating prefix script '/home/mike/ros2_can_test/install/local_setup.sh'
[20.745s] INFO:colcon.colcon_core.shell:Creating prefix util module '/home/mike/ros2_can_test/install/_local_setup_util_sh.py'
[20.746s] INFO:colcon.colcon_core.shell:Creating prefix chain script '/home/mike/ros2_can_test/install/setup.sh'
[20.784s] INFO:colcon.colcon_core.shell:Creating prefix script '/home/mike/ros2_can_test/install/local_setup.bash'
[20.785s] INFO:colcon.colcon_core.shell:Creating prefix chain script '/home/mike/ros2_can_test/install/setup.bash'
[20.818s] INFO:colcon.colcon_core.shell:Creating prefix script '/home/mike/ros2_can_test/install/local_setup.zsh'
[20.819s] INFO:colcon.colcon_core.shell:Creating prefix chain script '/home/mike/ros2_can_test/install/setup.zsh'
