-- Found ament_cmake: 1.3.6 (/opt/ros/humble/share/ament_cmake/cmake)
-- Found rclcpp: 16.0.7 (/opt/ros/humble/share/rclcpp/cmake)
-- Found rosidl_generator_c: 3.1.5 (/opt/ros/humble/share/rosidl_generator_c/cmake)
-- Found rosidl_adapter: 3.1.5 (/opt/ros/humble/share/rosidl_adapter/cmake)
-- Found rosidl_generator_cpp: 3.1.5 (/opt/ros/humble/share/rosidl_generator_cpp/cmake)
-- Using all available rosidl_typesupport_c: rosidl_typesupport_fastrtps_c;rosidl_typesupport_introspection_c
-- Using all available rosidl_typesupport_cpp: rosidl_typesupport_fastrtps_cpp;rosidl_typesupport_introspection_cpp
-- Found rmw_implementation_cmake: 6.1.1 (/opt/ros/humble/share/rmw_implementation_cmake/cmake)
-- Found rmw_fastrtps_cpp: 6.2.5 (/opt/ros/humble/share/rmw_fastrtps_cpp/cmake)
-- Using RMW implementation 'rmw_fastrtps_cpp' as default
-- Found can_msgs: 0.0.0 (/home/mike/ros2_can_test/install/can_msgs/share/can_msgs/cmake)
-- Found overlord100_msgs: 0.0.0 (/home/mike/ros2_can_test/install/overlord100_msgs/share/overlord100_msgs/cmake)
-- Found ament_lint_auto: 0.12.9 (/opt/ros/humble/share/ament_lint_auto/cmake)
-- Added test 'cppcheck' to perform static code analysis on C / C++ code
-- Configured cppcheck include dirs: $<BUILD_INTERFACE:/home/mike/ros2_can_test/src/zlac8015d/include>
-- Configured cppcheck exclude dirs and/or files: 
-- Added test 'lint_cmake' to check CMake code style
-- Added test 'uncrustify' to check C / C++ code style
-- Configured uncrustify additional arguments: 
-- Added test 'xmllint' to check XML markup files
-- Configuring done (1.3s)
-- Generating done (0.0s)
-- Build files have been written to: /home/mike/ros2_can_test/build/zlac8015d
[ 50%] [32mBuilding CXX object CMakeFiles/motors_driver_node.dir/src/motors_driver_node.cpp.o[0m
[100%] [32m[1mLinking CXX executable motors_driver_node[0m
[100%] Built target motors_driver_node
-- Install configuration: ""
-- Installing: /home/mike/ros2_can_test/install/zlac8015d/lib/zlac8015d/motors_driver_node
-- Set runtime path of "/home/mike/ros2_can_test/install/zlac8015d/lib/zlac8015d/motors_driver_node" to ""
-- Installing: /home/mike/ros2_can_test/install/zlac8015d/share/ament_index/resource_index/package_run_dependencies/zlac8015d
-- Installing: /home/mike/ros2_can_test/install/zlac8015d/share/ament_index/resource_index/parent_prefix_path/zlac8015d
-- Installing: /home/mike/ros2_can_test/install/zlac8015d/share/zlac8015d/environment/ament_prefix_path.sh
-- Installing: /home/mike/ros2_can_test/install/zlac8015d/share/zlac8015d/environment/ament_prefix_path.dsv
-- Installing: /home/mike/ros2_can_test/install/zlac8015d/share/zlac8015d/environment/path.sh
-- Installing: /home/mike/ros2_can_test/install/zlac8015d/share/zlac8015d/environment/path.dsv
-- Installing: /home/mike/ros2_can_test/install/zlac8015d/share/zlac8015d/local_setup.bash
-- Installing: /home/mike/ros2_can_test/install/zlac8015d/share/zlac8015d/local_setup.sh
-- Installing: /home/mike/ros2_can_test/install/zlac8015d/share/zlac8015d/local_setup.zsh
-- Installing: /home/mike/ros2_can_test/install/zlac8015d/share/zlac8015d/local_setup.dsv
-- Installing: /home/mike/ros2_can_test/install/zlac8015d/share/zlac8015d/package.dsv
-- Installing: /home/mike/ros2_can_test/install/zlac8015d/share/ament_index/resource_index/packages/zlac8015d
-- Installing: /home/mike/ros2_can_test/install/zlac8015d/share/zlac8015d/cmake/zlac8015dConfig.cmake
-- Installing: /home/mike/ros2_can_test/install/zlac8015d/share/zlac8015d/cmake/zlac8015dConfig-version.cmake
-- Installing: /home/mike/ros2_can_test/install/zlac8015d/share/zlac8015d/package.xml
