[0.609s] Invoking command in '/home/mike/ros2_can_test/build/ros2socketcan_bridge': CMAKE_PREFIX_PATH=/home/mike/ros2_can_test/install/can_msgs:/home/mike/ros2_can_test/install/zlac8015d:/home/mike/ros2_can_test/install/overlord100_msgs:/home/mike/ros2_can_test/install/wheels_data:/home/mike/ros2_can_test/install/ros2socketcan_bridge:/opt/ros/humble LD_LIBRARY_PATH=/home/mike/ros2_can_test/install/can_msgs/lib:/home/mike/ros2_can_test/install/overlord100_msgs/lib:/home/mike/ros2_can_test/install/wheels_data/lib:/usr/lib/x86_64-linux-gnu/gazebo-11/plugins:/opt/ros/humble/opt/rviz_ogre_vendor/lib:/opt/ros/humble/lib/x86_64-linux-gnu:/opt/ros/humble/lib /home/mike/.local/bin/cmake --build /home/mike/ros2_can_test/build/ros2socketcan_bridge -- -j4 -l4
[0.759s] [100%] Built target ros2socketcan
[0.779s] Invoked command in '/home/mike/ros2_can_test/build/ros2socketcan_bridge' returned '0': CMAKE_PREFIX_PATH=/home/mike/ros2_can_test/install/can_msgs:/home/mike/ros2_can_test/install/zlac8015d:/home/mike/ros2_can_test/install/overlord100_msgs:/home/mike/ros2_can_test/install/wheels_data:/home/mike/ros2_can_test/install/ros2socketcan_bridge:/opt/ros/humble LD_LIBRARY_PATH=/home/mike/ros2_can_test/install/can_msgs/lib:/home/mike/ros2_can_test/install/overlord100_msgs/lib:/home/mike/ros2_can_test/install/wheels_data/lib:/usr/lib/x86_64-linux-gnu/gazebo-11/plugins:/opt/ros/humble/opt/rviz_ogre_vendor/lib:/opt/ros/humble/lib/x86_64-linux-gnu:/opt/ros/humble/lib /home/mike/.local/bin/cmake --build /home/mike/ros2_can_test/build/ros2socketcan_bridge -- -j4 -l4
[0.927s] Invoking command in '/home/mike/ros2_can_test/build/ros2socketcan_bridge': CMAKE_PREFIX_PATH=/home/mike/ros2_can_test/install/can_msgs:/home/mike/ros2_can_test/install/zlac8015d:/home/mike/ros2_can_test/install/overlord100_msgs:/home/mike/ros2_can_test/install/wheels_data:/home/mike/ros2_can_test/install/ros2socketcan_bridge:/opt/ros/humble LD_LIBRARY_PATH=/home/mike/ros2_can_test/install/can_msgs/lib:/home/mike/ros2_can_test/install/overlord100_msgs/lib:/home/mike/ros2_can_test/install/wheels_data/lib:/usr/lib/x86_64-linux-gnu/gazebo-11/plugins:/opt/ros/humble/opt/rviz_ogre_vendor/lib:/opt/ros/humble/lib/x86_64-linux-gnu:/opt/ros/humble/lib /home/mike/.local/bin/cmake --install /home/mike/ros2_can_test/build/ros2socketcan_bridge
[1.028s] -- Install configuration: ""
[1.031s] -- Up-to-date: /home/mike/ros2_can_test/install/ros2socketcan_bridge/lib/ros2socketcan_bridge/ros2socketcan
[1.032s] -- Up-to-date: /home/mike/ros2_can_test/install/ros2socketcan_bridge/share/ament_index/resource_index/package_run_dependencies/ros2socketcan_bridge
[1.034s] -- Up-to-date: /home/mike/ros2_can_test/install/ros2socketcan_bridge/share/ament_index/resource_index/parent_prefix_path/ros2socketcan_bridge
[1.035s] -- Up-to-date: /home/mike/ros2_can_test/install/ros2socketcan_bridge/share/ros2socketcan_bridge/environment/ament_prefix_path.sh
[1.036s] -- Up-to-date: /home/mike/ros2_can_test/install/ros2socketcan_bridge/share/ros2socketcan_bridge/environment/ament_prefix_path.dsv
[1.038s] -- Up-to-date: /home/mike/ros2_can_test/install/ros2socketcan_bridge/share/ros2socketcan_bridge/environment/path.sh
[1.040s] -- Up-to-date: /home/mike/ros2_can_test/install/ros2socketcan_bridge/share/ros2socketcan_bridge/environment/path.dsv
[1.040s] -- Up-to-date: /home/mike/ros2_can_test/install/ros2socketcan_bridge/share/ros2socketcan_bridge/local_setup.bash
[1.042s] -- Up-to-date: /home/mike/ros2_can_test/install/ros2socketcan_bridge/share/ros2socketcan_bridge/local_setup.sh
[1.043s] -- Up-to-date: /home/mike/ros2_can_test/install/ros2socketcan_bridge/share/ros2socketcan_bridge/local_setup.zsh
[1.044s] -- Up-to-date: /home/mike/ros2_can_test/install/ros2socketcan_bridge/share/ros2socketcan_bridge/local_setup.dsv
[1.045s] -- Installing: /home/mike/ros2_can_test/install/ros2socketcan_bridge/share/ros2socketcan_bridge/package.dsv
[1.045s] -- Up-to-date: /home/mike/ros2_can_test/install/ros2socketcan_bridge/share/ament_index/resource_index/packages/ros2socketcan_bridge
[1.045s] -- Up-to-date: /home/mike/ros2_can_test/install/ros2socketcan_bridge/share/ros2socketcan_bridge/cmake/ros2socketcan_bridgeConfig.cmake
[1.046s] -- Up-to-date: /home/mike/ros2_can_test/install/ros2socketcan_bridge/share/ros2socketcan_bridge/cmake/ros2socketcan_bridgeConfig-version.cmake
[1.046s] -- Up-to-date: /home/mike/ros2_can_test/install/ros2socketcan_bridge/share/ros2socketcan_bridge/package.xml
[1.058s] Invoked command in '/home/mike/ros2_can_test/build/ros2socketcan_bridge' returned '0': CMAKE_PREFIX_PATH=/home/mike/ros2_can_test/install/can_msgs:/home/mike/ros2_can_test/install/zlac8015d:/home/mike/ros2_can_test/install/overlord100_msgs:/home/mike/ros2_can_test/install/wheels_data:/home/mike/ros2_can_test/install/ros2socketcan_bridge:/opt/ros/humble LD_LIBRARY_PATH=/home/mike/ros2_can_test/install/can_msgs/lib:/home/mike/ros2_can_test/install/overlord100_msgs/lib:/home/mike/ros2_can_test/install/wheels_data/lib:/usr/lib/x86_64-linux-gnu/gazebo-11/plugins:/opt/ros/humble/opt/rviz_ogre_vendor/lib:/opt/ros/humble/lib/x86_64-linux-gnu:/opt/ros/humble/lib /home/mike/.local/bin/cmake --install /home/mike/ros2_can_test/build/ros2socketcan_bridge
