[0.372s] Invoking command in '/home/mike/ros2_can_test/build/can_msgs': CMAKE_PREFIX_PATH=${CMAKE_PREFIX_PATH}:/opt/ros/humble /home/mike/.local/bin/cmake --build /home/mike/ros2_can_test/build/can_msgs -- -j4 -l4
[0.570s] [  3%] Built target can_msgs__cpp
[0.582s] [ 12%] Built target can_msgs__rosidl_generator_c
[0.593s] [ 12%] Built target ament_cmake_python_copy_can_msgs
[0.630s] [ 22%] Built target can_msgs__rosidl_typesupport_cpp
[0.648s] [ 32%] Built target can_msgs__rosidl_typesupport_fastrtps_cpp
[0.661s] [ 41%] Built target can_msgs__rosidl_typesupport_introspection_cpp
[0.664s] [ 51%] Built target can_msgs__rosidl_typesupport_fastrtps_c
[0.732s] [ 64%] Built target can_msgs__rosidl_typesupport_introspection_c
[0.735s] [ 70%] Built target can_msgs__rosidl_typesupport_c
[0.771s] [ 70%] Built target can_msgs
[0.872s] [ 74%] Built target can_msgs__py
[0.973s] [ 80%] Built target can_msgs__rosidl_generator_py
[1.038s] [ 87%] Built target can_msgs__rosidl_typesupport_c__pyext
[1.060s] [ 93%] Built target can_msgs__rosidl_typesupport_fastrtps_c__pyext
[1.066s] [100%] Built target can_msgs__rosidl_typesupport_introspection_c__pyext
[1.687s] running egg_info
[1.691s] writing can_msgs.egg-info/PKG-INFO
[1.691s] writing dependency_links to can_msgs.egg-info/dependency_links.txt
[1.691s] writing top-level names to can_msgs.egg-info/top_level.txt
[1.696s] reading manifest file 'can_msgs.egg-info/SOURCES.txt'
[1.698s] writing manifest file 'can_msgs.egg-info/SOURCES.txt'
[1.747s] [100%] Built target ament_cmake_python_build_can_msgs_egg
[1.776s] Invoked command in '/home/mike/ros2_can_test/build/can_msgs' returned '0': CMAKE_PREFIX_PATH=${CMAKE_PREFIX_PATH}:/opt/ros/humble /home/mike/.local/bin/cmake --build /home/mike/ros2_can_test/build/can_msgs -- -j4 -l4
[2.076s] Invoking command in '/home/mike/ros2_can_test/build/can_msgs': CMAKE_PREFIX_PATH=${CMAKE_PREFIX_PATH}:/opt/ros/humble /home/mike/.local/bin/cmake --install /home/mike/ros2_can_test/build/can_msgs
[2.164s] -- Install configuration: ""
[2.166s] -- Up-to-date: /home/mike/ros2_can_test/install/can_msgs/share/ament_index/resource_index/rosidl_interfaces/can_msgs
[2.166s] -- Up-to-date: /home/mike/ros2_can_test/install/can_msgs/include/can_msgs/can_msgs
[2.166s] -- Up-to-date: /home/mike/ros2_can_test/install/can_msgs/include/can_msgs/can_msgs/msg
[2.167s] -- Up-to-date: /home/mike/ros2_can_test/install/can_msgs/include/can_msgs/can_msgs/msg/frame.h
[2.167s] -- Up-to-date: /home/mike/ros2_can_test/install/can_msgs/include/can_msgs/can_msgs/msg/rosidl_generator_c__visibility_control.h
[2.167s] -- Up-to-date: /home/mike/ros2_can_test/install/can_msgs/include/can_msgs/can_msgs/msg/detail
[2.167s] -- Up-to-date: /home/mike/ros2_can_test/install/can_msgs/include/can_msgs/can_msgs/msg/detail/frame__functions.h
[2.167s] -- Up-to-date: /home/mike/ros2_can_test/install/can_msgs/include/can_msgs/can_msgs/msg/detail/frame__functions.c
[2.167s] -- Up-to-date: /home/mike/ros2_can_test/install/can_msgs/include/can_msgs/can_msgs/msg/detail/frame__type_support.h
[2.167s] -- Up-to-date: /home/mike/ros2_can_test/install/can_msgs/include/can_msgs/can_msgs/msg/detail/frame__struct.h
[2.167s] -- Up-to-date: /home/mike/ros2_can_test/install/can_msgs/share/can_msgs/environment/library_path.sh
[2.168s] -- Up-to-date: /home/mike/ros2_can_test/install/can_msgs/share/can_msgs/environment/library_path.dsv
[2.170s] -- Up-to-date: /home/mike/ros2_can_test/install/can_msgs/lib/libcan_msgs__rosidl_generator_c.so
[2.171s] -- Up-to-date: /home/mike/ros2_can_test/install/can_msgs/include/can_msgs/can_msgs
[2.171s] -- Up-to-date: /home/mike/ros2_can_test/install/can_msgs/include/can_msgs/can_msgs/msg
[2.171s] -- Up-to-date: /home/mike/ros2_can_test/install/can_msgs/include/can_msgs/can_msgs/msg/rosidl_typesupport_fastrtps_c__visibility_control.h
[2.171s] -- Up-to-date: /home/mike/ros2_can_test/install/can_msgs/include/can_msgs/can_msgs/msg/detail
[2.171s] -- Up-to-date: /home/mike/ros2_can_test/install/can_msgs/include/can_msgs/can_msgs/msg/detail/frame__rosidl_typesupport_fastrtps_c.h
[2.172s] -- Up-to-date: /home/mike/ros2_can_test/install/can_msgs/lib/libcan_msgs__rosidl_typesupport_fastrtps_c.so
[2.174s] -- Up-to-date: /home/mike/ros2_can_test/install/can_msgs/include/can_msgs/can_msgs
[2.174s] -- Up-to-date: /home/mike/ros2_can_test/install/can_msgs/include/can_msgs/can_msgs/msg
[2.174s] -- Up-to-date: /home/mike/ros2_can_test/install/can_msgs/include/can_msgs/can_msgs/msg/frame.hpp
[2.174s] -- Up-to-date: /home/mike/ros2_can_test/install/can_msgs/include/can_msgs/can_msgs/msg/detail
[2.174s] -- Up-to-date: /home/mike/ros2_can_test/install/can_msgs/include/can_msgs/can_msgs/msg/detail/frame__struct.hpp
[2.175s] -- Up-to-date: /home/mike/ros2_can_test/install/can_msgs/include/can_msgs/can_msgs/msg/detail/frame__traits.hpp
[2.175s] -- Up-to-date: /home/mike/ros2_can_test/install/can_msgs/include/can_msgs/can_msgs/msg/detail/frame__builder.hpp
[2.175s] -- Up-to-date: /home/mike/ros2_can_test/install/can_msgs/include/can_msgs/can_msgs
[2.175s] -- Up-to-date: /home/mike/ros2_can_test/install/can_msgs/include/can_msgs/can_msgs/msg
[2.175s] -- Up-to-date: /home/mike/ros2_can_test/install/can_msgs/include/can_msgs/can_msgs/msg/rosidl_typesupport_fastrtps_cpp__visibility_control.h
[2.176s] -- Up-to-date: /home/mike/ros2_can_test/install/can_msgs/include/can_msgs/can_msgs/msg/detail
[2.181s] -- Up-to-date: /home/mike/ros2_can_test/install/can_msgs/include/can_msgs/can_msgs/msg/detail/dds_fastrtps
[2.182s] -- Up-to-date: /home/mike/ros2_can_test/install/can_msgs/include/can_msgs/can_msgs/msg/detail/frame__rosidl_typesupport_fastrtps_cpp.hpp
[2.182s] -- Up-to-date: /home/mike/ros2_can_test/install/can_msgs/lib/libcan_msgs__rosidl_typesupport_fastrtps_cpp.so
[2.182s] -- Up-to-date: /home/mike/ros2_can_test/install/can_msgs/include/can_msgs/can_msgs
[2.182s] -- Up-to-date: /home/mike/ros2_can_test/install/can_msgs/include/can_msgs/can_msgs/msg
[2.182s] -- Up-to-date: /home/mike/ros2_can_test/install/can_msgs/include/can_msgs/can_msgs/msg/rosidl_typesupport_introspection_c__visibility_control.h
[2.182s] -- Up-to-date: /home/mike/ros2_can_test/install/can_msgs/include/can_msgs/can_msgs/msg/detail
[2.183s] -- Up-to-date: /home/mike/ros2_can_test/install/can_msgs/include/can_msgs/can_msgs/msg/detail/frame__type_support.c
[2.183s] -- Up-to-date: /home/mike/ros2_can_test/install/can_msgs/include/can_msgs/can_msgs/msg/detail/frame__rosidl_typesupport_introspection_c.h
[2.183s] -- Up-to-date: /home/mike/ros2_can_test/install/can_msgs/lib/libcan_msgs__rosidl_typesupport_introspection_c.so
[2.183s] -- Up-to-date: /home/mike/ros2_can_test/install/can_msgs/lib/libcan_msgs__rosidl_typesupport_c.so
[2.183s] -- Up-to-date: /home/mike/ros2_can_test/install/can_msgs/include/can_msgs/can_msgs
[2.183s] -- Up-to-date: /home/mike/ros2_can_test/install/can_msgs/include/can_msgs/can_msgs/msg
[2.183s] -- Up-to-date: /home/mike/ros2_can_test/install/can_msgs/include/can_msgs/can_msgs/msg/detail
[2.183s] -- Up-to-date: /home/mike/ros2_can_test/install/can_msgs/include/can_msgs/can_msgs/msg/detail/frame__type_support.cpp
[2.183s] -- Up-to-date: /home/mike/ros2_can_test/install/can_msgs/include/can_msgs/can_msgs/msg/detail/frame__rosidl_typesupport_introspection_cpp.hpp
[2.184s] -- Up-to-date: /home/mike/ros2_can_test/install/can_msgs/lib/libcan_msgs__rosidl_typesupport_introspection_cpp.so
[2.184s] -- Up-to-date: /home/mike/ros2_can_test/install/can_msgs/lib/libcan_msgs__rosidl_typesupport_cpp.so
[2.184s] -- Up-to-date: /home/mike/ros2_can_test/install/can_msgs/share/can_msgs/environment/pythonpath.sh
[2.184s] -- Up-to-date: /home/mike/ros2_can_test/install/can_msgs/share/can_msgs/environment/pythonpath.dsv
[2.184s] -- Up-to-date: /home/mike/ros2_can_test/install/can_msgs/local/lib/python3.10/dist-packages/can_msgs-0.0.0-py3.10.egg-info
[2.184s] -- Installing: /home/mike/ros2_can_test/install/can_msgs/local/lib/python3.10/dist-packages/can_msgs-0.0.0-py3.10.egg-info/dependency_links.txt
[2.184s] -- Installing: /home/mike/ros2_can_test/install/can_msgs/local/lib/python3.10/dist-packages/can_msgs-0.0.0-py3.10.egg-info/SOURCES.txt
[2.185s] -- Installing: /home/mike/ros2_can_test/install/can_msgs/local/lib/python3.10/dist-packages/can_msgs-0.0.0-py3.10.egg-info/top_level.txt
[2.185s] -- Installing: /home/mike/ros2_can_test/install/can_msgs/local/lib/python3.10/dist-packages/can_msgs-0.0.0-py3.10.egg-info/PKG-INFO
[2.185s] -- Up-to-date: /home/mike/ros2_can_test/install/can_msgs/local/lib/python3.10/dist-packages/can_msgs
[2.185s] -- Up-to-date: /home/mike/ros2_can_test/install/can_msgs/local/lib/python3.10/dist-packages/can_msgs/msg
[2.185s] -- Up-to-date: /home/mike/ros2_can_test/install/can_msgs/local/lib/python3.10/dist-packages/can_msgs/msg/_frame.py
[2.185s] -- Up-to-date: /home/mike/ros2_can_test/install/can_msgs/local/lib/python3.10/dist-packages/can_msgs/msg/__init__.py
[2.185s] -- Up-to-date: /home/mike/ros2_can_test/install/can_msgs/local/lib/python3.10/dist-packages/can_msgs/msg/_frame_s.c
[2.186s] -- Up-to-date: /home/mike/ros2_can_test/install/can_msgs/local/lib/python3.10/dist-packages/can_msgs/can_msgs_s__rosidl_typesupport_c.cpython-310-x86_64-linux-gnu.so
[2.186s] -- Up-to-date: /home/mike/ros2_can_test/install/can_msgs/local/lib/python3.10/dist-packages/can_msgs/__init__.py
[2.186s] -- Up-to-date: /home/mike/ros2_can_test/install/can_msgs/local/lib/python3.10/dist-packages/can_msgs/_can_msgs_s.ep.rosidl_typesupport_introspection_c.c
[2.186s] -- Up-to-date: /home/mike/ros2_can_test/install/can_msgs/local/lib/python3.10/dist-packages/can_msgs/can_msgs_s__rosidl_typesupport_introspection_c.cpython-310-x86_64-linux-gnu.so
[2.186s] -- Up-to-date: /home/mike/ros2_can_test/install/can_msgs/local/lib/python3.10/dist-packages/can_msgs/libcan_msgs__rosidl_generator_py.so
[2.186s] -- Up-to-date: /home/mike/ros2_can_test/install/can_msgs/local/lib/python3.10/dist-packages/can_msgs/_can_msgs_s.ep.rosidl_typesupport_c.c
[2.186s] -- Up-to-date: /home/mike/ros2_can_test/install/can_msgs/local/lib/python3.10/dist-packages/can_msgs/_can_msgs_s.ep.rosidl_typesupport_fastrtps_c.c
[2.187s] -- Up-to-date: /home/mike/ros2_can_test/install/can_msgs/local/lib/python3.10/dist-packages/can_msgs/can_msgs_s__rosidl_typesupport_fastrtps_c.cpython-310-x86_64-linux-gnu.so
[2.324s] Listing '/home/mike/ros2_can_test/install/can_msgs/local/lib/python3.10/dist-packages/can_msgs'...
[2.324s] Listing '/home/mike/ros2_can_test/install/can_msgs/local/lib/python3.10/dist-packages/can_msgs/msg'...
[2.341s] -- Up-to-date: /home/mike/ros2_can_test/install/can_msgs/local/lib/python3.10/dist-packages/can_msgs/can_msgs_s__rosidl_typesupport_fastrtps_c.cpython-310-x86_64-linux-gnu.so
[2.345s] -- Up-to-date: /home/mike/ros2_can_test/install/can_msgs/local/lib/python3.10/dist-packages/can_msgs/can_msgs_s__rosidl_typesupport_introspection_c.cpython-310-x86_64-linux-gnu.so
[2.345s] -- Up-to-date: /home/mike/ros2_can_test/install/can_msgs/local/lib/python3.10/dist-packages/can_msgs/can_msgs_s__rosidl_typesupport_c.cpython-310-x86_64-linux-gnu.so
[2.346s] -- Up-to-date: /home/mike/ros2_can_test/install/can_msgs/lib/libcan_msgs__rosidl_generator_py.so
[2.346s] -- Up-to-date: /home/mike/ros2_can_test/install/can_msgs/share/can_msgs/msg/Frame.idl
[2.346s] -- Up-to-date: /home/mike/ros2_can_test/install/can_msgs/share/can_msgs/msg/Frame.msg
[2.349s] -- Up-to-date: /home/mike/ros2_can_test/install/can_msgs/share/ament_index/resource_index/package_run_dependencies/can_msgs
[2.350s] -- Up-to-date: /home/mike/ros2_can_test/install/can_msgs/share/ament_index/resource_index/parent_prefix_path/can_msgs
[2.350s] -- Up-to-date: /home/mike/ros2_can_test/install/can_msgs/share/can_msgs/environment/ament_prefix_path.sh
[2.350s] -- Up-to-date: /home/mike/ros2_can_test/install/can_msgs/share/can_msgs/environment/ament_prefix_path.dsv
[2.350s] -- Up-to-date: /home/mike/ros2_can_test/install/can_msgs/share/can_msgs/environment/path.sh
[2.351s] -- Up-to-date: /home/mike/ros2_can_test/install/can_msgs/share/can_msgs/environment/path.dsv
[2.351s] -- Up-to-date: /home/mike/ros2_can_test/install/can_msgs/share/can_msgs/local_setup.bash
[2.351s] -- Up-to-date: /home/mike/ros2_can_test/install/can_msgs/share/can_msgs/local_setup.sh
[2.351s] -- Up-to-date: /home/mike/ros2_can_test/install/can_msgs/share/can_msgs/local_setup.zsh
[2.352s] -- Up-to-date: /home/mike/ros2_can_test/install/can_msgs/share/can_msgs/local_setup.dsv
[2.352s] -- Installing: /home/mike/ros2_can_test/install/can_msgs/share/can_msgs/package.dsv
[2.355s] -- Up-to-date: /home/mike/ros2_can_test/install/can_msgs/share/ament_index/resource_index/packages/can_msgs
[2.361s] -- Up-to-date: /home/mike/ros2_can_test/install/can_msgs/share/can_msgs/cmake/export_can_msgs__rosidl_generator_cExport.cmake
[2.361s] -- Up-to-date: /home/mike/ros2_can_test/install/can_msgs/share/can_msgs/cmake/export_can_msgs__rosidl_generator_cExport-noconfig.cmake
[2.363s] -- Up-to-date: /home/mike/ros2_can_test/install/can_msgs/share/can_msgs/cmake/export_can_msgs__rosidl_typesupport_fastrtps_cExport.cmake
[2.363s] -- Up-to-date: /home/mike/ros2_can_test/install/can_msgs/share/can_msgs/cmake/export_can_msgs__rosidl_typesupport_fastrtps_cExport-noconfig.cmake
[2.364s] -- Up-to-date: /home/mike/ros2_can_test/install/can_msgs/share/can_msgs/cmake/export_can_msgs__rosidl_generator_cppExport.cmake
[2.364s] -- Up-to-date: /home/mike/ros2_can_test/install/can_msgs/share/can_msgs/cmake/export_can_msgs__rosidl_typesupport_fastrtps_cppExport.cmake
[2.365s] -- Up-to-date: /home/mike/ros2_can_test/install/can_msgs/share/can_msgs/cmake/export_can_msgs__rosidl_typesupport_fastrtps_cppExport-noconfig.cmake
[2.365s] -- Up-to-date: /home/mike/ros2_can_test/install/can_msgs/share/can_msgs/cmake/can_msgs__rosidl_typesupport_introspection_cExport.cmake
[2.365s] -- Up-to-date: /home/mike/ros2_can_test/install/can_msgs/share/can_msgs/cmake/can_msgs__rosidl_typesupport_introspection_cExport-noconfig.cmake
[2.368s] -- Up-to-date: /home/mike/ros2_can_test/install/can_msgs/share/can_msgs/cmake/can_msgs__rosidl_typesupport_cExport.cmake
[2.368s] -- Up-to-date: /home/mike/ros2_can_test/install/can_msgs/share/can_msgs/cmake/can_msgs__rosidl_typesupport_cExport-noconfig.cmake
[2.369s] -- Up-to-date: /home/mike/ros2_can_test/install/can_msgs/share/can_msgs/cmake/can_msgs__rosidl_typesupport_introspection_cppExport.cmake
[2.369s] -- Up-to-date: /home/mike/ros2_can_test/install/can_msgs/share/can_msgs/cmake/can_msgs__rosidl_typesupport_introspection_cppExport-noconfig.cmake
[2.373s] -- Up-to-date: /home/mike/ros2_can_test/install/can_msgs/share/can_msgs/cmake/can_msgs__rosidl_typesupport_cppExport.cmake
[2.373s] -- Up-to-date: /home/mike/ros2_can_test/install/can_msgs/share/can_msgs/cmake/can_msgs__rosidl_typesupport_cppExport-noconfig.cmake
[2.373s] -- Up-to-date: /home/mike/ros2_can_test/install/can_msgs/share/can_msgs/cmake/export_can_msgs__rosidl_generator_pyExport.cmake
[2.374s] -- Up-to-date: /home/mike/ros2_can_test/install/can_msgs/share/can_msgs/cmake/export_can_msgs__rosidl_generator_pyExport-noconfig.cmake
[2.383s] -- Up-to-date: /home/mike/ros2_can_test/install/can_msgs/share/can_msgs/cmake/rosidl_cmake-extras.cmake
[2.383s] -- Up-to-date: /home/mike/ros2_can_test/install/can_msgs/share/can_msgs/cmake/ament_cmake_export_dependencies-extras.cmake
[2.383s] -- Up-to-date: /home/mike/ros2_can_test/install/can_msgs/share/can_msgs/cmake/ament_cmake_export_include_directories-extras.cmake
[2.384s] -- Up-to-date: /home/mike/ros2_can_test/install/can_msgs/share/can_msgs/cmake/ament_cmake_export_libraries-extras.cmake
[2.384s] -- Up-to-date: /home/mike/ros2_can_test/install/can_msgs/share/can_msgs/cmake/ament_cmake_export_targets-extras.cmake
[2.384s] -- Up-to-date: /home/mike/ros2_can_test/install/can_msgs/share/can_msgs/cmake/rosidl_cmake_export_typesupport_targets-extras.cmake
[2.384s] -- Up-to-date: /home/mike/ros2_can_test/install/can_msgs/share/can_msgs/cmake/rosidl_cmake_export_typesupport_libraries-extras.cmake
[2.384s] -- Up-to-date: /home/mike/ros2_can_test/install/can_msgs/share/can_msgs/cmake/can_msgsConfig.cmake
[2.384s] -- Up-to-date: /home/mike/ros2_can_test/install/can_msgs/share/can_msgs/cmake/can_msgsConfig-version.cmake
[2.385s] -- Up-to-date: /home/mike/ros2_can_test/install/can_msgs/share/can_msgs/package.xml
[2.389s] Invoked command in '/home/mike/ros2_can_test/build/can_msgs' returned '0': CMAKE_PREFIX_PATH=${CMAKE_PREFIX_PATH}:/opt/ros/humble /home/mike/.local/bin/cmake --install /home/mike/ros2_can_test/build/can_msgs
