[0.294s] Invoking command in '/home/mike/ros2_can_test/build/ros2socketcan_bridge': CMAKE_PREFIX_PATH=/home/mike/ros2_can_test/install/can_msgs:/home/mike/ros2_can_test/install/zlac8015d:/home/mike/ros2_can_test/install/ros2socketcan_bridge:/home/mike/ros2_can_test/install/overlord100_msgs:/opt/ros/humble LD_LIBRARY_PATH=/home/mike/ros2_can_test/install/can_msgs/lib:/home/mike/ros2_can_test/install/overlord100_msgs/lib:/usr/lib/x86_64-linux-gnu/gazebo-11/plugins:/opt/ros/humble/opt/rviz_ogre_vendor/lib:/opt/ros/humble/lib/x86_64-linux-gnu:/opt/ros/humble/lib /home/mike/.local/bin/cmake --build /home/mike/ros2_can_test/build/ros2socketcan_bridge -- -j4 -l4
[0.458s] [100%] Built target ros2socketcan
[0.487s] Invoked command in '/home/mike/ros2_can_test/build/ros2socketcan_bridge' returned '0': CMAKE_PREFIX_PATH=/home/mike/ros2_can_test/install/can_msgs:/home/mike/ros2_can_test/install/zlac8015d:/home/mike/ros2_can_test/install/ros2socketcan_bridge:/home/mike/ros2_can_test/install/overlord100_msgs:/opt/ros/humble LD_LIBRARY_PATH=/home/mike/ros2_can_test/install/can_msgs/lib:/home/mike/ros2_can_test/install/overlord100_msgs/lib:/usr/lib/x86_64-linux-gnu/gazebo-11/plugins:/opt/ros/humble/opt/rviz_ogre_vendor/lib:/opt/ros/humble/lib/x86_64-linux-gnu:/opt/ros/humble/lib /home/mike/.local/bin/cmake --build /home/mike/ros2_can_test/build/ros2socketcan_bridge -- -j4 -l4
[0.639s] Invoking command in '/home/mike/ros2_can_test/build/ros2socketcan_bridge': CMAKE_PREFIX_PATH=/home/mike/ros2_can_test/install/can_msgs:/home/mike/ros2_can_test/install/zlac8015d:/home/mike/ros2_can_test/install/ros2socketcan_bridge:/home/mike/ros2_can_test/install/overlord100_msgs:/opt/ros/humble LD_LIBRARY_PATH=/home/mike/ros2_can_test/install/can_msgs/lib:/home/mike/ros2_can_test/install/overlord100_msgs/lib:/usr/lib/x86_64-linux-gnu/gazebo-11/plugins:/opt/ros/humble/opt/rviz_ogre_vendor/lib:/opt/ros/humble/lib/x86_64-linux-gnu:/opt/ros/humble/lib /home/mike/.local/bin/cmake --install /home/mike/ros2_can_test/build/ros2socketcan_bridge
[0.734s] -- Install configuration: ""
[0.735s] -- Up-to-date: /home/mike/ros2_can_test/install/ros2socketcan_bridge/lib/ros2socketcan_bridge/ros2socketcan
[0.736s] -- Up-to-date: /home/mike/ros2_can_test/install/ros2socketcan_bridge/share/ament_index/resource_index/package_run_dependencies/ros2socketcan_bridge
[0.736s] -- Up-to-date: /home/mike/ros2_can_test/install/ros2socketcan_bridge/share/ament_index/resource_index/parent_prefix_path/ros2socketcan_bridge
[0.736s] -- Up-to-date: /home/mike/ros2_can_test/install/ros2socketcan_bridge/share/ros2socketcan_bridge/environment/ament_prefix_path.sh
[0.737s] -- Up-to-date: /home/mike/ros2_can_test/install/ros2socketcan_bridge/share/ros2socketcan_bridge/environment/ament_prefix_path.dsv
[0.737s] -- Up-to-date: /home/mike/ros2_can_test/install/ros2socketcan_bridge/share/ros2socketcan_bridge/environment/path.sh
[0.737s] -- Up-to-date: /home/mike/ros2_can_test/install/ros2socketcan_bridge/share/ros2socketcan_bridge/environment/path.dsv
[0.738s] -- Up-to-date: /home/mike/ros2_can_test/install/ros2socketcan_bridge/share/ros2socketcan_bridge/local_setup.bash
[0.738s] -- Up-to-date: /home/mike/ros2_can_test/install/ros2socketcan_bridge/share/ros2socketcan_bridge/local_setup.sh
[0.739s] -- Up-to-date: /home/mike/ros2_can_test/install/ros2socketcan_bridge/share/ros2socketcan_bridge/local_setup.zsh
[0.739s] -- Up-to-date: /home/mike/ros2_can_test/install/ros2socketcan_bridge/share/ros2socketcan_bridge/local_setup.dsv
[0.739s] -- Installing: /home/mike/ros2_can_test/install/ros2socketcan_bridge/share/ros2socketcan_bridge/package.dsv
[0.740s] -- Up-to-date: /home/mike/ros2_can_test/install/ros2socketcan_bridge/share/ament_index/resource_index/packages/ros2socketcan_bridge
[0.741s] -- Up-to-date: /home/mike/ros2_can_test/install/ros2socketcan_bridge/share/ros2socketcan_bridge/cmake/ros2socketcan_bridgeConfig.cmake
[0.741s] -- Up-to-date: /home/mike/ros2_can_test/install/ros2socketcan_bridge/share/ros2socketcan_bridge/cmake/ros2socketcan_bridgeConfig-version.cmake
[0.741s] -- Up-to-date: /home/mike/ros2_can_test/install/ros2socketcan_bridge/share/ros2socketcan_bridge/package.xml
[0.756s] Invoked command in '/home/mike/ros2_can_test/build/ros2socketcan_bridge' returned '0': CMAKE_PREFIX_PATH=/home/mike/ros2_can_test/install/can_msgs:/home/mike/ros2_can_test/install/zlac8015d:/home/mike/ros2_can_test/install/ros2socketcan_bridge:/home/mike/ros2_can_test/install/overlord100_msgs:/opt/ros/humble LD_LIBRARY_PATH=/home/mike/ros2_can_test/install/can_msgs/lib:/home/mike/ros2_can_test/install/overlord100_msgs/lib:/usr/lib/x86_64-linux-gnu/gazebo-11/plugins:/opt/ros/humble/opt/rviz_ogre_vendor/lib:/opt/ros/humble/lib/x86_64-linux-gnu:/opt/ros/humble/lib /home/mike/.local/bin/cmake --install /home/mike/ros2_can_test/build/ros2socketcan_bridge
